[ 2016-04-23T20:04:58+08:00 ] 192.168.1.2 /wemedical/Home-Login-Index
INFO: [ app_init ] --START--
INFO: Run Behavior\BuildLiteBehavior [ RunTime:0.000014s ]
INFO: [ app_init ] --END-- [ RunTime:0.000104s ]
INFO: [ app_begin ] --START--
INFO: Run Behavior\ReadHtmlCacheBehavior [ RunTime:0.000062s ]
INFO: [ app_begin ] --END-- [ RunTime:0.000132s ]
INFO: [ view_parse ] --START--
INFO: [ template_filter ] --START--
INFO: Run Behavior\ContentReplaceBehavior [ RunTime:0.000072s ]
INFO: [ template_filter ] --END-- [ RunTime:0.000147s ]
INFO: Run Behavior\ParseTemplateBehavior [ RunTime:0.006214s ]
INFO: [ view_parse ] --END-- [ RunTime:0.006281s ]
INFO: [ view_filter ] --START--
INFO: Run Behavior\WriteHtmlCacheBehavior [ RunTime:0.000046s ]
INFO: [ view_filter ] --END-- [ RunTime:0.000094s ]
INFO: [ app_end ] --START--
INFO: Run Behavior\ShowPageTraceBehavior [ RunTime:0.000043s ]
INFO: [ app_end ] --END-- [ RunTime:0.000091s ]

[ 2016-04-23T20:05:10+08:00 ] 192.168.1.2 /wemedical/index.php/Home-Login-signup
INFO: [ app_init ] --START--
INFO: Run Behavior\BuildLiteBehavior [ RunTime:0.000032s ]
INFO: [ app_init ] --END-- [ RunTime:0.000256s ]
INFO: [ app_begin ] --START--
INFO: Run Behavior\ReadHtmlCacheBehavior [ RunTime:0.000088s ]
INFO: [ app_begin ] --END-- [ RunTime:0.000151s ]
INFO: [ view_parse ] --START--
INFO: [ template_filter ] --START--
INFO: Run Behavior\ContentReplaceBehavior [ RunTime:0.000118s ]
INFO: [ template_filter ] --END-- [ RunTime:0.000203s ]
INFO: Run Behavior\ParseTemplateBehavior [ RunTime:0.011234s ]
INFO: [ view_parse ] --END-- [ RunTime:0.011302s ]
INFO: [ view_filter ] --START--
INFO: Run Behavior\WriteHtmlCacheBehavior [ RunTime:0.000061s ]
INFO: [ view_filter ] --END-- [ RunTime:0.000109s ]
INFO: [ app_end ] --START--
INFO: Run Behavior\ShowPageTraceBehavior [ RunTime:0.000076s ]
INFO: [ app_end ] --END-- [ RunTime:0.000128s ]

[ 2016-04-23T20:05:46+08:00 ] 192.168.1.2 /wemedical/Home-Login-Index
INFO: [ app_init ] --START--
INFO: Run Behavior\BuildLiteBehavior [ RunTime:0.000020s ]
INFO: [ app_init ] --END-- [ RunTime:0.000168s ]
INFO: [ app_begin ] --START--
INFO: Run Behavior\ReadHtmlCacheBehavior [ RunTime:0.000090s ]
INFO: [ app_begin ] --END-- [ RunTime:0.000205s ]
INFO: [ view_parse ] --START--
INFO: [ template_filter ] --START--
INFO: Run Behavior\ContentReplaceBehavior [ RunTime:0.000097s ]
INFO: [ template_filter ] --END-- [ RunTime:0.000171s ]
INFO: Run Behavior\ParseTemplateBehavior [ RunTime:0.004800s ]
INFO: [ view_parse ] --END-- [ RunTime:0.004859s ]
INFO: [ view_filter ] --START--
INFO: Run Behavior\WriteHtmlCacheBehavior [ RunTime:0.000056s ]
INFO: [ view_filter ] --END-- [ RunTime:0.000103s ]
INFO: [ app_end ] --START--
INFO: Run Behavior\ShowPageTraceBehavior [ RunTime:0.000069s ]
INFO: [ app_end ] --END-- [ RunTime:0.000117s ]

