[ 2016-04-10T13:04:56+08:00 ] ::1 /wemedical/-Appointment-getThreeMore?num=1
INFO: [ app_init ] --START--
INFO: Run Behavior\BuildLiteBehavior [ RunTime:0.000030s ]
INFO: [ app_init ] --END-- [ RunTime:0.000217s ]
INFO: [ app_begin ] --START--
INFO: Run Behavior\ReadHtmlCacheBehavior [ RunTime:0.000124s ]
INFO: [ app_begin ] --END-- [ RunTime:0.000261s ]
ERR: 无法加载控制器:Appointment

[ 2016-04-10T13:05:39+08:00 ] ::1 /wemedical/-Appointment-getThreeMore?num=1
INFO: [ app_init ] --START--
INFO: Run Behavior\BuildLiteBehavior [ RunTime:0.000017s ]
INFO: [ app_init ] --END-- [ RunTime:0.000122s ]
INFO: [ app_begin ] --START--
INFO: Run Behavior\ReadHtmlCacheBehavior [ RunTime:0.000088s ]
INFO: [ app_begin ] --END-- [ RunTime:0.000187s ]
ERR: 无法加载控制器:Appointment

[ 2016-04-10T13:06:36+08:00 ] ::1 /wemedical/-Appointment-getThreeMore?num=1
INFO: [ app_init ] --START--
INFO: Run Behavior\BuildLiteBehavior [ RunTime:0.000023s ]
INFO: [ app_init ] --END-- [ RunTime:0.000157s ]
INFO: [ app_begin ] --START--
INFO: Run Behavior\ReadHtmlCacheBehavior [ RunTime:0.000066s ]
INFO: [ app_begin ] --END-- [ RunTime:0.000143s ]
ERR: 无法加载控制器:Appointment

