[ 2016-04-13T09:52:57+08:00 ] ::1 /wemedical/Public/vendor/bootstrap/fonts/glyphicons-halflings-regular.woff
INFO: [ app_init ] --START--
INFO: Run Behavior\BuildLiteBehavior [ RunTime:0.000049s ]
INFO: [ app_init ] --END-- [ RunTime:0.000348s ]
ERR: 无法加载模块:Public/vendor/bootstrap/fonts/glyphicons

[ 2016-04-13T09:52:57+08:00 ] ::1 /wemedical/Public/vendor/bootstrap/fonts/glyphicons-halflings-regular.ttf
INFO: [ app_init ] --START--
INFO: Run Behavior\BuildLiteBehavior [ RunTime:0.000015s ]
INFO: [ app_init ] --END-- [ RunTime:0.000102s ]
ERR: 无法加载模块:Public/vendor/bootstrap/fonts/glyphicons

[ 2016-04-13T09:53:07+08:00 ] ::1 /wemedical/Public/vendor/bootstrap/fonts/glyphicons-halflings-regular.woff
INFO: [ app_init ] --START--
INFO: Run Behavior\BuildLiteBehavior [ RunTime:0.000050s ]
INFO: [ app_init ] --END-- [ RunTime:0.000359s ]
ERR: 无法加载模块:Public/vendor/bootstrap/fonts/glyphicons

[ 2016-04-13T09:53:07+08:00 ] ::1 /wemedical/Public/vendor/bootstrap/fonts/glyphicons-halflings-regular.ttf
INFO: [ app_init ] --START--
INFO: Run Behavior\BuildLiteBehavior [ RunTime:0.000015s ]
INFO: [ app_init ] --END-- [ RunTime:0.000109s ]
ERR: 无法加载模块:Public/vendor/bootstrap/fonts/glyphicons

[ 2016-04-13T09:58:08+08:00 ] ::1 /wemedical/Public/fonts/glyphicons/flat-ui-icons-regular.woff
INFO: [ app_init ] --START--
INFO: Run Behavior\BuildLiteBehavior [ RunTime:0.000016s ]
INFO: [ app_init ] --END-- [ RunTime:0.000113s ]
ERR: 无法加载模块:Public/fonts/glyphicons/flat

[ 2016-04-13T09:58:08+08:00 ] ::1 /wemedical/Public/vendor/bootstrap/fonts/glyphicons-halflings-regular.woff
INFO: [ app_init ] --START--
INFO: Run Behavior\BuildLiteBehavior [ RunTime:0.000052s ]
INFO: [ app_init ] --END-- [ RunTime:0.000360s ]
ERR: 无法加载模块:Public/vendor/bootstrap/fonts/glyphicons

[ 2016-04-13T09:58:08+08:00 ] ::1 /wemedical/Public/fonts/glyphicons/flat-ui-icons-regular.ttf
INFO: [ app_init ] --START--
INFO: Run Behavior\BuildLiteBehavior [ RunTime:0.000023s ]
INFO: [ app_init ] --END-- [ RunTime:0.000158s ]
ERR: 无法加载模块:Public/fonts/glyphicons/flat

[ 2016-04-13T09:58:08+08:00 ] ::1 /wemedical/Public/vendor/bootstrap/fonts/glyphicons-halflings-regular.ttf
INFO: [ app_init ] --START--
INFO: Run Behavior\BuildLiteBehavior [ RunTime:0.000046s ]
INFO: [ app_init ] --END-- [ RunTime:0.000311s ]
ERR: 无法加载模块:Public/vendor/bootstrap/fonts/glyphicons

[ 2016-04-13T10:00:52+08:00 ] ::1 /wemedical/Public/fonts/glyphicons/flat-ui-icons-regular.woff
INFO: [ app_init ] --START--
INFO: Run Behavior\BuildLiteBehavior [ RunTime:0.000022s ]
INFO: [ app_init ] --END-- [ RunTime:0.000156s ]
ERR: 无法加载模块:Public/fonts/glyphicons/flat

[ 2016-04-13T10:00:52+08:00 ] ::1 /wemedical/Public/fonts/glyphicons/flat-ui-icons-regular.ttf
INFO: [ app_init ] --START--
INFO: Run Behavior\BuildLiteBehavior [ RunTime:0.000014s ]
INFO: [ app_init ] --END-- [ RunTime:0.000100s ]
ERR: 无法加载模块:Public/fonts/glyphicons/flat

[ 2016-04-13T10:01:36+08:00 ] ::1 /wemedical/Public/fonts/glyphicons/flat-ui-icons-regular.woff
INFO: [ app_init ] --START--
INFO: Run Behavior\BuildLiteBehavior [ RunTime:0.000021s ]
INFO: [ app_init ] --END-- [ RunTime:0.000153s ]
ERR: 无法加载模块:Public/fonts/glyphicons/flat

[ 2016-04-13T10:01:36+08:00 ] ::1 /wemedical/Public/fonts/glyphicons/flat-ui-icons-regular.ttf
INFO: [ app_init ] --START--
INFO: Run Behavior\BuildLiteBehavior [ RunTime:0.000015s ]
INFO: [ app_init ] --END-- [ RunTime:0.000133s ]
ERR: 无法加载模块:Public/fonts/glyphicons/flat

[ 2016-04-13T10:02:08+08:00 ] ::1 /wemedical/Public/vendor/bootstrap/fonts/glyphicons-halflings-regular.woff
INFO: [ app_init ] --START--
INFO: Run Behavior\BuildLiteBehavior [ RunTime:0.000021s ]
INFO: [ app_init ] --END-- [ RunTime:0.000152s ]
ERR: 无法加载模块:Public/vendor/bootstrap/fonts/glyphicons

[ 2016-04-13T10:02:08+08:00 ] ::1 /wemedical/Public/fonts/glyphicons/flat-ui-icons-regular.woff
INFO: [ app_init ] --START--
INFO: Run Behavior\BuildLiteBehavior [ RunTime:0.000022s ]
INFO: [ app_init ] --END-- [ RunTime:0.000151s ]
ERR: 无法加载模块:Public/fonts/glyphicons/flat

[ 2016-04-13T10:02:08+08:00 ] ::1 /wemedical/Public/fonts/glyphicons/flat-ui-icons-regular.ttf
INFO: [ app_init ] --START--
INFO: Run Behavior\BuildLiteBehavior [ RunTime:0.000022s ]
INFO: [ app_init ] --END-- [ RunTime:0.000156s ]
ERR: 无法加载模块:Public/fonts/glyphicons/flat

[ 2016-04-13T10:02:08+08:00 ] ::1 /wemedical/Public/vendor/bootstrap/fonts/glyphicons-halflings-regular.ttf
INFO: [ app_init ] --START--
INFO: Run Behavior\BuildLiteBehavior [ RunTime:0.000032s ]
INFO: [ app_init ] --END-- [ RunTime:0.000225s ]
ERR: 无法加载模块:Public/vendor/bootstrap/fonts/glyphicons

