[ 2016-04-05T14:33:48+08:00 ] ::1 /wemedical/login&signup/signup.php
INFO: [ app_init ] --START--
INFO: Run Behavior\BuildLiteBehavior [ RunTime:0.000028s ]
INFO: [ app_init ] --END-- [ RunTime:0.001005s ]
ERR: 无法加载模块:Login&signup/signup

[ 2016-04-05T17:12:30+08:00 ] ::1 /wemedical/Public/vendor/bootstrap/css/bootstrap.min.css
INFO: [ app_init ] --START--
INFO: Run Behavior\BuildLiteBehavior [ RunTime:0.000019s ]
INFO: [ app_init ] --END-- [ RunTime:0.000120s ]
ERR: 无法加载模块:Public/vendor/bootstrap/css/bootstrap.min

[ 2016-04-05T17:12:30+08:00 ] ::1 /wemedical/Public/fonts/glyphicons/flat-ui-icons-regular.woff
INFO: [ app_init ] --START--
INFO: Run Behavior\BuildLiteBehavior [ RunTime:0.000019s ]
INFO: [ app_init ] --END-- [ RunTime:0.000133s ]
ERR: 无法加载模块:Public/fonts/glyphicons/flat

[ 2016-04-05T17:12:30+08:00 ] ::1 /wemedical/Public/fonts/lato/lato-bold.woff
INFO: [ app_init ] --START--
INFO: Run Behavior\BuildLiteBehavior [ RunTime:0.000031s ]
INFO: [ app_init ] --END-- [ RunTime:0.000258s ]
ERR: 无法加载模块:Public/fonts/lato/lato

[ 2016-04-05T17:12:30+08:00 ] ::1 /wemedical/Public/fonts/lato/lato-regular.woff
INFO: [ app_init ] --START--
INFO: Run Behavior\BuildLiteBehavior [ RunTime:0.000014s ]
INFO: [ app_init ] --END-- [ RunTime:0.000100s ]
ERR: 无法加载模块:Public/fonts/lato/lato

[ 2016-04-05T17:12:30+08:00 ] ::1 /wemedical/Public/fonts/glyphicons/flat-ui-icons-regular.ttf
INFO: [ app_init ] --START--
INFO: Run Behavior\BuildLiteBehavior [ RunTime:0.000024s ]
INFO: [ app_init ] --END-- [ RunTime:0.000164s ]
ERR: 无法加载模块:Public/fonts/glyphicons/flat

[ 2016-04-05T17:12:30+08:00 ] ::1 /wemedical/Public/fonts/lato/lato-bold.ttf
INFO: [ app_init ] --START--
INFO: Run Behavior\BuildLiteBehavior [ RunTime:0.000020s ]
INFO: [ app_init ] --END-- [ RunTime:0.000143s ]
ERR: 无法加载模块:Public/fonts/lato/lato

[ 2016-04-05T17:12:30+08:00 ] ::1 /wemedical/Public/fonts/lato/lato-regular.ttf
INFO: [ app_init ] --START--
INFO: Run Behavior\BuildLiteBehavior [ RunTime:0.000048s ]
INFO: [ app_init ] --END-- [ RunTime:0.000354s ]
ERR: 无法加载模块:Public/fonts/lato/lato

[ 2016-04-05T17:13:30+08:00 ] ::1 /wemedical/Public/vendor/bootstrap/css/bootstrap.min.css
INFO: [ app_init ] --START--
INFO: Run Behavior\BuildLiteBehavior [ RunTime:0.000023s ]
INFO: [ app_init ] --END-- [ RunTime:0.000159s ]
ERR: 无法加载模块:Public/vendor/bootstrap/css/bootstrap.min

[ 2016-04-05T17:13:30+08:00 ] ::1 /wemedical/Public/fonts/glyphicons/flat-ui-icons-regular.woff
INFO: [ app_init ] --START--
INFO: Run Behavior\BuildLiteBehavior [ RunTime:0.000023s ]
INFO: [ app_init ] --END-- [ RunTime:0.000167s ]
ERR: 无法加载模块:Public/fonts/glyphicons/flat

[ 2016-04-05T17:13:30+08:00 ] ::1 /wemedical/Public/fonts/lato/lato-bold.woff
INFO: [ app_init ] --START--
INFO: Run Behavior\BuildLiteBehavior [ RunTime:0.000051s ]
INFO: [ app_init ] --END-- [ RunTime:0.000349s ]
ERR: 无法加载模块:Public/fonts/lato/lato

[ 2016-04-05T17:13:30+08:00 ] ::1 /wemedical/Public/fonts/lato/lato-regular.woff
INFO: [ app_init ] --START--
INFO: Run Behavior\BuildLiteBehavior [ RunTime:0.000051s ]
INFO: [ app_init ] --END-- [ RunTime:0.000334s ]
ERR: 无法加载模块:Public/fonts/lato/lato

[ 2016-04-05T17:13:30+08:00 ] ::1 /wemedical/Public/fonts/glyphicons/flat-ui-icons-regular.ttf
INFO: [ app_init ] --START--
INFO: Run Behavior\BuildLiteBehavior [ RunTime:0.000021s ]
INFO: [ app_init ] --END-- [ RunTime:0.000136s ]
ERR: 无法加载模块:Public/fonts/glyphicons/flat

[ 2016-04-05T17:13:30+08:00 ] ::1 /wemedical/Public/fonts/lato/lato-bold.ttf
INFO: [ app_init ] --START--
INFO: Run Behavior\BuildLiteBehavior [ RunTime:0.000013s ]
INFO: [ app_init ] --END-- [ RunTime:0.000131s ]
ERR: 无法加载模块:Public/fonts/lato/lato

[ 2016-04-05T17:13:30+08:00 ] ::1 /wemedical/Public/fonts/lato/lato-regular.ttf
INFO: [ app_init ] --START--
INFO: Run Behavior\BuildLiteBehavior [ RunTime:0.000017s ]
INFO: [ app_init ] --END-- [ RunTime:0.000175s ]
ERR: 无法加载模块:Public/fonts/lato/lato

[ 2016-04-05T17:14:35+08:00 ] ::1 /wemedical/Public/fonts/glyphicons/flat-ui-icons-regular.woff
INFO: [ app_init ] --START--
INFO: Run Behavior\BuildLiteBehavior [ RunTime:0.000014s ]
INFO: [ app_init ] --END-- [ RunTime:0.000101s ]
ERR: 无法加载模块:Public/fonts/glyphicons/flat

[ 2016-04-05T17:14:35+08:00 ] ::1 /wemedical/Public/fonts/lato/lato-regular.woff
INFO: [ app_init ] --START--
INFO: Run Behavior\BuildLiteBehavior [ RunTime:0.000014s ]
INFO: [ app_init ] --END-- [ RunTime:0.000130s ]
ERR: 无法加载模块:Public/fonts/lato/lato

[ 2016-04-05T17:14:35+08:00 ] ::1 /wemedical/Public/fonts/lato/lato-bold.woff
INFO: [ app_init ] --START--
INFO: Run Behavior\BuildLiteBehavior [ RunTime:0.000031s ]
INFO: [ app_init ] --END-- [ RunTime:0.000229s ]
ERR: 无法加载模块:Public/fonts/lato/lato

[ 2016-04-05T17:14:35+08:00 ] ::1 /wemedical/Public/fonts/glyphicons/flat-ui-icons-regular.ttf
INFO: [ app_init ] --START--
INFO: Run Behavior\BuildLiteBehavior [ RunTime:0.000015s ]
INFO: [ app_init ] --END-- [ RunTime:0.000097s ]
ERR: 无法加载模块:Public/fonts/glyphicons/flat

[ 2016-04-05T17:14:35+08:00 ] ::1 /wemedical/Public/fonts/lato/lato-regular.ttf
INFO: [ app_init ] --START--
INFO: Run Behavior\BuildLiteBehavior [ RunTime:0.000014s ]
INFO: [ app_init ] --END-- [ RunTime:0.000097s ]
ERR: 无法加载模块:Public/fonts/lato/lato

[ 2016-04-05T17:14:35+08:00 ] ::1 /wemedical/Public/fonts/lato/lato-bold.ttf
INFO: [ app_init ] --START--
INFO: Run Behavior\BuildLiteBehavior [ RunTime:0.000014s ]
INFO: [ app_init ] --END-- [ RunTime:0.000097s ]
ERR: 无法加载模块:Public/fonts/lato/lato

[ 2016-04-05T17:15:50+08:00 ] ::1 /wemedical/Public/fonts/lato/lato-bold.woff
INFO: [ app_init ] --START--
INFO: Run Behavior\BuildLiteBehavior [ RunTime:0.000023s ]
INFO: [ app_init ] --END-- [ RunTime:0.000207s ]
ERR: 无法加载模块:Public/fonts/lato/lato

[ 2016-04-05T17:15:50+08:00 ] ::1 /wemedical/Public/fonts/lato/lato-regular.woff
INFO: [ app_init ] --START--
INFO: Run Behavior\BuildLiteBehavior [ RunTime:0.000019s ]
INFO: [ app_init ] --END-- [ RunTime:0.000217s ]
ERR: 无法加载模块:Public/fonts/lato/lato

[ 2016-04-05T17:15:50+08:00 ] ::1 /wemedical/Public/fonts/glyphicons/flat-ui-icons-regular.woff
INFO: [ app_init ] --START--
INFO: Run Behavior\BuildLiteBehavior [ RunTime:0.000043s ]
INFO: [ app_init ] --END-- [ RunTime:0.000287s ]
ERR: 无法加载模块:Public/fonts/glyphicons/flat

[ 2016-04-05T17:15:50+08:00 ] ::1 /wemedical/Public/fonts/lato/lato-regular.ttf
INFO: [ app_init ] --START--
INFO: Run Behavior\BuildLiteBehavior [ RunTime:0.000019s ]
INFO: [ app_init ] --END-- [ RunTime:0.000130s ]
ERR: 无法加载模块:Public/fonts/lato/lato

[ 2016-04-05T17:15:50+08:00 ] ::1 /wemedical/Public/fonts/lato/lato-bold.ttf
INFO: [ app_init ] --START--
INFO: Run Behavior\BuildLiteBehavior [ RunTime:0.000017s ]
INFO: [ app_init ] --END-- [ RunTime:0.000141s ]
ERR: 无法加载模块:Public/fonts/lato/lato

[ 2016-04-05T17:15:50+08:00 ] ::1 /wemedical/Public/fonts/glyphicons/flat-ui-icons-regular.ttf
INFO: [ app_init ] --START--
INFO: Run Behavior\BuildLiteBehavior [ RunTime:0.000015s ]
INFO: [ app_init ] --END-- [ RunTime:0.000103s ]
ERR: 无法加载模块:Public/fonts/glyphicons/flat

[ 2016-04-05T17:16:13+08:00 ] ::1 /wemedical/Public/fonts/lato/lato-bold.woff
INFO: [ app_init ] --START--
INFO: Run Behavior\BuildLiteBehavior [ RunTime:0.000013s ]
INFO: [ app_init ] --END-- [ RunTime:0.000101s ]
ERR: 无法加载模块:Public/fonts/lato/lato

[ 2016-04-05T17:16:13+08:00 ] ::1 /wemedical/Public/fonts/glyphicons/flat-ui-icons-regular.woff
INFO: [ app_init ] --START--
INFO: Run Behavior\BuildLiteBehavior [ RunTime:0.000015s ]
INFO: [ app_init ] --END-- [ RunTime:0.000109s ]
ERR: 无法加载模块:Public/fonts/glyphicons/flat

[ 2016-04-05T17:16:13+08:00 ] ::1 /wemedical/Public/fonts/lato/lato-regular.woff
INFO: [ app_init ] --START--
INFO: Run Behavior\BuildLiteBehavior [ RunTime:0.000029s ]
INFO: [ app_init ] --END-- [ RunTime:0.000222s ]
ERR: 无法加载模块:Public/fonts/lato/lato

[ 2016-04-05T17:16:13+08:00 ] ::1 /wemedical/Public/fonts/glyphicons/flat-ui-icons-regular.ttf
INFO: [ app_init ] --START--
INFO: Run Behavior\BuildLiteBehavior [ RunTime:0.000018s ]
INFO: [ app_init ] --END-- [ RunTime:0.000123s ]
ERR: 无法加载模块:Public/fonts/glyphicons/flat

[ 2016-04-05T17:16:13+08:00 ] ::1 /wemedical/Public/fonts/lato/lato-bold.ttf
INFO: [ app_init ] --START--
INFO: Run Behavior\BuildLiteBehavior [ RunTime:0.000017s ]
INFO: [ app_init ] --END-- [ RunTime:0.000119s ]
ERR: 无法加载模块:Public/fonts/lato/lato

[ 2016-04-05T17:16:13+08:00 ] ::1 /wemedical/Public/fonts/lato/lato-regular.ttf
INFO: [ app_init ] --START--
INFO: Run Behavior\BuildLiteBehavior [ RunTime:0.000019s ]
INFO: [ app_init ] --END-- [ RunTime:0.000148s ]
ERR: 无法加载模块:Public/fonts/lato/lato

[ 2016-04-05T17:16:56+08:00 ] ::1 /wemedical/Public/fonts/lato/lato-regular.woff
INFO: [ app_init ] --START--
INFO: Run Behavior\BuildLiteBehavior [ RunTime:0.000025s ]
INFO: [ app_init ] --END-- [ RunTime:0.000169s ]
ERR: 无法加载模块:Public/fonts/lato/lato

[ 2016-04-05T17:16:56+08:00 ] ::1 /wemedical/Public/fonts/lato/lato-bold.woff
INFO: [ app_init ] --START--
INFO: Run Behavior\BuildLiteBehavior [ RunTime:0.000025s ]
INFO: [ app_init ] --END-- [ RunTime:0.000170s ]
ERR: 无法加载模块:Public/fonts/lato/lato

[ 2016-04-05T17:16:56+08:00 ] ::1 /wemedical/Public/fonts/glyphicons/flat-ui-icons-regular.woff
INFO: [ app_init ] --START--
INFO: Run Behavior\BuildLiteBehavior [ RunTime:0.000032s ]
INFO: [ app_init ] --END-- [ RunTime:0.000239s ]
ERR: 无法加载模块:Public/fonts/glyphicons/flat

[ 2016-04-05T17:16:56+08:00 ] ::1 /wemedical/Public/fonts/lato/lato-bold.ttf
INFO: [ app_init ] --START--
INFO: Run Behavior\BuildLiteBehavior [ RunTime:0.000020s ]
INFO: [ app_init ] --END-- [ RunTime:0.000135s ]
ERR: 无法加载模块:Public/fonts/lato/lato

[ 2016-04-05T17:16:56+08:00 ] ::1 /wemedical/Public/fonts/lato/lato-regular.ttf
INFO: [ app_init ] --START--
INFO: Run Behavior\BuildLiteBehavior [ RunTime:0.000023s ]
INFO: [ app_init ] --END-- [ RunTime:0.000161s ]
ERR: 无法加载模块:Public/fonts/lato/lato

[ 2016-04-05T17:16:56+08:00 ] ::1 /wemedical/Public/fonts/glyphicons/flat-ui-icons-regular.ttf
INFO: [ app_init ] --START--
INFO: Run Behavior\BuildLiteBehavior [ RunTime:0.000019s ]
INFO: [ app_init ] --END-- [ RunTime:0.000131s ]
ERR: 无法加载模块:Public/fonts/glyphicons/flat

[ 2016-04-05T17:17:08+08:00 ] ::1 /wemedical/Public/fonts/lato/lato-regular.woff
INFO: [ app_init ] --START--
INFO: Run Behavior\BuildLiteBehavior [ RunTime:0.000020s ]
INFO: [ app_init ] --END-- [ RunTime:0.000145s ]
ERR: 无法加载模块:Public/fonts/lato/lato

[ 2016-04-05T17:17:08+08:00 ] ::1 /wemedical/Public/fonts/lato/lato-bold.woff
INFO: [ app_init ] --START--
INFO: Run Behavior\BuildLiteBehavior [ RunTime:0.000028s ]
INFO: [ app_init ] --END-- [ RunTime:0.000169s ]
ERR: 无法加载模块:Public/fonts/lato/lato

[ 2016-04-05T17:17:08+08:00 ] ::1 /wemedical/Public/fonts/glyphicons/flat-ui-icons-regular.woff
INFO: [ app_init ] --START--
INFO: Run Behavior\BuildLiteBehavior [ RunTime:0.000034s ]
INFO: [ app_init ] --END-- [ RunTime:0.000336s ]
ERR: 无法加载模块:Public/fonts/glyphicons/flat

[ 2016-04-05T17:17:08+08:00 ] ::1 /wemedical/Public/fonts/lato/lato-bold.ttf
INFO: [ app_init ] --START--
INFO: Run Behavior\BuildLiteBehavior [ RunTime:0.000014s ]
INFO: [ app_init ] --END-- [ RunTime:0.000106s ]
ERR: 无法加载模块:Public/fonts/lato/lato

[ 2016-04-05T17:17:08+08:00 ] ::1 /wemedical/Public/fonts/lato/lato-regular.ttf
INFO: [ app_init ] --START--
INFO: Run Behavior\BuildLiteBehavior [ RunTime:0.000017s ]
INFO: [ app_init ] --END-- [ RunTime:0.000124s ]
ERR: 无法加载模块:Public/fonts/lato/lato

[ 2016-04-05T17:17:08+08:00 ] ::1 /wemedical/Public/fonts/glyphicons/flat-ui-icons-regular.ttf
INFO: [ app_init ] --START--
INFO: Run Behavior\BuildLiteBehavior [ RunTime:0.000022s ]
INFO: [ app_init ] --END-- [ RunTime:0.000183s ]
ERR: 无法加载模块:Public/fonts/glyphicons/flat

[ 2016-04-05T17:17:14+08:00 ] ::1 /wemedical/Public/fonts/lato/lato-regular.woff
INFO: [ app_init ] --START--
INFO: Run Behavior\BuildLiteBehavior [ RunTime:0.000020s ]
INFO: [ app_init ] --END-- [ RunTime:0.000141s ]
ERR: 无法加载模块:Public/fonts/lato/lato

[ 2016-04-05T17:17:14+08:00 ] ::1 /wemedical/Public/fonts/glyphicons/flat-ui-icons-regular.woff
INFO: [ app_init ] --START--
INFO: Run Behavior\BuildLiteBehavior [ RunTime:0.000020s ]
INFO: [ app_init ] --END-- [ RunTime:0.000143s ]
ERR: 无法加载模块:Public/fonts/glyphicons/flat

[ 2016-04-05T17:17:14+08:00 ] ::1 /wemedical/Public/fonts/lato/lato-bold.woff
INFO: [ app_init ] --START--
INFO: Run Behavior\BuildLiteBehavior [ RunTime:0.000021s ]
INFO: [ app_init ] --END-- [ RunTime:0.000141s ]
ERR: 无法加载模块:Public/fonts/lato/lato

[ 2016-04-05T17:17:14+08:00 ] ::1 /wemedical/Public/fonts/glyphicons/flat-ui-icons-regular.ttf
INFO: [ app_init ] --START--
INFO: Run Behavior\BuildLiteBehavior [ RunTime:0.000013s ]
INFO: [ app_init ] --END-- [ RunTime:0.000106s ]
ERR: 无法加载模块:Public/fonts/glyphicons/flat

[ 2016-04-05T17:17:14+08:00 ] ::1 /wemedical/Public/fonts/lato/lato-bold.ttf
INFO: [ app_init ] --START--
INFO: Run Behavior\BuildLiteBehavior [ RunTime:0.000013s ]
INFO: [ app_init ] --END-- [ RunTime:0.000146s ]
ERR: 无法加载模块:Public/fonts/lato/lato

[ 2016-04-05T17:17:14+08:00 ] ::1 /wemedical/Public/fonts/lato/lato-regular.ttf
INFO: [ app_init ] --START--
INFO: Run Behavior\BuildLiteBehavior [ RunTime:0.000017s ]
INFO: [ app_init ] --END-- [ RunTime:0.000121s ]
ERR: 无法加载模块:Public/fonts/lato/lato

[ 2016-04-05T17:17:28+08:00 ] ::1 /wemedical/Public/fonts/lato/lato-bold.woff
INFO: [ app_init ] --START--
INFO: Run Behavior\BuildLiteBehavior [ RunTime:0.000020s ]
INFO: [ app_init ] --END-- [ RunTime:0.000151s ]
ERR: 无法加载模块:Public/fonts/lato/lato

[ 2016-04-05T17:17:28+08:00 ] ::1 /wemedical/Public/fonts/lato/lato-regular.woff
INFO: [ app_init ] --START--
INFO: Run Behavior\BuildLiteBehavior [ RunTime:0.000017s ]
INFO: [ app_init ] --END-- [ RunTime:0.000122s ]
ERR: 无法加载模块:Public/fonts/lato/lato

[ 2016-04-05T17:17:28+08:00 ] ::1 /wemedical/Public/fonts/glyphicons/flat-ui-icons-regular.woff
INFO: [ app_init ] --START--
INFO: Run Behavior\BuildLiteBehavior [ RunTime:0.000044s ]
INFO: [ app_init ] --END-- [ RunTime:0.000319s ]
ERR: 无法加载模块:Public/fonts/glyphicons/flat

[ 2016-04-05T17:17:28+08:00 ] ::1 /wemedical/Public/fonts/lato/lato-regular.ttf
INFO: [ app_init ] --START--
INFO: Run Behavior\BuildLiteBehavior [ RunTime:0.000013s ]
INFO: [ app_init ] --END-- [ RunTime:0.000097s ]
ERR: 无法加载模块:Public/fonts/lato/lato

[ 2016-04-05T17:17:28+08:00 ] ::1 /wemedical/Public/fonts/lato/lato-bold.ttf
INFO: [ app_init ] --START--
INFO: Run Behavior\BuildLiteBehavior [ RunTime:0.000013s ]
INFO: [ app_init ] --END-- [ RunTime:0.000097s ]
ERR: 无法加载模块:Public/fonts/lato/lato

[ 2016-04-05T17:17:28+08:00 ] ::1 /wemedical/Public/fonts/glyphicons/flat-ui-icons-regular.ttf
INFO: [ app_init ] --START--
INFO: Run Behavior\BuildLiteBehavior [ RunTime:0.000013s ]
INFO: [ app_init ] --END-- [ RunTime:0.000097s ]
ERR: 无法加载模块:Public/fonts/glyphicons/flat

[ 2016-04-05T17:21:13+08:00 ] ::1 /wemedical/Public/font/lato400.woff
INFO: [ app_init ] --START--
INFO: Run Behavior\BuildLiteBehavior [ RunTime:0.000017s ]
INFO: [ app_init ] --END-- [ RunTime:0.000123s ]
ERR: 无法加载模块:Public/font/lato400

[ 2016-04-05T17:22:25+08:00 ] ::1 /wemedical/Public/font/lato400.woff
INFO: [ app_init ] --START--
INFO: Run Behavior\BuildLiteBehavior [ RunTime:0.000014s ]
INFO: [ app_init ] --END-- [ RunTime:0.000106s ]
ERR: 无法加载模块:Public/font/lato400

[ 2016-04-05T17:23:19+08:00 ] ::1 /wemedical/Public/font/lato400.woff
INFO: [ app_init ] --START--
INFO: Run Behavior\BuildLiteBehavior [ RunTime:0.000017s ]
INFO: [ app_init ] --END-- [ RunTime:0.000118s ]
ERR: 无法加载模块:Public/font/lato400

[ 2016-04-05T17:23:55+08:00 ] ::1 /wemedical/Public/font/lato400.woff
INFO: [ app_init ] --START--
INFO: Run Behavior\BuildLiteBehavior [ RunTime:0.000021s ]
INFO: [ app_init ] --END-- [ RunTime:0.000153s ]
ERR: 无法加载模块:Public/font/lato400

