[ 2016-04-22T10:25:52+08:00 ] ::1 /wemedical/.../Patient-Appointment-index
INFO: [ app_init ] --START--
INFO: Run Behavior\BuildLiteBehavior [ RunTime:0.000015s ]
INFO: [ app_init ] --END-- [ RunTime:0.000104s ]
ERR: 无法加载模块:.../Patient

[ 2016-04-22T11:36:56+08:00 ] ::1 /wemedical/Public/css/weui.min.css
INFO: [ app_init ] --START--
INFO: Run Behavior\BuildLiteBehavior [ RunTime:0.000021s ]
INFO: [ app_init ] --END-- [ RunTime:0.000169s ]
ERR: 无法加载模块:Public/css/weui.min

[ 2016-04-22T11:36:56+08:00 ] ::1 /wemedical/Public/css/jquery-weui.css
INFO: [ app_init ] --START--
INFO: Run Behavior\BuildLiteBehavior [ RunTime:0.000014s ]
INFO: [ app_init ] --END-- [ RunTime:0.000102s ]
ERR: 无法加载模块:Public/css/jquery

[ 2016-04-22T11:37:23+08:00 ] ::1 /wemedical/Public/css/jquery-weui.css
INFO: [ app_init ] --START--
INFO: Run Behavior\BuildLiteBehavior [ RunTime:0.000014s ]
INFO: [ app_init ] --END-- [ RunTime:0.000101s ]
ERR: 无法加载模块:Public/css/jquery

[ 2016-04-22T11:38:21+08:00 ] ::1 /wemedical/Public/css/jquery-weui.css
INFO: [ app_init ] --START--
INFO: Run Behavior\BuildLiteBehavior [ RunTime:0.000024s ]
INFO: [ app_init ] --END-- [ RunTime:0.000141s ]
ERR: 无法加载模块:Public/css/jquery

[ 2016-04-22T11:39:59+08:00 ] ::1 /wemedical/Public/css/jquery-weui.css
INFO: [ app_init ] --START--
INFO: Run Behavior\BuildLiteBehavior [ RunTime:0.000022s ]
INFO: [ app_init ] --END-- [ RunTime:0.000173s ]
ERR: 无法加载模块:Public/css/jquery

[ 2016-04-22T11:41:19+08:00 ] ::1 /wemedical/Public/css/jquery-weui.css
INFO: [ app_init ] --START--
INFO: Run Behavior\BuildLiteBehavior [ RunTime:0.000016s ]
INFO: [ app_init ] --END-- [ RunTime:0.000125s ]
ERR: 无法加载模块:Public/css/jquery

[ 2016-04-22T11:43:29+08:00 ] ::1 /wemedical/Public/css/jquery-weui.css
INFO: [ app_init ] --START--
INFO: Run Behavior\BuildLiteBehavior [ RunTime:0.000015s ]
INFO: [ app_init ] --END-- [ RunTime:0.000139s ]
ERR: 无法加载模块:Public/css/jquery

[ 2016-04-22T11:43:40+08:00 ] ::1 /wemedical/Public/css/jquery-weui.css
INFO: [ app_init ] --START--
INFO: Run Behavior\BuildLiteBehavior [ RunTime:0.000058s ]
INFO: [ app_init ] --END-- [ RunTime:0.000195s ]
ERR: 无法加载模块:Public/css/jquery

[ 2016-04-22T11:44:47+08:00 ] ::1 /wemedical/Public/css/jquery-weui.css
INFO: [ app_init ] --START--
INFO: Run Behavior\BuildLiteBehavior [ RunTime:0.000039s ]
INFO: [ app_init ] --END-- [ RunTime:0.000252s ]
ERR: 无法加载模块:Public/css/jquery

[ 2016-04-22T15:38:44+08:00 ] 192.168.1.2 /wemedical/Public/css/jquery-weui.css
INFO: [ app_init ] --START--
INFO: Run Behavior\BuildLiteBehavior [ RunTime:0.000021s ]
INFO: [ app_init ] --END-- [ RunTime:0.000151s ]
ERR: 无法加载模块:Public/css/jquery

[ 2016-04-22T15:43:22+08:00 ] 192.168.1.2 /wemedical/Public/css/jquery-weui.css
INFO: [ app_init ] --START--
INFO: Run Behavior\BuildLiteBehavior [ RunTime:0.000019s ]
INFO: [ app_init ] --END-- [ RunTime:0.000131s ]
ERR: 无法加载模块:Public/css/jquery

[ 2016-04-22T15:44:17+08:00 ] 192.168.1.2 /wemedical/Public/css/jquery-weui.css
INFO: [ app_init ] --START--
INFO: Run Behavior\BuildLiteBehavior [ RunTime:0.000018s ]
INFO: [ app_init ] --END-- [ RunTime:0.000132s ]
ERR: 无法加载模块:Public/css/jquery

[ 2016-04-22T15:45:08+08:00 ] 192.168.1.2 /wemedical/Public/css/jquery-weui.css
INFO: [ app_init ] --START--
INFO: Run Behavior\BuildLiteBehavior [ RunTime:0.000019s ]
INFO: [ app_init ] --END-- [ RunTime:0.000129s ]
ERR: 无法加载模块:Public/css/jquery

[ 2016-04-22T15:45:47+08:00 ] 192.168.1.2 /wemedical/Public/css/jquery-weui.css
INFO: [ app_init ] --START--
INFO: Run Behavior\BuildLiteBehavior [ RunTime:0.000032s ]
INFO: [ app_init ] --END-- [ RunTime:0.000255s ]
ERR: 无法加载模块:Public/css/jquery

[ 2016-04-22T15:46:05+08:00 ] 192.168.1.2 /wemedical/Public/css/jquery-weui.css
INFO: [ app_init ] --START--
INFO: Run Behavior\BuildLiteBehavior [ RunTime:0.000032s ]
INFO: [ app_init ] --END-- [ RunTime:0.000253s ]
ERR: 无法加载模块:Public/css/jquery

[ 2016-04-22T15:46:33+08:00 ] 192.168.1.2 /wemedical/Public/css/jquery-weui.css
INFO: [ app_init ] --START--
INFO: Run Behavior\BuildLiteBehavior [ RunTime:0.000021s ]
INFO: [ app_init ] --END-- [ RunTime:0.000150s ]
ERR: 无法加载模块:Public/css/jquery

[ 2016-04-22T15:47:44+08:00 ] ::1 /wemedical/Public/css/jquery-weui.css
INFO: [ app_init ] --START--
INFO: Run Behavior\BuildLiteBehavior [ RunTime:0.000015s ]
INFO: [ app_init ] --END-- [ RunTime:0.000105s ]
ERR: 无法加载模块:Public/css/jquery

[ 2016-04-22T15:49:15+08:00 ] ::1 /wemedical/Public/css/jquery-weui.css
INFO: [ app_init ] --START--
INFO: Run Behavior\BuildLiteBehavior [ RunTime:0.000021s ]
INFO: [ app_init ] --END-- [ RunTime:0.000142s ]
ERR: 无法加载模块:Public/css/jquery

[ 2016-04-22T15:49:29+08:00 ] ::1 /wemedical/Public/css/jquery-weui.css
INFO: [ app_init ] --START--
INFO: Run Behavior\BuildLiteBehavior [ RunTime:0.000023s ]
INFO: [ app_init ] --END-- [ RunTime:0.000155s ]
ERR: 无法加载模块:Public/css/jquery

[ 2016-04-22T15:49:37+08:00 ] 192.168.1.2 /wemedical/Public/css/jquery-weui.css
INFO: [ app_init ] --START--
INFO: Run Behavior\BuildLiteBehavior [ RunTime:0.000020s ]
INFO: [ app_init ] --END-- [ RunTime:0.000149s ]
ERR: 无法加载模块:Public/css/jquery

[ 2016-04-22T15:54:18+08:00 ] 192.168.1.2 /wemedical/Public/css/jquery-weui.css
INFO: [ app_init ] --START--
INFO: Run Behavior\BuildLiteBehavior [ RunTime:0.000022s ]
INFO: [ app_init ] --END-- [ RunTime:0.000154s ]
ERR: 无法加载模块:Public/css/jquery

[ 2016-04-22T15:54:52+08:00 ] 192.168.1.2 /wemedical/Public/css/jquery-weui.css
INFO: [ app_init ] --START--
INFO: Run Behavior\BuildLiteBehavior [ RunTime:0.000021s ]
INFO: [ app_init ] --END-- [ RunTime:0.000149s ]
ERR: 无法加载模块:Public/css/jquery

[ 2016-04-22T20:41:19+08:00 ] ::1 /wemedical/Public/css/jquery-weui.css
INFO: [ app_init ] --START--
INFO: Run Behavior\BuildLiteBehavior [ RunTime:0.000022s ]
INFO: [ app_init ] --END-- [ RunTime:0.000174s ]
ERR: 无法加载模块:Public/css/jquery

