[ 2016-04-11T22:19:55+08:00 ] ::1 /wemedical/Public/css/bootstrap-datatimepicker.min.css
INFO: [ app_init ] --START--
INFO: Run Behavior\BuildLiteBehavior [ RunTime:0.000044s ]
INFO: [ app_init ] --END-- [ RunTime:0.000304s ]
ERR: 无法加载模块:Public/css/bootstrap

[ 2016-04-11T22:21:28+08:00 ] ::1 /wemedical/Public/css/bootstrap-datatimepicker.min.css
INFO: [ app_init ] --START--
INFO: Run Behavior\BuildLiteBehavior [ RunTime:0.000042s ]
INFO: [ app_init ] --END-- [ RunTime:0.000239s ]
ERR: 无法加载模块:Public/css/bootstrap

[ 2016-04-11T22:23:19+08:00 ] ::1 /wemedical/Public/css/bootstrap-datatimepicker.min.css
INFO: [ app_init ] --START--
INFO: Run Behavior\BuildLiteBehavior [ RunTime:0.000034s ]
INFO: [ app_init ] --END-- [ RunTime:0.000227s ]
ERR: 无法加载模块:Public/css/bootstrap

[ 2016-04-11T22:41:54+08:00 ] ::1 /wemedical/Public/vendor/bootstrap/fonts/glyphicons-halflings-regular.woff
INFO: [ app_init ] --START--
INFO: Run Behavior\BuildLiteBehavior [ RunTime:0.000017s ]
INFO: [ app_init ] --END-- [ RunTime:0.000127s ]
ERR: 无法加载模块:Public/vendor/bootstrap/fonts/glyphicons

[ 2016-04-11T22:41:54+08:00 ] ::1 /wemedical/Public/vendor/bootstrap/fonts/glyphicons-halflings-regular.ttf
INFO: [ app_init ] --START--
INFO: Run Behavior\BuildLiteBehavior [ RunTime:0.000016s ]
INFO: [ app_init ] --END-- [ RunTime:0.000109s ]
ERR: 无法加载模块:Public/vendor/bootstrap/fonts/glyphicons

