[ 2016-04-14T09:25:16+08:00 ] ::1 /wemedical/Public/css/fonts/icomoon.ttf?k4g2sb
INFO: [ app_init ] --START--
INFO: Run Behavior\BuildLiteBehavior [ RunTime:0.000015s ]
INFO: [ app_init ] --END-- [ RunTime:0.000132s ]
ERR: 无法加载模块:Public/css/fonts/icomoon

[ 2016-04-14T09:25:16+08:00 ] ::1 /wemedical/Public/css/fonts/icomoon.woff?k4g2sb
INFO: [ app_init ] --START--
INFO: Run Behavior\BuildLiteBehavior [ RunTime:0.000049s ]
INFO: [ app_init ] --END-- [ RunTime:0.000370s ]
ERR: 无法加载模块:Public/css/fonts/icomoon

[ 2016-04-14T10:37:33+08:00 ] ::1 /wemedical/Public/fonts/glyphicons/flat-ui-pro-icons-regular.woff
INFO: [ app_init ] --START--
INFO: Run Behavior\BuildLiteBehavior [ RunTime:0.000024s ]
INFO: [ app_init ] --END-- [ RunTime:0.000166s ]
ERR: 无法加载模块:Public/fonts/glyphicons/flat

[ 2016-04-14T10:37:33+08:00 ] ::1 /wemedical/Public/fonts/glyphicons/flat-ui-pro-icons-regular.ttf
INFO: [ app_init ] --START--
INFO: Run Behavior\BuildLiteBehavior [ RunTime:0.000014s ]
INFO: [ app_init ] --END-- [ RunTime:0.000102s ]
ERR: 无法加载模块:Public/fonts/glyphicons/flat

[ 2016-04-14T10:41:20+08:00 ] ::1 /wemedical/Public/fonts/glyphicons/flat-ui-pro-icons-regular.woff
INFO: [ app_init ] --START--
INFO: Run Behavior\BuildLiteBehavior [ RunTime:0.000014s ]
INFO: [ app_init ] --END-- [ RunTime:0.000100s ]
ERR: 无法加载模块:Public/fonts/glyphicons/flat

[ 2016-04-14T10:41:20+08:00 ] ::1 /wemedical/Public/fonts/glyphicons/flat-ui-pro-icons-regular.ttf
INFO: [ app_init ] --START--
INFO: Run Behavior\BuildLiteBehavior [ RunTime:0.000020s ]
INFO: [ app_init ] --END-- [ RunTime:0.000122s ]
ERR: 无法加载模块:Public/fonts/glyphicons/flat

[ 2016-04-14T10:41:56+08:00 ] ::1 /wemedical/Public/fonts/glyphicons/flat-ui-pro-icons-regular.woff
INFO: [ app_init ] --START--
INFO: Run Behavior\BuildLiteBehavior [ RunTime:0.000023s ]
INFO: [ app_init ] --END-- [ RunTime:0.000148s ]
ERR: 无法加载模块:Public/fonts/glyphicons/flat

[ 2016-04-14T10:41:56+08:00 ] ::1 /wemedical/Public/fonts/glyphicons/flat-ui-pro-icons-regular.ttf
INFO: [ app_init ] --START--
INFO: Run Behavior\BuildLiteBehavior [ RunTime:0.000016s ]
INFO: [ app_init ] --END-- [ RunTime:0.000108s ]
ERR: 无法加载模块:Public/fonts/glyphicons/flat

[ 2016-04-14T10:43:18+08:00 ] ::1 /wemedical/Public/fonts/glyphicons/flat-ui-pro-icons-regular.woff
INFO: [ app_init ] --START--
INFO: Run Behavior\BuildLiteBehavior [ RunTime:0.000022s ]
INFO: [ app_init ] --END-- [ RunTime:0.000150s ]
ERR: 无法加载模块:Public/fonts/glyphicons/flat

[ 2016-04-14T10:43:19+08:00 ] ::1 /wemedical/Public/fonts/glyphicons/flat-ui-pro-icons-regular.ttf
INFO: [ app_init ] --START--
INFO: Run Behavior\BuildLiteBehavior [ RunTime:0.000017s ]
INFO: [ app_init ] --END-- [ RunTime:0.000146s ]
ERR: 无法加载模块:Public/fonts/glyphicons/flat

[ 2016-04-14T10:44:02+08:00 ] ::1 /wemedical/Public/fonts/glyphicons/flat-ui-pro-icons-regular.woff
INFO: [ app_init ] --START--
INFO: Run Behavior\BuildLiteBehavior [ RunTime:0.000025s ]
INFO: [ app_init ] --END-- [ RunTime:0.000202s ]
ERR: 无法加载模块:Public/fonts/glyphicons/flat

[ 2016-04-14T10:44:03+08:00 ] ::1 /wemedical/Public/fonts/glyphicons/flat-ui-pro-icons-regular.ttf
INFO: [ app_init ] --START--
INFO: Run Behavior\BuildLiteBehavior [ RunTime:0.000014s ]
INFO: [ app_init ] --END-- [ RunTime:0.000101s ]
ERR: 无法加载模块:Public/fonts/glyphicons/flat

[ 2016-04-14T10:46:10+08:00 ] ::1 /wemedical/Public/fonts/glyphicons/flat-ui-pro-icons-regular.woff
INFO: [ app_init ] --START--
INFO: Run Behavior\BuildLiteBehavior [ RunTime:0.000023s ]
INFO: [ app_init ] --END-- [ RunTime:0.000157s ]
ERR: 无法加载模块:Public/fonts/glyphicons/flat

[ 2016-04-14T10:46:10+08:00 ] ::1 /wemedical/Public/fonts/glyphicons/flat-ui-pro-icons-regular.ttf
INFO: [ app_init ] --START--
INFO: Run Behavior\BuildLiteBehavior [ RunTime:0.000015s ]
INFO: [ app_init ] --END-- [ RunTime:0.000107s ]
ERR: 无法加载模块:Public/fonts/glyphicons/flat

[ 2016-04-14T10:46:30+08:00 ] ::1 /wemedical/Public/fonts/glyphicons/flat-ui-pro-icons-regular.woff
INFO: [ app_init ] --START--
INFO: Run Behavior\BuildLiteBehavior [ RunTime:0.000022s ]
INFO: [ app_init ] --END-- [ RunTime:0.000150s ]
ERR: 无法加载模块:Public/fonts/glyphicons/flat

[ 2016-04-14T10:46:30+08:00 ] ::1 /wemedical/Public/fonts/glyphicons/flat-ui-pro-icons-regular.ttf
INFO: [ app_init ] --START--
INFO: Run Behavior\BuildLiteBehavior [ RunTime:0.000014s ]
INFO: [ app_init ] --END-- [ RunTime:0.000103s ]
ERR: 无法加载模块:Public/fonts/glyphicons/flat

[ 2016-04-14T10:47:47+08:00 ] ::1 /wemedical/Public/fonts/glyphicons/flat-ui-pro-icons-regular.woff
INFO: [ app_init ] --START--
INFO: Run Behavior\BuildLiteBehavior [ RunTime:0.000029s ]
INFO: [ app_init ] --END-- [ RunTime:0.000215s ]
ERR: 无法加载模块:Public/fonts/glyphicons/flat

[ 2016-04-14T10:47:47+08:00 ] ::1 /wemedical/Public/fonts/glyphicons/flat-ui-pro-icons-regular.ttf
INFO: [ app_init ] --START--
INFO: Run Behavior\BuildLiteBehavior [ RunTime:0.000014s ]
INFO: [ app_init ] --END-- [ RunTime:0.000102s ]
ERR: 无法加载模块:Public/fonts/glyphicons/flat

[ 2016-04-14T10:59:21+08:00 ] ::1 /wemedical/Public/fonts/glyphicons/flat-ui-pro-icons-regular.woff
INFO: [ app_init ] --START--
INFO: Run Behavior\BuildLiteBehavior [ RunTime:0.000030s ]
INFO: [ app_init ] --END-- [ RunTime:0.000216s ]
ERR: 无法加载模块:Public/fonts/glyphicons/flat

[ 2016-04-14T10:59:21+08:00 ] ::1 /wemedical/Public/fonts/glyphicons/flat-ui-pro-icons-regular.ttf
INFO: [ app_init ] --START--
INFO: Run Behavior\BuildLiteBehavior [ RunTime:0.000016s ]
INFO: [ app_init ] --END-- [ RunTime:0.000105s ]
ERR: 无法加载模块:Public/fonts/glyphicons/flat

[ 2016-04-14T11:01:02+08:00 ] ::1 /wemedical/Public/fonts/glyphicons/flat-ui-pro-icons-regular.woff
INFO: [ app_init ] --START--
INFO: Run Behavior\BuildLiteBehavior [ RunTime:0.000031s ]
INFO: [ app_init ] --END-- [ RunTime:0.000224s ]
ERR: 无法加载模块:Public/fonts/glyphicons/flat

[ 2016-04-14T11:01:02+08:00 ] ::1 /wemedical/Public/fonts/glyphicons/flat-ui-pro-icons-regular.ttf
INFO: [ app_init ] --START--
INFO: Run Behavior\BuildLiteBehavior [ RunTime:0.000019s ]
INFO: [ app_init ] --END-- [ RunTime:0.000193s ]
ERR: 无法加载模块:Public/fonts/glyphicons/flat

[ 2016-04-14T11:01:40+08:00 ] ::1 /wemedical/Public/fonts/glyphicons/flat-ui-pro-icons-regular.woff
INFO: [ app_init ] --START--
INFO: Run Behavior\BuildLiteBehavior [ RunTime:0.000028s ]
INFO: [ app_init ] --END-- [ RunTime:0.000211s ]
ERR: 无法加载模块:Public/fonts/glyphicons/flat

[ 2016-04-14T11:01:40+08:00 ] ::1 /wemedical/Public/fonts/glyphicons/flat-ui-pro-icons-regular.ttf
INFO: [ app_init ] --START--
INFO: Run Behavior\BuildLiteBehavior [ RunTime:0.000017s ]
INFO: [ app_init ] --END-- [ RunTime:0.000116s ]
ERR: 无法加载模块:Public/fonts/glyphicons/flat

[ 2016-04-14T11:03:01+08:00 ] ::1 /wemedical/Public/fonts/glyphicons/flat-ui-pro-icons-regular.woff
INFO: [ app_init ] --START--
INFO: Run Behavior\BuildLiteBehavior [ RunTime:0.000018s ]
INFO: [ app_init ] --END-- [ RunTime:0.000147s ]
ERR: 无法加载模块:Public/fonts/glyphicons/flat

[ 2016-04-14T11:03:01+08:00 ] ::1 /wemedical/Public/fonts/glyphicons/flat-ui-pro-icons-regular.ttf
INFO: [ app_init ] --START--
INFO: Run Behavior\BuildLiteBehavior [ RunTime:0.000015s ]
INFO: [ app_init ] --END-- [ RunTime:0.000106s ]
ERR: 无法加载模块:Public/fonts/glyphicons/flat

[ 2016-04-14T11:05:18+08:00 ] ::1 /wemedical/Public/fonts/glyphicons/flat-ui-pro-icons-regular.woff
INFO: [ app_init ] --START--
INFO: Run Behavior\BuildLiteBehavior [ RunTime:0.000015s ]
INFO: [ app_init ] --END-- [ RunTime:0.000105s ]
ERR: 无法加载模块:Public/fonts/glyphicons/flat

[ 2016-04-14T11:05:18+08:00 ] ::1 /wemedical/Public/fonts/glyphicons/flat-ui-pro-icons-regular.ttf
INFO: [ app_init ] --START--
INFO: Run Behavior\BuildLiteBehavior [ RunTime:0.000015s ]
INFO: [ app_init ] --END-- [ RunTime:0.000103s ]
ERR: 无法加载模块:Public/fonts/glyphicons/flat

[ 2016-04-14T11:10:04+08:00 ] ::1 /wemedical/Public/fonts/glyphicons/flat-ui-pro-icons-regular.woff
INFO: [ app_init ] --START--
INFO: Run Behavior\BuildLiteBehavior [ RunTime:0.000028s ]
INFO: [ app_init ] --END-- [ RunTime:0.000208s ]
ERR: 无法加载模块:Public/fonts/glyphicons/flat

[ 2016-04-14T11:10:04+08:00 ] ::1 /wemedical/Public/fonts/glyphicons/flat-ui-pro-icons-regular.ttf
INFO: [ app_init ] --START--
INFO: Run Behavior\BuildLiteBehavior [ RunTime:0.000015s ]
INFO: [ app_init ] --END-- [ RunTime:0.000102s ]
ERR: 无法加载模块:Public/fonts/glyphicons/flat

[ 2016-04-14T11:12:10+08:00 ] ::1 /wemedical/Public/fonts/glyphicons/flat-ui-pro-icons-regular.woff
INFO: [ app_init ] --START--
INFO: Run Behavior\BuildLiteBehavior [ RunTime:0.000020s ]
INFO: [ app_init ] --END-- [ RunTime:0.000156s ]
ERR: 无法加载模块:Public/fonts/glyphicons/flat

[ 2016-04-14T11:12:10+08:00 ] ::1 /wemedical/Public/fonts/glyphicons/flat-ui-pro-icons-regular.ttf
INFO: [ app_init ] --START--
INFO: Run Behavior\BuildLiteBehavior [ RunTime:0.000021s ]
INFO: [ app_init ] --END-- [ RunTime:0.000148s ]
ERR: 无法加载模块:Public/fonts/glyphicons/flat

[ 2016-04-14T11:16:23+08:00 ] ::1 /wemedical/Public/fonts/glyphicons/flat-ui-pro-icons-regular.woff
INFO: [ app_init ] --START--
INFO: Run Behavior\BuildLiteBehavior [ RunTime:0.000015s ]
INFO: [ app_init ] --END-- [ RunTime:0.000103s ]
ERR: 无法加载模块:Public/fonts/glyphicons/flat

[ 2016-04-14T11:16:23+08:00 ] ::1 /wemedical/Public/fonts/glyphicons/flat-ui-pro-icons-regular.ttf
INFO: [ app_init ] --START--
INFO: Run Behavior\BuildLiteBehavior [ RunTime:0.000029s ]
INFO: [ app_init ] --END-- [ RunTime:0.000208s ]
ERR: 无法加载模块:Public/fonts/glyphicons/flat

[ 2016-04-14T11:19:35+08:00 ] ::1 /wemedical/Public/fonts/glyphicons/flat-ui-pro-icons-regular.woff
INFO: [ app_init ] --START--
INFO: Run Behavior\BuildLiteBehavior [ RunTime:0.000014s ]
INFO: [ app_init ] --END-- [ RunTime:0.000103s ]
ERR: 无法加载模块:Public/fonts/glyphicons/flat

[ 2016-04-14T11:19:35+08:00 ] ::1 /wemedical/Public/fonts/glyphicons/flat-ui-pro-icons-regular.ttf
INFO: [ app_init ] --START--
INFO: Run Behavior\BuildLiteBehavior [ RunTime:0.000043s ]
INFO: [ app_init ] --END-- [ RunTime:0.000322s ]
ERR: 无法加载模块:Public/fonts/glyphicons/flat

[ 2016-04-14T11:19:46+08:00 ] ::1 /wemedical/Public/fonts/glyphicons/flat-ui-pro-icons-regular.woff
INFO: [ app_init ] --START--
INFO: Run Behavior\BuildLiteBehavior [ RunTime:0.000023s ]
INFO: [ app_init ] --END-- [ RunTime:0.000158s ]
ERR: 无法加载模块:Public/fonts/glyphicons/flat

[ 2016-04-14T11:19:46+08:00 ] ::1 /wemedical/Public/fonts/glyphicons/flat-ui-pro-icons-regular.ttf
INFO: [ app_init ] --START--
INFO: Run Behavior\BuildLiteBehavior [ RunTime:0.000015s ]
INFO: [ app_init ] --END-- [ RunTime:0.000112s ]
ERR: 无法加载模块:Public/fonts/glyphicons/flat

[ 2016-04-14T11:20:05+08:00 ] ::1 /wemedical/Public/fonts/glyphicons/flat-ui-pro-icons-regular.woff
INFO: [ app_init ] --START--
INFO: Run Behavior\BuildLiteBehavior [ RunTime:0.000015s ]
INFO: [ app_init ] --END-- [ RunTime:0.000102s ]
ERR: 无法加载模块:Public/fonts/glyphicons/flat

[ 2016-04-14T11:20:05+08:00 ] ::1 /wemedical/Public/fonts/glyphicons/flat-ui-pro-icons-regular.ttf
INFO: [ app_init ] --START--
INFO: Run Behavior\BuildLiteBehavior [ RunTime:0.000016s ]
INFO: [ app_init ] --END-- [ RunTime:0.000105s ]
ERR: 无法加载模块:Public/fonts/glyphicons/flat

[ 2016-04-14T11:21:15+08:00 ] ::1 /wemedical/Public/fonts/glyphicons/flat-ui-pro-icons-regular.woff
INFO: [ app_init ] --START--
INFO: Run Behavior\BuildLiteBehavior [ RunTime:0.000039s ]
INFO: [ app_init ] --END-- [ RunTime:0.000251s ]
ERR: 无法加载模块:Public/fonts/glyphicons/flat

[ 2016-04-14T11:21:15+08:00 ] ::1 /wemedical/Public/fonts/glyphicons/flat-ui-pro-icons-regular.ttf
INFO: [ app_init ] --START--
INFO: Run Behavior\BuildLiteBehavior [ RunTime:0.000015s ]
INFO: [ app_init ] --END-- [ RunTime:0.000102s ]
ERR: 无法加载模块:Public/fonts/glyphicons/flat

[ 2016-04-14T11:22:02+08:00 ] ::1 /wemedical/Public/fonts/glyphicons/flat-ui-pro-icons-regular.woff
INFO: [ app_init ] --START--
INFO: Run Behavior\BuildLiteBehavior [ RunTime:0.000014s ]
INFO: [ app_init ] --END-- [ RunTime:0.000102s ]
ERR: 无法加载模块:Public/fonts/glyphicons/flat

[ 2016-04-14T11:22:03+08:00 ] ::1 /wemedical/Public/fonts/glyphicons/flat-ui-pro-icons-regular.ttf
INFO: [ app_init ] --START--
INFO: Run Behavior\BuildLiteBehavior [ RunTime:0.000025s ]
INFO: [ app_init ] --END-- [ RunTime:0.000170s ]
ERR: 无法加载模块:Public/fonts/glyphicons/flat

[ 2016-04-14T11:22:42+08:00 ] ::1 /wemedical/Public/fonts/glyphicons/flat-ui-pro-icons-regular.woff
INFO: [ app_init ] --START--
INFO: Run Behavior\BuildLiteBehavior [ RunTime:0.000017s ]
INFO: [ app_init ] --END-- [ RunTime:0.000140s ]
ERR: 无法加载模块:Public/fonts/glyphicons/flat

[ 2016-04-14T11:22:42+08:00 ] ::1 /wemedical/Public/fonts/glyphicons/flat-ui-pro-icons-regular.ttf
INFO: [ app_init ] --START--
INFO: Run Behavior\BuildLiteBehavior [ RunTime:0.000033s ]
INFO: [ app_init ] --END-- [ RunTime:0.000175s ]
ERR: 无法加载模块:Public/fonts/glyphicons/flat

[ 2016-04-14T11:23:31+08:00 ] ::1 /wemedical/Public/fonts/glyphicons/flat-ui-pro-icons-regular.woff
INFO: [ app_init ] --START--
INFO: Run Behavior\BuildLiteBehavior [ RunTime:0.000015s ]
INFO: [ app_init ] --END-- [ RunTime:0.000101s ]
ERR: 无法加载模块:Public/fonts/glyphicons/flat

[ 2016-04-14T11:23:31+08:00 ] ::1 /wemedical/Public/fonts/glyphicons/flat-ui-pro-icons-regular.ttf
INFO: [ app_init ] --START--
INFO: Run Behavior\BuildLiteBehavior [ RunTime:0.000021s ]
INFO: [ app_init ] --END-- [ RunTime:0.000133s ]
ERR: 无法加载模块:Public/fonts/glyphicons/flat

[ 2016-04-14T11:24:06+08:00 ] ::1 /wemedical/Public/fonts/glyphicons/flat-ui-pro-icons-regular.woff
INFO: [ app_init ] --START--
INFO: Run Behavior\BuildLiteBehavior [ RunTime:0.000014s ]
INFO: [ app_init ] --END-- [ RunTime:0.000103s ]
ERR: 无法加载模块:Public/fonts/glyphicons/flat

[ 2016-04-14T11:24:06+08:00 ] ::1 /wemedical/Public/fonts/glyphicons/flat-ui-pro-icons-regular.ttf
INFO: [ app_init ] --START--
INFO: Run Behavior\BuildLiteBehavior [ RunTime:0.000014s ]
INFO: [ app_init ] --END-- [ RunTime:0.000103s ]
ERR: 无法加载模块:Public/fonts/glyphicons/flat

[ 2016-04-14T11:24:25+08:00 ] ::1 /wemedical/Public/fonts/glyphicons/flat-ui-pro-icons-regular.woff
INFO: [ app_init ] --START--
INFO: Run Behavior\BuildLiteBehavior [ RunTime:0.000076s ]
INFO: [ app_init ] --END-- [ RunTime:0.000301s ]
ERR: 无法加载模块:Public/fonts/glyphicons/flat

[ 2016-04-14T11:24:25+08:00 ] ::1 /wemedical/Public/fonts/glyphicons/flat-ui-pro-icons-regular.ttf
INFO: [ app_init ] --START--
INFO: Run Behavior\BuildLiteBehavior [ RunTime:0.000016s ]
INFO: [ app_init ] --END-- [ RunTime:0.000153s ]
ERR: 无法加载模块:Public/fonts/glyphicons/flat

[ 2016-04-14T11:26:10+08:00 ] ::1 /wemedical/Public/fonts/glyphicons/flat-ui-pro-icons-regular.woff
INFO: [ app_init ] --START--
INFO: Run Behavior\BuildLiteBehavior [ RunTime:0.000027s ]
INFO: [ app_init ] --END-- [ RunTime:0.000178s ]
ERR: 无法加载模块:Public/fonts/glyphicons/flat

[ 2016-04-14T11:26:10+08:00 ] ::1 /wemedical/Public/fonts/glyphicons/flat-ui-pro-icons-regular.ttf
INFO: [ app_init ] --START--
INFO: Run Behavior\BuildLiteBehavior [ RunTime:0.000020s ]
INFO: [ app_init ] --END-- [ RunTime:0.000143s ]
ERR: 无法加载模块:Public/fonts/glyphicons/flat

[ 2016-04-14T11:33:34+08:00 ] ::1 /wemedical/Public/fonts/glyphicons/flat-ui-pro-icons-regular.woff
INFO: [ app_init ] --START--
INFO: Run Behavior\BuildLiteBehavior [ RunTime:0.000040s ]
INFO: [ app_init ] --END-- [ RunTime:0.000176s ]
ERR: 无法加载模块:Public/fonts/glyphicons/flat

[ 2016-04-14T11:33:35+08:00 ] ::1 /wemedical/Public/fonts/glyphicons/flat-ui-pro-icons-regular.ttf
INFO: [ app_init ] --START--
INFO: Run Behavior\BuildLiteBehavior [ RunTime:0.000021s ]
INFO: [ app_init ] --END-- [ RunTime:0.000151s ]
ERR: 无法加载模块:Public/fonts/glyphicons/flat

[ 2016-04-14T17:26:26+08:00 ] ::1 /wemedical/Public/images/img.jpeg
INFO: [ app_init ] --START--
INFO: Run Behavior\BuildLiteBehavior [ RunTime:0.000019s ]
INFO: [ app_init ] --END-- [ RunTime:0.000140s ]
ERR: 无法加载模块:Public/images/img

[ 2016-04-14T22:53:31+08:00 ] ::1 /wemedical/__URL__-getIntro
INFO: [ app_init ] --START--
INFO: Run Behavior\BuildLiteBehavior [ RunTime:0.000014s ]
INFO: [ app_init ] --END-- [ RunTime:0.000100s ]
ERR: 无法加载模块:__URL__

