[ 2016-03-29T10:18:26+08:00 ] ::1 /thinkphp_3/Common/Common/css/weui.min.css
INFO: [ app_init ] --START--
INFO: Run Behavior\BuildLiteBehavior [ RunTime:0.000015s ]
INFO: [ app_init ] --END-- [ RunTime:0.000112s ]
ERR: 无法加载模块:Common

[ 2016-03-29T10:18:26+08:00 ] ::1 /thinkphp_3/Common/Common/css/main.css
INFO: [ app_init ] --START--
INFO: Run Behavior\BuildLiteBehavior [ RunTime:0.000012s ]
INFO: [ app_init ] --END-- [ RunTime:0.000090s ]
ERR: 无法加载模块:Common

[ 2016-03-29T10:18:26+08:00 ] ::1 /thinkphp_3/Common/Common/css/banneralert.css
INFO: [ app_init ] --START--
INFO: Run Behavior\BuildLiteBehavior [ RunTime:0.000015s ]
INFO: [ app_init ] --END-- [ RunTime:0.000100s ]
ERR: 无法加载模块:Common

[ 2016-03-29T10:18:26+08:00 ] ::1 /thinkphp_3/Common/Common/JS/jquery.validate.min.js
INFO: [ app_init ] --START--
INFO: Run Behavior\BuildLiteBehavior [ RunTime:0.000012s ]
INFO: [ app_init ] --END-- [ RunTime:0.000088s ]
ERR: 无法加载模块:Common

[ 2016-03-29T10:18:26+08:00 ] ::1 /thinkphp_3/Common/Common/JS/banneralert.min.js
INFO: [ app_init ] --START--
INFO: Run Behavior\BuildLiteBehavior [ RunTime:0.000012s ]
INFO: [ app_init ] --END-- [ RunTime:0.000086s ]
ERR: 无法加载模块:Common

[ 2016-03-29T10:18:29+08:00 ] ::1 /thinkphp_3/Common/Common/css/weui.min.css
INFO: [ app_init ] --START--
INFO: Run Behavior\BuildLiteBehavior [ RunTime:0.000032s ]
INFO: [ app_init ] --END-- [ RunTime:0.000173s ]
ERR: 无法加载模块:Common

[ 2016-03-29T10:18:29+08:00 ] ::1 /thinkphp_3/Common/Common/css/main.css
INFO: [ app_init ] --START--
INFO: Run Behavior\BuildLiteBehavior [ RunTime:0.000017s ]
INFO: [ app_init ] --END-- [ RunTime:0.000145s ]
ERR: 无法加载模块:Common

[ 2016-03-29T10:18:29+08:00 ] ::1 /thinkphp_3/Common/Common/css/banneralert.css
INFO: [ app_init ] --START--
INFO: Run Behavior\BuildLiteBehavior [ RunTime:0.000012s ]
INFO: [ app_init ] --END-- [ RunTime:0.000092s ]
ERR: 无法加载模块:Common

[ 2016-03-29T10:18:29+08:00 ] ::1 /thinkphp_3/Common/Common/JS/jquery.validate.min.js
INFO: [ app_init ] --START--
INFO: Run Behavior\BuildLiteBehavior [ RunTime:0.000014s ]
INFO: [ app_init ] --END-- [ RunTime:0.000096s ]
ERR: 无法加载模块:Common

[ 2016-03-29T10:18:29+08:00 ] ::1 /thinkphp_3/Common/Common/JS/banneralert.min.js
INFO: [ app_init ] --START--
INFO: Run Behavior\BuildLiteBehavior [ RunTime:0.000013s ]
INFO: [ app_init ] --END-- [ RunTime:0.000096s ]
ERR: 无法加载模块:Common

[ 2016-03-29T10:25:34+08:00 ] ::1 /thinkphp_3/Application/Common/Common/webfonts/neoncaps/stylesheet.css
INFO: [ app_init ] --START--
INFO: Run Behavior\BuildLiteBehavior [ RunTime:0.000020s ]
INFO: [ app_init ] --END-- [ RunTime:0.000150s ]
ERR: 无法加载模块:Application

[ 2016-03-29T10:41:20+08:00 ] ::1 /thinkphp_3/Public/css/__PUBLIC__/css/font.css
INFO: [ app_init ] --START--
INFO: Run Behavior\BuildLiteBehavior [ RunTime:0.000015s ]
INFO: [ app_init ] --END-- [ RunTime:0.000104s ]
ERR: 无法加载模块:Public

[ 2016-03-29T10:41:20+08:00 ] ::1 /thinkphp_3/Public/css/__PUBLIC__/font/lato400.woff
INFO: [ app_init ] --START--
INFO: Run Behavior\BuildLiteBehavior [ RunTime:0.000014s ]
INFO: [ app_init ] --END-- [ RunTime:0.000102s ]
ERR: 无法加载模块:Public

[ 2016-03-29T10:42:01+08:00 ] ::1 /thinkphp_3/Public/css/__PUBLIC__/font/lato400.woff
INFO: [ app_init ] --START--
INFO: Run Behavior\BuildLiteBehavior [ RunTime:0.000018s ]
INFO: [ app_init ] --END-- [ RunTime:0.000154s ]
ERR: 无法加载模块:Public

[ 2016-03-29T10:43:26+08:00 ] ::1 /thinkphp_3/Public/css/font/lato400.woff
INFO: [ app_init ] --START--
INFO: Run Behavior\BuildLiteBehavior [ RunTime:0.000039s ]
INFO: [ app_init ] --END-- [ RunTime:0.000279s ]
ERR: 无法加载模块:Public

[ 2016-03-29T10:47:23+08:00 ] ::1 /thinkphp_3/Public/css/font/lato400.woff
INFO: [ app_init ] --START--
INFO: Run Behavior\BuildLiteBehavior [ RunTime:0.000026s ]
INFO: [ app_init ] --END-- [ RunTime:0.000202s ]
ERR: 无法加载模块:Public

[ 2016-03-29T11:07:45+08:00 ] ::1 /thinkphp_3/index.php/Login/index-hello
INFO: [ app_init ] --START--
INFO: Run Behavior\BuildLiteBehavior [ RunTime:0.000028s ]
INFO: [ app_init ] --END-- [ RunTime:0.000225s ]
ERR: 无法加载模块:Login/index

[ 2016-03-29T11:09:48+08:00 ] ::1 /thinkphp_3/Login/index/hello
INFO: [ app_init ] --START--
INFO: Run Behavior\BuildLiteBehavior [ RunTime:0.000027s ]
INFO: [ app_init ] --END-- [ RunTime:0.000217s ]
ERR: 无法加载模块:Login/index/hello

[ 2016-03-29T11:10:04+08:00 ] ::1 /thinkphp_3/index.php/Login/index/hello
INFO: [ app_init ] --START--
INFO: Run Behavior\BuildLiteBehavior [ RunTime:0.000019s ]
INFO: [ app_init ] --END-- [ RunTime:0.000148s ]
ERR: 无法加载模块:Login/index/hello

[ 2016-03-29T11:10:55+08:00 ] ::1 /thinkphp_3/index.php/Login/index/index/hello
INFO: [ app_init ] --START--
INFO: Run Behavior\BuildLiteBehavior [ RunTime:0.000018s ]
INFO: [ app_init ] --END-- [ RunTime:0.000134s ]
ERR: 无法加载模块:Login/index/index/hello

[ 2016-03-29T11:11:21+08:00 ] ::1 /thinkphp_3/Login/index/index/hello
INFO: [ app_init ] --START--
INFO: Run Behavior\BuildLiteBehavior [ RunTime:0.000019s ]
INFO: [ app_init ] --END-- [ RunTime:0.000148s ]
ERR: 无法加载模块:Login/index/index/hello

[ 2016-03-29T11:11:41+08:00 ] ::1 /thinkphp_3/Login/index/index/hello
INFO: [ app_init ] --START--
INFO: Run Behavior\BuildLiteBehavior [ RunTime:0.000026s ]
INFO: [ app_init ] --END-- [ RunTime:0.000203s ]
ERR: 无法加载模块:Login/index/index/hello

[ 2016-03-29T11:12:17+08:00 ] ::1 /thinkphp_3/Login/index/index/hello
INFO: [ app_init ] --START--
INFO: Run Behavior\BuildLiteBehavior [ RunTime:0.000014s ]
INFO: [ app_init ] --END-- [ RunTime:0.000105s ]
ERR: 无法加载模块:Login/index/index/hello

[ 2016-03-29T11:12:30+08:00 ] ::1 /thinkphp_3/index.php/Login/index/index/hello
INFO: [ app_init ] --START--
INFO: Run Behavior\BuildLiteBehavior [ RunTime:0.000019s ]
INFO: [ app_init ] --END-- [ RunTime:0.000150s ]
ERR: 无法加载模块:Login/index/index/hello

[ 2016-03-29T11:12:40+08:00 ] ::1 /thinkphp_3/index.php/Login/index/hello
INFO: [ app_init ] --START--
INFO: Run Behavior\BuildLiteBehavior [ RunTime:0.000018s ]
INFO: [ app_init ] --END-- [ RunTime:0.000137s ]
ERR: 无法加载模块:Login/index/hello

[ 2016-03-29T11:13:28+08:00 ] ::1 /thinkphp_3/index.php/Login/Index/hello
INFO: [ app_init ] --START--
INFO: Run Behavior\BuildLiteBehavior [ RunTime:0.000017s ]
INFO: [ app_init ] --END-- [ RunTime:0.000117s ]
ERR: 无法加载模块:Login/Index/hello

[ 2016-03-29T11:13:50+08:00 ] ::1 /thinkphp_3/Login/index/hello
INFO: [ app_init ] --START--
INFO: Run Behavior\BuildLiteBehavior [ RunTime:0.000018s ]
INFO: [ app_init ] --END-- [ RunTime:0.000154s ]
ERR: 无法加载模块:Login/index/hello

[ 2016-03-29T11:14:14+08:00 ] ::1 /thinkphp_3/Login/index/hello
INFO: [ app_init ] --START--
INFO: Run Behavior\BuildLiteBehavior [ RunTime:0.000014s ]
INFO: [ app_init ] --END-- [ RunTime:0.000098s ]
ERR: 无法加载模块:Login/index/hello

[ 2016-03-29T17:04:34+08:00 ] ::1 /thinkphp_3/Login/index/hello
INFO: [ app_init ] --START--
INFO: Run Behavior\BuildLiteBehavior [ RunTime:0.000021s ]
INFO: [ app_init ] --END-- [ RunTime:0.000159s ]
ERR: 无法加载模块:Login/index/hello

