[ 2016-04-17T17:14:20+08:00 ] ::1 /wemedical/__PUBLIC__/images/img.png
INFO: [ app_init ] --START--
INFO: Run Behavior\BuildLiteBehavior [ RunTime:0.000014s ]
INFO: [ app_init ] --END-- [ RunTime:0.000117s ]
ERR: 无法加载模块:__PUBLIC__/images/img

[ 2016-04-17T17:14:23+08:00 ] ::1 /wemedical/__PUBLIC__/images/img.png
INFO: [ app_init ] --START--
INFO: Run Behavior\BuildLiteBehavior [ RunTime:0.000015s ]
INFO: [ app_init ] --END-- [ RunTime:0.000106s ]
ERR: 无法加载模块:__PUBLIC__/images/img

[ 2016-04-17T17:14:23+08:00 ] ::1 /wemedical/__PUBLIC__/images/img.png
INFO: [ app_init ] --START--
INFO: Run Behavior\BuildLiteBehavior [ RunTime:0.000019s ]
INFO: [ app_init ] --END-- [ RunTime:0.000182s ]
ERR: 无法加载模块:__PUBLIC__/images/img

[ 2016-04-17T17:15:59+08:00 ] ::1 /wemedical/__PUBLIC__/images/img.png
INFO: [ app_init ] --START--
INFO: Run Behavior\BuildLiteBehavior [ RunTime:0.000018s ]
INFO: [ app_init ] --END-- [ RunTime:0.000122s ]
ERR: 无法加载模块:__PUBLIC__/images/img

[ 2016-04-17T17:16:00+08:00 ] ::1 /wemedical/__PUBLIC__/images/img.png
INFO: [ app_init ] --START--
INFO: Run Behavior\BuildLiteBehavior [ RunTime:0.000021s ]
INFO: [ app_init ] --END-- [ RunTime:0.000173s ]
ERR: 无法加载模块:__PUBLIC__/images/img

[ 2016-04-17T17:16:01+08:00 ] ::1 /wemedical/__PUBLIC__/images/img.png
INFO: [ app_init ] --START--
INFO: Run Behavior\BuildLiteBehavior [ RunTime:0.000014s ]
INFO: [ app_init ] --END-- [ RunTime:0.000103s ]
ERR: 无法加载模块:__PUBLIC__/images/img

