[ 2016-04-26T10:11:28+08:00 ] 192.168.1.3 /wemedical/Public/css/jquery-weui.css
INFO: [ app_init ] --START--
INFO: Run Behavior\BuildLiteBehavior [ RunTime:0.000014s ]
INFO: [ app_init ] --END-- [ RunTime:0.000104s ]
ERR: 无法加载模块:Public/css/jquery

[ 2016-04-26T10:11:54+08:00 ] 192.168.1.3 /wemedical/Public/css/jquery-weui.css
INFO: [ app_init ] --START--
INFO: Run Behavior\BuildLiteBehavior [ RunTime:0.000013s ]
INFO: [ app_init ] --END-- [ RunTime:0.000100s ]
ERR: 无法加载模块:Public/css/jquery

[ 2016-04-26T10:39:25+08:00 ] 192.168.1.3 /wemedical/Public/css/jquery-weui.css
INFO: [ app_init ] --START--
INFO: Run Behavior\BuildLiteBehavior [ RunTime:0.000015s ]
INFO: [ app_init ] --END-- [ RunTime:0.000106s ]
ERR: 无法加载模块:Public/css/jquery

[ 2016-04-26T10:48:15+08:00 ] 192.168.1.3 /wemedical/Public/css/jquery-weui.css
INFO: [ app_init ] --START--
INFO: Run Behavior\BuildLiteBehavior [ RunTime:0.000015s ]
INFO: [ app_init ] --END-- [ RunTime:0.000102s ]
ERR: 无法加载模块:Public/css/jquery

[ 2016-04-26T10:48:16+08:00 ] 192.168.1.3 /wemedical/Public/css/jquery-weui.css
INFO: [ app_init ] --START--
INFO: Run Behavior\BuildLiteBehavior [ RunTime:0.000014s ]
INFO: [ app_init ] --END-- [ RunTime:0.000102s ]
ERR: 无法加载模块:Public/css/jquery

[ 2016-04-26T10:49:24+08:00 ] ::1 /wemedical/Public/css/jquery-weui.css
INFO: [ app_init ] --START--
INFO: Run Behavior\BuildLiteBehavior [ RunTime:0.000021s ]
INFO: [ app_init ] --END-- [ RunTime:0.000142s ]
ERR: 无法加载模块:Public/css/jquery

[ 2016-04-26T10:49:26+08:00 ] ::1 /wemedical/Public/css/jquery-weui.css
INFO: [ app_init ] --START--
INFO: Run Behavior\BuildLiteBehavior [ RunTime:0.000022s ]
INFO: [ app_init ] --END-- [ RunTime:0.000159s ]
ERR: 无法加载模块:Public/css/jquery

[ 2016-04-26T10:49:39+08:00 ] ::1 /wemedical/Public/css/jquery-weui.css
INFO: [ app_init ] --START--
INFO: Run Behavior\BuildLiteBehavior [ RunTime:0.000017s ]
INFO: [ app_init ] --END-- [ RunTime:0.000117s ]
ERR: 无法加载模块:Public/css/jquery

[ 2016-04-26T10:49:46+08:00 ] ::1 /wemedical/Public/css/jquery-weui.css
INFO: [ app_init ] --START--
INFO: Run Behavior\BuildLiteBehavior [ RunTime:0.000024s ]
INFO: [ app_init ] --END-- [ RunTime:0.000189s ]
ERR: 无法加载模块:Public/css/jquery

[ 2016-04-26T10:50:52+08:00 ] ::1 /wemedical/Public/css/jquery-weui.css
INFO: [ app_init ] --START--
INFO: Run Behavior\BuildLiteBehavior [ RunTime:0.000024s ]
INFO: [ app_init ] --END-- [ RunTime:0.000169s ]
ERR: 无法加载模块:Public/css/jquery

[ 2016-04-26T10:51:26+08:00 ] ::1 /wemedical/Public/css/jquery-weui.css
INFO: [ app_init ] --START--
INFO: Run Behavior\BuildLiteBehavior [ RunTime:0.000026s ]
INFO: [ app_init ] --END-- [ RunTime:0.000170s ]
ERR: 无法加载模块:Public/css/jquery

[ 2016-04-26T10:54:43+08:00 ] ::1 /wemedical/Public/css/jquery-weui.css
INFO: [ app_init ] --START--
INFO: Run Behavior\BuildLiteBehavior [ RunTime:0.000020s ]
INFO: [ app_init ] --END-- [ RunTime:0.000146s ]
ERR: 无法加载模块:Public/css/jquery

[ 2016-04-26T10:55:55+08:00 ] ::1 /wemedical/Public/css/jquery-weui.css
INFO: [ app_init ] --START--
INFO: Run Behavior\BuildLiteBehavior [ RunTime:0.000026s ]
INFO: [ app_init ] --END-- [ RunTime:0.000166s ]
ERR: 无法加载模块:Public/css/jquery

[ 2016-04-26T10:56:46+08:00 ] ::1 /wemedical/Public/css/jquery-weui.css
INFO: [ app_init ] --START--
INFO: Run Behavior\BuildLiteBehavior [ RunTime:0.000030s ]
INFO: [ app_init ] --END-- [ RunTime:0.000193s ]
ERR: 无法加载模块:Public/css/jquery

[ 2016-04-26T10:59:23+08:00 ] ::1 /wemedical/Public/css/jquery-weui.css
INFO: [ app_init ] --START--
INFO: Run Behavior\BuildLiteBehavior [ RunTime:0.000026s ]
INFO: [ app_init ] --END-- [ RunTime:0.000179s ]
ERR: 无法加载模块:Public/css/jquery

[ 2016-04-26T11:01:50+08:00 ] ::1 /wemedical/Public/css/jquery-weui.css
INFO: [ app_init ] --START--
INFO: Run Behavior\BuildLiteBehavior [ RunTime:0.000025s ]
INFO: [ app_init ] --END-- [ RunTime:0.000169s ]
ERR: 无法加载模块:Public/css/jquery

[ 2016-04-26T11:02:11+08:00 ] ::1 /wemedical/Public/css/jquery-weui.css
INFO: [ app_init ] --START--
INFO: Run Behavior\BuildLiteBehavior [ RunTime:0.000026s ]
INFO: [ app_init ] --END-- [ RunTime:0.000192s ]
ERR: 无法加载模块:Public/css/jquery

[ 2016-04-26T11:04:04+08:00 ] ::1 /wemedical/Public/css/jquery-weui.css
INFO: [ app_init ] --START--
INFO: Run Behavior\BuildLiteBehavior [ RunTime:0.000023s ]
INFO: [ app_init ] --END-- [ RunTime:0.000151s ]
ERR: 无法加载模块:Public/css/jquery

[ 2016-04-26T11:09:01+08:00 ] ::1 /wemedical/Public/css/jquery-weui.css
INFO: [ app_init ] --START--
INFO: Run Behavior\BuildLiteBehavior [ RunTime:0.000015s ]
INFO: [ app_init ] --END-- [ RunTime:0.000141s ]
ERR: 无法加载模块:Public/css/jquery

[ 2016-04-26T11:09:47+08:00 ] ::1 /wemedical/Public/css/jquery-weui.css
INFO: [ app_init ] --START--
INFO: Run Behavior\BuildLiteBehavior [ RunTime:0.000025s ]
INFO: [ app_init ] --END-- [ RunTime:0.000210s ]
ERR: 无法加载模块:Public/css/jquery

[ 2016-04-26T11:10:47+08:00 ] ::1 /wemedical/Public/css/jquery-weui.css
INFO: [ app_init ] --START--
INFO: Run Behavior\BuildLiteBehavior [ RunTime:0.000022s ]
INFO: [ app_init ] --END-- [ RunTime:0.000161s ]
ERR: 无法加载模块:Public/css/jquery

[ 2016-04-26T11:11:49+08:00 ] 192.168.1.3 /wemedical/Public/css/jquery-weui.css
INFO: [ app_init ] --START--
INFO: Run Behavior\BuildLiteBehavior [ RunTime:0.000015s ]
INFO: [ app_init ] --END-- [ RunTime:0.000105s ]
ERR: 无法加载模块:Public/css/jquery

[ 2016-04-26T11:13:36+08:00 ] 192.168.1.3 /wemedical/Public/css/jquery-weui.css
INFO: [ app_init ] --START--
INFO: Run Behavior\BuildLiteBehavior [ RunTime:0.000014s ]
INFO: [ app_init ] --END-- [ RunTime:0.000101s ]
ERR: 无法加载模块:Public/css/jquery

[ 2016-04-26T11:19:34+08:00 ] 192.168.1.3 /wemedical/Public/css/jquery-weui.css
INFO: [ app_init ] --START--
INFO: Run Behavior\BuildLiteBehavior [ RunTime:0.000014s ]
INFO: [ app_init ] --END-- [ RunTime:0.000102s ]
ERR: 无法加载模块:Public/css/jquery

[ 2016-04-26T11:22:00+08:00 ] 192.168.1.3 /wemedical/Public/css/jquery-weui.css
INFO: [ app_init ] --START--
INFO: Run Behavior\BuildLiteBehavior [ RunTime:0.000014s ]
INFO: [ app_init ] --END-- [ RunTime:0.000099s ]
ERR: 无法加载模块:Public/css/jquery

[ 2016-04-26T11:22:40+08:00 ] 192.168.1.3 /wemedical/Public/css/jquery-weui.css
INFO: [ app_init ] --START--
INFO: Run Behavior\BuildLiteBehavior [ RunTime:0.000014s ]
INFO: [ app_init ] --END-- [ RunTime:0.000101s ]
ERR: 无法加载模块:Public/css/jquery

