[ 2016-04-10T13:06:59+08:00 ] ::1 /wemedical/Appointment-getThreeMore?num=1
INFO: [ app_init ] --START--
INFO: Run Behavior\BuildLiteBehavior [ RunTime:0.000018s ]
INFO: [ app_init ] --END-- [ RunTime:0.000120s ]
ERR: 无法加载模块:Appointment

[ 2016-04-10T13:07:56+08:00 ] ::1 /wemedical/Appointment-getThreeMore?num=1
INFO: [ app_init ] --START--
INFO: Run Behavior\BuildLiteBehavior [ RunTime:0.000017s ]
INFO: [ app_init ] --END-- [ RunTime:0.000124s ]
ERR: 无法加载模块:Appointment

[ 2016-04-10T13:08:15+08:00 ] ::1 /wemedical/Appointment-getThreeMore-num-1
INFO: [ app_init ] --START--
INFO: Run Behavior\BuildLiteBehavior [ RunTime:0.000031s ]
INFO: [ app_init ] --END-- [ RunTime:0.000231s ]
ERR: 无法加载模块:Appointment

[ 2016-04-10T13:08:20+08:00 ] ::1 /wemedical/Appointment-getThreeMore-num-1
INFO: [ app_init ] --START--
INFO: Run Behavior\BuildLiteBehavior [ RunTime:0.000018s ]
INFO: [ app_init ] --END-- [ RunTime:0.000131s ]
ERR: 无法加载模块:Appointment

[ 2016-04-10T13:09:00+08:00 ] ::1 /wemedical/Appointment-getThreeMore-num-1
INFO: [ app_init ] --START--
INFO: Run Behavior\BuildLiteBehavior [ RunTime:0.000017s ]
INFO: [ app_init ] --END-- [ RunTime:0.000187s ]
ERR: 无法加载模块:Appointment

[ 2016-04-10T18:04:50+08:00 ] ::1 /wemedical/Appointment-getThreeMore-num-1
INFO: [ app_init ] --START--
INFO: Run Behavior\BuildLiteBehavior [ RunTime:0.000017s ]
INFO: [ app_init ] --END-- [ RunTime:0.000138s ]
ERR: 无法加载模块:Appointment

