[ 2016-04-06T17:51:07+08:00 ] ::1 /wemedical/Public/JS/city-picker.js
INFO: [ app_init ] --START--
INFO: Run Behavior\BuildLiteBehavior [ RunTime:0.000022s ]
INFO: [ app_init ] --END-- [ RunTime:0.000153s ]
ERR: 无法加载模块:Public/JS/city

[ 2016-04-06T17:51:07+08:00 ] ::1 /wemedical/img/img.png
INFO: [ app_init ] --START--
INFO: Run Behavior\BuildLiteBehavior [ RunTime:0.000047s ]
INFO: [ app_init ] --END-- [ RunTime:0.000336s ]
ERR: 无法加载模块:Img/img

[ 2016-04-06T17:51:07+08:00 ] ::1 /wemedical/img/img.png
INFO: [ app_init ] --START--
INFO: Run Behavior\BuildLiteBehavior [ RunTime:0.000021s ]
INFO: [ app_init ] --END-- [ RunTime:0.000151s ]
ERR: 无法加载模块:Img/img

[ 2016-04-06T17:53:31+08:00 ] ::1 /wemedical/Public/JS/city-picker.js
INFO: [ app_init ] --START--
INFO: Run Behavior\BuildLiteBehavior [ RunTime:0.000048s ]
INFO: [ app_init ] --END-- [ RunTime:0.000435s ]
ERR: 无法加载模块:Public/JS/city

[ 2016-04-06T17:54:33+08:00 ] ::1 /wemedical/Public/JS/city-picker.js
INFO: [ app_init ] --START--
INFO: Run Behavior\BuildLiteBehavior [ RunTime:0.000016s ]
INFO: [ app_init ] --END-- [ RunTime:0.000111s ]
ERR: 无法加载模块:Public/JS/city

[ 2016-04-06T17:59:28+08:00 ] ::1 /wemedical/Public/JS/city-picker.js
INFO: [ app_init ] --START--
INFO: Run Behavior\BuildLiteBehavior [ RunTime:0.000046s ]
INFO: [ app_init ] --END-- [ RunTime:0.000324s ]
ERR: 无法加载模块:Public/JS/city

[ 2016-04-06T18:01:08+08:00 ] ::1 /wemedical/Public/JS/city-picker.js
INFO: [ app_init ] --START--
INFO: Run Behavior\BuildLiteBehavior [ RunTime:0.000021s ]
INFO: [ app_init ] --END-- [ RunTime:0.000157s ]
ERR: 无法加载模块:Public/JS/city

[ 2016-04-06T18:01:29+08:00 ] ::1 /wemedical/Public/JS/city-picker.js
INFO: [ app_init ] --START--
INFO: Run Behavior\BuildLiteBehavior [ RunTime:0.000037s ]
INFO: [ app_init ] --END-- [ RunTime:0.000246s ]
ERR: 无法加载模块:Public/JS/city

[ 2016-04-06T18:02:00+08:00 ] ::1 /wemedical/Public/JS/city-picker.js
INFO: [ app_init ] --START--
INFO: Run Behavior\BuildLiteBehavior [ RunTime:0.000033s ]
INFO: [ app_init ] --END-- [ RunTime:0.000156s ]
ERR: 无法加载模块:Public/JS/city

[ 2016-04-06T18:03:38+08:00 ] ::1 /wemedical/Public/JS/city-picker.js
INFO: [ app_init ] --START--
INFO: Run Behavior\BuildLiteBehavior [ RunTime:0.000017s ]
INFO: [ app_init ] --END-- [ RunTime:0.000124s ]
ERR: 无法加载模块:Public/JS/city

[ 2016-04-06T18:04:45+08:00 ] ::1 /wemedical/Public/JS/city-picker.js
INFO: [ app_init ] --START--
INFO: Run Behavior\BuildLiteBehavior [ RunTime:0.000024s ]
INFO: [ app_init ] --END-- [ RunTime:0.000189s ]
ERR: 无法加载模块:Public/JS/city

[ 2016-04-06T18:05:08+08:00 ] ::1 /wemedical/Public/JS/city-picker.js
INFO: [ app_init ] --START--
INFO: Run Behavior\BuildLiteBehavior [ RunTime:0.000024s ]
INFO: [ app_init ] --END-- [ RunTime:0.000166s ]
ERR: 无法加载模块:Public/JS/city

[ 2016-04-06T18:05:44+08:00 ] ::1 /wemedical/Public/JS/city-picker.js
INFO: [ app_init ] --START--
INFO: Run Behavior\BuildLiteBehavior [ RunTime:0.000043s ]
INFO: [ app_init ] --END-- [ RunTime:0.000348s ]
ERR: 无法加载模块:Public/JS/city

[ 2016-04-06T18:06:47+08:00 ] ::1 /wemedical/Public/JS/city-picker.js
INFO: [ app_init ] --START--
INFO: Run Behavior\BuildLiteBehavior [ RunTime:0.000017s ]
INFO: [ app_init ] --END-- [ RunTime:0.000128s ]
ERR: 无法加载模块:Public/JS/city

[ 2016-04-06T18:12:30+08:00 ] ::1 /wemedical/Public/JS/city-picker.js
INFO: [ app_init ] --START--
INFO: Run Behavior\BuildLiteBehavior [ RunTime:0.000042s ]
INFO: [ app_init ] --END-- [ RunTime:0.000277s ]
ERR: 无法加载模块:Public/JS/city

[ 2016-04-06T18:13:46+08:00 ] ::1 /wemedical/Public/JS/city-picker.js
INFO: [ app_init ] --START--
INFO: Run Behavior\BuildLiteBehavior [ RunTime:0.000022s ]
INFO: [ app_init ] --END-- [ RunTime:0.000136s ]
ERR: 无法加载模块:Public/JS/city

[ 2016-04-06T18:14:18+08:00 ] ::1 /wemedical/Public/JS/city-picker.js
INFO: [ app_init ] --START--
INFO: Run Behavior\BuildLiteBehavior [ RunTime:0.000023s ]
INFO: [ app_init ] --END-- [ RunTime:0.000163s ]
ERR: 无法加载模块:Public/JS/city

[ 2016-04-06T18:16:07+08:00 ] ::1 /wemedical/Public/JS/city-picker.js
INFO: [ app_init ] --START--
INFO: Run Behavior\BuildLiteBehavior [ RunTime:0.000058s ]
INFO: [ app_init ] --END-- [ RunTime:0.000394s ]
ERR: 无法加载模块:Public/JS/city

[ 2016-04-06T18:16:43+08:00 ] ::1 /wemedical/Public/JS/city-picker.js
INFO: [ app_init ] --START--
INFO: Run Behavior\BuildLiteBehavior [ RunTime:0.000048s ]
INFO: [ app_init ] --END-- [ RunTime:0.000317s ]
ERR: 无法加载模块:Public/JS/city

[ 2016-04-06T18:17:04+08:00 ] ::1 /wemedical/Public/JS/city-picker.js
INFO: [ app_init ] --START--
INFO: Run Behavior\BuildLiteBehavior [ RunTime:0.000017s ]
INFO: [ app_init ] --END-- [ RunTime:0.000125s ]
ERR: 无法加载模块:Public/JS/city

[ 2016-04-06T18:17:24+08:00 ] ::1 /wemedical/Public/JS/city-picker.js
INFO: [ app_init ] --START--
INFO: Run Behavior\BuildLiteBehavior [ RunTime:0.000030s ]
INFO: [ app_init ] --END-- [ RunTime:0.000236s ]
ERR: 无法加载模块:Public/JS/city

[ 2016-04-06T18:18:20+08:00 ] ::1 /wemedical/Public/JS/city-picker.js
INFO: [ app_init ] --START--
INFO: Run Behavior\BuildLiteBehavior [ RunTime:0.000015s ]
INFO: [ app_init ] --END-- [ RunTime:0.000105s ]
ERR: 无法加载模块:Public/JS/city

[ 2016-04-06T18:18:37+08:00 ] ::1 /wemedical/Public/JS/city-picker.js
INFO: [ app_init ] --START--
INFO: Run Behavior\BuildLiteBehavior [ RunTime:0.000044s ]
INFO: [ app_init ] --END-- [ RunTime:0.000317s ]
ERR: 无法加载模块:Public/JS/city

[ 2016-04-06T18:19:24+08:00 ] ::1 /wemedical/Public/JS/city-picker.js
INFO: [ app_init ] --START--
INFO: Run Behavior\BuildLiteBehavior [ RunTime:0.000029s ]
INFO: [ app_init ] --END-- [ RunTime:0.000242s ]
ERR: 无法加载模块:Public/JS/city

[ 2016-04-06T21:16:32+08:00 ] ::1 /wemedical/Public/JS/city-picker.js
INFO: [ app_init ] --START--
INFO: Run Behavior\BuildLiteBehavior [ RunTime:0.000016s ]
INFO: [ app_init ] --END-- [ RunTime:0.000114s ]
ERR: 无法加载模块:Public/JS/city

[ 2016-04-06T21:17:44+08:00 ] ::1 /wemedical/Public/JS/city-picker.js
INFO: [ app_init ] --START--
INFO: Run Behavior\BuildLiteBehavior [ RunTime:0.000022s ]
INFO: [ app_init ] --END-- [ RunTime:0.000169s ]
ERR: 无法加载模块:Public/JS/city

[ 2016-04-06T21:18:32+08:00 ] ::1 /wemedical/Public/JS/city-picker.js
INFO: [ app_init ] --START--
INFO: Run Behavior\BuildLiteBehavior [ RunTime:0.000030s ]
INFO: [ app_init ] --END-- [ RunTime:0.000212s ]
ERR: 无法加载模块:Public/JS/city

[ 2016-04-06T21:19:32+08:00 ] ::1 /wemedical/Public/JS/city-picker.js
INFO: [ app_init ] --START--
INFO: Run Behavior\BuildLiteBehavior [ RunTime:0.000018s ]
INFO: [ app_init ] --END-- [ RunTime:0.000132s ]
ERR: 无法加载模块:Public/JS/city

[ 2016-04-06T21:20:06+08:00 ] ::1 /wemedical/Public/JS/city-picker.js
INFO: [ app_init ] --START--
INFO: Run Behavior\BuildLiteBehavior [ RunTime:0.000015s ]
INFO: [ app_init ] --END-- [ RunTime:0.000113s ]
ERR: 无法加载模块:Public/JS/city

[ 2016-04-06T21:22:54+08:00 ] ::1 /wemedical/Public/JS/city-picker.js
INFO: [ app_init ] --START--
INFO: Run Behavior\BuildLiteBehavior [ RunTime:0.000022s ]
INFO: [ app_init ] --END-- [ RunTime:0.000136s ]
ERR: 无法加载模块:Public/JS/city

[ 2016-04-06T21:23:26+08:00 ] ::1 /wemedical/Public/JS/city-picker.js
INFO: [ app_init ] --START--
INFO: Run Behavior\BuildLiteBehavior [ RunTime:0.000016s ]
INFO: [ app_init ] --END-- [ RunTime:0.000144s ]
ERR: 无法加载模块:Public/JS/city

[ 2016-04-06T21:23:42+08:00 ] ::1 /wemedical/Public/JS/city-picker.js
INFO: [ app_init ] --START--
INFO: Run Behavior\BuildLiteBehavior [ RunTime:0.000022s ]
INFO: [ app_init ] --END-- [ RunTime:0.000161s ]
ERR: 无法加载模块:Public/JS/city

[ 2016-04-06T22:18:47+08:00 ] ::1 /wemedical/Public/vendor/bootstrap/fonts/glyphicons-halflings-regular.woff
INFO: [ app_init ] --START--
INFO: Run Behavior\BuildLiteBehavior [ RunTime:0.000027s ]
INFO: [ app_init ] --END-- [ RunTime:0.000204s ]
ERR: 无法加载模块:Public/vendor/bootstrap/fonts/glyphicons

[ 2016-04-06T22:18:47+08:00 ] ::1 /wemedical/Public/vendor/bootstrap/fonts/glyphicons-halflings-regular.ttf
INFO: [ app_init ] --START--
INFO: Run Behavior\BuildLiteBehavior [ RunTime:0.000015s ]
INFO: [ app_init ] --END-- [ RunTime:0.000108s ]
ERR: 无法加载模块:Public/vendor/bootstrap/fonts/glyphicons

[ 2016-04-06T22:18:59+08:00 ] ::1 /wemedical/Public/vendor/bootstrap/fonts/glyphicons-halflings-regular.woff
INFO: [ app_init ] --START--
INFO: Run Behavior\BuildLiteBehavior [ RunTime:0.000031s ]
INFO: [ app_init ] --END-- [ RunTime:0.000232s ]
ERR: 无法加载模块:Public/vendor/bootstrap/fonts/glyphicons

[ 2016-04-06T22:18:59+08:00 ] ::1 /wemedical/Public/vendor/bootstrap/fonts/glyphicons-halflings-regular.ttf
INFO: [ app_init ] --START--
INFO: Run Behavior\BuildLiteBehavior [ RunTime:0.000014s ]
INFO: [ app_init ] --END-- [ RunTime:0.000101s ]
ERR: 无法加载模块:Public/vendor/bootstrap/fonts/glyphicons

