[ 2016-04-20T22:30:23+08:00 ] ::1 /wemedical/User-index-signup
INFO: [ app_init ] --START--
INFO: Run Behavior\BuildLiteBehavior [ RunTime:0.000014s ]
INFO: [ app_init ] --END-- [ RunTime:0.000111s ]
ERR: 无法加载模块:User

[ 2016-04-20T22:38:22+08:00 ] ::1 /wemedical/User-index-signup
INFO: [ app_init ] --START--
INFO: Run Behavior\BuildLiteBehavior [ RunTime:0.000018s ]
INFO: [ app_init ] --END-- [ RunTime:0.000140s ]
ERR: 无法加载模块:User

[ 2016-04-20T22:38:23+08:00 ] ::1 /wemedical/User-index-signup
INFO: [ app_init ] --START--
INFO: Run Behavior\BuildLiteBehavior [ RunTime:0.000017s ]
INFO: [ app_init ] --END-- [ RunTime:0.000125s ]
ERR: 无法加载模块:User

[ 2016-04-20T22:38:55+08:00 ] ::1 /wemedical/User-index-signup
INFO: [ app_init ] --START--
INFO: Run Behavior\BuildLiteBehavior [ RunTime:0.000014s ]
INFO: [ app_init ] --END-- [ RunTime:0.000101s ]
ERR: 无法加载模块:User

[ 2016-04-20T22:38:57+08:00 ] ::1 /wemedical/User-index-signup
INFO: [ app_init ] --START--
INFO: Run Behavior\BuildLiteBehavior [ RunTime:0.000021s ]
INFO: [ app_init ] --END-- [ RunTime:0.000153s ]
ERR: 无法加载模块:User

[ 2016-04-20T22:39:04+08:00 ] ::1 /wemedical/User-index-signup
INFO: [ app_init ] --START--
INFO: Run Behavior\BuildLiteBehavior [ RunTime:0.000015s ]
INFO: [ app_init ] --END-- [ RunTime:0.000107s ]
ERR: 无法加载模块:User

[ 2016-04-20T22:39:11+08:00 ] ::1 /wemedical/User-index-signup
INFO: [ app_init ] --START--
INFO: Run Behavior\BuildLiteBehavior [ RunTime:0.000022s ]
INFO: [ app_init ] --END-- [ RunTime:0.000151s ]
ERR: 无法加载模块:User

[ 2016-04-20T23:02:56+08:00 ] ::1 /wemedical/APP_PATH/Home-Login-Index
INFO: [ app_init ] --START--
INFO: Run Behavior\BuildLiteBehavior [ RunTime:0.000016s ]
INFO: [ app_init ] --END-- [ RunTime:0.000106s ]
ERR: 无法加载模块:APP_PATH/Home

[ 2016-04-20T23:09:56+08:00 ] ::1 /wemedical/User-index-signup
INFO: [ app_init ] --START--
INFO: Run Behavior\BuildLiteBehavior [ RunTime:0.000027s ]
INFO: [ app_init ] --END-- [ RunTime:0.000288s ]
ERR: 无法加载模块:User

[ 2016-04-20T23:14:55+08:00 ] ::1 /wemedical/index.php/__URL__Home-Login-Index
INFO: [ app_init ] --START--
INFO: Run Behavior\BuildLiteBehavior [ RunTime:0.000015s ]
INFO: [ app_init ] --END-- [ RunTime:0.000109s ]
ERR: 无法加载模块:__URL__Home

[ 2016-04-20T23:15:26+08:00 ] ::1 /wemedical/index.php/__URL__Home-Login-Index
INFO: [ app_init ] --START--
INFO: Run Behavior\BuildLiteBehavior [ RunTime:0.000033s ]
INFO: [ app_init ] --END-- [ RunTime:0.000252s ]
ERR: 无法加载模块:__URL__Home

[ 2016-04-20T23:15:43+08:00 ] ::1 /wemedical/index.php/__URL__Home-Login-Index
INFO: [ app_init ] --START--
INFO: Run Behavior\BuildLiteBehavior [ RunTime:0.000019s ]
INFO: [ app_init ] --END-- [ RunTime:0.000146s ]
ERR: 无法加载模块:__URL__Home

[ 2016-04-20T23:15:57+08:00 ] ::1 /wemedical/index.php/__URL__Home-Login-Index
INFO: [ app_init ] --START--
INFO: Run Behavior\BuildLiteBehavior [ RunTime:0.000016s ]
INFO: [ app_init ] --END-- [ RunTime:0.000120s ]
ERR: 无法加载模块:__URL__Home

[ 2016-04-20T23:16:08+08:00 ] ::1 /wemedical/index.php/__URL__Home-Login-Index
INFO: [ app_init ] --START--
INFO: Run Behavior\BuildLiteBehavior [ RunTime:0.000033s ]
INFO: [ app_init ] --END-- [ RunTime:0.000257s ]
ERR: 无法加载模块:__URL__Home

[ 2016-04-20T23:16:18+08:00 ] ::1 /wemedical/index.php/__URL__Home-Login-Index
INFO: [ app_init ] --START--
INFO: Run Behavior\BuildLiteBehavior [ RunTime:0.000018s ]
INFO: [ app_init ] --END-- [ RunTime:0.000126s ]
ERR: 无法加载模块:__URL__Home

[ 2016-04-20T23:17:41+08:00 ] ::1 /wemedical/index.php/__URL__Home-Login-Index
INFO: [ app_init ] --START--
INFO: Run Behavior\BuildLiteBehavior [ RunTime:0.000015s ]
INFO: [ app_init ] --END-- [ RunTime:0.000109s ]
ERR: 无法加载模块:__URL__Home

[ 2016-04-20T23:17:46+08:00 ] ::1 /wemedical/index.php/__URL__Home-Login-Index
INFO: [ app_init ] --START--
INFO: Run Behavior\BuildLiteBehavior [ RunTime:0.000028s ]
INFO: [ app_init ] --END-- [ RunTime:0.000220s ]
ERR: 无法加载模块:__URL__Home

[ 2016-04-20T23:20:38+08:00 ] ::1 /wemedical/index.php/__URL__Home-Login-Index
INFO: [ app_init ] --START--
INFO: Run Behavior\BuildLiteBehavior [ RunTime:0.000015s ]
INFO: [ app_init ] --END-- [ RunTime:0.000107s ]
ERR: 无法加载模块:__URL__Home

