[ 2016-04-15T16:20:54+08:00 ] 192.168.1.7 /wemedical/Login/Login/index
INFO: [ app_init ] --START--
INFO: Run Behavior\BuildLiteBehavior [ RunTime:0.000021s ]
INFO: [ app_init ] --END-- [ RunTime:0.000150s ]
ERR: 无法加载模块:Login/Login/index

[ 2016-04-15T16:21:14+08:00 ] 192.168.1.7 /wemedical/Home/Login/index
INFO: [ app_init ] --START--
INFO: Run Behavior\BuildLiteBehavior [ RunTime:0.000034s ]
INFO: [ app_init ] --END-- [ RunTime:0.000277s ]
ERR: 无法加载模块:Home/Login/index

[ 2016-04-15T16:48:46+08:00 ] ::1 /wemedical/Public/JS/flat-ui.min.js
INFO: [ app_init ] --START--
INFO: Run Behavior\BuildLiteBehavior [ RunTime:0.000068s ]
INFO: [ app_init ] --END-- [ RunTime:0.000363s ]
ERR: 无法加载模块:Public/JS/flat

[ 2016-04-15T17:00:56+08:00 ] ::1 /wemedical/User-index-signup
INFO: [ app_init ] --START--
INFO: Run Behavior\BuildLiteBehavior [ RunTime:0.000019s ]
INFO: [ app_init ] --END-- [ RunTime:0.000137s ]
ERR: 无法加载模块:User

[ 2016-04-15T17:01:06+08:00 ] ::1 /wemedical/User-index-signup
INFO: [ app_init ] --START--
INFO: Run Behavior\BuildLiteBehavior [ RunTime:0.000036s ]
INFO: [ app_init ] --END-- [ RunTime:0.000272s ]
ERR: 无法加载模块:User

[ 2016-04-15T17:01:20+08:00 ] ::1 /wemedical/Public/JS/flat-ui.min.js
INFO: [ app_init ] --START--
INFO: Run Behavior\BuildLiteBehavior [ RunTime:0.000022s ]
INFO: [ app_init ] --END-- [ RunTime:0.000197s ]
ERR: 无法加载模块:Public/JS/flat

[ 2016-04-15T17:03:50+08:00 ] ::1 /wemedical/weixin/
INFO: [ app_init ] --START--
INFO: Run Behavior\BuildLiteBehavior [ RunTime:0.000020s ]
INFO: [ app_init ] --END-- [ RunTime:0.000150s ]
ERR: 无法加载模块:Weixin

[ 2016-04-15T17:24:17+08:00 ] ::1 /wemedical/Wexin/Index
INFO: [ app_init ] --START--
INFO: Run Behavior\BuildLiteBehavior [ RunTime:0.000014s ]
INFO: [ app_init ] --END-- [ RunTime:0.000114s ]
ERR: 无法加载模块:Wexin/Index

