[ 2016-04-21T08:09:02+08:00 ] ::1 /wemedical/index.php/Patient-Appointment-getDoc?num=1&date=2016-04-21
INFO: [ app_init ] --START--
INFO: Run Behavior\BuildLiteBehavior [ RunTime:0.000030s ]
INFO: [ app_init ] --END-- [ RunTime:0.001548s ]
INFO: [ app_begin ] --START--
INFO: Run Behavior\ReadHtmlCacheBehavior [ RunTime:0.001371s ]
INFO: [ app_begin ] --END-- [ RunTime:0.001460s ]
SQL: SHOW COLUMNS FROM `wemedical_doctor` [ RunTime:0.0053s ]
SQL: SELECT `doctor_id`,`name`,`title`,`department`,`specialism`,`order_cost` AS `cost`,`orders_per_day`,`treatment_period` AS `period`,`work_days` FROM `wemedical_doctor` WHERE ( work_days like'%4%' ) ORDER BY doctor_id LIMIT 1,3   [ RunTime:0.0023s ]
SQL: SHOW COLUMNS FROM `wemedical_order` [ RunTime:0.0025s ]
SQL: SELECT * FROM `wemedical_order` WHERE ( DATEDIFF(date,CURDATE())>=1 AND doctor_id='4' ) ORDER BY order_id  [ RunTime:0.0013s ]
SQL: SELECT * FROM `wemedical_order` WHERE ( DATEDIFF(date,CURDATE())>=1 AND doctor_id='5' ) ORDER BY order_id  [ RunTime:0.0002s ]
SQL: SELECT * FROM `wemedical_order` WHERE ( DATEDIFF(date,CURDATE())>=1 AND doctor_id='6' ) ORDER BY order_id  [ RunTime:0.0001s ]
INFO: [ app_end ] --START--
INFO: Run Behavior\ShowPageTraceBehavior [ RunTime:0.001403s ]
INFO: [ app_end ] --END-- [ RunTime:0.001466s ]

[ 2016-04-21T08:09:08+08:00 ] ::1 /wemedical/Patient-Appointment-index
INFO: [ app_init ] --START--
INFO: Run Behavior\BuildLiteBehavior [ RunTime:0.000029s ]
INFO: [ app_init ] --END-- [ RunTime:0.000189s ]
INFO: [ app_begin ] --START--
INFO: Run Behavior\ReadHtmlCacheBehavior [ RunTime:0.000095s ]
INFO: [ app_begin ] --END-- [ RunTime:0.000214s ]
INFO: [ view_parse ] --START--
NOTIC: [2] file_get_contents(./Application/Patient/View/User/Index/header.html): failed to open stream: No such file or directory /Applications/MAMP/htdocs/wemedical/ThinkPHP/Library/Think/Template.class.php 第 696 行.
INFO: [ template_filter ] --START--
INFO: Run Behavior\ContentReplaceBehavior [ RunTime:0.000095s ]
INFO: [ template_filter ] --END-- [ RunTime:0.000178s ]
INFO: Run Behavior\ParseTemplateBehavior [ RunTime:0.019769s ]
INFO: [ view_parse ] --END-- [ RunTime:0.019824s ]
INFO: [ view_filter ] --START--
INFO: Run Behavior\WriteHtmlCacheBehavior [ RunTime:0.000659s ]
INFO: [ view_filter ] --END-- [ RunTime:0.000719s ]
INFO: [ app_end ] --START--
INFO: Run Behavior\ShowPageTraceBehavior [ RunTime:0.000064s ]
INFO: [ app_end ] --END-- [ RunTime:0.000135s ]

[ 2016-04-21T08:09:09+08:00 ] ::1 /wemedical/index.php/Patient-Appointment-getDoc?num=1&date=2016-04-22
INFO: [ app_init ] --START--
INFO: Run Behavior\BuildLiteBehavior [ RunTime:0.000017s ]
INFO: [ app_init ] --END-- [ RunTime:0.000125s ]
INFO: [ app_begin ] --START--
INFO: Run Behavior\ReadHtmlCacheBehavior [ RunTime:0.000057s ]
INFO: [ app_begin ] --END-- [ RunTime:0.000107s ]
SQL: SHOW COLUMNS FROM `wemedical_doctor` [ RunTime:0.0028s ]
SQL: SELECT `doctor_id`,`name`,`title`,`department`,`specialism`,`order_cost` AS `cost`,`orders_per_day`,`treatment_period` AS `period`,`work_days` FROM `wemedical_doctor` WHERE ( work_days like'%5%' ) ORDER BY doctor_id LIMIT 1,3   [ RunTime:0.0004s ]
SQL: SHOW COLUMNS FROM `wemedical_order` [ RunTime:0.0014s ]
SQL: SELECT * FROM `wemedical_order` WHERE ( DATEDIFF(date,CURDATE())>=1 AND doctor_id='3' ) ORDER BY order_id  [ RunTime:0.0003s ]
SQL: SELECT * FROM `wemedical_order` WHERE ( DATEDIFF(date,CURDATE())>=1 AND doctor_id='4' ) ORDER BY order_id  [ RunTime:0.0002s ]
SQL: SELECT * FROM `wemedical_order` WHERE ( DATEDIFF(date,CURDATE())>=1 AND doctor_id='5' ) ORDER BY order_id  [ RunTime:0.0002s ]
INFO: [ app_end ] --START--
INFO: Run Behavior\ShowPageTraceBehavior [ RunTime:0.000069s ]
INFO: [ app_end ] --END-- [ RunTime:0.000117s ]

[ 2016-04-21T08:09:11+08:00 ] ::1 /wemedical/index.php/Patient-Appointment-getDoc?num=2&date=2016-04-22
INFO: [ app_init ] --START--
INFO: Run Behavior\BuildLiteBehavior [ RunTime:0.000023s ]
INFO: [ app_init ] --END-- [ RunTime:0.000149s ]
INFO: [ app_begin ] --START--
INFO: Run Behavior\ReadHtmlCacheBehavior [ RunTime:0.000057s ]
INFO: [ app_begin ] --END-- [ RunTime:0.000117s ]
SQL: SHOW COLUMNS FROM `wemedical_doctor` [ RunTime:0.0057s ]
SQL: SELECT `doctor_id`,`name`,`title`,`department`,`specialism`,`order_cost` AS `cost`,`orders_per_day`,`treatment_period` AS `period`,`work_days` FROM `wemedical_doctor` WHERE ( work_days like'%5%' ) ORDER BY doctor_id LIMIT 4,1   [ RunTime:0.0003s ]
SQL: SHOW COLUMNS FROM `wemedical_order` [ RunTime:0.0011s ]
SQL: SELECT * FROM `wemedical_order` WHERE ( DATEDIFF(date,CURDATE())>=1 AND doctor_id='6' ) ORDER BY order_id  [ RunTime:0.0003s ]
INFO: [ app_end ] --START--
INFO: Run Behavior\ShowPageTraceBehavior [ RunTime:0.000075s ]
INFO: [ app_end ] --END-- [ RunTime:0.000129s ]

[ 2016-04-21T08:09:12+08:00 ] ::1 /wemedical/index.php/Patient-Appointment-getDoc?num=3&date=2016-04-22
INFO: [ app_init ] --START--
INFO: Run Behavior\BuildLiteBehavior [ RunTime:0.000017s ]
INFO: [ app_init ] --END-- [ RunTime:0.000125s ]
INFO: [ app_begin ] --START--
INFO: Run Behavior\ReadHtmlCacheBehavior [ RunTime:0.000054s ]
INFO: [ app_begin ] --END-- [ RunTime:0.000113s ]
SQL: SHOW COLUMNS FROM `wemedical_doctor` [ RunTime:0.0058s ]
SQL: SELECT `doctor_id`,`name`,`title`,`department`,`specialism`,`order_cost` AS `cost`,`orders_per_day`,`treatment_period` AS `period`,`work_days` FROM `wemedical_doctor` WHERE ( work_days like'%5%' ) ORDER BY doctor_id LIMIT 5,1   [ RunTime:0.0003s ]
INFO: [ app_end ] --START--
INFO: Run Behavior\ShowPageTraceBehavior [ RunTime:0.000068s ]
INFO: [ app_end ] --END-- [ RunTime:0.000122s ]

[ 2016-04-21T08:18:39+08:00 ] ::1 /wemedical/Patient-Appointment-index
INFO: [ app_init ] --START--
INFO: Run Behavior\BuildLiteBehavior [ RunTime:0.000033s ]
INFO: [ app_init ] --END-- [ RunTime:0.000259s ]
INFO: [ app_begin ] --START--
INFO: Run Behavior\ReadHtmlCacheBehavior [ RunTime:0.000099s ]
INFO: [ app_begin ] --END-- [ RunTime:0.000173s ]

[ 2016-04-21T08:19:36+08:00 ] ::1 /wemedical/Patient-Appointment-index
INFO: [ app_init ] --START--
INFO: Run Behavior\BuildLiteBehavior [ RunTime:0.000028s ]
INFO: [ app_init ] --END-- [ RunTime:0.000223s ]
INFO: [ app_begin ] --START--
INFO: Run Behavior\ReadHtmlCacheBehavior [ RunTime:0.000083s ]
INFO: [ app_begin ] --END-- [ RunTime:0.000153s ]
INFO: [ view_parse ] --START--
NOTIC: [2] file_get_contents(./Application/Patient/View/User/Index/header.html): failed to open stream: No such file or directory /Applications/MAMP/htdocs/wemedical/ThinkPHP/Library/Think/Template.class.php 第 696 行.
INFO: [ template_filter ] --START--
INFO: Run Behavior\ContentReplaceBehavior [ RunTime:0.000096s ]
INFO: [ template_filter ] --END-- [ RunTime:0.000166s ]
INFO: Run Behavior\ParseTemplateBehavior [ RunTime:0.006716s ]
INFO: [ view_parse ] --END-- [ RunTime:0.006786s ]
INFO: [ view_filter ] --START--
INFO: Run Behavior\WriteHtmlCacheBehavior [ RunTime:0.000066s ]
INFO: [ view_filter ] --END-- [ RunTime:0.000112s ]
INFO: [ app_end ] --START--
INFO: Run Behavior\ShowPageTraceBehavior [ RunTime:0.000098s ]
INFO: [ app_end ] --END-- [ RunTime:0.000150s ]

[ 2016-04-21T08:19:37+08:00 ] ::1 /wemedical/index.php/Patient-Appointment-getDoc?num=1&date=2016-04-22
INFO: [ app_init ] --START--
INFO: Run Behavior\BuildLiteBehavior [ RunTime:0.000035s ]
INFO: [ app_init ] --END-- [ RunTime:0.000269s ]
INFO: [ app_begin ] --START--
INFO: Run Behavior\ReadHtmlCacheBehavior [ RunTime:0.000098s ]
INFO: [ app_begin ] --END-- [ RunTime:0.000181s ]
SQL: SHOW COLUMNS FROM `wemedical_doctor` [ RunTime:0.0015s ]
SQL: SELECT `doctor_id`,`name`,`title`,`department`,`specialism`,`order_cost` AS `cost`,`orders_per_day`,`treatment_period` AS `period`,`work_days` FROM `wemedical_doctor` WHERE ( work_days like'%5%' ) ORDER BY doctor_id LIMIT 1,3   [ RunTime:0.0004s ]
SQL: SHOW COLUMNS FROM `wemedical_order` [ RunTime:0.0014s ]
SQL: SELECT * FROM `wemedical_order` WHERE ( DATEDIFF(date,CURDATE())>=1 AND doctor_id='3' ) ORDER BY order_id  [ RunTime:0.0004s ]
SQL: SELECT * FROM `wemedical_order` WHERE ( DATEDIFF(date,CURDATE())>=1 AND doctor_id='4' ) ORDER BY order_id  [ RunTime:0.0002s ]
SQL: SELECT * FROM `wemedical_order` WHERE ( DATEDIFF(date,CURDATE())>=1 AND doctor_id='5' ) ORDER BY order_id  [ RunTime:0.0002s ]
INFO: [ app_end ] --START--
INFO: Run Behavior\ShowPageTraceBehavior [ RunTime:0.000104s ]
INFO: [ app_end ] --END-- [ RunTime:0.000157s ]

[ 2016-04-21T08:19:41+08:00 ] ::1 /wemedical/Patient-Appointment-index
INFO: [ app_init ] --START--
INFO: Run Behavior\BuildLiteBehavior [ RunTime:0.000019s ]
INFO: [ app_init ] --END-- [ RunTime:0.000143s ]
INFO: [ app_begin ] --START--
INFO: Run Behavior\ReadHtmlCacheBehavior [ RunTime:0.000066s ]
INFO: [ app_begin ] --END-- [ RunTime:0.000137s ]
INFO: [ view_parse ] --START--
NOTIC: [2] file_get_contents(./Application/Patient/View/User/Index/header.html): failed to open stream: No such file or directory /Applications/MAMP/htdocs/wemedical/ThinkPHP/Library/Think/Template.class.php 第 696 行.
INFO: [ template_filter ] --START--
INFO: Run Behavior\ContentReplaceBehavior [ RunTime:0.000102s ]
INFO: [ template_filter ] --END-- [ RunTime:0.000184s ]
INFO: Run Behavior\ParseTemplateBehavior [ RunTime:0.007618s ]
INFO: [ view_parse ] --END-- [ RunTime:0.007682s ]
INFO: [ view_filter ] --START--
INFO: Run Behavior\WriteHtmlCacheBehavior [ RunTime:0.000057s ]
INFO: [ view_filter ] --END-- [ RunTime:0.000105s ]
INFO: [ app_end ] --START--
INFO: Run Behavior\ShowPageTraceBehavior [ RunTime:0.000043s ]
INFO: [ app_end ] --END-- [ RunTime:0.000094s ]

[ 2016-04-21T08:19:41+08:00 ] ::1 /wemedical/index.php/Patient-Appointment-getDoc?num=1&date=2016-04-22
INFO: [ app_init ] --START--
INFO: Run Behavior\BuildLiteBehavior [ RunTime:0.000029s ]
INFO: [ app_init ] --END-- [ RunTime:0.000244s ]
INFO: [ app_begin ] --START--
INFO: Run Behavior\ReadHtmlCacheBehavior [ RunTime:0.000086s ]
INFO: [ app_begin ] --END-- [ RunTime:0.000186s ]
SQL: SHOW COLUMNS FROM `wemedical_doctor` [ RunTime:0.0017s ]
SQL: SELECT `doctor_id`,`name`,`title`,`department`,`specialism`,`order_cost` AS `cost`,`orders_per_day`,`treatment_period` AS `period`,`work_days` FROM `wemedical_doctor` WHERE ( work_days like'%5%' ) ORDER BY doctor_id LIMIT 1,3   [ RunTime:0.0004s ]
SQL: SHOW COLUMNS FROM `wemedical_order` [ RunTime:0.0014s ]
SQL: SELECT * FROM `wemedical_order` WHERE ( DATEDIFF(date,CURDATE())>=1 AND doctor_id='3' ) ORDER BY order_id  [ RunTime:0.0004s ]
SQL: SELECT * FROM `wemedical_order` WHERE ( DATEDIFF(date,CURDATE())>=1 AND doctor_id='4' ) ORDER BY order_id  [ RunTime:0.0002s ]
SQL: SELECT * FROM `wemedical_order` WHERE ( DATEDIFF(date,CURDATE())>=1 AND doctor_id='5' ) ORDER BY order_id  [ RunTime:0.0002s ]
INFO: [ app_end ] --START--
INFO: Run Behavior\ShowPageTraceBehavior [ RunTime:0.000099s ]
INFO: [ app_end ] --END-- [ RunTime:0.000152s ]

[ 2016-04-21T08:19:51+08:00 ] ::1 /wemedical/index.php/Patient-Appointment-proccessOrder?doc_id=3&date=2016-04-22
INFO: [ app_init ] --START--
INFO: Run Behavior\BuildLiteBehavior [ RunTime:0.000027s ]
INFO: [ app_init ] --END-- [ RunTime:0.000209s ]
INFO: [ app_begin ] --START--
INFO: Run Behavior\ReadHtmlCacheBehavior [ RunTime:0.000086s ]
INFO: [ app_begin ] --END-- [ RunTime:0.000169s ]

[ 2016-04-21T08:23:56+08:00 ] ::1 /wemedical/Patient-Appointment-index
INFO: [ app_init ] --START--
INFO: Run Behavior\BuildLiteBehavior [ RunTime:0.000031s ]
INFO: [ app_init ] --END-- [ RunTime:0.000234s ]
INFO: [ app_begin ] --START--
INFO: Run Behavior\ReadHtmlCacheBehavior [ RunTime:0.000119s ]
INFO: [ app_begin ] --END-- [ RunTime:0.000180s ]
INFO: [ view_parse ] --START--
NOTIC: [2] file_get_contents(./Application/Patient/View/User/Index/header.html): failed to open stream: No such file or directory /Applications/MAMP/htdocs/wemedical/ThinkPHP/Library/Think/Template.class.php 第 696 行.
INFO: [ template_filter ] --START--
INFO: Run Behavior\ContentReplaceBehavior [ RunTime:0.000091s ]
INFO: [ template_filter ] --END-- [ RunTime:0.000159s ]
INFO: Run Behavior\ParseTemplateBehavior [ RunTime:0.006835s ]
INFO: [ view_parse ] --END-- [ RunTime:0.006910s ]
INFO: [ view_filter ] --START--
INFO: Run Behavior\WriteHtmlCacheBehavior [ RunTime:0.000072s ]
INFO: [ view_filter ] --END-- [ RunTime:0.000122s ]
INFO: [ app_end ] --START--
INFO: Run Behavior\ShowPageTraceBehavior [ RunTime:0.000096s ]
INFO: [ app_end ] --END-- [ RunTime:0.000172s ]

[ 2016-04-21T08:23:56+08:00 ] ::1 /wemedical/index.php/Patient-Appointment-getDoc?num=1&date=2016-04-22
INFO: [ app_init ] --START--
INFO: Run Behavior\BuildLiteBehavior [ RunTime:0.000016s ]
INFO: [ app_init ] --END-- [ RunTime:0.000116s ]
INFO: [ app_begin ] --START--
INFO: Run Behavior\ReadHtmlCacheBehavior [ RunTime:0.000047s ]
INFO: [ app_begin ] --END-- [ RunTime:0.000095s ]
SQL: SHOW COLUMNS FROM `wemedical_doctor` [ RunTime:0.0016s ]
SQL: SELECT `doctor_id`,`name`,`title`,`department`,`specialism`,`order_cost` AS `cost`,`orders_per_day`,`treatment_period` AS `period`,`work_days` FROM `wemedical_doctor` WHERE ( work_days like'%5%' ) ORDER BY doctor_id LIMIT 1,3   [ RunTime:0.0004s ]
SQL: SHOW COLUMNS FROM `wemedical_order` [ RunTime:0.0010s ]
SQL: SELECT * FROM `wemedical_order` WHERE ( DATEDIFF(date,CURDATE())>=1 AND doctor_id='3' ) ORDER BY order_id  [ RunTime:0.0002s ]
SQL: SELECT * FROM `wemedical_order` WHERE ( DATEDIFF(date,CURDATE())>=1 AND doctor_id='4' ) ORDER BY order_id  [ RunTime:0.0002s ]
SQL: SELECT * FROM `wemedical_order` WHERE ( DATEDIFF(date,CURDATE())>=1 AND doctor_id='5' ) ORDER BY order_id  [ RunTime:0.0002s ]
INFO: [ app_end ] --START--
INFO: Run Behavior\ShowPageTraceBehavior [ RunTime:0.000071s ]
INFO: [ app_end ] --END-- [ RunTime:0.000120s ]

[ 2016-04-21T08:32:09+08:00 ] ::1 /wemedical/Patient-Appointment-index
INFO: [ app_init ] --START--
INFO: Run Behavior\BuildLiteBehavior [ RunTime:0.000018s ]
INFO: [ app_init ] --END-- [ RunTime:0.000139s ]
INFO: [ app_begin ] --START--
INFO: Run Behavior\ReadHtmlCacheBehavior [ RunTime:0.000063s ]
INFO: [ app_begin ] --END-- [ RunTime:0.000128s ]
INFO: [ view_parse ] --START--
NOTIC: [2] file_get_contents(./Application/Patient/View/User/Index/header.html): failed to open stream: No such file or directory /Applications/MAMP/htdocs/wemedical/ThinkPHP/Library/Think/Template.class.php 第 696 行.
INFO: [ template_filter ] --START--
INFO: Run Behavior\ContentReplaceBehavior [ RunTime:0.000074s ]
INFO: [ template_filter ] --END-- [ RunTime:0.000142s ]
INFO: Run Behavior\ParseTemplateBehavior [ RunTime:0.006901s ]
INFO: [ view_parse ] --END-- [ RunTime:0.006966s ]
INFO: [ view_filter ] --START--
INFO: Run Behavior\WriteHtmlCacheBehavior [ RunTime:0.000057s ]
INFO: [ view_filter ] --END-- [ RunTime:0.000108s ]
INFO: [ app_end ] --START--
INFO: Run Behavior\ShowPageTraceBehavior [ RunTime:0.000055s ]
INFO: [ app_end ] --END-- [ RunTime:0.000110s ]

[ 2016-04-21T08:32:09+08:00 ] ::1 /wemedical/index.php/Patient-Appointment-getDoc?num=1&date=2016-04-22
INFO: [ app_init ] --START--
INFO: Run Behavior\BuildLiteBehavior [ RunTime:0.000021s ]
INFO: [ app_init ] --END-- [ RunTime:0.000145s ]
INFO: [ app_begin ] --START--
INFO: Run Behavior\ReadHtmlCacheBehavior [ RunTime:0.000081s ]
INFO: [ app_begin ] --END-- [ RunTime:0.000158s ]
SQL: SHOW COLUMNS FROM `wemedical_doctor` [ RunTime:0.0015s ]
SQL: SELECT `doctor_id`,`name`,`title`,`department`,`specialism`,`order_cost` AS `cost`,`orders_per_day`,`treatment_period` AS `period`,`work_days` FROM `wemedical_doctor` WHERE ( work_days like'%5%' ) ORDER BY doctor_id LIMIT 1,3   [ RunTime:0.0005s ]
SQL: SHOW COLUMNS FROM `wemedical_order` [ RunTime:0.0012s ]
SQL: SELECT * FROM `wemedical_order` WHERE ( DATEDIFF(date,CURDATE())>=1 AND doctor_id='3' ) ORDER BY order_id  [ RunTime:0.0003s ]
SQL: SELECT * FROM `wemedical_order` WHERE ( DATEDIFF(date,CURDATE())>=1 AND doctor_id='4' ) ORDER BY order_id  [ RunTime:0.0002s ]
SQL: SELECT * FROM `wemedical_order` WHERE ( DATEDIFF(date,CURDATE())>=1 AND doctor_id='5' ) ORDER BY order_id  [ RunTime:0.0002s ]
INFO: [ app_end ] --START--
INFO: Run Behavior\ShowPageTraceBehavior [ RunTime:0.000092s ]
INFO: [ app_end ] --END-- [ RunTime:0.000157s ]

[ 2016-04-21T08:34:28+08:00 ] ::1 /wemedical/Patient-Appointment-index
INFO: [ app_init ] --START--
INFO: Run Behavior\BuildLiteBehavior [ RunTime:0.000035s ]
INFO: [ app_init ] --END-- [ RunTime:0.000265s ]
INFO: [ app_begin ] --START--
INFO: Run Behavior\ReadHtmlCacheBehavior [ RunTime:0.000096s ]
INFO: [ app_begin ] --END-- [ RunTime:0.000169s ]
INFO: [ view_parse ] --START--
NOTIC: [2] file_get_contents(./Application/Patient/View/User/Index/header.html): failed to open stream: No such file or directory /Applications/MAMP/htdocs/wemedical/ThinkPHP/Library/Think/Template.class.php 第 696 行.
INFO: [ template_filter ] --START--
INFO: Run Behavior\ContentReplaceBehavior [ RunTime:0.000093s ]
INFO: [ template_filter ] --END-- [ RunTime:0.000161s ]
INFO: Run Behavior\ParseTemplateBehavior [ RunTime:0.007382s ]
INFO: [ view_parse ] --END-- [ RunTime:0.007447s ]
INFO: [ view_filter ] --START--
INFO: Run Behavior\WriteHtmlCacheBehavior [ RunTime:0.000058s ]
INFO: [ view_filter ] --END-- [ RunTime:0.000103s ]
INFO: [ app_end ] --START--
INFO: Run Behavior\ShowPageTraceBehavior [ RunTime:0.000088s ]
INFO: [ app_end ] --END-- [ RunTime:0.000148s ]

[ 2016-04-21T08:34:29+08:00 ] ::1 /wemedical/index.php/Patient-Appointment-getDoc?num=1&date=2016-04-22
INFO: [ app_init ] --START--
INFO: Run Behavior\BuildLiteBehavior [ RunTime:0.000041s ]
INFO: [ app_init ] --END-- [ RunTime:0.000374s ]
INFO: [ app_begin ] --START--
INFO: Run Behavior\ReadHtmlCacheBehavior [ RunTime:0.000173s ]
INFO: [ app_begin ] --END-- [ RunTime:0.000268s ]
SQL: SHOW COLUMNS FROM `wemedical_doctor` [ RunTime:0.0016s ]
SQL: SELECT `doctor_id`,`name`,`title`,`department`,`specialism`,`order_cost` AS `cost`,`orders_per_day`,`treatment_period` AS `period`,`work_days` FROM `wemedical_doctor` WHERE ( work_days like'%5%' ) ORDER BY doctor_id LIMIT 1,3   [ RunTime:0.0003s ]
SQL: SHOW COLUMNS FROM `wemedical_order` [ RunTime:0.0014s ]
SQL: SELECT * FROM `wemedical_order` WHERE ( DATEDIFF(date,CURDATE())>=1 AND doctor_id='3' ) ORDER BY order_id  [ RunTime:0.0003s ]
SQL: SELECT * FROM `wemedical_order` WHERE ( DATEDIFF(date,CURDATE())>=1 AND doctor_id='4' ) ORDER BY order_id  [ RunTime:0.0003s ]
SQL: SELECT * FROM `wemedical_order` WHERE ( DATEDIFF(date,CURDATE())>=1 AND doctor_id='5' ) ORDER BY order_id  [ RunTime:0.0003s ]
INFO: [ app_end ] --START--
INFO: Run Behavior\ShowPageTraceBehavior [ RunTime:0.000105s ]
INFO: [ app_end ] --END-- [ RunTime:0.000158s ]

[ 2016-04-21T08:34:58+08:00 ] ::1 /wemedical/Patient-Appointment-index
INFO: [ app_init ] --START--
INFO: Run Behavior\BuildLiteBehavior [ RunTime:0.000032s ]
INFO: [ app_init ] --END-- [ RunTime:0.000251s ]
INFO: [ app_begin ] --START--
INFO: Run Behavior\ReadHtmlCacheBehavior [ RunTime:0.000089s ]
INFO: [ app_begin ] --END-- [ RunTime:0.000163s ]
INFO: [ view_parse ] --START--
NOTIC: [2] file_get_contents(./Application/Patient/View/User/Index/header.html): failed to open stream: No such file or directory /Applications/MAMP/htdocs/wemedical/ThinkPHP/Library/Think/Template.class.php 第 696 行.
INFO: [ template_filter ] --START--
INFO: Run Behavior\ContentReplaceBehavior [ RunTime:0.000111s ]
INFO: [ template_filter ] --END-- [ RunTime:0.000185s ]
INFO: Run Behavior\ParseTemplateBehavior [ RunTime:0.007703s ]
INFO: [ view_parse ] --END-- [ RunTime:0.007802s ]
INFO: [ view_filter ] --START--
INFO: Run Behavior\WriteHtmlCacheBehavior [ RunTime:0.000058s ]
INFO: [ view_filter ] --END-- [ RunTime:0.000109s ]
INFO: [ app_end ] --START--
INFO: Run Behavior\ShowPageTraceBehavior [ RunTime:0.000081s ]
INFO: [ app_end ] --END-- [ RunTime:0.000137s ]

[ 2016-04-21T08:34:58+08:00 ] ::1 /wemedical/index.php/Patient-Appointment-getDoc?num=1&date=2016-04-22
INFO: [ app_init ] --START--
INFO: Run Behavior\BuildLiteBehavior [ RunTime:0.000028s ]
INFO: [ app_init ] --END-- [ RunTime:0.000219s ]
INFO: [ app_begin ] --START--
INFO: Run Behavior\ReadHtmlCacheBehavior [ RunTime:0.000074s ]
INFO: [ app_begin ] --END-- [ RunTime:0.000134s ]
SQL: SHOW COLUMNS FROM `wemedical_doctor` [ RunTime:0.0016s ]
SQL: SELECT `doctor_id`,`name`,`title`,`department`,`specialism`,`order_cost` AS `cost`,`orders_per_day`,`treatment_period` AS `period`,`work_days` FROM `wemedical_doctor` WHERE ( work_days like'%5%' ) ORDER BY doctor_id LIMIT 1,3   [ RunTime:0.0005s ]
SQL: SHOW COLUMNS FROM `wemedical_order` [ RunTime:0.0012s ]
SQL: SELECT * FROM `wemedical_order` WHERE ( DATEDIFF(date,CURDATE())>=1 AND doctor_id='3' ) ORDER BY order_id  [ RunTime:0.0004s ]
SQL: SELECT * FROM `wemedical_order` WHERE ( DATEDIFF(date,CURDATE())>=1 AND doctor_id='4' ) ORDER BY order_id  [ RunTime:0.0003s ]
SQL: SELECT * FROM `wemedical_order` WHERE ( DATEDIFF(date,CURDATE())>=1 AND doctor_id='5' ) ORDER BY order_id  [ RunTime:0.0003s ]
INFO: [ app_end ] --START--
INFO: Run Behavior\ShowPageTraceBehavior [ RunTime:0.000151s ]
INFO: [ app_end ] --END-- [ RunTime:0.000231s ]

[ 2016-04-21T08:36:45+08:00 ] ::1 /wemedical/Patient-Appointment-index
INFO: [ app_init ] --START--
INFO: Run Behavior\BuildLiteBehavior [ RunTime:0.000018s ]
INFO: [ app_init ] --END-- [ RunTime:0.000142s ]
INFO: [ app_begin ] --START--
INFO: Run Behavior\ReadHtmlCacheBehavior [ RunTime:0.000064s ]
INFO: [ app_begin ] --END-- [ RunTime:0.000131s ]
INFO: [ view_parse ] --START--
NOTIC: [2] file_get_contents(./Application/Patient/View/User/Index/header.html): failed to open stream: No such file or directory /Applications/MAMP/htdocs/wemedical/ThinkPHP/Library/Think/Template.class.php 第 696 行.
INFO: [ template_filter ] --START--
INFO: Run Behavior\ContentReplaceBehavior [ RunTime:0.000076s ]
INFO: [ template_filter ] --END-- [ RunTime:0.000150s ]
INFO: Run Behavior\ParseTemplateBehavior [ RunTime:0.006731s ]
INFO: [ view_parse ] --END-- [ RunTime:0.006797s ]
INFO: [ view_filter ] --START--
INFO: Run Behavior\WriteHtmlCacheBehavior [ RunTime:0.000061s ]
INFO: [ view_filter ] --END-- [ RunTime:0.000112s ]
INFO: [ app_end ] --START--
INFO: Run Behavior\ShowPageTraceBehavior [ RunTime:0.000055s ]
INFO: [ app_end ] --END-- [ RunTime:0.000110s ]

[ 2016-04-21T08:36:46+08:00 ] ::1 /wemedical/index.php/Patient-Appointment-getDoc?num=1&date=2016-04-22
INFO: [ app_init ] --START--
INFO: Run Behavior\BuildLiteBehavior [ RunTime:0.000029s ]
INFO: [ app_init ] --END-- [ RunTime:0.000221s ]
INFO: [ app_begin ] --START--
INFO: Run Behavior\ReadHtmlCacheBehavior [ RunTime:0.000077s ]
INFO: [ app_begin ] --END-- [ RunTime:0.000133s ]
SQL: SHOW COLUMNS FROM `wemedical_doctor` [ RunTime:0.0016s ]
SQL: SELECT `doctor_id`,`name`,`title`,`department`,`specialism`,`order_cost` AS `cost`,`orders_per_day`,`treatment_period` AS `period`,`work_days` FROM `wemedical_doctor` WHERE ( work_days like'%5%' ) ORDER BY doctor_id LIMIT 1,3   [ RunTime:0.0004s ]
SQL: SHOW COLUMNS FROM `wemedical_order` [ RunTime:0.0015s ]
SQL: SELECT * FROM `wemedical_order` WHERE ( DATEDIFF(date,CURDATE())>=1 AND doctor_id='3' ) ORDER BY order_id  [ RunTime:0.0003s ]
SQL: SELECT * FROM `wemedical_order` WHERE ( DATEDIFF(date,CURDATE())>=1 AND doctor_id='4' ) ORDER BY order_id  [ RunTime:0.0003s ]
SQL: SELECT * FROM `wemedical_order` WHERE ( DATEDIFF(date,CURDATE())>=1 AND doctor_id='5' ) ORDER BY order_id  [ RunTime:0.0002s ]
INFO: [ app_end ] --START--
INFO: Run Behavior\ShowPageTraceBehavior [ RunTime:0.000105s ]
INFO: [ app_end ] --END-- [ RunTime:0.000161s ]

[ 2016-04-21T08:37:35+08:00 ] ::1 /wemedical/Patient-Appointment-index
INFO: [ app_init ] --START--
INFO: Run Behavior\BuildLiteBehavior [ RunTime:0.000018s ]
INFO: [ app_init ] --END-- [ RunTime:0.000128s ]
INFO: [ app_begin ] --START--
INFO: Run Behavior\ReadHtmlCacheBehavior [ RunTime:0.000052s ]
INFO: [ app_begin ] --END-- [ RunTime:0.000118s ]
INFO: [ view_parse ] --START--
NOTIC: [2] file_get_contents(./Application/Patient/View/User/Index/header.html): failed to open stream: No such file or directory /Applications/MAMP/htdocs/wemedical/ThinkPHP/Library/Think/Template.class.php 第 696 行.
INFO: [ template_filter ] --START--
INFO: Run Behavior\ContentReplaceBehavior [ RunTime:0.000074s ]
INFO: [ template_filter ] --END-- [ RunTime:0.000137s ]
INFO: Run Behavior\ParseTemplateBehavior [ RunTime:0.006873s ]
INFO: [ view_parse ] --END-- [ RunTime:0.006937s ]
INFO: [ view_filter ] --START--
INFO: Run Behavior\WriteHtmlCacheBehavior [ RunTime:0.000046s ]
INFO: [ view_filter ] --END-- [ RunTime:0.000096s ]
INFO: [ app_end ] --START--
INFO: Run Behavior\ShowPageTraceBehavior [ RunTime:0.000045s ]
INFO: [ app_end ] --END-- [ RunTime:0.000099s ]

[ 2016-04-21T08:37:35+08:00 ] ::1 /wemedical/index.php/Patient-Appointment-getDoc?num=1&date=2016-04-22
INFO: [ app_init ] --START--
INFO: Run Behavior\BuildLiteBehavior [ RunTime:0.000015s ]
INFO: [ app_init ] --END-- [ RunTime:0.000106s ]
INFO: [ app_begin ] --START--
INFO: Run Behavior\ReadHtmlCacheBehavior [ RunTime:0.000077s ]
INFO: [ app_begin ] --END-- [ RunTime:0.000172s ]
SQL: SHOW COLUMNS FROM `wemedical_doctor` [ RunTime:0.0015s ]
SQL: SELECT `doctor_id`,`name`,`title`,`department`,`specialism`,`order_cost` AS `cost`,`orders_per_day`,`treatment_period` AS `period`,`work_days` FROM `wemedical_doctor` WHERE ( work_days like'%5%' ) ORDER BY doctor_id LIMIT 1,3   [ RunTime:0.0003s ]
SQL: SHOW COLUMNS FROM `wemedical_order` [ RunTime:0.0010s ]
SQL: SELECT * FROM `wemedical_order` WHERE ( DATEDIFF(date,CURDATE())>=1 AND doctor_id='3' ) ORDER BY order_id  [ RunTime:0.0002s ]
SQL: SELECT * FROM `wemedical_order` WHERE ( DATEDIFF(date,CURDATE())>=1 AND doctor_id='4' ) ORDER BY order_id  [ RunTime:0.0001s ]
SQL: SELECT * FROM `wemedical_order` WHERE ( DATEDIFF(date,CURDATE())>=1 AND doctor_id='5' ) ORDER BY order_id  [ RunTime:0.0001s ]
INFO: [ app_end ] --START--
INFO: Run Behavior\ShowPageTraceBehavior [ RunTime:0.000070s ]
INFO: [ app_end ] --END-- [ RunTime:0.000120s ]

[ 2016-04-21T08:42:14+08:00 ] ::1 /wemedical/Patient-Appointment-index
INFO: [ app_init ] --START--
INFO: Run Behavior\BuildLiteBehavior [ RunTime:0.000018s ]
INFO: [ app_init ] --END-- [ RunTime:0.000139s ]
INFO: [ app_begin ] --START--
INFO: Run Behavior\ReadHtmlCacheBehavior [ RunTime:0.000063s ]
INFO: [ app_begin ] --END-- [ RunTime:0.000130s ]
INFO: [ view_parse ] --START--
NOTIC: [2] file_get_contents(./Application/Patient/View/User/Index/header.html): failed to open stream: No such file or directory /Applications/MAMP/htdocs/wemedical/ThinkPHP/Library/Think/Template.class.php 第 696 行.
INFO: [ template_filter ] --START--
INFO: Run Behavior\ContentReplaceBehavior [ RunTime:0.000099s ]
INFO: [ template_filter ] --END-- [ RunTime:0.000175s ]
INFO: Run Behavior\ParseTemplateBehavior [ RunTime:0.007435s ]
INFO: [ view_parse ] --END-- [ RunTime:0.007497s ]
INFO: [ view_filter ] --START--
INFO: Run Behavior\WriteHtmlCacheBehavior [ RunTime:0.000061s ]
INFO: [ view_filter ] --END-- [ RunTime:0.000108s ]
INFO: [ app_end ] --START--
INFO: Run Behavior\ShowPageTraceBehavior [ RunTime:0.000051s ]
INFO: [ app_end ] --END-- [ RunTime:0.000102s ]

[ 2016-04-21T08:42:14+08:00 ] ::1 /wemedical/index.php/Patient-Appointment-getDoc?num=1&date=2016-04-22
INFO: [ app_init ] --START--
INFO: Run Behavior\BuildLiteBehavior [ RunTime:0.000027s ]
INFO: [ app_init ] --END-- [ RunTime:0.000222s ]
INFO: [ app_begin ] --START--
INFO: Run Behavior\ReadHtmlCacheBehavior [ RunTime:0.000079s ]
INFO: [ app_begin ] --END-- [ RunTime:0.000137s ]
SQL: SHOW COLUMNS FROM `wemedical_doctor` [ RunTime:0.0017s ]
SQL: SELECT `doctor_id`,`name`,`title`,`department`,`specialism`,`order_cost` AS `cost`,`orders_per_day`,`treatment_period` AS `period`,`work_days` FROM `wemedical_doctor` WHERE ( work_days like'%5%' ) ORDER BY doctor_id LIMIT 1,3   [ RunTime:0.0004s ]
SQL: SHOW COLUMNS FROM `wemedical_order` [ RunTime:0.0012s ]
SQL: SELECT * FROM `wemedical_order` WHERE ( DATEDIFF(date,CURDATE())>=1 AND doctor_id='3' ) ORDER BY order_id  [ RunTime:0.0003s ]
SQL: SELECT * FROM `wemedical_order` WHERE ( DATEDIFF(date,CURDATE())>=1 AND doctor_id='4' ) ORDER BY order_id  [ RunTime:0.0003s ]
SQL: SELECT * FROM `wemedical_order` WHERE ( DATEDIFF(date,CURDATE())>=1 AND doctor_id='5' ) ORDER BY order_id  [ RunTime:0.0003s ]
INFO: [ app_end ] --START--
INFO: Run Behavior\ShowPageTraceBehavior [ RunTime:0.000190s ]
INFO: [ app_end ] --END-- [ RunTime:0.000285s ]

[ 2016-04-21T08:43:45+08:00 ] ::1 /wemedical/Patient-Appointment-index
INFO: [ app_init ] --START--
INFO: Run Behavior\BuildLiteBehavior [ RunTime:0.000031s ]
INFO: [ app_init ] --END-- [ RunTime:0.000233s ]
INFO: [ app_begin ] --START--
INFO: Run Behavior\ReadHtmlCacheBehavior [ RunTime:0.000080s ]
INFO: [ app_begin ] --END-- [ RunTime:0.000136s ]
INFO: [ view_parse ] --START--
NOTIC: [2] file_get_contents(./Application/Patient/View/User/Index/header.html): failed to open stream: No such file or directory /Applications/MAMP/htdocs/wemedical/ThinkPHP/Library/Think/Template.class.php 第 696 行.
INFO: [ template_filter ] --START--
INFO: Run Behavior\ContentReplaceBehavior [ RunTime:0.000099s ]
INFO: [ template_filter ] --END-- [ RunTime:0.000163s ]
INFO: Run Behavior\ParseTemplateBehavior [ RunTime:0.006605s ]
INFO: [ view_parse ] --END-- [ RunTime:0.006665s ]
INFO: [ view_filter ] --START--
INFO: Run Behavior\WriteHtmlCacheBehavior [ RunTime:0.000060s ]
INFO: [ view_filter ] --END-- [ RunTime:0.000106s ]
INFO: [ app_end ] --START--
INFO: Run Behavior\ShowPageTraceBehavior [ RunTime:0.000082s ]
INFO: [ app_end ] --END-- [ RunTime:0.000134s ]

[ 2016-04-21T08:43:45+08:00 ] ::1 /wemedical/index.php/Patient-Appointment-getDoc?num=1&date=2016-04-22
INFO: [ app_init ] --START--
INFO: Run Behavior\BuildLiteBehavior [ RunTime:0.000028s ]
INFO: [ app_init ] --END-- [ RunTime:0.000258s ]
INFO: [ app_begin ] --START--
INFO: Run Behavior\ReadHtmlCacheBehavior [ RunTime:0.000090s ]
INFO: [ app_begin ] --END-- [ RunTime:0.000169s ]
SQL: SHOW COLUMNS FROM `wemedical_doctor` [ RunTime:0.0021s ]
SQL: SELECT `doctor_id`,`name`,`title`,`department`,`specialism`,`order_cost` AS `cost`,`orders_per_day`,`treatment_period` AS `period`,`work_days` FROM `wemedical_doctor` WHERE ( work_days like'%5%' ) ORDER BY doctor_id LIMIT 1,3   [ RunTime:0.0003s ]
SQL: SHOW COLUMNS FROM `wemedical_order` [ RunTime:0.0014s ]
SQL: SELECT * FROM `wemedical_order` WHERE ( DATEDIFF(date,CURDATE())>=1 AND doctor_id='3' ) ORDER BY order_id  [ RunTime:0.0004s ]
SQL: SELECT * FROM `wemedical_order` WHERE ( DATEDIFF(date,CURDATE())>=1 AND doctor_id='4' ) ORDER BY order_id  [ RunTime:0.0002s ]
SQL: SELECT * FROM `wemedical_order` WHERE ( DATEDIFF(date,CURDATE())>=1 AND doctor_id='5' ) ORDER BY order_id  [ RunTime:0.0002s ]
INFO: [ app_end ] --START--
INFO: Run Behavior\ShowPageTraceBehavior [ RunTime:0.000100s ]
INFO: [ app_end ] --END-- [ RunTime:0.000156s ]

[ 2016-04-21T08:46:55+08:00 ] ::1 /wemedical/Patient-Appointment-index
INFO: [ app_init ] --START--
INFO: Run Behavior\BuildLiteBehavior [ RunTime:0.000019s ]
INFO: [ app_init ] --END-- [ RunTime:0.000142s ]
INFO: [ app_begin ] --START--
INFO: Run Behavior\ReadHtmlCacheBehavior [ RunTime:0.000151s ]
INFO: [ app_begin ] --END-- [ RunTime:0.000270s ]
INFO: [ view_parse ] --START--
NOTIC: [2] file_get_contents(./Application/Patient/View/User/Index/header.html): failed to open stream: No such file or directory /Applications/MAMP/htdocs/wemedical/ThinkPHP/Library/Think/Template.class.php 第 696 行.
INFO: [ template_filter ] --START--
INFO: Run Behavior\ContentReplaceBehavior [ RunTime:0.000102s ]
INFO: [ template_filter ] --END-- [ RunTime:0.000190s ]
INFO: Run Behavior\ParseTemplateBehavior [ RunTime:0.007672s ]
INFO: [ view_parse ] --END-- [ RunTime:0.007813s ]
INFO: [ view_filter ] --START--
INFO: Run Behavior\WriteHtmlCacheBehavior [ RunTime:0.000066s ]
INFO: [ view_filter ] --END-- [ RunTime:0.000122s ]
INFO: [ app_end ] --START--
INFO: Run Behavior\ShowPageTraceBehavior [ RunTime:0.000075s ]
INFO: [ app_end ] --END-- [ RunTime:0.000139s ]

[ 2016-04-21T08:46:55+08:00 ] ::1 /wemedical/index.php/Patient-Appointment-getDoc?num=1&date=2016-04-22
INFO: [ app_init ] --START--
INFO: Run Behavior\BuildLiteBehavior [ RunTime:0.000020s ]
INFO: [ app_init ] --END-- [ RunTime:0.000161s ]
INFO: [ app_begin ] --START--
INFO: Run Behavior\ReadHtmlCacheBehavior [ RunTime:0.000060s ]
INFO: [ app_begin ] --END-- [ RunTime:0.000125s ]
SQL: SHOW COLUMNS FROM `wemedical_doctor` [ RunTime:0.0019s ]
SQL: SELECT `doctor_id`,`name`,`title`,`department`,`specialism`,`order_cost` AS `cost`,`orders_per_day`,`treatment_period` AS `period`,`work_days` FROM `wemedical_doctor` WHERE ( work_days like'%5%' ) ORDER BY doctor_id LIMIT 1,3   [ RunTime:0.0004s ]
SQL: SHOW COLUMNS FROM `wemedical_order` [ RunTime:0.0010s ]
SQL: SELECT * FROM `wemedical_order` WHERE ( DATEDIFF(date,CURDATE())>=1 AND doctor_id='3' ) ORDER BY order_id  [ RunTime:0.0003s ]
SQL: SELECT * FROM `wemedical_order` WHERE ( DATEDIFF(date,CURDATE())>=1 AND doctor_id='4' ) ORDER BY order_id  [ RunTime:0.0001s ]
SQL: SELECT * FROM `wemedical_order` WHERE ( DATEDIFF(date,CURDATE())>=1 AND doctor_id='5' ) ORDER BY order_id  [ RunTime:0.0002s ]
INFO: [ app_end ] --START--
INFO: Run Behavior\ShowPageTraceBehavior [ RunTime:0.000070s ]
INFO: [ app_end ] --END-- [ RunTime:0.000119s ]

[ 2016-04-21T08:47:31+08:00 ] ::1 /wemedical/Patient-Appointment-index
INFO: [ app_init ] --START--
INFO: Run Behavior\BuildLiteBehavior [ RunTime:0.000018s ]
INFO: [ app_init ] --END-- [ RunTime:0.000129s ]
INFO: [ app_begin ] --START--
INFO: Run Behavior\ReadHtmlCacheBehavior [ RunTime:0.000052s ]
INFO: [ app_begin ] --END-- [ RunTime:0.000120s ]
INFO: [ view_parse ] --START--
NOTIC: [2] file_get_contents(./Application/Patient/View/User/Index/header.html): failed to open stream: No such file or directory /Applications/MAMP/htdocs/wemedical/ThinkPHP/Library/Think/Template.class.php 第 696 行.
INFO: [ template_filter ] --START--
INFO: Run Behavior\ContentReplaceBehavior [ RunTime:0.000099s ]
INFO: [ template_filter ] --END-- [ RunTime:0.000178s ]
INFO: Run Behavior\ParseTemplateBehavior [ RunTime:0.008071s ]
INFO: [ view_parse ] --END-- [ RunTime:0.008136s ]
INFO: [ view_filter ] --START--
INFO: Run Behavior\WriteHtmlCacheBehavior [ RunTime:0.000059s ]
INFO: [ view_filter ] --END-- [ RunTime:0.000111s ]
INFO: [ app_end ] --START--
INFO: Run Behavior\ShowPageTraceBehavior [ RunTime:0.000047s ]
INFO: [ app_end ] --END-- [ RunTime:0.000102s ]

[ 2016-04-21T08:47:31+08:00 ] ::1 /wemedical/index.php/Patient-Appointment-getDoc?num=1&date=2016-04-22
INFO: [ app_init ] --START--
INFO: Run Behavior\BuildLiteBehavior [ RunTime:0.000023s ]
INFO: [ app_init ] --END-- [ RunTime:0.000146s ]
INFO: [ app_begin ] --START--
INFO: Run Behavior\ReadHtmlCacheBehavior [ RunTime:0.000059s ]
INFO: [ app_begin ] --END-- [ RunTime:0.000123s ]
SQL: SHOW COLUMNS FROM `wemedical_doctor` [ RunTime:0.0021s ]
SQL: SELECT `doctor_id`,`name`,`title`,`department`,`specialism`,`order_cost` AS `cost`,`orders_per_day`,`treatment_period` AS `period`,`work_days` FROM `wemedical_doctor` WHERE ( work_days like'%5%' ) ORDER BY doctor_id LIMIT 1,3   [ RunTime:0.0004s ]
SQL: SHOW COLUMNS FROM `wemedical_order` [ RunTime:0.0011s ]
SQL: SELECT * FROM `wemedical_order` WHERE ( DATEDIFF(date,CURDATE())>=1 AND doctor_id='3' ) ORDER BY order_id  [ RunTime:0.0004s ]
SQL: SELECT * FROM `wemedical_order` WHERE ( DATEDIFF(date,CURDATE())>=1 AND doctor_id='4' ) ORDER BY order_id  [ RunTime:0.0003s ]
SQL: SELECT * FROM `wemedical_order` WHERE ( DATEDIFF(date,CURDATE())>=1 AND doctor_id='5' ) ORDER BY order_id  [ RunTime:0.0002s ]
INFO: [ app_end ] --START--
INFO: Run Behavior\ShowPageTraceBehavior [ RunTime:0.000136s ]
INFO: [ app_end ] --END-- [ RunTime:0.000209s ]

[ 2016-04-21T08:51:14+08:00 ] ::1 /wemedical/Patient-Appointment-index
INFO: [ app_init ] --START--
INFO: Run Behavior\BuildLiteBehavior [ RunTime:0.000019s ]
INFO: [ app_init ] --END-- [ RunTime:0.000144s ]
INFO: [ app_begin ] --START--
INFO: Run Behavior\ReadHtmlCacheBehavior [ RunTime:0.000069s ]
INFO: [ app_begin ] --END-- [ RunTime:0.000136s ]
INFO: [ view_parse ] --START--
NOTIC: [2] file_get_contents(./Application/Patient/View/User/Index/header.html): failed to open stream: No such file or directory /Applications/MAMP/htdocs/wemedical/ThinkPHP/Library/Think/Template.class.php 第 696 行.
INFO: [ template_filter ] --START--
INFO: Run Behavior\ContentReplaceBehavior [ RunTime:0.000089s ]
INFO: [ template_filter ] --END-- [ RunTime:0.000214s ]
INFO: Run Behavior\ParseTemplateBehavior [ RunTime:0.006413s ]
INFO: [ view_parse ] --END-- [ RunTime:0.006479s ]
INFO: [ view_filter ] --START--
INFO: Run Behavior\WriteHtmlCacheBehavior [ RunTime:0.000060s ]
INFO: [ view_filter ] --END-- [ RunTime:0.000109s ]
INFO: [ app_end ] --START--
INFO: Run Behavior\ShowPageTraceBehavior [ RunTime:0.000061s ]
INFO: [ app_end ] --END-- [ RunTime:0.000112s ]

[ 2016-04-21T08:51:14+08:00 ] ::1 /wemedical/index.php/Patient-Appointment-getDoc?num=1&date=2016-04-22
INFO: [ app_init ] --START--
INFO: Run Behavior\BuildLiteBehavior [ RunTime:0.000016s ]
INFO: [ app_init ] --END-- [ RunTime:0.000110s ]
INFO: [ app_begin ] --START--
INFO: Run Behavior\ReadHtmlCacheBehavior [ RunTime:0.000048s ]
INFO: [ app_begin ] --END-- [ RunTime:0.000098s ]
SQL: SHOW COLUMNS FROM `wemedical_doctor` [ RunTime:0.0015s ]
SQL: SELECT `doctor_id`,`name`,`title`,`department`,`specialism`,`order_cost` AS `cost`,`orders_per_day`,`treatment_period` AS `period`,`work_days` FROM `wemedical_doctor` WHERE ( work_days like'%5%' ) ORDER BY doctor_id LIMIT 1,3   [ RunTime:0.0004s ]
SQL: SHOW COLUMNS FROM `wemedical_order` [ RunTime:0.0011s ]
SQL: SELECT * FROM `wemedical_order` WHERE ( DATEDIFF(date,CURDATE())>=1 AND doctor_id='3' ) ORDER BY order_id  [ RunTime:0.0003s ]
SQL: SELECT * FROM `wemedical_order` WHERE ( DATEDIFF(date,CURDATE())>=1 AND doctor_id='4' ) ORDER BY order_id  [ RunTime:0.0002s ]
SQL: SELECT * FROM `wemedical_order` WHERE ( DATEDIFF(date,CURDATE())>=1 AND doctor_id='5' ) ORDER BY order_id  [ RunTime:0.0003s ]
INFO: [ app_end ] --START--
INFO: Run Behavior\ShowPageTraceBehavior [ RunTime:0.000076s ]
INFO: [ app_end ] --END-- [ RunTime:0.000127s ]

[ 2016-04-21T08:51:50+08:00 ] ::1 /wemedical/Patient-Appointment-index
INFO: [ app_init ] --START--
INFO: Run Behavior\BuildLiteBehavior [ RunTime:0.000018s ]
INFO: [ app_init ] --END-- [ RunTime:0.000128s ]
INFO: [ app_begin ] --START--
INFO: Run Behavior\ReadHtmlCacheBehavior [ RunTime:0.000060s ]
INFO: [ app_begin ] --END-- [ RunTime:0.000160s ]
INFO: [ view_parse ] --START--
NOTIC: [2] file_get_contents(./Application/Patient/View/User/Index/header.html): failed to open stream: No such file or directory /Applications/MAMP/htdocs/wemedical/ThinkPHP/Library/Think/Template.class.php 第 696 行.
INFO: [ template_filter ] --START--
INFO: Run Behavior\ContentReplaceBehavior [ RunTime:0.000085s ]
INFO: [ template_filter ] --END-- [ RunTime:0.000152s ]
INFO: Run Behavior\ParseTemplateBehavior [ RunTime:0.006948s ]
INFO: [ view_parse ] --END-- [ RunTime:0.007009s ]
INFO: [ view_filter ] --START--
INFO: Run Behavior\WriteHtmlCacheBehavior [ RunTime:0.000053s ]
INFO: [ view_filter ] --END-- [ RunTime:0.000099s ]
INFO: [ app_end ] --START--
INFO: Run Behavior\ShowPageTraceBehavior [ RunTime:0.000043s ]
INFO: [ app_end ] --END-- [ RunTime:0.000094s ]

[ 2016-04-21T08:51:50+08:00 ] ::1 /wemedical/index.php/Patient-Appointment-getDoc?num=1&date=2016-04-22
INFO: [ app_init ] --START--
INFO: Run Behavior\BuildLiteBehavior [ RunTime:0.000029s ]
INFO: [ app_init ] --END-- [ RunTime:0.000218s ]
INFO: [ app_begin ] --START--
INFO: Run Behavior\ReadHtmlCacheBehavior [ RunTime:0.000160s ]
INFO: [ app_begin ] --END-- [ RunTime:0.000258s ]
SQL: SHOW COLUMNS FROM `wemedical_doctor` [ RunTime:0.0019s ]
SQL: SELECT `doctor_id`,`name`,`title`,`department`,`specialism`,`order_cost` AS `cost`,`orders_per_day`,`treatment_period` AS `period`,`work_days` FROM `wemedical_doctor` WHERE ( work_days like'%5%' ) ORDER BY doctor_id LIMIT 1,3   [ RunTime:0.0004s ]
SQL: SHOW COLUMNS FROM `wemedical_order` [ RunTime:0.0014s ]
SQL: SELECT * FROM `wemedical_order` WHERE ( DATEDIFF(date,CURDATE())>=1 AND doctor_id='3' ) ORDER BY order_id  [ RunTime:0.0003s ]
SQL: SELECT * FROM `wemedical_order` WHERE ( DATEDIFF(date,CURDATE())>=1 AND doctor_id='4' ) ORDER BY order_id  [ RunTime:0.0004s ]
SQL: SELECT * FROM `wemedical_order` WHERE ( DATEDIFF(date,CURDATE())>=1 AND doctor_id='5' ) ORDER BY order_id  [ RunTime:0.0004s ]
INFO: [ app_end ] --START--
INFO: Run Behavior\ShowPageTraceBehavior [ RunTime:0.000124s ]
INFO: [ app_end ] --END-- [ RunTime:0.000189s ]

[ 2016-04-21T08:52:29+08:00 ] ::1 /wemedical/Patient-Appointment-index
INFO: [ app_init ] --START--
INFO: Run Behavior\BuildLiteBehavior [ RunTime:0.000029s ]
INFO: [ app_init ] --END-- [ RunTime:0.000218s ]
INFO: [ app_begin ] --START--
INFO: Run Behavior\ReadHtmlCacheBehavior [ RunTime:0.000086s ]
INFO: [ app_begin ] --END-- [ RunTime:0.000151s ]
INFO: [ view_parse ] --START--
NOTIC: [2] file_get_contents(./Application/Patient/View/User/Index/header.html): failed to open stream: No such file or directory /Applications/MAMP/htdocs/wemedical/ThinkPHP/Library/Think/Template.class.php 第 696 行.
INFO: [ template_filter ] --START--
INFO: Run Behavior\ContentReplaceBehavior [ RunTime:0.000104s ]
INFO: [ template_filter ] --END-- [ RunTime:0.000175s ]
INFO: Run Behavior\ParseTemplateBehavior [ RunTime:0.006922s ]
INFO: [ view_parse ] --END-- [ RunTime:0.006991s ]
INFO: [ view_filter ] --START--
INFO: Run Behavior\WriteHtmlCacheBehavior [ RunTime:0.000060s ]
INFO: [ view_filter ] --END-- [ RunTime:0.000106s ]
INFO: [ app_end ] --START--
INFO: Run Behavior\ShowPageTraceBehavior [ RunTime:0.000091s ]
INFO: [ app_end ] --END-- [ RunTime:0.000152s ]

[ 2016-04-21T08:52:30+08:00 ] ::1 /wemedical/index.php/Patient-Appointment-getDoc?num=1&date=2016-04-22
INFO: [ app_init ] --START--
INFO: Run Behavior\BuildLiteBehavior [ RunTime:0.000024s ]
INFO: [ app_init ] --END-- [ RunTime:0.000165s ]
INFO: [ app_begin ] --START--
INFO: Run Behavior\ReadHtmlCacheBehavior [ RunTime:0.000051s ]
INFO: [ app_begin ] --END-- [ RunTime:0.000105s ]
SQL: SHOW COLUMNS FROM `wemedical_doctor` [ RunTime:0.0016s ]
SQL: SELECT `doctor_id`,`name`,`title`,`department`,`specialism`,`order_cost` AS `cost`,`orders_per_day`,`treatment_period` AS `period`,`work_days` FROM `wemedical_doctor` WHERE ( work_days like'%5%' ) ORDER BY doctor_id LIMIT 1,3   [ RunTime:0.0003s ]
SQL: SHOW COLUMNS FROM `wemedical_order` [ RunTime:0.0010s ]
SQL: SELECT * FROM `wemedical_order` WHERE ( DATEDIFF(date,CURDATE())>=1 AND doctor_id='3' ) ORDER BY order_id  [ RunTime:0.0003s ]
SQL: SELECT * FROM `wemedical_order` WHERE ( DATEDIFF(date,CURDATE())>=1 AND doctor_id='4' ) ORDER BY order_id  [ RunTime:0.0002s ]
SQL: SELECT * FROM `wemedical_order` WHERE ( DATEDIFF(date,CURDATE())>=1 AND doctor_id='5' ) ORDER BY order_id  [ RunTime:0.0001s ]
INFO: [ app_end ] --START--
INFO: Run Behavior\ShowPageTraceBehavior [ RunTime:0.000069s ]
INFO: [ app_end ] --END-- [ RunTime:0.000120s ]

[ 2016-04-21T08:52:32+08:00 ] ::1 /wemedical/index.php/Patient-Appointment-proccessOrder?doc_id=3&date=2016-04-22
INFO: [ app_init ] --START--
INFO: Run Behavior\BuildLiteBehavior [ RunTime:0.000018s ]
INFO: [ app_init ] --END-- [ RunTime:0.000127s ]
INFO: [ app_begin ] --START--
INFO: Run Behavior\ReadHtmlCacheBehavior [ RunTime:0.000068s ]
INFO: [ app_begin ] --END-- [ RunTime:0.000138s ]

[ 2016-04-21T08:55:04+08:00 ] ::1 /wemedical/Patient-Appointment-index
INFO: [ app_init ] --START--
INFO: Run Behavior\BuildLiteBehavior [ RunTime:0.000034s ]
INFO: [ app_init ] --END-- [ RunTime:0.000265s ]
INFO: [ app_begin ] --START--
INFO: Run Behavior\ReadHtmlCacheBehavior [ RunTime:0.000110s ]
INFO: [ app_begin ] --END-- [ RunTime:0.000184s ]
INFO: [ view_parse ] --START--
NOTIC: [2] file_get_contents(./Application/Patient/View/User/Index/header.html): failed to open stream: No such file or directory /Applications/MAMP/htdocs/wemedical/ThinkPHP/Library/Think/Template.class.php 第 696 行.
INFO: [ template_filter ] --START--
INFO: Run Behavior\ContentReplaceBehavior [ RunTime:0.000109s ]
INFO: [ template_filter ] --END-- [ RunTime:0.000189s ]
INFO: Run Behavior\ParseTemplateBehavior [ RunTime:0.007846s ]
INFO: [ view_parse ] --END-- [ RunTime:0.007915s ]
INFO: [ view_filter ] --START--
INFO: Run Behavior\WriteHtmlCacheBehavior [ RunTime:0.000070s ]
INFO: [ view_filter ] --END-- [ RunTime:0.000120s ]
INFO: [ app_end ] --START--
INFO: Run Behavior\ShowPageTraceBehavior [ RunTime:0.000087s ]
INFO: [ app_end ] --END-- [ RunTime:0.000139s ]

[ 2016-04-21T08:55:04+08:00 ] ::1 /wemedical/index.php/Patient-Appointment-getDoc?num=1&date=2016-04-22
INFO: [ app_init ] --START--
INFO: Run Behavior\BuildLiteBehavior [ RunTime:0.000028s ]
INFO: [ app_init ] --END-- [ RunTime:0.000239s ]
INFO: [ app_begin ] --START--
INFO: Run Behavior\ReadHtmlCacheBehavior [ RunTime:0.000108s ]
INFO: [ app_begin ] --END-- [ RunTime:0.000180s ]
SQL: SHOW COLUMNS FROM `wemedical_doctor` [ RunTime:0.0020s ]
SQL: SELECT `doctor_id`,`name`,`title`,`department`,`specialism`,`order_cost` AS `cost`,`orders_per_day`,`treatment_period` AS `period`,`work_days` FROM `wemedical_doctor` WHERE ( work_days like'%5%' ) ORDER BY doctor_id LIMIT 1,3   [ RunTime:0.0004s ]
SQL: SHOW COLUMNS FROM `wemedical_order` [ RunTime:0.0013s ]
SQL: SELECT * FROM `wemedical_order` WHERE ( DATEDIFF(date,CURDATE())>=1 AND doctor_id='3' ) ORDER BY order_id  [ RunTime:0.0004s ]
SQL: SELECT * FROM `wemedical_order` WHERE ( DATEDIFF(date,CURDATE())>=1 AND doctor_id='4' ) ORDER BY order_id  [ RunTime:0.0003s ]
SQL: SELECT * FROM `wemedical_order` WHERE ( DATEDIFF(date,CURDATE())>=1 AND doctor_id='5' ) ORDER BY order_id  [ RunTime:0.0003s ]
INFO: [ app_end ] --START--
INFO: Run Behavior\ShowPageTraceBehavior [ RunTime:0.000129s ]
INFO: [ app_end ] --END-- [ RunTime:0.000204s ]

[ 2016-04-21T08:56:30+08:00 ] ::1 /wemedical/Patient-Appointment-index
INFO: [ app_init ] --START--
INFO: Run Behavior\BuildLiteBehavior [ RunTime:0.000035s ]
INFO: [ app_init ] --END-- [ RunTime:0.000265s ]
INFO: [ app_begin ] --START--
INFO: Run Behavior\ReadHtmlCacheBehavior [ RunTime:0.000102s ]
INFO: [ app_begin ] --END-- [ RunTime:0.000180s ]
INFO: [ view_parse ] --START--
NOTIC: [2] file_get_contents(./Application/Patient/View/User/Index/header.html): failed to open stream: No such file or directory /Applications/MAMP/htdocs/wemedical/ThinkPHP/Library/Think/Template.class.php 第 696 行.
INFO: [ template_filter ] --START--
INFO: Run Behavior\ContentReplaceBehavior [ RunTime:0.000101s ]
INFO: [ template_filter ] --END-- [ RunTime:0.000161s ]
INFO: Run Behavior\ParseTemplateBehavior [ RunTime:0.006753s ]
INFO: [ view_parse ] --END-- [ RunTime:0.006820s ]
INFO: [ view_filter ] --START--
INFO: Run Behavior\WriteHtmlCacheBehavior [ RunTime:0.000060s ]
INFO: [ view_filter ] --END-- [ RunTime:0.000108s ]
INFO: [ app_end ] --START--
INFO: Run Behavior\ShowPageTraceBehavior [ RunTime:0.000084s ]
INFO: [ app_end ] --END-- [ RunTime:0.000147s ]

[ 2016-04-21T08:56:30+08:00 ] ::1 /wemedical/index.php/Patient-Appointment-getDoc?num=1&date=2016-04-22
INFO: [ app_init ] --START--
INFO: Run Behavior\BuildLiteBehavior [ RunTime:0.000038s ]
INFO: [ app_init ] --END-- [ RunTime:0.000166s ]
INFO: [ app_begin ] --START--
INFO: Run Behavior\ReadHtmlCacheBehavior [ RunTime:0.000054s ]
INFO: [ app_begin ] --END-- [ RunTime:0.000112s ]
SQL: SHOW COLUMNS FROM `wemedical_doctor` [ RunTime:0.0017s ]
SQL: SELECT `doctor_id`,`name`,`title`,`department`,`specialism`,`order_cost` AS `cost`,`orders_per_day`,`treatment_period` AS `period`,`work_days` FROM `wemedical_doctor` WHERE ( work_days like'%5%' ) ORDER BY doctor_id LIMIT 1,3   [ RunTime:0.0004s ]
SQL: SHOW COLUMNS FROM `wemedical_order` [ RunTime:0.0010s ]
SQL: SELECT * FROM `wemedical_order` WHERE ( DATEDIFF(date,CURDATE())>=1 AND doctor_id='3' ) ORDER BY order_id  [ RunTime:0.0003s ]
SQL: SELECT * FROM `wemedical_order` WHERE ( DATEDIFF(date,CURDATE())>=1 AND doctor_id='4' ) ORDER BY order_id  [ RunTime:0.0002s ]
SQL: SELECT * FROM `wemedical_order` WHERE ( DATEDIFF(date,CURDATE())>=1 AND doctor_id='5' ) ORDER BY order_id  [ RunTime:0.0003s ]
INFO: [ app_end ] --START--
INFO: Run Behavior\ShowPageTraceBehavior [ RunTime:0.000077s ]
INFO: [ app_end ] --END-- [ RunTime:0.000129s ]

[ 2016-04-21T08:56:33+08:00 ] ::1 /wemedical/index.php/Patient-Appointment-proccessOrder?doc_id=3&date=2016-04-22
INFO: [ app_init ] --START--
INFO: Run Behavior\BuildLiteBehavior [ RunTime:0.000018s ]
INFO: [ app_init ] --END-- [ RunTime:0.000127s ]
INFO: [ app_begin ] --START--
INFO: Run Behavior\ReadHtmlCacheBehavior [ RunTime:0.000061s ]
INFO: [ app_begin ] --END-- [ RunTime:0.000122s ]

[ 2016-04-21T08:57:38+08:00 ] ::1 /wemedical/index.php/Patient-Appointment-getDoc?num=1&date=2016-04-22
INFO: [ app_init ] --START--
INFO: Run Behavior\BuildLiteBehavior [ RunTime:0.000014s ]
INFO: [ app_init ] --END-- [ RunTime:0.000110s ]
INFO: [ app_begin ] --START--
INFO: Run Behavior\ReadHtmlCacheBehavior [ RunTime:0.000043s ]
INFO: [ app_begin ] --END-- [ RunTime:0.000090s ]
SQL: SHOW COLUMNS FROM `wemedical_doctor` [ RunTime:0.0014s ]
SQL: SELECT `doctor_id`,`name`,`title`,`department`,`specialism`,`order_cost` AS `cost`,`orders_per_day`,`treatment_period` AS `period`,`work_days` FROM `wemedical_doctor` WHERE ( work_days like'%5%' ) ORDER BY doctor_id LIMIT 1,3   [ RunTime:0.0004s ]
SQL: SHOW COLUMNS FROM `wemedical_order` [ RunTime:0.0014s ]
SQL: SELECT * FROM `wemedical_order` WHERE ( DATEDIFF(date,CURDATE())>=1 AND doctor_id='3' ) ORDER BY order_id  [ RunTime:0.0003s ]
SQL: SELECT * FROM `wemedical_order` WHERE ( DATEDIFF(date,CURDATE())>=1 AND doctor_id='4' ) ORDER BY order_id  [ RunTime:0.0003s ]
SQL: SELECT * FROM `wemedical_order` WHERE ( DATEDIFF(date,CURDATE())>=1 AND doctor_id='5' ) ORDER BY order_id  [ RunTime:0.0003s ]
INFO: [ app_end ] --START--
INFO: Run Behavior\ShowPageTraceBehavior [ RunTime:0.000086s ]
INFO: [ app_end ] --END-- [ RunTime:0.000142s ]

[ 2016-04-21T08:57:42+08:00 ] ::1 /wemedical/Patient-Appointment-index
INFO: [ app_init ] --START--
INFO: Run Behavior\BuildLiteBehavior [ RunTime:0.000021s ]
INFO: [ app_init ] --END-- [ RunTime:0.000152s ]
INFO: [ app_begin ] --START--
INFO: Run Behavior\ReadHtmlCacheBehavior [ RunTime:0.000059s ]
INFO: [ app_begin ] --END-- [ RunTime:0.000125s ]
INFO: [ view_parse ] --START--
NOTIC: [2] file_get_contents(./Application/Patient/View/User/Index/header.html): failed to open stream: No such file or directory /Applications/MAMP/htdocs/wemedical/ThinkPHP/Library/Think/Template.class.php 第 696 行.
INFO: [ template_filter ] --START--
INFO: Run Behavior\ContentReplaceBehavior [ RunTime:0.000075s ]
INFO: [ template_filter ] --END-- [ RunTime:0.000141s ]
INFO: Run Behavior\ParseTemplateBehavior [ RunTime:0.006958s ]
INFO: [ view_parse ] --END-- [ RunTime:0.007023s ]
INFO: [ view_filter ] --START--
INFO: Run Behavior\WriteHtmlCacheBehavior [ RunTime:0.000055s ]
INFO: [ view_filter ] --END-- [ RunTime:0.000107s ]
INFO: [ app_end ] --START--
INFO: Run Behavior\ShowPageTraceBehavior [ RunTime:0.000045s ]
INFO: [ app_end ] --END-- [ RunTime:0.000101s ]

[ 2016-04-21T08:57:42+08:00 ] ::1 /wemedical/index.php/Patient-Appointment-getDoc?num=1&date=2016-04-22
INFO: [ app_init ] --START--
INFO: Run Behavior\BuildLiteBehavior [ RunTime:0.000029s ]
INFO: [ app_init ] --END-- [ RunTime:0.000230s ]
INFO: [ app_begin ] --START--
INFO: Run Behavior\ReadHtmlCacheBehavior [ RunTime:0.000078s ]
INFO: [ app_begin ] --END-- [ RunTime:0.000139s ]
SQL: SHOW COLUMNS FROM `wemedical_doctor` [ RunTime:0.0017s ]
SQL: SELECT `doctor_id`,`name`,`title`,`department`,`specialism`,`order_cost` AS `cost`,`orders_per_day`,`treatment_period` AS `period`,`work_days` FROM `wemedical_doctor` WHERE ( work_days like'%5%' ) ORDER BY doctor_id LIMIT 1,3   [ RunTime:0.0006s ]
SQL: SHOW COLUMNS FROM `wemedical_order` [ RunTime:0.0014s ]
SQL: SELECT * FROM `wemedical_order` WHERE ( DATEDIFF(date,CURDATE())>=1 AND doctor_id='3' ) ORDER BY order_id  [ RunTime:0.0003s ]
SQL: SELECT * FROM `wemedical_order` WHERE ( DATEDIFF(date,CURDATE())>=1 AND doctor_id='4' ) ORDER BY order_id  [ RunTime:0.0002s ]
SQL: SELECT * FROM `wemedical_order` WHERE ( DATEDIFF(date,CURDATE())>=1 AND doctor_id='5' ) ORDER BY order_id  [ RunTime:0.0002s ]
INFO: [ app_end ] --START--
INFO: Run Behavior\ShowPageTraceBehavior [ RunTime:0.000133s ]
INFO: [ app_end ] --END-- [ RunTime:0.000193s ]

[ 2016-04-21T08:57:44+08:00 ] ::1 /wemedical/index.php/Patient-Appointment-proccessOrder?doc_id=3&date=2016-04-22
INFO: [ app_init ] --START--
INFO: Run Behavior\BuildLiteBehavior [ RunTime:0.000014s ]
INFO: [ app_init ] --END-- [ RunTime:0.000101s ]
INFO: [ app_begin ] --START--
INFO: Run Behavior\ReadHtmlCacheBehavior [ RunTime:0.000046s ]
INFO: [ app_begin ] --END-- [ RunTime:0.000095s ]
SQL: SHOW COLUMNS FROM `wemedical_order` [ RunTime:0.0054s ]
ERR: 1054:Unknown column 'patient_id' in 'field list'
 [ SQL语句 ] : INSERT INTO `wemedical_order` (`doctor_id`,`patient_id`,`date`) VALUES ('3','1','2016-04-22')
ERR: 1054:Unknown column 'patient_id' in 'field list'
 [ SQL语句 ] : INSERT INTO `wemedical_order` (`doctor_id`,`patient_id`,`date`) VALUES ('3','1','2016-04-22')

[ 2016-04-21T08:57:52+08:00 ] ::1 /wemedical/index.php/Patient-Appointment-proccessOrder?doc_id=3&date=2016-04-22
INFO: [ app_init ] --START--
INFO: Run Behavior\BuildLiteBehavior [ RunTime:0.000016s ]
INFO: [ app_init ] --END-- [ RunTime:0.000107s ]
INFO: [ app_begin ] --START--
INFO: Run Behavior\ReadHtmlCacheBehavior [ RunTime:0.000047s ]
INFO: [ app_begin ] --END-- [ RunTime:0.000106s ]
SQL: SHOW COLUMNS FROM `wemedical_order` [ RunTime:0.0023s ]
ERR: 1054:Unknown column 'patient_id' in 'field list'
 [ SQL语句 ] : INSERT INTO `wemedical_order` (`doctor_id`,`patient_id`,`date`) VALUES ('3','1','2016-04-22')
ERR: 1054:Unknown column 'patient_id' in 'field list'
 [ SQL语句 ] : INSERT INTO `wemedical_order` (`doctor_id`,`patient_id`,`date`) VALUES ('3','1','2016-04-22')

[ 2016-04-21T08:58:49+08:00 ] ::1 /wemedical/Patient-Appointment-index
INFO: [ app_init ] --START--
INFO: Run Behavior\BuildLiteBehavior [ RunTime:0.000017s ]
INFO: [ app_init ] --END-- [ RunTime:0.000148s ]
INFO: [ app_begin ] --START--
INFO: Run Behavior\ReadHtmlCacheBehavior [ RunTime:0.000062s ]
INFO: [ app_begin ] --END-- [ RunTime:0.000128s ]
INFO: [ view_parse ] --START--
NOTIC: [2] file_get_contents(./Application/Patient/View/User/Index/header.html): failed to open stream: No such file or directory /Applications/MAMP/htdocs/wemedical/ThinkPHP/Library/Think/Template.class.php 第 696 行.
INFO: [ template_filter ] --START--
INFO: Run Behavior\ContentReplaceBehavior [ RunTime:0.000092s ]
INFO: [ template_filter ] --END-- [ RunTime:0.000159s ]
INFO: Run Behavior\ParseTemplateBehavior [ RunTime:0.006915s ]
INFO: [ view_parse ] --END-- [ RunTime:0.006979s ]
INFO: [ view_filter ] --START--
INFO: Run Behavior\WriteHtmlCacheBehavior [ RunTime:0.000055s ]
INFO: [ view_filter ] --END-- [ RunTime:0.000107s ]
INFO: [ app_end ] --START--
INFO: Run Behavior\ShowPageTraceBehavior [ RunTime:0.000055s ]
INFO: [ app_end ] --END-- [ RunTime:0.000111s ]

[ 2016-04-21T08:58:49+08:00 ] ::1 /wemedical/index.php/Patient-Appointment-getDoc?num=1&date=2016-04-22
INFO: [ app_init ] --START--
INFO: Run Behavior\BuildLiteBehavior [ RunTime:0.000017s ]
INFO: [ app_init ] --END-- [ RunTime:0.000137s ]
INFO: [ app_begin ] --START--
INFO: Run Behavior\ReadHtmlCacheBehavior [ RunTime:0.000053s ]
INFO: [ app_begin ] --END-- [ RunTime:0.000147s ]
SQL: SHOW COLUMNS FROM `wemedical_doctor` [ RunTime:0.0014s ]
SQL: SELECT `doctor_id`,`name`,`title`,`department`,`specialism`,`order_cost` AS `cost`,`orders_per_day`,`treatment_period` AS `period`,`work_days` FROM `wemedical_doctor` WHERE ( work_days like'%5%' ) ORDER BY doctor_id LIMIT 1,3   [ RunTime:0.0003s ]
SQL: SHOW COLUMNS FROM `wemedical_order` [ RunTime:0.0010s ]
SQL: SELECT * FROM `wemedical_order` WHERE ( DATEDIFF(date,CURDATE())>=1 AND doctor_id='3' ) ORDER BY order_id  [ RunTime:0.0003s ]
SQL: SELECT * FROM `wemedical_order` WHERE ( DATEDIFF(date,CURDATE())>=1 AND doctor_id='4' ) ORDER BY order_id  [ RunTime:0.0004s ]
SQL: SELECT * FROM `wemedical_order` WHERE ( DATEDIFF(date,CURDATE())>=1 AND doctor_id='5' ) ORDER BY order_id  [ RunTime:0.0004s ]
INFO: [ app_end ] --START--
INFO: Run Behavior\ShowPageTraceBehavior [ RunTime:0.000096s ]
INFO: [ app_end ] --END-- [ RunTime:0.000178s ]

[ 2016-04-21T08:58:53+08:00 ] ::1 /wemedical/index.php/Patient-Appointment-proccessOrder?doc_id=3&date=2016-04-22
INFO: [ app_init ] --START--
INFO: Run Behavior\BuildLiteBehavior [ RunTime:0.000018s ]
INFO: [ app_init ] --END-- [ RunTime:0.000126s ]
INFO: [ app_begin ] --START--
INFO: Run Behavior\ReadHtmlCacheBehavior [ RunTime:0.000075s ]
INFO: [ app_begin ] --END-- [ RunTime:0.000156s ]
SQL: SHOW COLUMNS FROM `wemedical_order` [ RunTime:0.0014s ]
SQL: INSERT INTO `wemedical_order` (`doctor_id`,`patient_id`,`date`) VALUES ('3','1','2016-04-22') [ RunTime:0.0005s ]

[ 2016-04-21T08:59:21+08:00 ] ::1 /wemedical/index.php/Patient-Appointment-proccessOrder?doc_id=4&date=2016-04-22
INFO: [ app_init ] --START--
INFO: Run Behavior\BuildLiteBehavior [ RunTime:0.000015s ]
INFO: [ app_init ] --END-- [ RunTime:0.000111s ]
INFO: [ app_begin ] --START--
INFO: Run Behavior\ReadHtmlCacheBehavior [ RunTime:0.000059s ]
INFO: [ app_begin ] --END-- [ RunTime:0.000147s ]
SQL: SHOW COLUMNS FROM `wemedical_order` [ RunTime:0.0056s ]
SQL: INSERT INTO `wemedical_order` (`doctor_id`,`patient_id`,`date`) VALUES ('4','1','2016-04-22') [ RunTime:0.0004s ]

[ 2016-04-21T09:03:12+08:00 ] ::1 /wemedical/Patient-Appointment-index
INFO: [ app_init ] --START--
INFO: Run Behavior\BuildLiteBehavior [ RunTime:0.000015s ]
INFO: [ app_init ] --END-- [ RunTime:0.000138s ]
INFO: [ app_begin ] --START--
INFO: Run Behavior\ReadHtmlCacheBehavior [ RunTime:0.000052s ]
INFO: [ app_begin ] --END-- [ RunTime:0.000106s ]

[ 2016-04-21T09:03:40+08:00 ] ::1 /wemedical/Patient-Appointment-index
INFO: [ app_init ] --START--
INFO: Run Behavior\BuildLiteBehavior [ RunTime:0.000029s ]
INFO: [ app_init ] --END-- [ RunTime:0.000213s ]
INFO: [ app_begin ] --START--
INFO: Run Behavior\ReadHtmlCacheBehavior [ RunTime:0.000073s ]
INFO: [ app_begin ] --END-- [ RunTime:0.000129s ]
INFO: [ view_parse ] --START--
NOTIC: [2] file_get_contents(./Application/Patient/View/User/Index/header.html): failed to open stream: No such file or directory /Applications/MAMP/htdocs/wemedical/ThinkPHP/Library/Think/Template.class.php 第 696 行.
INFO: [ template_filter ] --START--
INFO: Run Behavior\ContentReplaceBehavior [ RunTime:0.000110s ]
INFO: [ template_filter ] --END-- [ RunTime:0.000217s ]
INFO: Run Behavior\ParseTemplateBehavior [ RunTime:0.006407s ]
INFO: [ view_parse ] --END-- [ RunTime:0.006466s ]
INFO: [ view_filter ] --START--
INFO: Run Behavior\WriteHtmlCacheBehavior [ RunTime:0.000063s ]
INFO: [ view_filter ] --END-- [ RunTime:0.000110s ]
INFO: [ app_end ] --START--
INFO: Run Behavior\ShowPageTraceBehavior [ RunTime:0.000078s ]
INFO: [ app_end ] --END-- [ RunTime:0.000130s ]

[ 2016-04-21T09:03:40+08:00 ] ::1 /wemedical/index.php/Patient-Appointment-getDoc?num=1&date=2016-04-22
INFO: [ app_init ] --START--
INFO: Run Behavior\BuildLiteBehavior [ RunTime:0.000028s ]
INFO: [ app_init ] --END-- [ RunTime:0.000220s ]
INFO: [ app_begin ] --START--
INFO: Run Behavior\ReadHtmlCacheBehavior [ RunTime:0.000073s ]
INFO: [ app_begin ] --END-- [ RunTime:0.000124s ]
SQL: SHOW COLUMNS FROM `wemedical_doctor` [ RunTime:0.0015s ]
SQL: SELECT `doctor_id`,`name`,`title`,`department`,`specialism`,`order_cost` AS `cost`,`orders_per_day`,`treatment_period` AS `period`,`work_days` FROM `wemedical_doctor` WHERE ( work_days like'%5%' ) ORDER BY doctor_id LIMIT 1,3   [ RunTime:0.0004s ]
SQL: SHOW COLUMNS FROM `wemedical_order` [ RunTime:0.0013s ]
SQL: SELECT * FROM `wemedical_order` WHERE ( DATEDIFF(date,CURDATE())>=1 AND doctor_id='3' ) ORDER BY order_id  [ RunTime:0.0004s ]
SQL: SELECT * FROM `wemedical_order` WHERE ( DATEDIFF(date,CURDATE())>=1 AND doctor_id='4' ) ORDER BY order_id  [ RunTime:0.0003s ]
SQL: SELECT * FROM `wemedical_order` WHERE ( DATEDIFF(date,CURDATE())>=1 AND doctor_id='5' ) ORDER BY order_id  [ RunTime:0.0004s ]
INFO: [ app_end ] --START--
INFO: Run Behavior\ShowPageTraceBehavior [ RunTime:0.000135s ]
INFO: [ app_end ] --END-- [ RunTime:0.000211s ]

[ 2016-04-21T09:03:44+08:00 ] ::1 /wemedical/Patient-Appointment-index
INFO: [ app_init ] --START--
INFO: Run Behavior\BuildLiteBehavior [ RunTime:0.000019s ]
INFO: [ app_init ] --END-- [ RunTime:0.000128s ]
INFO: [ app_begin ] --START--
INFO: Run Behavior\ReadHtmlCacheBehavior [ RunTime:0.000058s ]
INFO: [ app_begin ] --END-- [ RunTime:0.000130s ]
INFO: [ view_parse ] --START--
NOTIC: [2] file_get_contents(./Application/Patient/View/User/Index/header.html): failed to open stream: No such file or directory /Applications/MAMP/htdocs/wemedical/ThinkPHP/Library/Think/Template.class.php 第 696 行.
INFO: [ template_filter ] --START--
INFO: Run Behavior\ContentReplaceBehavior [ RunTime:0.000099s ]
INFO: [ template_filter ] --END-- [ RunTime:0.000183s ]
INFO: Run Behavior\ParseTemplateBehavior [ RunTime:0.007650s ]
INFO: [ view_parse ] --END-- [ RunTime:0.007730s ]
INFO: [ view_filter ] --START--
INFO: Run Behavior\WriteHtmlCacheBehavior [ RunTime:0.000064s ]
INFO: [ view_filter ] --END-- [ RunTime:0.000113s ]
INFO: [ app_end ] --START--
INFO: Run Behavior\ShowPageTraceBehavior [ RunTime:0.000045s ]
INFO: [ app_end ] --END-- [ RunTime:0.000098s ]

[ 2016-04-21T09:03:44+08:00 ] ::1 /wemedical/index.php/Patient-Appointment-getDoc?num=1&date=2016-04-22
INFO: [ app_init ] --START--
INFO: Run Behavior\BuildLiteBehavior [ RunTime:0.000016s ]
INFO: [ app_init ] --END-- [ RunTime:0.000150s ]
INFO: [ app_begin ] --START--
INFO: Run Behavior\ReadHtmlCacheBehavior [ RunTime:0.000054s ]
INFO: [ app_begin ] --END-- [ RunTime:0.000114s ]
SQL: SHOW COLUMNS FROM `wemedical_doctor` [ RunTime:0.0014s ]
SQL: SELECT `doctor_id`,`name`,`title`,`department`,`specialism`,`order_cost` AS `cost`,`orders_per_day`,`treatment_period` AS `period`,`work_days` FROM `wemedical_doctor` WHERE ( work_days like'%5%' ) ORDER BY doctor_id LIMIT 1,3   [ RunTime:0.0003s ]
SQL: SHOW COLUMNS FROM `wemedical_order` [ RunTime:0.0010s ]
SQL: SELECT * FROM `wemedical_order` WHERE ( DATEDIFF(date,CURDATE())>=1 AND doctor_id='3' ) ORDER BY order_id  [ RunTime:0.0003s ]
SQL: SELECT * FROM `wemedical_order` WHERE ( DATEDIFF(date,CURDATE())>=1 AND doctor_id='4' ) ORDER BY order_id  [ RunTime:0.0002s ]
SQL: SELECT * FROM `wemedical_order` WHERE ( DATEDIFF(date,CURDATE())>=1 AND doctor_id='5' ) ORDER BY order_id  [ RunTime:0.0004s ]
INFO: [ app_end ] --START--
INFO: Run Behavior\ShowPageTraceBehavior [ RunTime:0.000090s ]
INFO: [ app_end ] --END-- [ RunTime:0.000153s ]

[ 2016-04-21T09:03:48+08:00 ] ::1 /wemedical/index.php/Patient-Appointment-getDoc?num=2&date=2016-04-22
INFO: [ app_init ] --START--
INFO: Run Behavior\BuildLiteBehavior [ RunTime:0.000015s ]
INFO: [ app_init ] --END-- [ RunTime:0.000102s ]
INFO: [ app_begin ] --START--
INFO: Run Behavior\ReadHtmlCacheBehavior [ RunTime:0.000055s ]
INFO: [ app_begin ] --END-- [ RunTime:0.000109s ]
SQL: SHOW COLUMNS FROM `wemedical_doctor` [ RunTime:0.0057s ]
SQL: SELECT `doctor_id`,`name`,`title`,`department`,`specialism`,`order_cost` AS `cost`,`orders_per_day`,`treatment_period` AS `period`,`work_days` FROM `wemedical_doctor` WHERE ( work_days like'%5%' ) ORDER BY doctor_id LIMIT 4,1   [ RunTime:0.0003s ]
SQL: SHOW COLUMNS FROM `wemedical_order` [ RunTime:0.0008s ]
SQL: SELECT * FROM `wemedical_order` WHERE ( DATEDIFF(date,CURDATE())>=1 AND doctor_id='6' ) ORDER BY order_id  [ RunTime:0.0002s ]
INFO: [ app_end ] --START--
INFO: Run Behavior\ShowPageTraceBehavior [ RunTime:0.000057s ]
INFO: [ app_end ] --END-- [ RunTime:0.000104s ]

[ 2016-04-21T09:04:02+08:00 ] ::1 /wemedical/index.php/Patient-Appointment-proccessOrder?doc_id=6&date=2016-04-22
INFO: [ app_init ] --START--
INFO: Run Behavior\BuildLiteBehavior [ RunTime:0.000044s ]
INFO: [ app_init ] --END-- [ RunTime:0.000259s ]
INFO: [ app_begin ] --START--
INFO: Run Behavior\ReadHtmlCacheBehavior [ RunTime:0.000087s ]
INFO: [ app_begin ] --END-- [ RunTime:0.000157s ]
SQL: SHOW COLUMNS FROM `wemedical_order` [ RunTime:0.0053s ]
SQL: INSERT INTO `wemedical_order` (`doctor_id`,`patient_id`,`date`) VALUES ('6','1','2016-04-22') [ RunTime:0.0004s ]

[ 2016-04-21T09:04:08+08:00 ] ::1 /wemedical/index.php/Patient-Appointment-getDoc?num=3&date=2016-04-22
INFO: [ app_init ] --START--
INFO: Run Behavior\BuildLiteBehavior [ RunTime:0.000019s ]
INFO: [ app_init ] --END-- [ RunTime:0.000123s ]
INFO: [ app_begin ] --START--
INFO: Run Behavior\ReadHtmlCacheBehavior [ RunTime:0.000043s ]
INFO: [ app_begin ] --END-- [ RunTime:0.000089s ]
SQL: SHOW COLUMNS FROM `wemedical_doctor` [ RunTime:0.0056s ]
SQL: SELECT `doctor_id`,`name`,`title`,`department`,`specialism`,`order_cost` AS `cost`,`orders_per_day`,`treatment_period` AS `period`,`work_days` FROM `wemedical_doctor` WHERE ( work_days like'%5%' ) ORDER BY doctor_id LIMIT 5,1   [ RunTime:0.0003s ]
INFO: [ app_end ] --START--
INFO: Run Behavior\ShowPageTraceBehavior [ RunTime:0.000068s ]
INFO: [ app_end ] --END-- [ RunTime:0.000162s ]

