[ 2016-04-28T15:59:12+08:00 ] ::1 /wemedical/Patient-Appointment-index
INFO: [ app_init ] --START--
INFO: Run Behavior\BuildLiteBehavior [ RunTime:0.000045s ]
INFO: [ app_init ] --END-- [ RunTime:0.000354s ]
INFO: [ app_begin ] --START--
INFO: Run Behavior\ReadHtmlCacheBehavior [ RunTime:0.000101s ]
INFO: [ app_begin ] --END-- [ RunTime:0.000178s ]
INFO: [ view_parse ] --START--
NOTIC: [2] file_get_contents(./Application/Patient/View/User/Index/header.html): failed to open stream: No such file or directory /Applications/MAMP/htdocs/wemedical/ThinkPHP/Library/Think/Template.class.php 第 696 行.
INFO: [ template_filter ] --START--
INFO: Run Behavior\ContentReplaceBehavior [ RunTime:0.000093s ]
INFO: [ template_filter ] --END-- [ RunTime:0.000163s ]
INFO: Run Behavior\ParseTemplateBehavior [ RunTime:0.025186s ]
INFO: [ view_parse ] --END-- [ RunTime:0.025246s ]
INFO: [ view_filter ] --START--
INFO: Run Behavior\WriteHtmlCacheBehavior [ RunTime:0.001536s ]
INFO: [ view_filter ] --END-- [ RunTime:0.001643s ]
INFO: [ app_end ] --START--
INFO: Run Behavior\ShowPageTraceBehavior [ RunTime:0.000171s ]
INFO: [ app_end ] --END-- [ RunTime:0.000286s ]

[ 2016-04-28T15:59:12+08:00 ] ::1 /wemedical/index.php/Patient-Appointment-getDoc?num=1&date=2016-04-29
INFO: [ app_init ] --START--
INFO: Run Behavior\BuildLiteBehavior [ RunTime:0.000045s ]
INFO: [ app_init ] --END-- [ RunTime:0.000322s ]
INFO: [ app_begin ] --START--
INFO: Run Behavior\ReadHtmlCacheBehavior [ RunTime:0.000106s ]
INFO: [ app_begin ] --END-- [ RunTime:0.000170s ]
SQL: SHOW COLUMNS FROM `wemedical_doctor` [ RunTime:0.0016s ]
SQL: SELECT `doctor_id`,`name`,`title`,`department`,`specialism`,`order_cost` AS `cost`,`orders_per_day`,`treatment_period` AS `period`,`work_days` FROM `wemedical_doctor` WHERE ( work_days like'%5%' ) ORDER BY doctor_id LIMIT 0,3   [ RunTime:0.0003s ]
SQL: SHOW COLUMNS FROM `wemedical_order` [ RunTime:0.0010s ]
SQL: SELECT * FROM `wemedical_order` WHERE ( DATEDIFF(date,CURDATE())>=1 AND doctor_id='1' ) ORDER BY order_id  [ RunTime:0.0003s ]
SQL: SELECT * FROM `wemedical_order` WHERE ( DATEDIFF(date,CURDATE())>=1 AND doctor_id='3' ) ORDER BY order_id  [ RunTime:0.0001s ]
SQL: SELECT * FROM `wemedical_order` WHERE ( DATEDIFF(date,CURDATE())>=1 AND doctor_id='4' ) ORDER BY order_id  [ RunTime:0.0001s ]
INFO: [ app_end ] --START--
INFO: Run Behavior\ShowPageTraceBehavior [ RunTime:0.000078s ]
INFO: [ app_end ] --END-- [ RunTime:0.000133s ]

[ 2016-04-28T16:05:33+08:00 ] ::1 /wemedical/Patient-Appointment-index
INFO: [ app_init ] --START--
INFO: Run Behavior\BuildLiteBehavior [ RunTime:0.000035s ]
INFO: [ app_init ] --END-- [ RunTime:0.000293s ]
INFO: [ app_begin ] --START--
INFO: Run Behavior\ReadHtmlCacheBehavior [ RunTime:0.000087s ]
INFO: [ app_begin ] --END-- [ RunTime:0.000154s ]
INFO: [ view_parse ] --START--
NOTIC: [2] file_get_contents(./Application/Patient/View/User/Index/header.html): failed to open stream: No such file or directory /Applications/MAMP/htdocs/wemedical/ThinkPHP/Library/Think/Template.class.php 第 696 行.
INFO: [ template_filter ] --START--
INFO: Run Behavior\ContentReplaceBehavior [ RunTime:0.000107s ]
INFO: [ template_filter ] --END-- [ RunTime:0.000168s ]
INFO: Run Behavior\ParseTemplateBehavior [ RunTime:0.007095s ]
INFO: [ view_parse ] --END-- [ RunTime:0.007155s ]
INFO: [ view_filter ] --START--
INFO: Run Behavior\WriteHtmlCacheBehavior [ RunTime:0.000057s ]
INFO: [ view_filter ] --END-- [ RunTime:0.000103s ]
INFO: [ app_end ] --START--
INFO: Run Behavior\ShowPageTraceBehavior [ RunTime:0.000093s ]
INFO: [ app_end ] --END-- [ RunTime:0.000144s ]

[ 2016-04-28T16:05:33+08:00 ] ::1 /wemedical/index.php/Patient-Appointment-getDoc?num=1&date=2016-04-29
INFO: [ app_init ] --START--
INFO: Run Behavior\BuildLiteBehavior [ RunTime:0.000030s ]
INFO: [ app_init ] --END-- [ RunTime:0.000222s ]
INFO: [ app_begin ] --START--
INFO: Run Behavior\ReadHtmlCacheBehavior [ RunTime:0.000074s ]
INFO: [ app_begin ] --END-- [ RunTime:0.000125s ]
SQL: SHOW COLUMNS FROM `wemedical_doctor` [ RunTime:0.0015s ]
SQL: SELECT `doctor_id`,`name`,`title`,`department`,`specialism`,`order_cost` AS `cost`,`orders_per_day`,`treatment_period` AS `period`,`work_days` FROM `wemedical_doctor` WHERE ( work_days like'%5%' ) ORDER BY doctor_id LIMIT 0,3   [ RunTime:0.0004s ]
SQL: SHOW COLUMNS FROM `wemedical_order` [ RunTime:0.0014s ]
SQL: SELECT * FROM `wemedical_order` WHERE ( DATEDIFF(date,CURDATE())>=1 AND doctor_id='1' ) ORDER BY order_id  [ RunTime:0.0004s ]
SQL: SELECT * FROM `wemedical_order` WHERE ( DATEDIFF(date,CURDATE())>=1 AND doctor_id='3' ) ORDER BY order_id  [ RunTime:0.0002s ]
SQL: SELECT * FROM `wemedical_order` WHERE ( DATEDIFF(date,CURDATE())>=1 AND doctor_id='4' ) ORDER BY order_id  [ RunTime:0.0002s ]
INFO: [ app_end ] --START--
INFO: Run Behavior\ShowPageTraceBehavior [ RunTime:0.000090s ]
INFO: [ app_end ] --END-- [ RunTime:0.000142s ]

[ 2016-04-28T16:12:46+08:00 ] ::1 /wemedical/Patient-Appointment-index
INFO: [ app_init ] --START--
INFO: Run Behavior\BuildLiteBehavior [ RunTime:0.000034s ]
INFO: [ app_init ] --END-- [ RunTime:0.000267s ]
INFO: [ app_begin ] --START--
INFO: Run Behavior\ReadHtmlCacheBehavior [ RunTime:0.000102s ]
INFO: [ app_begin ] --END-- [ RunTime:0.000178s ]
INFO: [ view_parse ] --START--
NOTIC: [2] file_get_contents(./Application/Patient/View/User/Index/header.html): failed to open stream: No such file or directory /Applications/MAMP/htdocs/wemedical/ThinkPHP/Library/Think/Template.class.php 第 696 行.
INFO: [ template_filter ] --START--
INFO: Run Behavior\ContentReplaceBehavior [ RunTime:0.000104s ]
INFO: [ template_filter ] --END-- [ RunTime:0.000168s ]
INFO: Run Behavior\ParseTemplateBehavior [ RunTime:0.007230s ]
INFO: [ view_parse ] --END-- [ RunTime:0.007308s ]
INFO: [ view_filter ] --START--
INFO: Run Behavior\WriteHtmlCacheBehavior [ RunTime:0.000057s ]
INFO: [ view_filter ] --END-- [ RunTime:0.000103s ]
INFO: [ app_end ] --START--
INFO: Run Behavior\ShowPageTraceBehavior [ RunTime:0.000083s ]
INFO: [ app_end ] --END-- [ RunTime:0.000143s ]

[ 2016-04-28T16:12:46+08:00 ] ::1 /wemedical/index.php/Patient-Appointment-getDoc?num=1&date=2016-04-29
INFO: [ app_init ] --START--
INFO: Run Behavior\BuildLiteBehavior [ RunTime:0.000015s ]
INFO: [ app_init ] --END-- [ RunTime:0.000114s ]
INFO: [ app_begin ] --START--
INFO: Run Behavior\ReadHtmlCacheBehavior [ RunTime:0.000082s ]
INFO: [ app_begin ] --END-- [ RunTime:0.000155s ]
SQL: SHOW COLUMNS FROM `wemedical_doctor` [ RunTime:0.0013s ]
SQL: SELECT `doctor_id`,`name`,`title`,`department`,`specialism`,`order_cost` AS `cost`,`orders_per_day`,`treatment_period` AS `period`,`work_days` FROM `wemedical_doctor` WHERE ( work_days like'%5%' ) ORDER BY doctor_id LIMIT 0,3   [ RunTime:0.0003s ]
SQL: SHOW COLUMNS FROM `wemedical_order` [ RunTime:0.0010s ]
SQL: SELECT * FROM `wemedical_order` WHERE ( DATEDIFF(date,CURDATE())>=1 AND doctor_id='1' ) ORDER BY order_id  [ RunTime:0.0003s ]
SQL: SELECT * FROM `wemedical_order` WHERE ( DATEDIFF(date,CURDATE())>=1 AND doctor_id='3' ) ORDER BY order_id  [ RunTime:0.0001s ]
SQL: SELECT * FROM `wemedical_order` WHERE ( DATEDIFF(date,CURDATE())>=1 AND doctor_id='4' ) ORDER BY order_id  [ RunTime:0.0001s ]
INFO: [ app_end ] --START--
INFO: Run Behavior\ShowPageTraceBehavior [ RunTime:0.000061s ]
INFO: [ app_end ] --END-- [ RunTime:0.000117s ]

[ 2016-04-28T16:52:45+08:00 ] ::1 /wemedical/index.php/Patient-Appointment-getDoc?num=1&date=2016-04-29
INFO: [ app_init ] --START--
INFO: Run Behavior\BuildLiteBehavior [ RunTime:0.000022s ]
INFO: [ app_init ] --END-- [ RunTime:0.000173s ]
INFO: [ app_begin ] --START--
INFO: Run Behavior\ReadHtmlCacheBehavior [ RunTime:0.000084s ]
INFO: [ app_begin ] --END-- [ RunTime:0.000157s ]
SQL: SHOW COLUMNS FROM `wemedical_doctor` [ RunTime:0.0016s ]
SQL: SELECT `doctor_id`,`name`,`title`,`department`,`specialism`,`order_cost` AS `cost`,`orders_per_day`,`treatment_period` AS `period`,`work_days` FROM `wemedical_doctor` WHERE ( work_days like'%5%' ) ORDER BY doctor_id LIMIT 0,3   [ RunTime:0.0004s ]
SQL: SHOW COLUMNS FROM `wemedical_order` [ RunTime:0.0010s ]
SQL: SELECT * FROM `wemedical_order` WHERE ( DATEDIFF(date,CURDATE())>=1 AND doctor_id='1' ) ORDER BY order_id  [ RunTime:0.0003s ]
SQL: SELECT * FROM `wemedical_order` WHERE ( DATEDIFF(date,CURDATE())>=1 AND doctor_id='3' ) ORDER BY order_id  [ RunTime:0.0002s ]
SQL: SELECT * FROM `wemedical_order` WHERE ( DATEDIFF(date,CURDATE())>=1 AND doctor_id='4' ) ORDER BY order_id  [ RunTime:0.0003s ]
INFO: [ app_end ] --START--
INFO: Run Behavior\ShowPageTraceBehavior [ RunTime:0.000146s ]
INFO: [ app_end ] --END-- [ RunTime:0.000253s ]

[ 2016-04-28T16:52:46+08:00 ] ::1 /wemedical/Patient-Appointment-index
INFO: [ app_init ] --START--
INFO: Run Behavior\BuildLiteBehavior [ RunTime:0.000018s ]
INFO: [ app_init ] --END-- [ RunTime:0.000126s ]
INFO: [ app_begin ] --START--
INFO: Run Behavior\ReadHtmlCacheBehavior [ RunTime:0.000105s ]
INFO: [ app_begin ] --END-- [ RunTime:0.000172s ]
INFO: [ view_parse ] --START--
NOTIC: [2] file_get_contents(./Application/Patient/View/User/Index/header.html): failed to open stream: No such file or directory /Applications/MAMP/htdocs/wemedical/ThinkPHP/Library/Think/Template.class.php 第 696 行.
INFO: [ template_filter ] --START--
INFO: Run Behavior\ContentReplaceBehavior [ RunTime:0.000100s ]
INFO: [ template_filter ] --END-- [ RunTime:0.000169s ]
INFO: Run Behavior\ParseTemplateBehavior [ RunTime:0.007715s ]
INFO: [ view_parse ] --END-- [ RunTime:0.007775s ]
INFO: [ view_filter ] --START--
INFO: Run Behavior\WriteHtmlCacheBehavior [ RunTime:0.000050s ]
INFO: [ view_filter ] --END-- [ RunTime:0.000096s ]
INFO: [ app_end ] --START--
INFO: Run Behavior\ShowPageTraceBehavior [ RunTime:0.000043s ]
INFO: [ app_end ] --END-- [ RunTime:0.000111s ]

[ 2016-04-28T16:52:47+08:00 ] ::1 /wemedical/index.php/Patient-Appointment-getDoc?num=1&date=2016-04-29
INFO: [ app_init ] --START--
INFO: Run Behavior\BuildLiteBehavior [ RunTime:0.000022s ]
INFO: [ app_init ] --END-- [ RunTime:0.000152s ]
INFO: [ app_begin ] --START--
INFO: Run Behavior\ReadHtmlCacheBehavior [ RunTime:0.000053s ]
INFO: [ app_begin ] --END-- [ RunTime:0.000117s ]
SQL: SHOW COLUMNS FROM `wemedical_doctor` [ RunTime:0.0015s ]
SQL: SELECT `doctor_id`,`name`,`title`,`department`,`specialism`,`order_cost` AS `cost`,`orders_per_day`,`treatment_period` AS `period`,`work_days` FROM `wemedical_doctor` WHERE ( work_days like'%5%' ) ORDER BY doctor_id LIMIT 0,3   [ RunTime:0.0003s ]
SQL: SHOW COLUMNS FROM `wemedical_order` [ RunTime:0.0010s ]
SQL: SELECT * FROM `wemedical_order` WHERE ( DATEDIFF(date,CURDATE())>=1 AND doctor_id='1' ) ORDER BY order_id  [ RunTime:0.0003s ]
SQL: SELECT * FROM `wemedical_order` WHERE ( DATEDIFF(date,CURDATE())>=1 AND doctor_id='3' ) ORDER BY order_id  [ RunTime:0.0002s ]
SQL: SELECT * FROM `wemedical_order` WHERE ( DATEDIFF(date,CURDATE())>=1 AND doctor_id='4' ) ORDER BY order_id  [ RunTime:0.0002s ]
INFO: [ app_end ] --START--
INFO: Run Behavior\ShowPageTraceBehavior [ RunTime:0.000063s ]
INFO: [ app_end ] --END-- [ RunTime:0.000115s ]

