[ 2016-04-09T22:13:51+08:00 ] ::1 /wemedical/Patient-Appointment-index
INFO: [ app_init ] --START--
INFO: Run Behavior\BuildLiteBehavior [ RunTime:0.000034s ]
INFO: [ app_init ] --END-- [ RunTime:0.000236s ]
INFO: [ app_begin ] --START--
INFO: Run Behavior\ReadHtmlCacheBehavior [ RunTime:0.000113s ]
INFO: [ app_begin ] --END-- [ RunTime:0.000193s ]
ERR: 1146:Table 'wemedical.wemedical_docter' doesn't exist
 [ SQL语句 ] : SHOW COLUMNS FROM `wemedical_docter`
ERR: 1146:Table 'wemedical.wemedical_docter' doesn't exist
 [ SQL语句 ] : SHOW COLUMNS FROM `wemedical_docter`

[ 2016-04-09T22:14:33+08:00 ] ::1 /wemedical/Patient-Appointment-index
INFO: [ app_init ] --START--
INFO: Run Behavior\BuildLiteBehavior [ RunTime:0.000034s ]
INFO: [ app_init ] --END-- [ RunTime:0.000255s ]
INFO: [ app_begin ] --START--
INFO: Run Behavior\ReadHtmlCacheBehavior [ RunTime:0.000083s ]
INFO: [ app_begin ] --END-- [ RunTime:0.000146s ]
ERR: 1146:Table 'wemedical.wemedical_docter' doesn't exist
 [ SQL语句 ] : SHOW COLUMNS FROM `wemedical_docter`
ERR: 1146:Table 'wemedical.wemedical_docter' doesn't exist
 [ SQL语句 ] : SHOW COLUMNS FROM `wemedical_docter`

[ 2016-04-09T22:14:36+08:00 ] ::1 /wemedical/Patient-Appointment-index
INFO: [ app_init ] --START--
INFO: Run Behavior\BuildLiteBehavior [ RunTime:0.000018s ]
INFO: [ app_init ] --END-- [ RunTime:0.000127s ]
INFO: [ app_begin ] --START--
INFO: Run Behavior\ReadHtmlCacheBehavior [ RunTime:0.000053s ]
INFO: [ app_begin ] --END-- [ RunTime:0.000119s ]
ERR: 1146:Table 'wemedical.wemedical_docter' doesn't exist
 [ SQL语句 ] : SHOW COLUMNS FROM `wemedical_docter`
ERR: 1146:Table 'wemedical.wemedical_docter' doesn't exist
 [ SQL语句 ] : SHOW COLUMNS FROM `wemedical_docter`

[ 2016-04-09T22:14:40+08:00 ] ::1 /wemedical/Patient-Appointment-ind
INFO: [ app_init ] --START--
INFO: Run Behavior\BuildLiteBehavior [ RunTime:0.000022s ]
INFO: [ app_init ] --END-- [ RunTime:0.000148s ]
INFO: [ app_begin ] --START--
INFO: Run Behavior\ReadHtmlCacheBehavior [ RunTime:0.000063s ]
INFO: [ app_begin ] --END-- [ RunTime:0.000137s ]
ERR: 非法操作:ind

[ 2016-04-09T22:14:48+08:00 ] ::1 /wemedical/Patient-Appointment-index
INFO: [ app_init ] --START--
INFO: Run Behavior\BuildLiteBehavior [ RunTime:0.000018s ]
INFO: [ app_init ] --END-- [ RunTime:0.000126s ]
INFO: [ app_begin ] --START--
INFO: Run Behavior\ReadHtmlCacheBehavior [ RunTime:0.000052s ]
INFO: [ app_begin ] --END-- [ RunTime:0.000119s ]
ERR: 1146:Table 'wemedical.wemedical_docter' doesn't exist
 [ SQL语句 ] : SHOW COLUMNS FROM `wemedical_docter`
ERR: 1146:Table 'wemedical.wemedical_docter' doesn't exist
 [ SQL语句 ] : SHOW COLUMNS FROM `wemedical_docter`

[ 2016-04-09T22:14:53+08:00 ] ::1 /wemedical/Patient-Appointment-index
INFO: [ app_init ] --START--
INFO: Run Behavior\BuildLiteBehavior [ RunTime:0.000031s ]
INFO: [ app_init ] --END-- [ RunTime:0.000240s ]
INFO: [ app_begin ] --START--
INFO: Run Behavior\ReadHtmlCacheBehavior [ RunTime:0.000088s ]
INFO: [ app_begin ] --END-- [ RunTime:0.000148s ]
SQL: SHOW COLUMNS FROM `wemedical_doctor` [ RunTime:0.0014s ]
ERR: 1054:Unknown column 'id' in 'order clause'
 [ SQL语句 ] : SELECT * FROM `wemedical_doctor` ORDER BY id LIMIT 3  
ERR: 1054:Unknown column 'id' in 'order clause'
 [ SQL语句 ] : SELECT * FROM `wemedical_doctor` ORDER BY id LIMIT 3  

[ 2016-04-09T22:15:12+08:00 ] ::1 /wemedical/Patient-Appointment-index
INFO: [ app_init ] --START--
INFO: Run Behavior\BuildLiteBehavior [ RunTime:0.000028s ]
INFO: [ app_init ] --END-- [ RunTime:0.000204s ]
INFO: [ app_begin ] --START--
INFO: Run Behavior\ReadHtmlCacheBehavior [ RunTime:0.000077s ]
INFO: [ app_begin ] --END-- [ RunTime:0.000147s ]
SQL: SHOW COLUMNS FROM `wemedical_doctor` [ RunTime:0.0014s ]
ERR: 1054:Unknown column 'id' in 'order clause'
 [ SQL语句 ] : SELECT * FROM `wemedical_doctor` ORDER BY id LIMIT 3  
ERR: 1054:Unknown column 'id' in 'order clause'
 [ SQL语句 ] : SELECT * FROM `wemedical_doctor` ORDER BY id LIMIT 3  

[ 2016-04-09T22:15:48+08:00 ] ::1 /wemedical/Patient-Appointment-index
INFO: [ app_init ] --START--
INFO: Run Behavior\BuildLiteBehavior [ RunTime:0.000015s ]
INFO: [ app_init ] --END-- [ RunTime:0.000102s ]
INFO: [ app_begin ] --START--
INFO: Run Behavior\ReadHtmlCacheBehavior [ RunTime:0.000043s ]
INFO: [ app_begin ] --END-- [ RunTime:0.000095s ]
SQL: SHOW COLUMNS FROM `wemedical_doctor` [ RunTime:0.0015s ]
ERR: 1054:Unknown column 'id' in 'order clause'
 [ SQL语句 ] : SELECT * FROM `wemedical_doctor` ORDER BY id LIMIT 3  
ERR: 1054:Unknown column 'id' in 'order clause'
 [ SQL语句 ] : SELECT * FROM `wemedical_doctor` ORDER BY id LIMIT 3  

[ 2016-04-09T22:15:50+08:00 ] ::1 /wemedical/Patient-Appointment-index
INFO: [ app_init ] --START--
INFO: Run Behavior\BuildLiteBehavior [ RunTime:0.000020s ]
INFO: [ app_init ] --END-- [ RunTime:0.000150s ]
INFO: [ app_begin ] --START--
INFO: Run Behavior\ReadHtmlCacheBehavior [ RunTime:0.000063s ]
INFO: [ app_begin ] --END-- [ RunTime:0.000145s ]
SQL: SHOW COLUMNS FROM `wemedical_doctor` [ RunTime:0.0062s ]
ERR: 1054:Unknown column 'id' in 'order clause'
 [ SQL语句 ] : SELECT * FROM `wemedical_doctor` ORDER BY id LIMIT 3  
ERR: 1054:Unknown column 'id' in 'order clause'
 [ SQL语句 ] : SELECT * FROM `wemedical_doctor` ORDER BY id LIMIT 3  

[ 2016-04-09T22:15:53+08:00 ] ::1 /wemedical/Patient-Appointment-index
INFO: [ app_init ] --START--
INFO: Run Behavior\BuildLiteBehavior [ RunTime:0.000018s ]
INFO: [ app_init ] --END-- [ RunTime:0.000127s ]
INFO: [ app_begin ] --START--
INFO: Run Behavior\ReadHtmlCacheBehavior [ RunTime:0.000052s ]
INFO: [ app_begin ] --END-- [ RunTime:0.000118s ]
SQL: SHOW COLUMNS FROM `wemedical_doctor` [ RunTime:0.0059s ]
ERR: 1054:Unknown column 'id' in 'order clause'
 [ SQL语句 ] : SELECT * FROM `wemedical_doctor` ORDER BY id LIMIT 3  
ERR: 1054:Unknown column 'id' in 'order clause'
 [ SQL语句 ] : SELECT * FROM `wemedical_doctor` ORDER BY id LIMIT 3  

[ 2016-04-09T22:15:57+08:00 ] ::1 /wemedical/Patient-Appointment-index
INFO: [ app_init ] --START--
INFO: Run Behavior\BuildLiteBehavior [ RunTime:0.000017s ]
INFO: [ app_init ] --END-- [ RunTime:0.000139s ]
INFO: [ app_begin ] --START--
INFO: Run Behavior\ReadHtmlCacheBehavior [ RunTime:0.000063s ]
INFO: [ app_begin ] --END-- [ RunTime:0.000129s ]
SQL: SHOW COLUMNS FROM `wemedical_doctor` [ RunTime:0.0060s ]
SQL: SELECT * FROM `wemedical_doctor` ORDER BY doctor_id LIMIT 3   [ RunTime:0.0003s ]
INFO: [ view_parse ] --START--
NOTIC: [2] file_get_contents(./Application/Patient/View/User/Index/header.html): failed to open stream: No such file or directory /Applications/MAMP/htdocs/wemedical/ThinkPHP/Library/Think/Template.class.php 第 696 行.
INFO: [ template_filter ] --START--
INFO: Run Behavior\ContentReplaceBehavior [ RunTime:0.000067s ]
INFO: [ template_filter ] --END-- [ RunTime:0.000136s ]
INFO: Run Behavior\ParseTemplateBehavior [ RunTime:0.008924s ]
INFO: [ view_parse ] --END-- [ RunTime:0.008987s ]
INFO: [ view_filter ] --START--
INFO: Run Behavior\WriteHtmlCacheBehavior [ RunTime:0.000054s ]
INFO: [ view_filter ] --END-- [ RunTime:0.000098s ]
INFO: [ app_end ] --START--
INFO: Run Behavior\ShowPageTraceBehavior [ RunTime:0.000082s ]
INFO: [ app_end ] --END-- [ RunTime:0.000140s ]

[ 2016-04-09T22:16:12+08:00 ] ::1 /wemedical/Patient-Appointment-index
INFO: [ app_init ] --START--
INFO: Run Behavior\BuildLiteBehavior [ RunTime:0.000018s ]
INFO: [ app_init ] --END-- [ RunTime:0.000126s ]
INFO: [ app_begin ] --START--
INFO: Run Behavior\ReadHtmlCacheBehavior [ RunTime:0.000102s ]
INFO: [ app_begin ] --END-- [ RunTime:0.000177s ]
SQL: SHOW COLUMNS FROM `wemedical_doctor` [ RunTime:0.0061s ]
SQL: SELECT * FROM `wemedical_doctor` ORDER BY doctor_id LIMIT 3   [ RunTime:0.0003s ]
INFO: [ view_parse ] --START--
NOTIC: [2] file_get_contents(./Application/Patient/View/User/Index/header.html): failed to open stream: No such file or directory /Applications/MAMP/htdocs/wemedical/ThinkPHP/Library/Think/Template.class.php 第 696 行.
INFO: [ template_filter ] --START--
INFO: Run Behavior\ContentReplaceBehavior [ RunTime:0.000071s ]
INFO: [ template_filter ] --END-- [ RunTime:0.000141s ]
INFO: Run Behavior\ParseTemplateBehavior [ RunTime:0.008198s ]
INFO: [ view_parse ] --END-- [ RunTime:0.008292s ]
INFO: [ view_filter ] --START--
INFO: Run Behavior\WriteHtmlCacheBehavior [ RunTime:0.000074s ]
INFO: [ view_filter ] --END-- [ RunTime:0.000125s ]
INFO: [ app_end ] --START--
INFO: Run Behavior\ShowPageTraceBehavior [ RunTime:0.000078s ]
INFO: [ app_end ] --END-- [ RunTime:0.000133s ]

