[ 2016-04-15T11:03:42+08:00 ] ::1 /wemedical/Patient-Appointment-index
INFO: [ app_init ] --START--
INFO: Run Behavior\BuildLiteBehavior [ RunTime:0.000023s ]
INFO: [ app_init ] --END-- [ RunTime:0.001191s ]
INFO: [ app_begin ] --START--
INFO: Run Behavior\ReadHtmlCacheBehavior [ RunTime:0.001662s ]
INFO: [ app_begin ] --END-- [ RunTime:0.001748s ]
SQL: SHOW COLUMNS FROM `wemedical_doctor` [ RunTime:0.0015s ]
SQL: SELECT `doctor_id`,`name`,`title`,`department`,`specialism`,order_cost as cost FROM `wemedical_doctor` ORDER BY doctor_id LIMIT 3   [ RunTime:0.0003s ]
INFO: [ view_parse ] --START--
NOTIC: [2] file_get_contents(./Application/Patient/View/User/Index/header.html): failed to open stream: No such file or directory /Applications/MAMP/htdocs/wemedical/ThinkPHP/Library/Think/Template.class.php 第 696 行.
INFO: [ template_filter ] --START--
INFO: Run Behavior\ContentReplaceBehavior [ RunTime:0.000102s ]
INFO: [ template_filter ] --END-- [ RunTime:0.000181s ]
NOTIC: [8] Undefined index: register_remains /Applications/MAMP/htdocs/wemedical/Application/Runtime/Cache/Patient/aca25a6ca1343e696192571e871d22ca.php 第 256 行.
NOTIC: [8] Undefined index: register_remains /Applications/MAMP/htdocs/wemedical/Application/Runtime/Cache/Patient/aca25a6ca1343e696192571e871d22ca.php 第 257 行.
NOTIC: [8] Undefined index: register_remains /Applications/MAMP/htdocs/wemedical/Application/Runtime/Cache/Patient/aca25a6ca1343e696192571e871d22ca.php 第 256 行.
NOTIC: [8] Undefined index: register_remains /Applications/MAMP/htdocs/wemedical/Application/Runtime/Cache/Patient/aca25a6ca1343e696192571e871d22ca.php 第 257 行.
NOTIC: [8] Undefined index: register_remains /Applications/MAMP/htdocs/wemedical/Application/Runtime/Cache/Patient/aca25a6ca1343e696192571e871d22ca.php 第 256 行.
NOTIC: [8] Undefined index: register_remains /Applications/MAMP/htdocs/wemedical/Application/Runtime/Cache/Patient/aca25a6ca1343e696192571e871d22ca.php 第 257 行.
INFO: Run Behavior\ParseTemplateBehavior [ RunTime:0.027651s ]
INFO: [ view_parse ] --END-- [ RunTime:0.027721s ]
INFO: [ view_filter ] --START--
INFO: Run Behavior\WriteHtmlCacheBehavior [ RunTime:0.000580s ]
INFO: [ view_filter ] --END-- [ RunTime:0.000639s ]
INFO: [ app_end ] --START--
INFO: Run Behavior\ShowPageTraceBehavior [ RunTime:0.001537s ]
INFO: [ app_end ] --END-- [ RunTime:0.001626s ]

[ 2016-04-15T11:03:47+08:00 ] ::1 /wemedical/Patient-Appointment-index
INFO: [ app_init ] --START--
INFO: Run Behavior\BuildLiteBehavior [ RunTime:0.000019s ]
INFO: [ app_init ] --END-- [ RunTime:0.000186s ]
INFO: [ app_begin ] --START--
INFO: Run Behavior\ReadHtmlCacheBehavior [ RunTime:0.000071s ]
INFO: [ app_begin ] --END-- [ RunTime:0.000133s ]
SQL: SHOW COLUMNS FROM `wemedical_doctor` [ RunTime:0.0056s ]
SQL: SELECT `doctor_id`,`name`,`title`,`department`,`specialism`,order_cost as cost FROM `wemedical_doctor` ORDER BY doctor_id LIMIT 3   [ RunTime:0.0002s ]
INFO: [ view_parse ] --START--
NOTIC: [2] file_get_contents(./Application/Patient/View/User/Index/header.html): failed to open stream: No such file or directory /Applications/MAMP/htdocs/wemedical/ThinkPHP/Library/Think/Template.class.php 第 696 行.
INFO: [ template_filter ] --START--
INFO: Run Behavior\ContentReplaceBehavior [ RunTime:0.000116s ]
INFO: [ template_filter ] --END-- [ RunTime:0.000189s ]
NOTIC: [8] Undefined index: register_remains /Applications/MAMP/htdocs/wemedical/Application/Runtime/Cache/Patient/aca25a6ca1343e696192571e871d22ca.php 第 256 行.
NOTIC: [8] Undefined index: register_remains /Applications/MAMP/htdocs/wemedical/Application/Runtime/Cache/Patient/aca25a6ca1343e696192571e871d22ca.php 第 257 行.
NOTIC: [8] Undefined index: register_remains /Applications/MAMP/htdocs/wemedical/Application/Runtime/Cache/Patient/aca25a6ca1343e696192571e871d22ca.php 第 256 行.
NOTIC: [8] Undefined index: register_remains /Applications/MAMP/htdocs/wemedical/Application/Runtime/Cache/Patient/aca25a6ca1343e696192571e871d22ca.php 第 257 行.
NOTIC: [8] Undefined index: register_remains /Applications/MAMP/htdocs/wemedical/Application/Runtime/Cache/Patient/aca25a6ca1343e696192571e871d22ca.php 第 256 行.
NOTIC: [8] Undefined index: register_remains /Applications/MAMP/htdocs/wemedical/Application/Runtime/Cache/Patient/aca25a6ca1343e696192571e871d22ca.php 第 257 行.
INFO: Run Behavior\ParseTemplateBehavior [ RunTime:0.011299s ]
INFO: [ view_parse ] --END-- [ RunTime:0.011353s ]
INFO: [ view_filter ] --START--
INFO: Run Behavior\WriteHtmlCacheBehavior [ RunTime:0.000050s ]
INFO: [ view_filter ] --END-- [ RunTime:0.000095s ]
INFO: [ app_end ] --START--
INFO: Run Behavior\ShowPageTraceBehavior [ RunTime:0.000081s ]
INFO: [ app_end ] --END-- [ RunTime:0.000139s ]

[ 2016-04-15T11:04:29+08:00 ] ::1 /wemedical/Patient-Appointment-index
INFO: [ app_init ] --START--
INFO: Run Behavior\BuildLiteBehavior [ RunTime:0.000020s ]
INFO: [ app_init ] --END-- [ RunTime:0.000184s ]
INFO: [ app_begin ] --START--
INFO: Run Behavior\ReadHtmlCacheBehavior [ RunTime:0.000076s ]
INFO: [ app_begin ] --END-- [ RunTime:0.000151s ]
SQL: SHOW COLUMNS FROM `wemedical_doctor` [ RunTime:0.0018s ]
SQL: SELECT `doctor_id`,`name`,`title`,`department`,`specialism`,order_cost as cost FROM `wemedical_doctor` ORDER BY doctor_id LIMIT 3   [ RunTime:0.0003s ]
INFO: [ view_parse ] --START--
NOTIC: [2] file_get_contents(./Application/Patient/View/User/Index/header.html): failed to open stream: No such file or directory /Applications/MAMP/htdocs/wemedical/ThinkPHP/Library/Think/Template.class.php 第 696 行.
INFO: [ template_filter ] --START--
INFO: Run Behavior\ContentReplaceBehavior [ RunTime:0.000100s ]
INFO: [ template_filter ] --END-- [ RunTime:0.000180s ]
NOTIC: [8] Undefined index: register_remains /Applications/MAMP/htdocs/wemedical/Application/Runtime/Cache/Patient/aca25a6ca1343e696192571e871d22ca.php 第 256 行.
NOTIC: [8] Undefined index: register_remains /Applications/MAMP/htdocs/wemedical/Application/Runtime/Cache/Patient/aca25a6ca1343e696192571e871d22ca.php 第 257 行.
NOTIC: [8] Undefined index: register_remains /Applications/MAMP/htdocs/wemedical/Application/Runtime/Cache/Patient/aca25a6ca1343e696192571e871d22ca.php 第 256 行.
NOTIC: [8] Undefined index: register_remains /Applications/MAMP/htdocs/wemedical/Application/Runtime/Cache/Patient/aca25a6ca1343e696192571e871d22ca.php 第 257 行.
NOTIC: [8] Undefined index: register_remains /Applications/MAMP/htdocs/wemedical/Application/Runtime/Cache/Patient/aca25a6ca1343e696192571e871d22ca.php 第 256 行.
NOTIC: [8] Undefined index: register_remains /Applications/MAMP/htdocs/wemedical/Application/Runtime/Cache/Patient/aca25a6ca1343e696192571e871d22ca.php 第 257 行.
INFO: Run Behavior\ParseTemplateBehavior [ RunTime:0.012062s ]
INFO: [ view_parse ] --END-- [ RunTime:0.012131s ]
INFO: [ view_filter ] --START--
INFO: Run Behavior\WriteHtmlCacheBehavior [ RunTime:0.000056s ]
INFO: [ view_filter ] --END-- [ RunTime:0.000103s ]
INFO: [ app_end ] --START--
INFO: Run Behavior\ShowPageTraceBehavior [ RunTime:0.000066s ]
INFO: [ app_end ] --END-- [ RunTime:0.000116s ]

[ 2016-04-15T11:04:31+08:00 ] ::1 /wemedical/Patient-Appointment-index
INFO: [ app_init ] --START--
INFO: Run Behavior\BuildLiteBehavior [ RunTime:0.000019s ]
INFO: [ app_init ] --END-- [ RunTime:0.000120s ]
INFO: [ app_begin ] --START--
INFO: Run Behavior\ReadHtmlCacheBehavior [ RunTime:0.000055s ]
INFO: [ app_begin ] --END-- [ RunTime:0.000109s ]
SQL: SHOW COLUMNS FROM `wemedical_doctor` [ RunTime:0.0056s ]
SQL: SELECT `doctor_id`,`name`,`title`,`department`,`specialism`,order_cost as cost FROM `wemedical_doctor` ORDER BY doctor_id LIMIT 3   [ RunTime:0.0002s ]
INFO: [ view_parse ] --START--
NOTIC: [2] file_get_contents(./Application/Patient/View/User/Index/header.html): failed to open stream: No such file or directory /Applications/MAMP/htdocs/wemedical/ThinkPHP/Library/Think/Template.class.php 第 696 行.
INFO: [ template_filter ] --START--
INFO: Run Behavior\ContentReplaceBehavior [ RunTime:0.000086s ]
INFO: [ template_filter ] --END-- [ RunTime:0.000150s ]
NOTIC: [8] Undefined index: register_remains /Applications/MAMP/htdocs/wemedical/Application/Runtime/Cache/Patient/aca25a6ca1343e696192571e871d22ca.php 第 256 行.
NOTIC: [8] Undefined index: register_remains /Applications/MAMP/htdocs/wemedical/Application/Runtime/Cache/Patient/aca25a6ca1343e696192571e871d22ca.php 第 257 行.
NOTIC: [8] Undefined index: register_remains /Applications/MAMP/htdocs/wemedical/Application/Runtime/Cache/Patient/aca25a6ca1343e696192571e871d22ca.php 第 256 行.
NOTIC: [8] Undefined index: register_remains /Applications/MAMP/htdocs/wemedical/Application/Runtime/Cache/Patient/aca25a6ca1343e696192571e871d22ca.php 第 257 行.
NOTIC: [8] Undefined index: register_remains /Applications/MAMP/htdocs/wemedical/Application/Runtime/Cache/Patient/aca25a6ca1343e696192571e871d22ca.php 第 256 行.
NOTIC: [8] Undefined index: register_remains /Applications/MAMP/htdocs/wemedical/Application/Runtime/Cache/Patient/aca25a6ca1343e696192571e871d22ca.php 第 257 行.
INFO: Run Behavior\ParseTemplateBehavior [ RunTime:0.011156s ]
INFO: [ view_parse ] --END-- [ RunTime:0.011214s ]
INFO: [ view_filter ] --START--
INFO: Run Behavior\WriteHtmlCacheBehavior [ RunTime:0.000048s ]
INFO: [ view_filter ] --END-- [ RunTime:0.000095s ]
INFO: [ app_end ] --START--
INFO: Run Behavior\ShowPageTraceBehavior [ RunTime:0.000052s ]
INFO: [ app_end ] --END-- [ RunTime:0.000102s ]

[ 2016-04-15T11:04:34+08:00 ] ::1 /wemedical/index.php/Patient-Appointment-getThreeMore?num=1
INFO: [ app_init ] --START--
INFO: Run Behavior\BuildLiteBehavior [ RunTime:0.000018s ]
INFO: [ app_init ] --END-- [ RunTime:0.000125s ]
INFO: [ app_begin ] --START--
INFO: Run Behavior\ReadHtmlCacheBehavior [ RunTime:0.000066s ]
INFO: [ app_begin ] --END-- [ RunTime:0.000115s ]
SQL: SHOW COLUMNS FROM `wemedical_doctor` [ RunTime:0.0057s ]
SQL: SELECT `doctor_id`,`name`,`title`,`department`,`specialism`,order_cost as cost FROM `wemedical_doctor` ORDER BY doctor_id LIMIT 3,3   [ RunTime:0.0002s ]
INFO: [ app_end ] --START--
INFO: Run Behavior\ShowPageTraceBehavior [ RunTime:0.000086s ]
INFO: [ app_end ] --END-- [ RunTime:0.000138s ]

[ 2016-04-15T11:04:35+08:00 ] ::1 /wemedical/index.php/Patient-Appointment-getThreeMore?num=2
INFO: [ app_init ] --START--
INFO: Run Behavior\BuildLiteBehavior [ RunTime:0.000016s ]
INFO: [ app_init ] --END-- [ RunTime:0.000134s ]
INFO: [ app_begin ] --START--
INFO: Run Behavior\ReadHtmlCacheBehavior [ RunTime:0.000044s ]
INFO: [ app_begin ] --END-- [ RunTime:0.000090s ]
SQL: SHOW COLUMNS FROM `wemedical_doctor` [ RunTime:0.0014s ]
SQL: SELECT `doctor_id`,`name`,`title`,`department`,`specialism`,order_cost as cost FROM `wemedical_doctor` ORDER BY doctor_id LIMIT 6,3   [ RunTime:0.0002s ]
INFO: [ app_end ] --START--
INFO: Run Behavior\ShowPageTraceBehavior [ RunTime:0.000073s ]
INFO: [ app_end ] --END-- [ RunTime:0.000129s ]

[ 2016-04-15T11:04:36+08:00 ] ::1 /wemedical/Patient-Appointment-getIntro?id=6
INFO: [ app_init ] --START--
INFO: Run Behavior\BuildLiteBehavior [ RunTime:0.000016s ]
INFO: [ app_init ] --END-- [ RunTime:0.000115s ]
INFO: [ app_begin ] --START--
INFO: Run Behavior\ReadHtmlCacheBehavior [ RunTime:0.000046s ]
INFO: [ app_begin ] --END-- [ RunTime:0.000095s ]
SQL: SHOW COLUMNS FROM `wemedical_doctor` [ RunTime:0.0016s ]
SQL: SELECT `intro`,treatment_period as period,`work_days` FROM `wemedical_doctor` WHERE `doctor_id` = 6  [ RunTime:0.0003s ]
INFO: [ app_end ] --START--
INFO: Run Behavior\ShowPageTraceBehavior [ RunTime:0.000095s ]
INFO: [ app_end ] --END-- [ RunTime:0.000168s ]

[ 2016-04-15T11:04:39+08:00 ] ::1 /wemedical/Patient-Appointment-getIntro?id=1
INFO: [ app_init ] --START--
INFO: Run Behavior\BuildLiteBehavior [ RunTime:0.000016s ]
INFO: [ app_init ] --END-- [ RunTime:0.000123s ]
INFO: [ app_begin ] --START--
INFO: Run Behavior\ReadHtmlCacheBehavior [ RunTime:0.000066s ]
INFO: [ app_begin ] --END-- [ RunTime:0.000149s ]
SQL: SHOW COLUMNS FROM `wemedical_doctor` [ RunTime:0.0056s ]
SQL: SELECT `intro`,treatment_period as period,`work_days` FROM `wemedical_doctor` WHERE `doctor_id` = 1  [ RunTime:0.0002s ]
INFO: [ app_end ] --START--
INFO: Run Behavior\ShowPageTraceBehavior [ RunTime:0.000060s ]
INFO: [ app_end ] --END-- [ RunTime:0.000111s ]

[ 2016-04-15T11:04:41+08:00 ] ::1 /wemedical/index.php/Patient-Appointment-getThreeMore?num=3
INFO: [ app_init ] --START--
INFO: Run Behavior\BuildLiteBehavior [ RunTime:0.000016s ]
INFO: [ app_init ] --END-- [ RunTime:0.000123s ]
INFO: [ app_begin ] --START--
INFO: Run Behavior\ReadHtmlCacheBehavior [ RunTime:0.000046s ]
INFO: [ app_begin ] --END-- [ RunTime:0.000092s ]
SQL: SHOW COLUMNS FROM `wemedical_doctor` [ RunTime:0.0055s ]
SQL: SELECT `doctor_id`,`name`,`title`,`department`,`specialism`,order_cost as cost FROM `wemedical_doctor` ORDER BY doctor_id LIMIT 9,3   [ RunTime:0.0002s ]
INFO: [ app_end ] --START--
INFO: Run Behavior\ShowPageTraceBehavior [ RunTime:0.000113s ]
INFO: [ app_end ] --END-- [ RunTime:0.000212s ]

[ 2016-04-15T11:06:03+08:00 ] ::1 /wemedical/Patient-Appointment-index
INFO: [ app_init ] --START--
INFO: Run Behavior\BuildLiteBehavior [ RunTime:0.000018s ]
INFO: [ app_init ] --END-- [ RunTime:0.000141s ]
INFO: [ app_begin ] --START--
INFO: Run Behavior\ReadHtmlCacheBehavior [ RunTime:0.000072s ]
INFO: [ app_begin ] --END-- [ RunTime:0.000149s ]
SQL: SHOW COLUMNS FROM `wemedical_doctor` [ RunTime:0.0016s ]
SQL: SELECT `doctor_id`,`name`,`title`,`department`,`specialism`,order_cost as cost FROM `wemedical_doctor` ORDER BY doctor_id LIMIT 3   [ RunTime:0.0003s ]
INFO: [ view_parse ] --START--
NOTIC: [2] file_get_contents(./Application/Patient/View/User/Index/header.html): failed to open stream: No such file or directory /Applications/MAMP/htdocs/wemedical/ThinkPHP/Library/Think/Template.class.php 第 696 行.
INFO: [ template_filter ] --START--
INFO: Run Behavior\ContentReplaceBehavior [ RunTime:0.000092s ]
INFO: [ template_filter ] --END-- [ RunTime:0.000162s ]
NOTIC: [8] Undefined index: register_remains /Applications/MAMP/htdocs/wemedical/Application/Runtime/Cache/Patient/aca25a6ca1343e696192571e871d22ca.php 第 256 行.
NOTIC: [8] Undefined index: register_remains /Applications/MAMP/htdocs/wemedical/Application/Runtime/Cache/Patient/aca25a6ca1343e696192571e871d22ca.php 第 257 行.
NOTIC: [8] Undefined index: register_remains /Applications/MAMP/htdocs/wemedical/Application/Runtime/Cache/Patient/aca25a6ca1343e696192571e871d22ca.php 第 256 行.
NOTIC: [8] Undefined index: register_remains /Applications/MAMP/htdocs/wemedical/Application/Runtime/Cache/Patient/aca25a6ca1343e696192571e871d22ca.php 第 257 行.
NOTIC: [8] Undefined index: register_remains /Applications/MAMP/htdocs/wemedical/Application/Runtime/Cache/Patient/aca25a6ca1343e696192571e871d22ca.php 第 256 行.
NOTIC: [8] Undefined index: register_remains /Applications/MAMP/htdocs/wemedical/Application/Runtime/Cache/Patient/aca25a6ca1343e696192571e871d22ca.php 第 257 行.
INFO: Run Behavior\ParseTemplateBehavior [ RunTime:0.011024s ]
INFO: [ view_parse ] --END-- [ RunTime:0.011088s ]
INFO: [ view_filter ] --START--
INFO: Run Behavior\WriteHtmlCacheBehavior [ RunTime:0.000062s ]
INFO: [ view_filter ] --END-- [ RunTime:0.000110s ]
INFO: [ app_end ] --START--
INFO: Run Behavior\ShowPageTraceBehavior [ RunTime:0.000054s ]
INFO: [ app_end ] --END-- [ RunTime:0.000103s ]

[ 2016-04-15T11:06:05+08:00 ] ::1 /wemedical/Patient-Appointment-getIntro?id=1
INFO: [ app_init ] --START--
INFO: Run Behavior\BuildLiteBehavior [ RunTime:0.000019s ]
INFO: [ app_init ] --END-- [ RunTime:0.000162s ]
INFO: [ app_begin ] --START--
INFO: Run Behavior\ReadHtmlCacheBehavior [ RunTime:0.000071s ]
INFO: [ app_begin ] --END-- [ RunTime:0.000124s ]
SQL: SHOW COLUMNS FROM `wemedical_doctor` [ RunTime:0.0056s ]
SQL: SELECT `intro`,treatment_period as period,`work_days` FROM `wemedical_doctor` WHERE `doctor_id` = 1  [ RunTime:0.0002s ]
INFO: [ app_end ] --START--
INFO: Run Behavior\ShowPageTraceBehavior [ RunTime:0.000096s ]
INFO: [ app_end ] --END-- [ RunTime:0.000149s ]

[ 2016-04-15T11:06:07+08:00 ] ::1 /wemedical/index.php/Patient-Appointment-getThreeMore?num=1
INFO: [ app_init ] --START--
INFO: Run Behavior\BuildLiteBehavior [ RunTime:0.000015s ]
INFO: [ app_init ] --END-- [ RunTime:0.000108s ]
INFO: [ app_begin ] --START--
INFO: Run Behavior\ReadHtmlCacheBehavior [ RunTime:0.000049s ]
INFO: [ app_begin ] --END-- [ RunTime:0.000095s ]
SQL: SHOW COLUMNS FROM `wemedical_doctor` [ RunTime:0.0054s ]
SQL: SELECT `doctor_id`,`name`,`title`,`department`,`specialism`,order_cost as cost FROM `wemedical_doctor` ORDER BY doctor_id LIMIT 3,3   [ RunTime:0.0002s ]
INFO: [ app_end ] --START--
INFO: Run Behavior\ShowPageTraceBehavior [ RunTime:0.000060s ]
INFO: [ app_end ] --END-- [ RunTime:0.000110s ]

[ 2016-04-15T11:06:31+08:00 ] ::1 /wemedical/Patient-Appointment-index
INFO: [ app_init ] --START--
INFO: Run Behavior\BuildLiteBehavior [ RunTime:0.000023s ]
INFO: [ app_init ] --END-- [ RunTime:0.000197s ]
INFO: [ app_begin ] --START--
INFO: Run Behavior\ReadHtmlCacheBehavior [ RunTime:0.000102s ]
INFO: [ app_begin ] --END-- [ RunTime:0.000172s ]
SQL: SHOW COLUMNS FROM `wemedical_doctor` [ RunTime:0.0016s ]
SQL: SELECT `doctor_id`,`name`,`title`,`department`,`specialism`,order_cost as cost FROM `wemedical_doctor` ORDER BY doctor_id LIMIT 3   [ RunTime:0.0002s ]
INFO: [ view_parse ] --START--
NOTIC: [2] file_get_contents(./Application/Patient/View/User/Index/header.html): failed to open stream: No such file or directory /Applications/MAMP/htdocs/wemedical/ThinkPHP/Library/Think/Template.class.php 第 696 行.
INFO: [ template_filter ] --START--
INFO: Run Behavior\ContentReplaceBehavior [ RunTime:0.000104s ]
INFO: [ template_filter ] --END-- [ RunTime:0.000180s ]
NOTIC: [8] Undefined index: register_remains /Applications/MAMP/htdocs/wemedical/Application/Runtime/Cache/Patient/aca25a6ca1343e696192571e871d22ca.php 第 256 行.
NOTIC: [8] Undefined index: register_remains /Applications/MAMP/htdocs/wemedical/Application/Runtime/Cache/Patient/aca25a6ca1343e696192571e871d22ca.php 第 257 行.
NOTIC: [8] Undefined index: register_remains /Applications/MAMP/htdocs/wemedical/Application/Runtime/Cache/Patient/aca25a6ca1343e696192571e871d22ca.php 第 256 行.
NOTIC: [8] Undefined index: register_remains /Applications/MAMP/htdocs/wemedical/Application/Runtime/Cache/Patient/aca25a6ca1343e696192571e871d22ca.php 第 257 行.
NOTIC: [8] Undefined index: register_remains /Applications/MAMP/htdocs/wemedical/Application/Runtime/Cache/Patient/aca25a6ca1343e696192571e871d22ca.php 第 256 行.
NOTIC: [8] Undefined index: register_remains /Applications/MAMP/htdocs/wemedical/Application/Runtime/Cache/Patient/aca25a6ca1343e696192571e871d22ca.php 第 257 行.
INFO: Run Behavior\ParseTemplateBehavior [ RunTime:0.011682s ]
INFO: [ view_parse ] --END-- [ RunTime:0.011737s ]
INFO: [ view_filter ] --START--
INFO: Run Behavior\WriteHtmlCacheBehavior [ RunTime:0.000051s ]
INFO: [ view_filter ] --END-- [ RunTime:0.000096s ]
INFO: [ app_end ] --START--
INFO: Run Behavior\ShowPageTraceBehavior [ RunTime:0.000083s ]
INFO: [ app_end ] --END-- [ RunTime:0.000143s ]

[ 2016-04-15T11:06:31+08:00 ] ::1 /wemedical/index.php/Patient-Appointment-getThreeMore?num=1
INFO: [ app_init ] --START--
INFO: Run Behavior\BuildLiteBehavior [ RunTime:0.000032s ]
INFO: [ app_init ] --END-- [ RunTime:0.000227s ]
INFO: [ app_begin ] --START--
INFO: Run Behavior\ReadHtmlCacheBehavior [ RunTime:0.000076s ]
INFO: [ app_begin ] --END-- [ RunTime:0.000128s ]
SQL: SHOW COLUMNS FROM `wemedical_doctor` [ RunTime:0.0015s ]
SQL: SELECT `doctor_id`,`name`,`title`,`department`,`specialism`,order_cost as cost FROM `wemedical_doctor` ORDER BY doctor_id LIMIT 3,3   [ RunTime:0.0002s ]
INFO: [ app_end ] --START--
INFO: Run Behavior\ShowPageTraceBehavior [ RunTime:0.000097s ]
INFO: [ app_end ] --END-- [ RunTime:0.000154s ]

[ 2016-04-15T11:06:33+08:00 ] ::1 /wemedical/Patient-Appointment-getIntro?id=1
INFO: [ app_init ] --START--
INFO: Run Behavior\BuildLiteBehavior [ RunTime:0.000016s ]
INFO: [ app_init ] --END-- [ RunTime:0.000115s ]
INFO: [ app_begin ] --START--
INFO: Run Behavior\ReadHtmlCacheBehavior [ RunTime:0.000045s ]
INFO: [ app_begin ] --END-- [ RunTime:0.000094s ]
SQL: SHOW COLUMNS FROM `wemedical_doctor` [ RunTime:0.0056s ]
SQL: SELECT `intro`,treatment_period as period,`work_days` FROM `wemedical_doctor` WHERE `doctor_id` = 1  [ RunTime:0.0002s ]
INFO: [ app_end ] --START--
INFO: Run Behavior\ShowPageTraceBehavior [ RunTime:0.000062s ]
INFO: [ app_end ] --END-- [ RunTime:0.000120s ]

[ 2016-04-15T11:06:36+08:00 ] ::1 /wemedical/index.php/Patient-Appointment-getThreeMore?num=2
INFO: [ app_init ] --START--
INFO: Run Behavior\BuildLiteBehavior [ RunTime:0.000022s ]
INFO: [ app_init ] --END-- [ RunTime:0.000133s ]
INFO: [ app_begin ] --START--
INFO: Run Behavior\ReadHtmlCacheBehavior [ RunTime:0.000046s ]
INFO: [ app_begin ] --END-- [ RunTime:0.000094s ]
SQL: SHOW COLUMNS FROM `wemedical_doctor` [ RunTime:0.0054s ]
SQL: SELECT `doctor_id`,`name`,`title`,`department`,`specialism`,order_cost as cost FROM `wemedical_doctor` ORDER BY doctor_id LIMIT 6,3   [ RunTime:0.0002s ]
INFO: [ app_end ] --START--
INFO: Run Behavior\ShowPageTraceBehavior [ RunTime:0.000061s ]
INFO: [ app_end ] --END-- [ RunTime:0.000110s ]

[ 2016-04-15T11:06:37+08:00 ] ::1 /wemedical/Patient-Appointment-getIntro?id=6
INFO: [ app_init ] --START--
INFO: Run Behavior\BuildLiteBehavior [ RunTime:0.000016s ]
INFO: [ app_init ] --END-- [ RunTime:0.000113s ]
INFO: [ app_begin ] --START--
INFO: Run Behavior\ReadHtmlCacheBehavior [ RunTime:0.000049s ]
INFO: [ app_begin ] --END-- [ RunTime:0.000101s ]
SQL: SHOW COLUMNS FROM `wemedical_doctor` [ RunTime:0.0055s ]
SQL: SELECT `intro`,treatment_period as period,`work_days` FROM `wemedical_doctor` WHERE `doctor_id` = 6  [ RunTime:0.0002s ]
INFO: [ app_end ] --START--
INFO: Run Behavior\ShowPageTraceBehavior [ RunTime:0.000060s ]
INFO: [ app_end ] --END-- [ RunTime:0.000109s ]

[ 2016-04-15T11:06:41+08:00 ] ::1 /wemedical/index.php/Patient-Appointment-getThreeMore?num=3
INFO: [ app_init ] --START--
INFO: Run Behavior\BuildLiteBehavior [ RunTime:0.000019s ]
INFO: [ app_init ] --END-- [ RunTime:0.000141s ]
INFO: [ app_begin ] --START--
INFO: Run Behavior\ReadHtmlCacheBehavior [ RunTime:0.000083s ]
INFO: [ app_begin ] --END-- [ RunTime:0.000155s ]
SQL: SHOW COLUMNS FROM `wemedical_doctor` [ RunTime:0.0054s ]
SQL: SELECT `doctor_id`,`name`,`title`,`department`,`specialism`,order_cost as cost FROM `wemedical_doctor` ORDER BY doctor_id LIMIT 9,3   [ RunTime:0.0002s ]
INFO: [ app_end ] --START--
INFO: Run Behavior\ShowPageTraceBehavior [ RunTime:0.000069s ]
INFO: [ app_end ] --END-- [ RunTime:0.000118s ]

[ 2016-04-15T11:06:41+08:00 ] ::1 /wemedical/index.php/Patient-Appointment-getThreeMore?num=4
INFO: [ app_init ] --START--
INFO: Run Behavior\BuildLiteBehavior [ RunTime:0.000020s ]
INFO: [ app_init ] --END-- [ RunTime:0.000137s ]
INFO: [ app_begin ] --START--
INFO: Run Behavior\ReadHtmlCacheBehavior [ RunTime:0.000069s ]
INFO: [ app_begin ] --END-- [ RunTime:0.000125s ]
SQL: SHOW COLUMNS FROM `wemedical_doctor` [ RunTime:0.0014s ]
SQL: SELECT `doctor_id`,`name`,`title`,`department`,`specialism`,order_cost as cost FROM `wemedical_doctor` ORDER BY doctor_id LIMIT 12,3   [ RunTime:0.0002s ]
INFO: [ app_end ] --START--
INFO: Run Behavior\ShowPageTraceBehavior [ RunTime:0.000060s ]
INFO: [ app_end ] --END-- [ RunTime:0.000108s ]

[ 2016-04-15T11:06:41+08:00 ] ::1 /wemedical/index.php/Patient-Appointment-getThreeMore?num=5
INFO: [ app_init ] --START--
INFO: Run Behavior\BuildLiteBehavior [ RunTime:0.000016s ]
INFO: [ app_init ] --END-- [ RunTime:0.000111s ]
INFO: [ app_begin ] --START--
INFO: Run Behavior\ReadHtmlCacheBehavior [ RunTime:0.000056s ]
INFO: [ app_begin ] --END-- [ RunTime:0.000114s ]
SQL: SHOW COLUMNS FROM `wemedical_doctor` [ RunTime:0.0014s ]
SQL: SELECT `doctor_id`,`name`,`title`,`department`,`specialism`,order_cost as cost FROM `wemedical_doctor` ORDER BY doctor_id LIMIT 15,3   [ RunTime:0.0002s ]
INFO: [ app_end ] --START--
INFO: Run Behavior\ShowPageTraceBehavior [ RunTime:0.000073s ]
INFO: [ app_end ] --END-- [ RunTime:0.000121s ]

[ 2016-04-15T11:23:11+08:00 ] ::1 /wemedical/Patient-Appointment-index
INFO: [ app_init ] --START--
INFO: Run Behavior\BuildLiteBehavior [ RunTime:0.000019s ]
INFO: [ app_init ] --END-- [ RunTime:0.000153s ]
INFO: [ app_begin ] --START--
INFO: Run Behavior\ReadHtmlCacheBehavior [ RunTime:0.000073s ]
INFO: [ app_begin ] --END-- [ RunTime:0.000145s ]
SQL: SHOW COLUMNS FROM `wemedical_doctor` [ RunTime:0.0056s ]
SQL: SELECT `doctor_id`,`name`,`title`,`department`,`specialism`,order_cost as cost FROM `wemedical_doctor` ORDER BY doctor_id LIMIT 3   [ RunTime:0.0003s ]
INFO: [ view_parse ] --START--
NOTIC: [2] file_get_contents(./Application/Patient/View/User/Index/header.html): failed to open stream: No such file or directory /Applications/MAMP/htdocs/wemedical/ThinkPHP/Library/Think/Template.class.php 第 696 行.
INFO: [ template_filter ] --START--
INFO: Run Behavior\ContentReplaceBehavior [ RunTime:0.000088s ]
INFO: [ template_filter ] --END-- [ RunTime:0.000168s ]
NOTIC: [8] Undefined index: register_remains /Applications/MAMP/htdocs/wemedical/Application/Runtime/Cache/Patient/aca25a6ca1343e696192571e871d22ca.php 第 256 行.
NOTIC: [8] Undefined index: register_remains /Applications/MAMP/htdocs/wemedical/Application/Runtime/Cache/Patient/aca25a6ca1343e696192571e871d22ca.php 第 257 行.
NOTIC: [8] Undefined index: register_remains /Applications/MAMP/htdocs/wemedical/Application/Runtime/Cache/Patient/aca25a6ca1343e696192571e871d22ca.php 第 256 行.
NOTIC: [8] Undefined index: register_remains /Applications/MAMP/htdocs/wemedical/Application/Runtime/Cache/Patient/aca25a6ca1343e696192571e871d22ca.php 第 257 行.
NOTIC: [8] Undefined index: register_remains /Applications/MAMP/htdocs/wemedical/Application/Runtime/Cache/Patient/aca25a6ca1343e696192571e871d22ca.php 第 256 行.
NOTIC: [8] Undefined index: register_remains /Applications/MAMP/htdocs/wemedical/Application/Runtime/Cache/Patient/aca25a6ca1343e696192571e871d22ca.php 第 257 行.
INFO: Run Behavior\ParseTemplateBehavior [ RunTime:0.010607s ]
INFO: [ view_parse ] --END-- [ RunTime:0.010660s ]
INFO: [ view_filter ] --START--
INFO: Run Behavior\WriteHtmlCacheBehavior [ RunTime:0.000057s ]
INFO: [ view_filter ] --END-- [ RunTime:0.000103s ]
INFO: [ app_end ] --START--
INFO: Run Behavior\ShowPageTraceBehavior [ RunTime:0.000055s ]
INFO: [ app_end ] --END-- [ RunTime:0.000123s ]

[ 2016-04-15T11:23:11+08:00 ] ::1 /wemedical/index.php/Patient-Appointment-getThreeMore?num=1
INFO: [ app_init ] --START--
INFO: Run Behavior\BuildLiteBehavior [ RunTime:0.000030s ]
INFO: [ app_init ] --END-- [ RunTime:0.000229s ]
INFO: [ app_begin ] --START--
INFO: Run Behavior\ReadHtmlCacheBehavior [ RunTime:0.000136s ]
INFO: [ app_begin ] --END-- [ RunTime:0.000235s ]
SQL: SHOW COLUMNS FROM `wemedical_doctor` [ RunTime:0.0014s ]
SQL: SELECT `doctor_id`,`name`,`title`,`department`,`specialism`,order_cost as cost FROM `wemedical_doctor` ORDER BY doctor_id LIMIT 3,3   [ RunTime:0.0004s ]
INFO: [ app_end ] --START--
INFO: Run Behavior\ShowPageTraceBehavior [ RunTime:0.000118s ]
INFO: [ app_end ] --END-- [ RunTime:0.000180s ]

[ 2016-04-15T11:23:13+08:00 ] ::1 /wemedical/Patient-Appointment-getIntro?id=1
INFO: [ app_init ] --START--
INFO: Run Behavior\BuildLiteBehavior [ RunTime:0.000016s ]
INFO: [ app_init ] --END-- [ RunTime:0.000108s ]
INFO: [ app_begin ] --START--
INFO: Run Behavior\ReadHtmlCacheBehavior [ RunTime:0.000044s ]
INFO: [ app_begin ] --END-- [ RunTime:0.000092s ]
SQL: SHOW COLUMNS FROM `wemedical_doctor` [ RunTime:0.0055s ]
SQL: SELECT `intro`,treatment_period as period,`work_days` FROM `wemedical_doctor` WHERE `doctor_id` = 1  [ RunTime:0.0003s ]
INFO: [ app_end ] --START--
INFO: Run Behavior\ShowPageTraceBehavior [ RunTime:0.000063s ]
INFO: [ app_end ] --END-- [ RunTime:0.000123s ]

[ 2016-04-15T11:23:18+08:00 ] ::1 /wemedical/index.php/Patient-Appointment-getThreeMore?num=2
INFO: [ app_init ] --START--
INFO: Run Behavior\BuildLiteBehavior [ RunTime:0.000022s ]
INFO: [ app_init ] --END-- [ RunTime:0.000149s ]
INFO: [ app_begin ] --START--
INFO: Run Behavior\ReadHtmlCacheBehavior [ RunTime:0.000048s ]
INFO: [ app_begin ] --END-- [ RunTime:0.000097s ]
SQL: SHOW COLUMNS FROM `wemedical_doctor` [ RunTime:0.0013s ]
SQL: SELECT `doctor_id`,`name`,`title`,`department`,`specialism`,order_cost as cost FROM `wemedical_doctor` ORDER BY doctor_id LIMIT 6,3   [ RunTime:0.0003s ]
INFO: [ app_end ] --START--
INFO: Run Behavior\ShowPageTraceBehavior [ RunTime:0.000064s ]
INFO: [ app_end ] --END-- [ RunTime:0.000114s ]

[ 2016-04-15T11:33:52+08:00 ] ::1 /wemedical/Patient-Appointment-index
INFO: [ app_init ] --START--
INFO: Run Behavior\BuildLiteBehavior [ RunTime:0.000020s ]
INFO: [ app_init ] --END-- [ RunTime:0.000158s ]
INFO: [ app_begin ] --START--
INFO: Run Behavior\ReadHtmlCacheBehavior [ RunTime:0.000070s ]
INFO: [ app_begin ] --END-- [ RunTime:0.000153s ]
SQL: SHOW COLUMNS FROM `wemedical_doctor` [ RunTime:0.0056s ]
SQL: SELECT `doctor_id`,`name`,`title`,`department`,`specialism`,order_cost as cost FROM `wemedical_doctor` ORDER BY doctor_id LIMIT 3   [ RunTime:0.0002s ]
INFO: [ view_parse ] --START--
NOTIC: [2] file_get_contents(./Application/Patient/View/User/Index/header.html): failed to open stream: No such file or directory /Applications/MAMP/htdocs/wemedical/ThinkPHP/Library/Think/Template.class.php 第 696 行.
INFO: [ template_filter ] --START--
INFO: Run Behavior\ContentReplaceBehavior [ RunTime:0.000094s ]
INFO: [ template_filter ] --END-- [ RunTime:0.000170s ]
NOTIC: [8] Undefined index: register_remains /Applications/MAMP/htdocs/wemedical/Application/Runtime/Cache/Patient/aca25a6ca1343e696192571e871d22ca.php 第 256 行.
NOTIC: [8] Undefined index: register_remains /Applications/MAMP/htdocs/wemedical/Application/Runtime/Cache/Patient/aca25a6ca1343e696192571e871d22ca.php 第 257 行.
NOTIC: [8] Undefined index: register_remains /Applications/MAMP/htdocs/wemedical/Application/Runtime/Cache/Patient/aca25a6ca1343e696192571e871d22ca.php 第 256 行.
NOTIC: [8] Undefined index: register_remains /Applications/MAMP/htdocs/wemedical/Application/Runtime/Cache/Patient/aca25a6ca1343e696192571e871d22ca.php 第 257 行.
NOTIC: [8] Undefined index: register_remains /Applications/MAMP/htdocs/wemedical/Application/Runtime/Cache/Patient/aca25a6ca1343e696192571e871d22ca.php 第 256 行.
NOTIC: [8] Undefined index: register_remains /Applications/MAMP/htdocs/wemedical/Application/Runtime/Cache/Patient/aca25a6ca1343e696192571e871d22ca.php 第 257 行.
INFO: Run Behavior\ParseTemplateBehavior [ RunTime:0.011211s ]
INFO: [ view_parse ] --END-- [ RunTime:0.011269s ]
INFO: [ view_filter ] --START--
INFO: Run Behavior\WriteHtmlCacheBehavior [ RunTime:0.000063s ]
INFO: [ view_filter ] --END-- [ RunTime:0.000114s ]
INFO: [ app_end ] --START--
INFO: Run Behavior\ShowPageTraceBehavior [ RunTime:0.000053s ]
INFO: [ app_end ] --END-- [ RunTime:0.000103s ]

[ 2016-04-15T11:33:52+08:00 ] ::1 /wemedical/index.php/Patient-Appointment-getThreeMore?num=1
INFO: [ app_init ] --START--
INFO: Run Behavior\BuildLiteBehavior [ RunTime:0.000024s ]
INFO: [ app_init ] --END-- [ RunTime:0.000157s ]
INFO: [ app_begin ] --START--
INFO: Run Behavior\ReadHtmlCacheBehavior [ RunTime:0.000073s ]
INFO: [ app_begin ] --END-- [ RunTime:0.000158s ]
SQL: SHOW COLUMNS FROM `wemedical_doctor` [ RunTime:0.0017s ]
SQL: SELECT `doctor_id`,`name`,`title`,`department`,`specialism`,order_cost as cost FROM `wemedical_doctor` ORDER BY doctor_id LIMIT 3,3   [ RunTime:0.0003s ]
INFO: [ app_end ] --START--
INFO: Run Behavior\ShowPageTraceBehavior [ RunTime:0.000073s ]
INFO: [ app_end ] --END-- [ RunTime:0.000133s ]

[ 2016-04-15T11:37:07+08:00 ] ::1 /wemedical/Patient-Appointment-index
INFO: [ app_init ] --START--
INFO: Run Behavior\BuildLiteBehavior [ RunTime:0.000016s ]
INFO: [ app_init ] --END-- [ RunTime:0.000122s ]
INFO: [ app_begin ] --START--
INFO: Run Behavior\ReadHtmlCacheBehavior [ RunTime:0.000085s ]
INFO: [ app_begin ] --END-- [ RunTime:0.000183s ]
SQL: SHOW COLUMNS FROM `wemedical_doctor` [ RunTime:0.0016s ]
SQL: SELECT `doctor_id`,`name`,`title`,`department`,`specialism`,order_cost as cost FROM `wemedical_doctor` ORDER BY doctor_id LIMIT 3   [ RunTime:0.0003s ]
INFO: [ view_parse ] --START--
NOTIC: [2] file_get_contents(./Application/Patient/View/User/Index/header.html): failed to open stream: No such file or directory /Applications/MAMP/htdocs/wemedical/ThinkPHP/Library/Think/Template.class.php 第 696 行.
INFO: [ template_filter ] --START--
INFO: Run Behavior\ContentReplaceBehavior [ RunTime:0.000092s ]
INFO: [ template_filter ] --END-- [ RunTime:0.000166s ]
NOTIC: [8] Undefined index: register_remains /Applications/MAMP/htdocs/wemedical/Application/Runtime/Cache/Patient/aca25a6ca1343e696192571e871d22ca.php 第 256 行.
NOTIC: [8] Undefined index: register_remains /Applications/MAMP/htdocs/wemedical/Application/Runtime/Cache/Patient/aca25a6ca1343e696192571e871d22ca.php 第 257 行.
NOTIC: [8] Undefined index: register_remains /Applications/MAMP/htdocs/wemedical/Application/Runtime/Cache/Patient/aca25a6ca1343e696192571e871d22ca.php 第 256 行.
NOTIC: [8] Undefined index: register_remains /Applications/MAMP/htdocs/wemedical/Application/Runtime/Cache/Patient/aca25a6ca1343e696192571e871d22ca.php 第 257 行.
NOTIC: [8] Undefined index: register_remains /Applications/MAMP/htdocs/wemedical/Application/Runtime/Cache/Patient/aca25a6ca1343e696192571e871d22ca.php 第 256 行.
NOTIC: [8] Undefined index: register_remains /Applications/MAMP/htdocs/wemedical/Application/Runtime/Cache/Patient/aca25a6ca1343e696192571e871d22ca.php 第 257 行.
INFO: Run Behavior\ParseTemplateBehavior [ RunTime:0.010830s ]
INFO: [ view_parse ] --END-- [ RunTime:0.010916s ]
INFO: [ view_filter ] --START--
INFO: Run Behavior\WriteHtmlCacheBehavior [ RunTime:0.000074s ]
INFO: [ view_filter ] --END-- [ RunTime:0.000123s ]
INFO: [ app_end ] --START--
INFO: Run Behavior\ShowPageTraceBehavior [ RunTime:0.000053s ]
INFO: [ app_end ] --END-- [ RunTime:0.000103s ]

[ 2016-04-15T11:37:07+08:00 ] ::1 /wemedical/index.php/Patient-Appointment-getThreeMore?num=1
INFO: [ app_init ] --START--
INFO: Run Behavior\BuildLiteBehavior [ RunTime:0.000021s ]
INFO: [ app_init ] --END-- [ RunTime:0.000230s ]
INFO: [ app_begin ] --START--
INFO: Run Behavior\ReadHtmlCacheBehavior [ RunTime:0.000082s ]
INFO: [ app_begin ] --END-- [ RunTime:0.000170s ]
SQL: SHOW COLUMNS FROM `wemedical_doctor` [ RunTime:0.0024s ]
SQL: SELECT `doctor_id`,`name`,`title`,`department`,`specialism`,order_cost as cost FROM `wemedical_doctor` ORDER BY doctor_id LIMIT 3,3   [ RunTime:0.0002s ]
INFO: [ app_end ] --START--
INFO: Run Behavior\ShowPageTraceBehavior [ RunTime:0.000066s ]
INFO: [ app_end ] --END-- [ RunTime:0.000118s ]

[ 2016-04-15T11:37:10+08:00 ] ::1 /wemedical/Patient-Appointment-getIntro?id=4
INFO: [ app_init ] --START--
INFO: Run Behavior\BuildLiteBehavior [ RunTime:0.000016s ]
INFO: [ app_init ] --END-- [ RunTime:0.000132s ]
INFO: [ app_begin ] --START--
INFO: Run Behavior\ReadHtmlCacheBehavior [ RunTime:0.000045s ]
INFO: [ app_begin ] --END-- [ RunTime:0.000091s ]
SQL: SHOW COLUMNS FROM `wemedical_doctor` [ RunTime:0.0056s ]
SQL: SELECT `intro`,treatment_period as period,`work_days` FROM `wemedical_doctor` WHERE `doctor_id` = 4  [ RunTime:0.0003s ]
INFO: [ app_end ] --START--
INFO: Run Behavior\ShowPageTraceBehavior [ RunTime:0.000065s ]
INFO: [ app_end ] --END-- [ RunTime:0.000115s ]

[ 2016-04-15T11:37:16+08:00 ] ::1 /wemedical/index.php/Patient-Appointment-getThreeMore?num=2
INFO: [ app_init ] --START--
INFO: Run Behavior\BuildLiteBehavior [ RunTime:0.000016s ]
INFO: [ app_init ] --END-- [ RunTime:0.000111s ]
INFO: [ app_begin ] --START--
INFO: Run Behavior\ReadHtmlCacheBehavior [ RunTime:0.000043s ]
INFO: [ app_begin ] --END-- [ RunTime:0.000088s ]
SQL: SHOW COLUMNS FROM `wemedical_doctor` [ RunTime:0.0054s ]
SQL: SELECT `doctor_id`,`name`,`title`,`department`,`specialism`,order_cost as cost FROM `wemedical_doctor` ORDER BY doctor_id LIMIT 6,3   [ RunTime:0.0002s ]
INFO: [ app_end ] --START--
INFO: Run Behavior\ShowPageTraceBehavior [ RunTime:0.000062s ]
INFO: [ app_end ] --END-- [ RunTime:0.000112s ]

[ 2016-04-15T11:37:17+08:00 ] ::1 /wemedical/Patient-Appointment-getIntro?id=6
INFO: [ app_init ] --START--
INFO: Run Behavior\BuildLiteBehavior [ RunTime:0.000021s ]
INFO: [ app_init ] --END-- [ RunTime:0.000136s ]
INFO: [ app_begin ] --START--
INFO: Run Behavior\ReadHtmlCacheBehavior [ RunTime:0.000060s ]
INFO: [ app_begin ] --END-- [ RunTime:0.000120s ]
SQL: SHOW COLUMNS FROM `wemedical_doctor` [ RunTime:0.0054s ]
SQL: SELECT `intro`,treatment_period as period,`work_days` FROM `wemedical_doctor` WHERE `doctor_id` = 6  [ RunTime:0.0002s ]
INFO: [ app_end ] --START--
INFO: Run Behavior\ShowPageTraceBehavior [ RunTime:0.000058s ]
INFO: [ app_end ] --END-- [ RunTime:0.000108s ]

[ 2016-04-15T11:37:26+08:00 ] ::1 /wemedical/index.php/Patient-Appointment-getThreeMore?num=3
INFO: [ app_init ] --START--
INFO: Run Behavior\BuildLiteBehavior [ RunTime:0.000027s ]
INFO: [ app_init ] --END-- [ RunTime:0.000214s ]
INFO: [ app_begin ] --START--
INFO: Run Behavior\ReadHtmlCacheBehavior [ RunTime:0.000069s ]
INFO: [ app_begin ] --END-- [ RunTime:0.000119s ]
SQL: SHOW COLUMNS FROM `wemedical_doctor` [ RunTime:0.0060s ]
SQL: SELECT `doctor_id`,`name`,`title`,`department`,`specialism`,order_cost as cost FROM `wemedical_doctor` ORDER BY doctor_id LIMIT 9,3   [ RunTime:0.0003s ]
INFO: [ app_end ] --START--
INFO: Run Behavior\ShowPageTraceBehavior [ RunTime:0.000102s ]
INFO: [ app_end ] --END-- [ RunTime:0.000157s ]

[ 2016-04-15T11:52:51+08:00 ] ::1 /wemedical/Patient-Appointment-index
INFO: [ app_init ] --START--
INFO: Run Behavior\BuildLiteBehavior [ RunTime:0.000019s ]
INFO: [ app_init ] --END-- [ RunTime:0.000147s ]
INFO: [ app_begin ] --START--
INFO: Run Behavior\ReadHtmlCacheBehavior [ RunTime:0.000073s ]
INFO: [ app_begin ] --END-- [ RunTime:0.000148s ]
SQL: SHOW COLUMNS FROM `wemedical_doctor` [ RunTime:0.0057s ]
SQL: SELECT `doctor_id`,`name`,`title`,`department`,`specialism`,order_cost as cost FROM `wemedical_doctor` ORDER BY doctor_id LIMIT 3   [ RunTime:0.0002s ]
INFO: [ view_parse ] --START--
NOTIC: [2] file_get_contents(./Application/Patient/View/User/Index/header.html): failed to open stream: No such file or directory /Applications/MAMP/htdocs/wemedical/ThinkPHP/Library/Think/Template.class.php 第 696 行.
INFO: [ template_filter ] --START--
INFO: Run Behavior\ContentReplaceBehavior [ RunTime:0.000099s ]
INFO: [ template_filter ] --END-- [ RunTime:0.000176s ]
NOTIC: [8] Undefined index: register_remains /Applications/MAMP/htdocs/wemedical/Application/Runtime/Cache/Patient/aca25a6ca1343e696192571e871d22ca.php 第 256 行.
NOTIC: [8] Undefined index: register_remains /Applications/MAMP/htdocs/wemedical/Application/Runtime/Cache/Patient/aca25a6ca1343e696192571e871d22ca.php 第 257 行.
NOTIC: [8] Undefined index: register_remains /Applications/MAMP/htdocs/wemedical/Application/Runtime/Cache/Patient/aca25a6ca1343e696192571e871d22ca.php 第 256 行.
NOTIC: [8] Undefined index: register_remains /Applications/MAMP/htdocs/wemedical/Application/Runtime/Cache/Patient/aca25a6ca1343e696192571e871d22ca.php 第 257 行.
NOTIC: [8] Undefined index: register_remains /Applications/MAMP/htdocs/wemedical/Application/Runtime/Cache/Patient/aca25a6ca1343e696192571e871d22ca.php 第 256 行.
NOTIC: [8] Undefined index: register_remains /Applications/MAMP/htdocs/wemedical/Application/Runtime/Cache/Patient/aca25a6ca1343e696192571e871d22ca.php 第 257 行.
INFO: Run Behavior\ParseTemplateBehavior [ RunTime:0.011993s ]
INFO: [ view_parse ] --END-- [ RunTime:0.012055s ]
INFO: [ view_filter ] --START--
INFO: Run Behavior\WriteHtmlCacheBehavior [ RunTime:0.000058s ]
INFO: [ view_filter ] --END-- [ RunTime:0.000104s ]
INFO: [ app_end ] --START--
INFO: Run Behavior\ShowPageTraceBehavior [ RunTime:0.000064s ]
INFO: [ app_end ] --END-- [ RunTime:0.000122s ]

[ 2016-04-15T11:52:52+08:00 ] ::1 /wemedical/index.php/Patient-Appointment-getThreeMore?num=1
INFO: [ app_init ] --START--
INFO: Run Behavior\BuildLiteBehavior [ RunTime:0.000045s ]
INFO: [ app_init ] --END-- [ RunTime:0.000316s ]
INFO: [ app_begin ] --START--
INFO: Run Behavior\ReadHtmlCacheBehavior [ RunTime:0.000117s ]
INFO: [ app_begin ] --END-- [ RunTime:0.000208s ]
SQL: SHOW COLUMNS FROM `wemedical_doctor` [ RunTime:0.0017s ]
SQL: SELECT `doctor_id`,`name`,`title`,`department`,`specialism`,order_cost as cost FROM `wemedical_doctor` ORDER BY doctor_id LIMIT 3,3   [ RunTime:0.0003s ]
INFO: [ app_end ] --START--
INFO: Run Behavior\ShowPageTraceBehavior [ RunTime:0.000100s ]
INFO: [ app_end ] --END-- [ RunTime:0.000157s ]

[ 2016-04-15T11:52:54+08:00 ] ::1 /wemedical/Patient-Appointment-index
INFO: [ app_init ] --START--
INFO: Run Behavior\BuildLiteBehavior [ RunTime:0.000018s ]
INFO: [ app_init ] --END-- [ RunTime:0.000128s ]
INFO: [ app_begin ] --START--
INFO: Run Behavior\ReadHtmlCacheBehavior [ RunTime:0.000061s ]
INFO: [ app_begin ] --END-- [ RunTime:0.000128s ]
SQL: SHOW COLUMNS FROM `wemedical_doctor` [ RunTime:0.0060s ]
SQL: SELECT `doctor_id`,`name`,`title`,`department`,`specialism`,order_cost as cost FROM `wemedical_doctor` ORDER BY doctor_id LIMIT 3   [ RunTime:0.0004s ]
INFO: [ view_parse ] --START--
NOTIC: [2] file_get_contents(./Application/Patient/View/User/Index/header.html): failed to open stream: No such file or directory /Applications/MAMP/htdocs/wemedical/ThinkPHP/Library/Think/Template.class.php 第 696 行.
INFO: [ template_filter ] --START--
INFO: Run Behavior\ContentReplaceBehavior [ RunTime:0.000125s ]
INFO: [ template_filter ] --END-- [ RunTime:0.000194s ]
NOTIC: [8] Undefined index: register_remains /Applications/MAMP/htdocs/wemedical/Application/Runtime/Cache/Patient/aca25a6ca1343e696192571e871d22ca.php 第 256 行.
NOTIC: [8] Undefined index: register_remains /Applications/MAMP/htdocs/wemedical/Application/Runtime/Cache/Patient/aca25a6ca1343e696192571e871d22ca.php 第 257 行.
NOTIC: [8] Undefined index: register_remains /Applications/MAMP/htdocs/wemedical/Application/Runtime/Cache/Patient/aca25a6ca1343e696192571e871d22ca.php 第 256 行.
NOTIC: [8] Undefined index: register_remains /Applications/MAMP/htdocs/wemedical/Application/Runtime/Cache/Patient/aca25a6ca1343e696192571e871d22ca.php 第 257 行.
NOTIC: [8] Undefined index: register_remains /Applications/MAMP/htdocs/wemedical/Application/Runtime/Cache/Patient/aca25a6ca1343e696192571e871d22ca.php 第 256 行.
NOTIC: [8] Undefined index: register_remains /Applications/MAMP/htdocs/wemedical/Application/Runtime/Cache/Patient/aca25a6ca1343e696192571e871d22ca.php 第 257 行.
INFO: Run Behavior\ParseTemplateBehavior [ RunTime:0.012415s ]
INFO: [ view_parse ] --END-- [ RunTime:0.012483s ]
INFO: [ view_filter ] --START--
INFO: Run Behavior\WriteHtmlCacheBehavior [ RunTime:0.000057s ]
INFO: [ view_filter ] --END-- [ RunTime:0.000103s ]
INFO: [ app_end ] --START--
INFO: Run Behavior\ShowPageTraceBehavior [ RunTime:0.000043s ]
INFO: [ app_end ] --END-- [ RunTime:0.000112s ]

[ 2016-04-15T11:52:56+08:00 ] ::1 /wemedical/index.php/Patient-Appointment-getThreeMore?num=1
INFO: [ app_init ] --START--
INFO: Run Behavior\BuildLiteBehavior [ RunTime:0.000015s ]
INFO: [ app_init ] --END-- [ RunTime:0.000104s ]
INFO: [ app_begin ] --START--
INFO: Run Behavior\ReadHtmlCacheBehavior [ RunTime:0.000040s ]
INFO: [ app_begin ] --END-- [ RunTime:0.000087s ]
SQL: SHOW COLUMNS FROM `wemedical_doctor` [ RunTime:0.0015s ]
SQL: SELECT `doctor_id`,`name`,`title`,`department`,`specialism`,order_cost as cost FROM `wemedical_doctor` ORDER BY doctor_id LIMIT 3,3   [ RunTime:0.0003s ]
INFO: [ app_end ] --START--
INFO: Run Behavior\ShowPageTraceBehavior [ RunTime:0.000060s ]
INFO: [ app_end ] --END-- [ RunTime:0.000111s ]

[ 2016-04-15T11:53:39+08:00 ] ::1 /wemedical/Patient-Appointment-index
INFO: [ app_init ] --START--
INFO: Run Behavior\BuildLiteBehavior [ RunTime:0.000018s ]
INFO: [ app_init ] --END-- [ RunTime:0.000128s ]
INFO: [ app_begin ] --START--
INFO: Run Behavior\ReadHtmlCacheBehavior [ RunTime:0.000061s ]
INFO: [ app_begin ] --END-- [ RunTime:0.000140s ]
SQL: SHOW COLUMNS FROM `wemedical_doctor` [ RunTime:0.0015s ]
SQL: SELECT `doctor_id`,`name`,`title`,`department`,`specialism`,order_cost as cost FROM `wemedical_doctor` ORDER BY doctor_id LIMIT 3   [ RunTime:0.0002s ]
INFO: [ view_parse ] --START--
NOTIC: [2] file_get_contents(./Application/Patient/View/User/Index/header.html): failed to open stream: No such file or directory /Applications/MAMP/htdocs/wemedical/ThinkPHP/Library/Think/Template.class.php 第 696 行.
INFO: [ template_filter ] --START--
INFO: Run Behavior\ContentReplaceBehavior [ RunTime:0.000130s ]
INFO: [ template_filter ] --END-- [ RunTime:0.000203s ]
NOTIC: [8] Undefined index: register_remains /Applications/MAMP/htdocs/wemedical/Application/Runtime/Cache/Patient/aca25a6ca1343e696192571e871d22ca.php 第 256 行.
NOTIC: [8] Undefined index: register_remains /Applications/MAMP/htdocs/wemedical/Application/Runtime/Cache/Patient/aca25a6ca1343e696192571e871d22ca.php 第 257 行.
NOTIC: [8] Undefined index: register_remains /Applications/MAMP/htdocs/wemedical/Application/Runtime/Cache/Patient/aca25a6ca1343e696192571e871d22ca.php 第 256 行.
NOTIC: [8] Undefined index: register_remains /Applications/MAMP/htdocs/wemedical/Application/Runtime/Cache/Patient/aca25a6ca1343e696192571e871d22ca.php 第 257 行.
NOTIC: [8] Undefined index: register_remains /Applications/MAMP/htdocs/wemedical/Application/Runtime/Cache/Patient/aca25a6ca1343e696192571e871d22ca.php 第 256 行.
NOTIC: [8] Undefined index: register_remains /Applications/MAMP/htdocs/wemedical/Application/Runtime/Cache/Patient/aca25a6ca1343e696192571e871d22ca.php 第 257 行.
INFO: Run Behavior\ParseTemplateBehavior [ RunTime:0.012257s ]
INFO: [ view_parse ] --END-- [ RunTime:0.012320s ]
INFO: [ view_filter ] --START--
INFO: Run Behavior\WriteHtmlCacheBehavior [ RunTime:0.000051s ]
INFO: [ view_filter ] --END-- [ RunTime:0.000098s ]
INFO: [ app_end ] --START--
INFO: Run Behavior\ShowPageTraceBehavior [ RunTime:0.000043s ]
INFO: [ app_end ] --END-- [ RunTime:0.000094s ]

[ 2016-04-15T11:53:40+08:00 ] ::1 /wemedical/index.php/Patient-Appointment-getThreeMore?num=1
INFO: [ app_init ] --START--
INFO: Run Behavior\BuildLiteBehavior [ RunTime:0.000028s ]
INFO: [ app_init ] --END-- [ RunTime:0.000227s ]
INFO: [ app_begin ] --START--
INFO: Run Behavior\ReadHtmlCacheBehavior [ RunTime:0.000068s ]
INFO: [ app_begin ] --END-- [ RunTime:0.000118s ]
SQL: SHOW COLUMNS FROM `wemedical_doctor` [ RunTime:0.0059s ]
SQL: SELECT `doctor_id`,`name`,`title`,`department`,`specialism`,order_cost as cost FROM `wemedical_doctor` ORDER BY doctor_id LIMIT 3,3   [ RunTime:0.0002s ]
INFO: [ app_end ] --START--
INFO: Run Behavior\ShowPageTraceBehavior [ RunTime:0.000103s ]
INFO: [ app_end ] --END-- [ RunTime:0.000157s ]

[ 2016-04-15T11:53:41+08:00 ] ::1 /wemedical/index.php/Patient-Appointment-getThreeMore?num=2
INFO: [ app_init ] --START--
INFO: Run Behavior\BuildLiteBehavior [ RunTime:0.000017s ]
INFO: [ app_init ] --END-- [ RunTime:0.000106s ]
INFO: [ app_begin ] --START--
INFO: Run Behavior\ReadHtmlCacheBehavior [ RunTime:0.000042s ]
INFO: [ app_begin ] --END-- [ RunTime:0.000088s ]
SQL: SHOW COLUMNS FROM `wemedical_doctor` [ RunTime:0.0014s ]
SQL: SELECT `doctor_id`,`name`,`title`,`department`,`specialism`,order_cost as cost FROM `wemedical_doctor` ORDER BY doctor_id LIMIT 6,3   [ RunTime:0.0002s ]
INFO: [ app_end ] --START--
INFO: Run Behavior\ShowPageTraceBehavior [ RunTime:0.000056s ]
INFO: [ app_end ] --END-- [ RunTime:0.000107s ]

[ 2016-04-15T11:56:14+08:00 ] ::1 /wemedical/index.php/Patient-Appointment-getThreeMore?num=3
INFO: [ app_init ] --START--
INFO: Run Behavior\BuildLiteBehavior [ RunTime:0.000027s ]
INFO: [ app_init ] --END-- [ RunTime:0.000237s ]
INFO: [ app_begin ] --START--
INFO: Run Behavior\ReadHtmlCacheBehavior [ RunTime:0.000073s ]
INFO: [ app_begin ] --END-- [ RunTime:0.000122s ]
SQL: SHOW COLUMNS FROM `wemedical_doctor` [ RunTime:0.0060s ]
SQL: SELECT `doctor_id`,`name`,`title`,`department`,`specialism`,order_cost as cost FROM `wemedical_doctor` ORDER BY doctor_id LIMIT 9,3   [ RunTime:0.0003s ]
INFO: [ app_end ] --START--
INFO: Run Behavior\ShowPageTraceBehavior [ RunTime:0.000115s ]
INFO: [ app_end ] --END-- [ RunTime:0.000168s ]

[ 2016-04-15T11:56:37+08:00 ] ::1 /wemedical/Patient-Appointment-index
INFO: [ app_init ] --START--
INFO: Run Behavior\BuildLiteBehavior [ RunTime:0.000015s ]
INFO: [ app_init ] --END-- [ RunTime:0.000151s ]
INFO: [ app_begin ] --START--
INFO: Run Behavior\ReadHtmlCacheBehavior [ RunTime:0.000066s ]
INFO: [ app_begin ] --END-- [ RunTime:0.000137s ]
SQL: SHOW COLUMNS FROM `wemedical_doctor` [ RunTime:0.0022s ]
SQL: SELECT `doctor_id`,`name`,`title`,`department`,`specialism`,order_cost as cost FROM `wemedical_doctor` ORDER BY doctor_id LIMIT 3   [ RunTime:0.0003s ]
INFO: [ view_parse ] --START--
NOTIC: [2] file_get_contents(./Application/Patient/View/User/Index/header.html): failed to open stream: No such file or directory /Applications/MAMP/htdocs/wemedical/ThinkPHP/Library/Think/Template.class.php 第 696 行.
INFO: [ template_filter ] --START--
INFO: Run Behavior\ContentReplaceBehavior [ RunTime:0.000134s ]
INFO: [ template_filter ] --END-- [ RunTime:0.000210s ]
NOTIC: [8] Undefined index: register_remains /Applications/MAMP/htdocs/wemedical/Application/Runtime/Cache/Patient/aca25a6ca1343e696192571e871d22ca.php 第 256 行.
NOTIC: [8] Undefined index: register_remains /Applications/MAMP/htdocs/wemedical/Application/Runtime/Cache/Patient/aca25a6ca1343e696192571e871d22ca.php 第 257 行.
NOTIC: [8] Undefined index: register_remains /Applications/MAMP/htdocs/wemedical/Application/Runtime/Cache/Patient/aca25a6ca1343e696192571e871d22ca.php 第 256 行.
NOTIC: [8] Undefined index: register_remains /Applications/MAMP/htdocs/wemedical/Application/Runtime/Cache/Patient/aca25a6ca1343e696192571e871d22ca.php 第 257 行.
NOTIC: [8] Undefined index: register_remains /Applications/MAMP/htdocs/wemedical/Application/Runtime/Cache/Patient/aca25a6ca1343e696192571e871d22ca.php 第 256 行.
NOTIC: [8] Undefined index: register_remains /Applications/MAMP/htdocs/wemedical/Application/Runtime/Cache/Patient/aca25a6ca1343e696192571e871d22ca.php 第 257 行.
INFO: Run Behavior\ParseTemplateBehavior [ RunTime:0.012141s ]
INFO: [ view_parse ] --END-- [ RunTime:0.012207s ]
INFO: [ view_filter ] --START--
INFO: Run Behavior\WriteHtmlCacheBehavior [ RunTime:0.000068s ]
INFO: [ view_filter ] --END-- [ RunTime:0.000117s ]
INFO: [ app_end ] --START--
INFO: Run Behavior\ShowPageTraceBehavior [ RunTime:0.000043s ]
INFO: [ app_end ] --END-- [ RunTime:0.000093s ]

[ 2016-04-15T11:56:42+08:00 ] ::1 /wemedical/Patient-Appointment-index
INFO: [ app_init ] --START--
INFO: Run Behavior\BuildLiteBehavior [ RunTime:0.000018s ]
INFO: [ app_init ] --END-- [ RunTime:0.000127s ]
INFO: [ app_begin ] --START--
INFO: Run Behavior\ReadHtmlCacheBehavior [ RunTime:0.000052s ]
INFO: [ app_begin ] --END-- [ RunTime:0.000120s ]
SQL: SHOW COLUMNS FROM `wemedical_doctor` [ RunTime:0.0060s ]
SQL: SELECT `doctor_id`,`name`,`title`,`department`,`specialism`,order_cost as cost FROM `wemedical_doctor` ORDER BY doctor_id LIMIT 3   [ RunTime:0.0003s ]
INFO: [ view_parse ] --START--
NOTIC: [2] file_get_contents(./Application/Patient/View/User/Index/header.html): failed to open stream: No such file or directory /Applications/MAMP/htdocs/wemedical/ThinkPHP/Library/Think/Template.class.php 第 696 行.
INFO: [ template_filter ] --START--
INFO: Run Behavior\ContentReplaceBehavior [ RunTime:0.000092s ]
INFO: [ template_filter ] --END-- [ RunTime:0.000162s ]
NOTIC: [8] Undefined index: register_remains /Applications/MAMP/htdocs/wemedical/Application/Runtime/Cache/Patient/aca25a6ca1343e696192571e871d22ca.php 第 256 行.
NOTIC: [8] Undefined index: register_remains /Applications/MAMP/htdocs/wemedical/Application/Runtime/Cache/Patient/aca25a6ca1343e696192571e871d22ca.php 第 257 行.
NOTIC: [8] Undefined index: register_remains /Applications/MAMP/htdocs/wemedical/Application/Runtime/Cache/Patient/aca25a6ca1343e696192571e871d22ca.php 第 256 行.
NOTIC: [8] Undefined index: register_remains /Applications/MAMP/htdocs/wemedical/Application/Runtime/Cache/Patient/aca25a6ca1343e696192571e871d22ca.php 第 257 行.
NOTIC: [8] Undefined index: register_remains /Applications/MAMP/htdocs/wemedical/Application/Runtime/Cache/Patient/aca25a6ca1343e696192571e871d22ca.php 第 256 行.
NOTIC: [8] Undefined index: register_remains /Applications/MAMP/htdocs/wemedical/Application/Runtime/Cache/Patient/aca25a6ca1343e696192571e871d22ca.php 第 257 行.
INFO: Run Behavior\ParseTemplateBehavior [ RunTime:0.011440s ]
INFO: [ view_parse ] --END-- [ RunTime:0.011499s ]
INFO: [ view_filter ] --START--
INFO: Run Behavior\WriteHtmlCacheBehavior [ RunTime:0.000047s ]
INFO: [ view_filter ] --END-- [ RunTime:0.000093s ]
INFO: [ app_end ] --START--
INFO: Run Behavior\ShowPageTraceBehavior [ RunTime:0.000053s ]
INFO: [ app_end ] --END-- [ RunTime:0.000112s ]

[ 2016-04-15T11:56:51+08:00 ] ::1 /wemedical/Patient-Appointment-index
INFO: [ app_init ] --START--
INFO: Run Behavior\BuildLiteBehavior [ RunTime:0.000014s ]
INFO: [ app_init ] --END-- [ RunTime:0.000111s ]
INFO: [ app_begin ] --START--
INFO: Run Behavior\ReadHtmlCacheBehavior [ RunTime:0.000043s ]
INFO: [ app_begin ] --END-- [ RunTime:0.000095s ]
SQL: SHOW COLUMNS FROM `wemedical_doctor` [ RunTime:0.0014s ]
SQL: SELECT `doctor_id`,`name`,`title`,`department`,`specialism`,order_cost as cost FROM `wemedical_doctor` ORDER BY doctor_id LIMIT 3   [ RunTime:0.0002s ]
INFO: [ view_parse ] --START--
NOTIC: [2] file_get_contents(./Application/Patient/View/User/Index/header.html): failed to open stream: No such file or directory /Applications/MAMP/htdocs/wemedical/ThinkPHP/Library/Think/Template.class.php 第 696 行.
INFO: [ template_filter ] --START--
INFO: Run Behavior\ContentReplaceBehavior [ RunTime:0.000095s ]
INFO: [ template_filter ] --END-- [ RunTime:0.000167s ]
NOTIC: [8] Undefined index: register_remains /Applications/MAMP/htdocs/wemedical/Application/Runtime/Cache/Patient/aca25a6ca1343e696192571e871d22ca.php 第 256 行.
NOTIC: [8] Undefined index: register_remains /Applications/MAMP/htdocs/wemedical/Application/Runtime/Cache/Patient/aca25a6ca1343e696192571e871d22ca.php 第 257 行.
NOTIC: [8] Undefined index: register_remains /Applications/MAMP/htdocs/wemedical/Application/Runtime/Cache/Patient/aca25a6ca1343e696192571e871d22ca.php 第 256 行.
NOTIC: [8] Undefined index: register_remains /Applications/MAMP/htdocs/wemedical/Application/Runtime/Cache/Patient/aca25a6ca1343e696192571e871d22ca.php 第 257 行.
NOTIC: [8] Undefined index: register_remains /Applications/MAMP/htdocs/wemedical/Application/Runtime/Cache/Patient/aca25a6ca1343e696192571e871d22ca.php 第 256 行.
NOTIC: [8] Undefined index: register_remains /Applications/MAMP/htdocs/wemedical/Application/Runtime/Cache/Patient/aca25a6ca1343e696192571e871d22ca.php 第 257 行.
INFO: Run Behavior\ParseTemplateBehavior [ RunTime:0.010914s ]
INFO: [ view_parse ] --END-- [ RunTime:0.010969s ]
INFO: [ view_filter ] --START--
INFO: Run Behavior\WriteHtmlCacheBehavior [ RunTime:0.000048s ]
INFO: [ view_filter ] --END-- [ RunTime:0.000095s ]
INFO: [ app_end ] --START--
INFO: Run Behavior\ShowPageTraceBehavior [ RunTime:0.000043s ]
INFO: [ app_end ] --END-- [ RunTime:0.000094s ]

[ 2016-04-15T11:57:06+08:00 ] ::1 /wemedical/Patient-Appointment-index
INFO: [ app_init ] --START--
INFO: Run Behavior\BuildLiteBehavior [ RunTime:0.000015s ]
INFO: [ app_init ] --END-- [ RunTime:0.000102s ]
INFO: [ app_begin ] --START--
INFO: Run Behavior\ReadHtmlCacheBehavior [ RunTime:0.000040s ]
INFO: [ app_begin ] --END-- [ RunTime:0.000101s ]
SQL: SHOW COLUMNS FROM `wemedical_doctor` [ RunTime:0.0017s ]
SQL: SELECT `doctor_id`,`name`,`title`,`department`,`specialism`,order_cost as cost FROM `wemedical_doctor` ORDER BY doctor_id LIMIT 3   [ RunTime:0.0002s ]
INFO: [ view_parse ] --START--
NOTIC: [2] file_get_contents(./Application/Patient/View/User/Index/header.html): failed to open stream: No such file or directory /Applications/MAMP/htdocs/wemedical/ThinkPHP/Library/Think/Template.class.php 第 696 行.
INFO: [ template_filter ] --START--
INFO: Run Behavior\ContentReplaceBehavior [ RunTime:0.000136s ]
INFO: [ template_filter ] --END-- [ RunTime:0.000212s ]
NOTIC: [8] Undefined index: register_remains /Applications/MAMP/htdocs/wemedical/Application/Runtime/Cache/Patient/aca25a6ca1343e696192571e871d22ca.php 第 256 行.
NOTIC: [8] Undefined index: register_remains /Applications/MAMP/htdocs/wemedical/Application/Runtime/Cache/Patient/aca25a6ca1343e696192571e871d22ca.php 第 257 行.
NOTIC: [8] Undefined index: register_remains /Applications/MAMP/htdocs/wemedical/Application/Runtime/Cache/Patient/aca25a6ca1343e696192571e871d22ca.php 第 256 行.
NOTIC: [8] Undefined index: register_remains /Applications/MAMP/htdocs/wemedical/Application/Runtime/Cache/Patient/aca25a6ca1343e696192571e871d22ca.php 第 257 行.
NOTIC: [8] Undefined index: register_remains /Applications/MAMP/htdocs/wemedical/Application/Runtime/Cache/Patient/aca25a6ca1343e696192571e871d22ca.php 第 256 行.
NOTIC: [8] Undefined index: register_remains /Applications/MAMP/htdocs/wemedical/Application/Runtime/Cache/Patient/aca25a6ca1343e696192571e871d22ca.php 第 257 行.
INFO: Run Behavior\ParseTemplateBehavior [ RunTime:0.012049s ]
INFO: [ view_parse ] --END-- [ RunTime:0.012108s ]
INFO: [ view_filter ] --START--
INFO: Run Behavior\WriteHtmlCacheBehavior [ RunTime:0.000053s ]
INFO: [ view_filter ] --END-- [ RunTime:0.000101s ]
INFO: [ app_end ] --START--
INFO: Run Behavior\ShowPageTraceBehavior [ RunTime:0.000044s ]
INFO: [ app_end ] --END-- [ RunTime:0.000094s ]

[ 2016-04-15T11:57:13+08:00 ] ::1 /wemedical/index.php/Patient-Appointment-getThreeMore?num=1
INFO: [ app_init ] --START--
INFO: Run Behavior\BuildLiteBehavior [ RunTime:0.000034s ]
INFO: [ app_init ] --END-- [ RunTime:0.000263s ]
INFO: [ app_begin ] --START--
INFO: Run Behavior\ReadHtmlCacheBehavior [ RunTime:0.000074s ]
INFO: [ app_begin ] --END-- [ RunTime:0.000129s ]
SQL: SHOW COLUMNS FROM `wemedical_doctor` [ RunTime:0.0057s ]
SQL: SELECT `doctor_id`,`name`,`title`,`department`,`specialism`,order_cost as cost FROM `wemedical_doctor` ORDER BY doctor_id LIMIT 3,3   [ RunTime:0.0002s ]
INFO: [ app_end ] --START--
INFO: Run Behavior\ShowPageTraceBehavior [ RunTime:0.000101s ]
INFO: [ app_end ] --END-- [ RunTime:0.000157s ]

[ 2016-04-15T11:57:16+08:00 ] ::1 /wemedical/Patient-Appointment-index
INFO: [ app_init ] --START--
INFO: Run Behavior\BuildLiteBehavior [ RunTime:0.000022s ]
INFO: [ app_init ] --END-- [ RunTime:0.000134s ]
INFO: [ app_begin ] --START--
INFO: Run Behavior\ReadHtmlCacheBehavior [ RunTime:0.000061s ]
INFO: [ app_begin ] --END-- [ RunTime:0.000121s ]
SQL: SHOW COLUMNS FROM `wemedical_doctor` [ RunTime:0.0014s ]
SQL: SELECT `doctor_id`,`name`,`title`,`department`,`specialism`,order_cost as cost FROM `wemedical_doctor` ORDER BY doctor_id LIMIT 3   [ RunTime:0.0002s ]
INFO: [ view_parse ] --START--
NOTIC: [2] file_get_contents(./Application/Patient/View/User/Index/header.html): failed to open stream: No such file or directory /Applications/MAMP/htdocs/wemedical/ThinkPHP/Library/Think/Template.class.php 第 696 行.
INFO: [ template_filter ] --START--
INFO: Run Behavior\ContentReplaceBehavior [ RunTime:0.000169s ]
INFO: [ template_filter ] --END-- [ RunTime:0.000245s ]
NOTIC: [8] Undefined index: register_remains /Applications/MAMP/htdocs/wemedical/Application/Runtime/Cache/Patient/aca25a6ca1343e696192571e871d22ca.php 第 256 行.
NOTIC: [8] Undefined index: register_remains /Applications/MAMP/htdocs/wemedical/Application/Runtime/Cache/Patient/aca25a6ca1343e696192571e871d22ca.php 第 257 行.
NOTIC: [8] Undefined index: register_remains /Applications/MAMP/htdocs/wemedical/Application/Runtime/Cache/Patient/aca25a6ca1343e696192571e871d22ca.php 第 256 行.
NOTIC: [8] Undefined index: register_remains /Applications/MAMP/htdocs/wemedical/Application/Runtime/Cache/Patient/aca25a6ca1343e696192571e871d22ca.php 第 257 行.
NOTIC: [8] Undefined index: register_remains /Applications/MAMP/htdocs/wemedical/Application/Runtime/Cache/Patient/aca25a6ca1343e696192571e871d22ca.php 第 256 行.
NOTIC: [8] Undefined index: register_remains /Applications/MAMP/htdocs/wemedical/Application/Runtime/Cache/Patient/aca25a6ca1343e696192571e871d22ca.php 第 257 行.
INFO: Run Behavior\ParseTemplateBehavior [ RunTime:0.011941s ]
INFO: [ view_parse ] --END-- [ RunTime:0.012004s ]
INFO: [ view_filter ] --START--
INFO: Run Behavior\WriteHtmlCacheBehavior [ RunTime:0.000052s ]
INFO: [ view_filter ] --END-- [ RunTime:0.000101s ]
INFO: [ app_end ] --START--
INFO: Run Behavior\ShowPageTraceBehavior [ RunTime:0.000052s ]
INFO: [ app_end ] --END-- [ RunTime:0.000102s ]

[ 2016-04-15T11:57:23+08:00 ] ::1 /wemedical/index.php/Patient-Appointment-getThreeMore?num=1
INFO: [ app_init ] --START--
INFO: Run Behavior\BuildLiteBehavior [ RunTime:0.000015s ]
INFO: [ app_init ] --END-- [ RunTime:0.000112s ]
INFO: [ app_begin ] --START--
INFO: Run Behavior\ReadHtmlCacheBehavior [ RunTime:0.000041s ]
INFO: [ app_begin ] --END-- [ RunTime:0.000087s ]
SQL: SHOW COLUMNS FROM `wemedical_doctor` [ RunTime:0.0055s ]
SQL: SELECT `doctor_id`,`name`,`title`,`department`,`specialism`,order_cost as cost FROM `wemedical_doctor` ORDER BY doctor_id LIMIT 3,3   [ RunTime:0.0002s ]
INFO: [ app_end ] --START--
INFO: Run Behavior\ShowPageTraceBehavior [ RunTime:0.000060s ]
INFO: [ app_end ] --END-- [ RunTime:0.000110s ]

[ 2016-04-15T11:57:25+08:00 ] ::1 /wemedical/Patient-Appointment-index
INFO: [ app_init ] --START--
INFO: Run Behavior\BuildLiteBehavior [ RunTime:0.000018s ]
INFO: [ app_init ] --END-- [ RunTime:0.000124s ]
INFO: [ app_begin ] --START--
INFO: Run Behavior\ReadHtmlCacheBehavior [ RunTime:0.000059s ]
INFO: [ app_begin ] --END-- [ RunTime:0.000125s ]
SQL: SHOW COLUMNS FROM `wemedical_doctor` [ RunTime:0.0060s ]
SQL: SELECT `doctor_id`,`name`,`title`,`department`,`specialism`,order_cost as cost FROM `wemedical_doctor` ORDER BY doctor_id LIMIT 3   [ RunTime:0.0002s ]
INFO: [ view_parse ] --START--
NOTIC: [2] file_get_contents(./Application/Patient/View/User/Index/header.html): failed to open stream: No such file or directory /Applications/MAMP/htdocs/wemedical/ThinkPHP/Library/Think/Template.class.php 第 696 行.
INFO: [ template_filter ] --START--
INFO: Run Behavior\ContentReplaceBehavior [ RunTime:0.000090s ]
INFO: [ template_filter ] --END-- [ RunTime:0.000152s ]
NOTIC: [8] Undefined index: register_remains /Applications/MAMP/htdocs/wemedical/Application/Runtime/Cache/Patient/aca25a6ca1343e696192571e871d22ca.php 第 256 行.
NOTIC: [8] Undefined index: register_remains /Applications/MAMP/htdocs/wemedical/Application/Runtime/Cache/Patient/aca25a6ca1343e696192571e871d22ca.php 第 257 行.
NOTIC: [8] Undefined index: register_remains /Applications/MAMP/htdocs/wemedical/Application/Runtime/Cache/Patient/aca25a6ca1343e696192571e871d22ca.php 第 256 行.
NOTIC: [8] Undefined index: register_remains /Applications/MAMP/htdocs/wemedical/Application/Runtime/Cache/Patient/aca25a6ca1343e696192571e871d22ca.php 第 257 行.
NOTIC: [8] Undefined index: register_remains /Applications/MAMP/htdocs/wemedical/Application/Runtime/Cache/Patient/aca25a6ca1343e696192571e871d22ca.php 第 256 行.
NOTIC: [8] Undefined index: register_remains /Applications/MAMP/htdocs/wemedical/Application/Runtime/Cache/Patient/aca25a6ca1343e696192571e871d22ca.php 第 257 行.
INFO: Run Behavior\ParseTemplateBehavior [ RunTime:0.010630s ]
INFO: [ view_parse ] --END-- [ RunTime:0.010685s ]
INFO: [ view_filter ] --START--
INFO: Run Behavior\WriteHtmlCacheBehavior [ RunTime:0.000045s ]
INFO: [ view_filter ] --END-- [ RunTime:0.000091s ]
INFO: [ app_end ] --START--
INFO: Run Behavior\ShowPageTraceBehavior [ RunTime:0.000043s ]
INFO: [ app_end ] --END-- [ RunTime:0.000093s ]

[ 2016-04-15T11:58:52+08:00 ] ::1 /wemedical/Patient-Appointment-index
INFO: [ app_init ] --START--
INFO: Run Behavior\BuildLiteBehavior [ RunTime:0.000019s ]
INFO: [ app_init ] --END-- [ RunTime:0.000143s ]
INFO: [ app_begin ] --START--
INFO: Run Behavior\ReadHtmlCacheBehavior [ RunTime:0.000063s ]
INFO: [ app_begin ] --END-- [ RunTime:0.000130s ]
SQL: SHOW COLUMNS FROM `wemedical_doctor` [ RunTime:0.0061s ]
SQL: SELECT `doctor_id`,`name`,`title`,`department`,`specialism`,order_cost as cost FROM `wemedical_doctor` ORDER BY doctor_id LIMIT 3   [ RunTime:0.0003s ]
INFO: [ view_parse ] --START--
NOTIC: [2] file_get_contents(./Application/Patient/View/User/Index/header.html): failed to open stream: No such file or directory /Applications/MAMP/htdocs/wemedical/ThinkPHP/Library/Think/Template.class.php 第 696 行.
INFO: [ template_filter ] --START--
INFO: Run Behavior\ContentReplaceBehavior [ RunTime:0.000088s ]
INFO: [ template_filter ] --END-- [ RunTime:0.000150s ]
NOTIC: [8] Undefined index: register_remains /Applications/MAMP/htdocs/wemedical/Application/Runtime/Cache/Patient/aca25a6ca1343e696192571e871d22ca.php 第 256 行.
NOTIC: [8] Undefined index: register_remains /Applications/MAMP/htdocs/wemedical/Application/Runtime/Cache/Patient/aca25a6ca1343e696192571e871d22ca.php 第 257 行.
NOTIC: [8] Undefined index: register_remains /Applications/MAMP/htdocs/wemedical/Application/Runtime/Cache/Patient/aca25a6ca1343e696192571e871d22ca.php 第 256 行.
NOTIC: [8] Undefined index: register_remains /Applications/MAMP/htdocs/wemedical/Application/Runtime/Cache/Patient/aca25a6ca1343e696192571e871d22ca.php 第 257 行.
NOTIC: [8] Undefined index: register_remains /Applications/MAMP/htdocs/wemedical/Application/Runtime/Cache/Patient/aca25a6ca1343e696192571e871d22ca.php 第 256 行.
NOTIC: [8] Undefined index: register_remains /Applications/MAMP/htdocs/wemedical/Application/Runtime/Cache/Patient/aca25a6ca1343e696192571e871d22ca.php 第 257 行.
INFO: Run Behavior\ParseTemplateBehavior [ RunTime:0.011351s ]
INFO: [ view_parse ] --END-- [ RunTime:0.011412s ]
INFO: [ view_filter ] --START--
INFO: Run Behavior\WriteHtmlCacheBehavior [ RunTime:0.000050s ]
INFO: [ view_filter ] --END-- [ RunTime:0.000096s ]
INFO: [ app_end ] --START--
INFO: Run Behavior\ShowPageTraceBehavior [ RunTime:0.000061s ]
INFO: [ app_end ] --END-- [ RunTime:0.000120s ]

[ 2016-04-15T11:58:54+08:00 ] ::1 /wemedical/index.php/Patient-Appointment-getThreeMore?num=1
INFO: [ app_init ] --START--
INFO: Run Behavior\BuildLiteBehavior [ RunTime:0.000034s ]
INFO: [ app_init ] --END-- [ RunTime:0.000246s ]
INFO: [ app_begin ] --START--
INFO: Run Behavior\ReadHtmlCacheBehavior [ RunTime:0.000082s ]
INFO: [ app_begin ] --END-- [ RunTime:0.000146s ]
SQL: SHOW COLUMNS FROM `wemedical_doctor` [ RunTime:0.0057s ]
SQL: SELECT `doctor_id`,`name`,`title`,`department`,`specialism`,order_cost as cost FROM `wemedical_doctor` ORDER BY doctor_id LIMIT 3,3   [ RunTime:0.0003s ]
INFO: [ app_end ] --START--
INFO: Run Behavior\ShowPageTraceBehavior [ RunTime:0.000102s ]
INFO: [ app_end ] --END-- [ RunTime:0.000160s ]

[ 2016-04-15T11:58:55+08:00 ] ::1 /wemedical/index.php/Patient-Appointment-getThreeMore?num=2
INFO: [ app_init ] --START--
INFO: Run Behavior\BuildLiteBehavior [ RunTime:0.000018s ]
INFO: [ app_init ] --END-- [ RunTime:0.000120s ]
INFO: [ app_begin ] --START--
INFO: Run Behavior\ReadHtmlCacheBehavior [ RunTime:0.000050s ]
INFO: [ app_begin ] --END-- [ RunTime:0.000100s ]
SQL: SHOW COLUMNS FROM `wemedical_doctor` [ RunTime:0.0054s ]
SQL: SELECT `doctor_id`,`name`,`title`,`department`,`specialism`,order_cost as cost FROM `wemedical_doctor` ORDER BY doctor_id LIMIT 6,3   [ RunTime:0.0002s ]
INFO: [ app_end ] --START--
INFO: Run Behavior\ShowPageTraceBehavior [ RunTime:0.000061s ]
INFO: [ app_end ] --END-- [ RunTime:0.000111s ]

[ 2016-04-15T12:01:42+08:00 ] ::1 /wemedical/Patient-Appointment-index
INFO: [ app_init ] --START--
INFO: Run Behavior\BuildLiteBehavior [ RunTime:0.000023s ]
INFO: [ app_init ] --END-- [ RunTime:0.000187s ]
INFO: [ app_begin ] --START--
INFO: Run Behavior\ReadHtmlCacheBehavior [ RunTime:0.000072s ]
INFO: [ app_begin ] --END-- [ RunTime:0.000148s ]
SQL: SHOW COLUMNS FROM `wemedical_doctor` [ RunTime:0.0017s ]
SQL: SELECT `doctor_id`,`name`,`title`,`department`,`specialism`,order_cost as cost FROM `wemedical_doctor` ORDER BY doctor_id LIMIT 3   [ RunTime:0.0003s ]
INFO: [ view_parse ] --START--
NOTIC: [2] file_get_contents(./Application/Patient/View/User/Index/header.html): failed to open stream: No such file or directory /Applications/MAMP/htdocs/wemedical/ThinkPHP/Library/Think/Template.class.php 第 696 行.
INFO: [ template_filter ] --START--
INFO: Run Behavior\ContentReplaceBehavior [ RunTime:0.000094s ]
INFO: [ template_filter ] --END-- [ RunTime:0.000156s ]
NOTIC: [8] Undefined index: register_remains /Applications/MAMP/htdocs/wemedical/Application/Runtime/Cache/Patient/aca25a6ca1343e696192571e871d22ca.php 第 256 行.
NOTIC: [8] Undefined index: register_remains /Applications/MAMP/htdocs/wemedical/Application/Runtime/Cache/Patient/aca25a6ca1343e696192571e871d22ca.php 第 257 行.
NOTIC: [8] Undefined index: register_remains /Applications/MAMP/htdocs/wemedical/Application/Runtime/Cache/Patient/aca25a6ca1343e696192571e871d22ca.php 第 256 行.
NOTIC: [8] Undefined index: register_remains /Applications/MAMP/htdocs/wemedical/Application/Runtime/Cache/Patient/aca25a6ca1343e696192571e871d22ca.php 第 257 行.
NOTIC: [8] Undefined index: register_remains /Applications/MAMP/htdocs/wemedical/Application/Runtime/Cache/Patient/aca25a6ca1343e696192571e871d22ca.php 第 256 行.
NOTIC: [8] Undefined index: register_remains /Applications/MAMP/htdocs/wemedical/Application/Runtime/Cache/Patient/aca25a6ca1343e696192571e871d22ca.php 第 257 行.
INFO: Run Behavior\ParseTemplateBehavior [ RunTime:0.010649s ]
INFO: [ view_parse ] --END-- [ RunTime:0.010710s ]
INFO: [ view_filter ] --START--
INFO: Run Behavior\WriteHtmlCacheBehavior [ RunTime:0.000056s ]
INFO: [ view_filter ] --END-- [ RunTime:0.000104s ]
INFO: [ app_end ] --START--
INFO: Run Behavior\ShowPageTraceBehavior [ RunTime:0.000052s ]
INFO: [ app_end ] --END-- [ RunTime:0.000103s ]

[ 2016-04-15T12:01:44+08:00 ] ::1 /wemedical/index.php/Patient-Appointment-getThreeMore?num=1
INFO: [ app_init ] --START--
INFO: Run Behavior\BuildLiteBehavior [ RunTime:0.000028s ]
INFO: [ app_init ] --END-- [ RunTime:0.000211s ]
INFO: [ app_begin ] --START--
INFO: Run Behavior\ReadHtmlCacheBehavior [ RunTime:0.000086s ]
INFO: [ app_begin ] --END-- [ RunTime:0.000148s ]
SQL: SHOW COLUMNS FROM `wemedical_doctor` [ RunTime:0.0058s ]
SQL: SELECT `doctor_id`,`name`,`title`,`department`,`specialism`,order_cost as cost FROM `wemedical_doctor` ORDER BY doctor_id LIMIT 4,1   [ RunTime:0.0003s ]
INFO: [ app_end ] --START--
INFO: Run Behavior\ShowPageTraceBehavior [ RunTime:0.000104s ]
INFO: [ app_end ] --END-- [ RunTime:0.000159s ]

[ 2016-04-15T12:01:46+08:00 ] ::1 /wemedical/index.php/Patient-Appointment-getThreeMore?num=2
INFO: [ app_init ] --START--
INFO: Run Behavior\BuildLiteBehavior [ RunTime:0.000016s ]
INFO: [ app_init ] --END-- [ RunTime:0.000111s ]
INFO: [ app_begin ] --START--
INFO: Run Behavior\ReadHtmlCacheBehavior [ RunTime:0.000041s ]
INFO: [ app_begin ] --END-- [ RunTime:0.000085s ]
SQL: SHOW COLUMNS FROM `wemedical_doctor` [ RunTime:0.0055s ]
SQL: SELECT `doctor_id`,`name`,`title`,`department`,`specialism`,order_cost as cost FROM `wemedical_doctor` ORDER BY doctor_id LIMIT 5,1   [ RunTime:0.0003s ]
INFO: [ app_end ] --START--
INFO: Run Behavior\ShowPageTraceBehavior [ RunTime:0.000062s ]
INFO: [ app_end ] --END-- [ RunTime:0.000112s ]

[ 2016-04-15T12:01:46+08:00 ] ::1 /wemedical/index.php/Patient-Appointment-getThreeMore?num=3
INFO: [ app_init ] --START--
INFO: Run Behavior\BuildLiteBehavior [ RunTime:0.000017s ]
INFO: [ app_init ] --END-- [ RunTime:0.000118s ]
INFO: [ app_begin ] --START--
INFO: Run Behavior\ReadHtmlCacheBehavior [ RunTime:0.000045s ]
INFO: [ app_begin ] --END-- [ RunTime:0.000091s ]
SQL: SHOW COLUMNS FROM `wemedical_doctor` [ RunTime:0.0054s ]
SQL: SELECT `doctor_id`,`name`,`title`,`department`,`specialism`,order_cost as cost FROM `wemedical_doctor` ORDER BY doctor_id LIMIT 6,1   [ RunTime:0.0002s ]
INFO: [ app_end ] --START--
INFO: Run Behavior\ShowPageTraceBehavior [ RunTime:0.000062s ]
INFO: [ app_end ] --END-- [ RunTime:0.000112s ]

[ 2016-04-15T12:01:56+08:00 ] ::1 /wemedical/Patient-Appointment-index
INFO: [ app_init ] --START--
INFO: Run Behavior\BuildLiteBehavior [ RunTime:0.000015s ]
INFO: [ app_init ] --END-- [ RunTime:0.000102s ]
INFO: [ app_begin ] --START--
INFO: Run Behavior\ReadHtmlCacheBehavior [ RunTime:0.000040s ]
INFO: [ app_begin ] --END-- [ RunTime:0.000092s ]
SQL: SHOW COLUMNS FROM `wemedical_doctor` [ RunTime:0.0015s ]
SQL: SELECT `doctor_id`,`name`,`title`,`department`,`specialism`,order_cost as cost FROM `wemedical_doctor` ORDER BY doctor_id LIMIT 3   [ RunTime:0.0002s ]
INFO: [ view_parse ] --START--
NOTIC: [2] file_get_contents(./Application/Patient/View/User/Index/header.html): failed to open stream: No such file or directory /Applications/MAMP/htdocs/wemedical/ThinkPHP/Library/Think/Template.class.php 第 696 行.
INFO: [ template_filter ] --START--
INFO: Run Behavior\ContentReplaceBehavior [ RunTime:0.000156s ]
INFO: [ template_filter ] --END-- [ RunTime:0.000252s ]
NOTIC: [8] Undefined index: register_remains /Applications/MAMP/htdocs/wemedical/Application/Runtime/Cache/Patient/aca25a6ca1343e696192571e871d22ca.php 第 256 行.
NOTIC: [8] Undefined index: register_remains /Applications/MAMP/htdocs/wemedical/Application/Runtime/Cache/Patient/aca25a6ca1343e696192571e871d22ca.php 第 257 行.
NOTIC: [8] Undefined index: register_remains /Applications/MAMP/htdocs/wemedical/Application/Runtime/Cache/Patient/aca25a6ca1343e696192571e871d22ca.php 第 256 行.
NOTIC: [8] Undefined index: register_remains /Applications/MAMP/htdocs/wemedical/Application/Runtime/Cache/Patient/aca25a6ca1343e696192571e871d22ca.php 第 257 行.
NOTIC: [8] Undefined index: register_remains /Applications/MAMP/htdocs/wemedical/Application/Runtime/Cache/Patient/aca25a6ca1343e696192571e871d22ca.php 第 256 行.
NOTIC: [8] Undefined index: register_remains /Applications/MAMP/htdocs/wemedical/Application/Runtime/Cache/Patient/aca25a6ca1343e696192571e871d22ca.php 第 257 行.
INFO: Run Behavior\ParseTemplateBehavior [ RunTime:0.010507s ]
INFO: [ view_parse ] --END-- [ RunTime:0.010566s ]
INFO: [ view_filter ] --START--
INFO: Run Behavior\WriteHtmlCacheBehavior [ RunTime:0.000052s ]
INFO: [ view_filter ] --END-- [ RunTime:0.000099s ]
INFO: [ app_end ] --START--
INFO: Run Behavior\ShowPageTraceBehavior [ RunTime:0.000044s ]
INFO: [ app_end ] --END-- [ RunTime:0.000093s ]

[ 2016-04-15T12:02:00+08:00 ] ::1 /wemedical/index.php/Patient-Appointment-getThreeMore?num=1
INFO: [ app_init ] --START--
INFO: Run Behavior\BuildLiteBehavior [ RunTime:0.000028s ]
INFO: [ app_init ] --END-- [ RunTime:0.000208s ]
INFO: [ app_begin ] --START--
INFO: Run Behavior\ReadHtmlCacheBehavior [ RunTime:0.000079s ]
INFO: [ app_begin ] --END-- [ RunTime:0.000132s ]
SQL: SHOW COLUMNS FROM `wemedical_doctor` [ RunTime:0.0059s ]
SQL: SELECT `doctor_id`,`name`,`title`,`department`,`specialism`,order_cost as cost FROM `wemedical_doctor` ORDER BY doctor_id LIMIT 4,1   [ RunTime:0.0002s ]
INFO: [ app_end ] --START--
INFO: Run Behavior\ShowPageTraceBehavior [ RunTime:0.000099s ]
INFO: [ app_end ] --END-- [ RunTime:0.000153s ]

[ 2016-04-15T12:02:02+08:00 ] ::1 /wemedical/index.php/Patient-Appointment-getThreeMore?num=2
INFO: [ app_init ] --START--
INFO: Run Behavior\BuildLiteBehavior [ RunTime:0.000018s ]
INFO: [ app_init ] --END-- [ RunTime:0.000128s ]
INFO: [ app_begin ] --START--
INFO: Run Behavior\ReadHtmlCacheBehavior [ RunTime:0.000053s ]
INFO: [ app_begin ] --END-- [ RunTime:0.000108s ]
SQL: SHOW COLUMNS FROM `wemedical_doctor` [ RunTime:0.0061s ]
SQL: SELECT `doctor_id`,`name`,`title`,`department`,`specialism`,order_cost as cost FROM `wemedical_doctor` ORDER BY doctor_id LIMIT 5,1   [ RunTime:0.0002s ]
INFO: [ app_end ] --START--
INFO: Run Behavior\ShowPageTraceBehavior [ RunTime:0.000061s ]
INFO: [ app_end ] --END-- [ RunTime:0.000112s ]

[ 2016-04-15T12:02:03+08:00 ] ::1 /wemedical/index.php/Patient-Appointment-getThreeMore?num=3
INFO: [ app_init ] --START--
INFO: Run Behavior\BuildLiteBehavior [ RunTime:0.000019s ]
INFO: [ app_init ] --END-- [ RunTime:0.000113s ]
INFO: [ app_begin ] --START--
INFO: Run Behavior\ReadHtmlCacheBehavior [ RunTime:0.000043s ]
INFO: [ app_begin ] --END-- [ RunTime:0.000089s ]
SQL: SHOW COLUMNS FROM `wemedical_doctor` [ RunTime:0.0054s ]
SQL: SELECT `doctor_id`,`name`,`title`,`department`,`specialism`,order_cost as cost FROM `wemedical_doctor` ORDER BY doctor_id LIMIT 6,1   [ RunTime:0.0002s ]
INFO: [ app_end ] --START--
INFO: Run Behavior\ShowPageTraceBehavior [ RunTime:0.000062s ]
INFO: [ app_end ] --END-- [ RunTime:0.000112s ]

[ 2016-04-15T12:02:41+08:00 ] ::1 /wemedical/Patient-Appointment-index
INFO: [ app_init ] --START--
INFO: Run Behavior\BuildLiteBehavior [ RunTime:0.000018s ]
INFO: [ app_init ] --END-- [ RunTime:0.000126s ]
INFO: [ app_begin ] --START--
INFO: Run Behavior\ReadHtmlCacheBehavior [ RunTime:0.000052s ]
INFO: [ app_begin ] --END-- [ RunTime:0.000119s ]
SQL: SHOW COLUMNS FROM `wemedical_doctor` [ RunTime:0.0017s ]
SQL: SELECT `doctor_id`,`name`,`title`,`department`,`specialism`,order_cost as cost FROM `wemedical_doctor` ORDER BY doctor_id LIMIT 3   [ RunTime:0.0003s ]
INFO: [ view_parse ] --START--
NOTIC: [2] file_get_contents(./Application/Patient/View/User/Index/header.html): failed to open stream: No such file or directory /Applications/MAMP/htdocs/wemedical/ThinkPHP/Library/Think/Template.class.php 第 696 行.
INFO: [ template_filter ] --START--
INFO: Run Behavior\ContentReplaceBehavior [ RunTime:0.000102s ]
INFO: [ template_filter ] --END-- [ RunTime:0.000183s ]
NOTIC: [8] Undefined index: register_remains /Applications/MAMP/htdocs/wemedical/Application/Runtime/Cache/Patient/aca25a6ca1343e696192571e871d22ca.php 第 256 行.
NOTIC: [8] Undefined index: register_remains /Applications/MAMP/htdocs/wemedical/Application/Runtime/Cache/Patient/aca25a6ca1343e696192571e871d22ca.php 第 257 行.
NOTIC: [8] Undefined index: register_remains /Applications/MAMP/htdocs/wemedical/Application/Runtime/Cache/Patient/aca25a6ca1343e696192571e871d22ca.php 第 256 行.
NOTIC: [8] Undefined index: register_remains /Applications/MAMP/htdocs/wemedical/Application/Runtime/Cache/Patient/aca25a6ca1343e696192571e871d22ca.php 第 257 行.
NOTIC: [8] Undefined index: register_remains /Applications/MAMP/htdocs/wemedical/Application/Runtime/Cache/Patient/aca25a6ca1343e696192571e871d22ca.php 第 256 行.
NOTIC: [8] Undefined index: register_remains /Applications/MAMP/htdocs/wemedical/Application/Runtime/Cache/Patient/aca25a6ca1343e696192571e871d22ca.php 第 257 行.
INFO: Run Behavior\ParseTemplateBehavior [ RunTime:0.012630s ]
INFO: [ view_parse ] --END-- [ RunTime:0.012695s ]
INFO: [ view_filter ] --START--
INFO: Run Behavior\WriteHtmlCacheBehavior [ RunTime:0.000057s ]
INFO: [ view_filter ] --END-- [ RunTime:0.000117s ]
INFO: [ app_end ] --START--
INFO: Run Behavior\ShowPageTraceBehavior [ RunTime:0.000045s ]
INFO: [ app_end ] --END-- [ RunTime:0.000104s ]

[ 2016-04-15T12:02:43+08:00 ] ::1 /wemedical/index.php/Patient-Appointment-getMore?num=1
INFO: [ app_init ] --START--
INFO: Run Behavior\BuildLiteBehavior [ RunTime:0.000015s ]
INFO: [ app_init ] --END-- [ RunTime:0.000116s ]
INFO: [ app_begin ] --START--
INFO: Run Behavior\ReadHtmlCacheBehavior [ RunTime:0.000048s ]
INFO: [ app_begin ] --END-- [ RunTime:0.000103s ]
SQL: SHOW COLUMNS FROM `wemedical_doctor` [ RunTime:0.0060s ]
SQL: SELECT `doctor_id`,`name`,`title`,`department`,`specialism`,order_cost as cost FROM `wemedical_doctor` ORDER BY doctor_id LIMIT 4,1   [ RunTime:0.0003s ]
INFO: [ app_end ] --START--
INFO: Run Behavior\ShowPageTraceBehavior [ RunTime:0.000075s ]
INFO: [ app_end ] --END-- [ RunTime:0.000126s ]

[ 2016-04-15T12:02:43+08:00 ] ::1 /wemedical/index.php/Patient-Appointment-getMore?num=2
INFO: [ app_init ] --START--
INFO: Run Behavior\BuildLiteBehavior [ RunTime:0.000015s ]
INFO: [ app_init ] --END-- [ RunTime:0.000104s ]
INFO: [ app_begin ] --START--
INFO: Run Behavior\ReadHtmlCacheBehavior [ RunTime:0.000043s ]
INFO: [ app_begin ] --END-- [ RunTime:0.000088s ]
SQL: SHOW COLUMNS FROM `wemedical_doctor` [ RunTime:0.0055s ]
SQL: SELECT `doctor_id`,`name`,`title`,`department`,`specialism`,order_cost as cost FROM `wemedical_doctor` ORDER BY doctor_id LIMIT 5,1   [ RunTime:0.0002s ]
INFO: [ app_end ] --START--
INFO: Run Behavior\ShowPageTraceBehavior [ RunTime:0.000060s ]
INFO: [ app_end ] --END-- [ RunTime:0.000111s ]

[ 2016-04-15T12:02:44+08:00 ] ::1 /wemedical/index.php/Patient-Appointment-getMore?num=3
INFO: [ app_init ] --START--
INFO: Run Behavior\BuildLiteBehavior [ RunTime:0.000019s ]
INFO: [ app_init ] --END-- [ RunTime:0.000135s ]
INFO: [ app_begin ] --START--
INFO: Run Behavior\ReadHtmlCacheBehavior [ RunTime:0.000059s ]
INFO: [ app_begin ] --END-- [ RunTime:0.000119s ]
SQL: SHOW COLUMNS FROM `wemedical_doctor` [ RunTime:0.0056s ]
SQL: SELECT `doctor_id`,`name`,`title`,`department`,`specialism`,order_cost as cost FROM `wemedical_doctor` ORDER BY doctor_id LIMIT 6,1   [ RunTime:0.0002s ]
INFO: [ app_end ] --START--
INFO: Run Behavior\ShowPageTraceBehavior [ RunTime:0.000065s ]
INFO: [ app_end ] --END-- [ RunTime:0.000118s ]

