[ 2016-04-26T10:11:24+08:00 ] 192.168.1.3 /wemedical/Patient-Me-Index
INFO: [ app_init ] --START--
INFO: Run Behavior\BuildLiteBehavior [ RunTime:0.000027s ]
INFO: [ app_init ] --END-- [ RunTime:0.001169s ]
INFO: [ app_begin ] --START--
INFO: Run Behavior\ReadHtmlCacheBehavior [ RunTime:0.001751s ]
INFO: [ app_begin ] --END-- [ RunTime:0.001855s ]
INFO: [ view_parse ] --START--
INFO: [ template_filter ] --START--
INFO: Run Behavior\ContentReplaceBehavior [ RunTime:0.000077s ]
INFO: [ template_filter ] --END-- [ RunTime:0.000156s ]
INFO: Run Behavior\ParseTemplateBehavior [ RunTime:0.015391s ]
INFO: [ view_parse ] --END-- [ RunTime:0.015474s ]
INFO: [ view_filter ] --START--
INFO: Run Behavior\WriteHtmlCacheBehavior [ RunTime:0.000637s ]
INFO: [ view_filter ] --END-- [ RunTime:0.000694s ]

[ 2016-04-26T10:11:51+08:00 ] 192.168.1.3 /wemedical/Patient-Me-Index
INFO: [ app_init ] --START--
INFO: Run Behavior\BuildLiteBehavior [ RunTime:0.000020s ]
INFO: [ app_init ] --END-- [ RunTime:0.000171s ]
INFO: [ app_begin ] --START--
INFO: Run Behavior\ReadHtmlCacheBehavior [ RunTime:0.000071s ]
INFO: [ app_begin ] --END-- [ RunTime:0.000126s ]
INFO: [ view_parse ] --START--
INFO: [ template_filter ] --START--
INFO: Run Behavior\ContentReplaceBehavior [ RunTime:0.000070s ]
INFO: [ template_filter ] --END-- [ RunTime:0.000146s ]
INFO: Run Behavior\ParseTemplateBehavior [ RunTime:0.003093s ]
INFO: [ view_parse ] --END-- [ RunTime:0.003155s ]
INFO: [ view_filter ] --START--
INFO: Run Behavior\WriteHtmlCacheBehavior [ RunTime:0.000059s ]
INFO: [ view_filter ] --END-- [ RunTime:0.000106s ]

[ 2016-04-26T10:12:41+08:00 ] 192.168.1.3 /wemedical/Patient-Appointment-index
INFO: [ app_init ] --START--
INFO: Run Behavior\BuildLiteBehavior [ RunTime:0.000014s ]
INFO: [ app_init ] --END-- [ RunTime:0.000100s ]
INFO: [ app_begin ] --START--
INFO: Run Behavior\ReadHtmlCacheBehavior [ RunTime:0.000043s ]
INFO: [ app_begin ] --END-- [ RunTime:0.000093s ]
INFO: [ view_parse ] --START--
NOTIC: [2] file_get_contents(./Application/Patient/View/User/Index/header.html): failed to open stream: No such file or directory /Applications/MAMP/htdocs/wemedical/ThinkPHP/Library/Think/Template.class.php 第 696 行.
INFO: [ template_filter ] --START--
INFO: Run Behavior\ContentReplaceBehavior [ RunTime:0.000101s ]
INFO: [ template_filter ] --END-- [ RunTime:0.000183s ]
INFO: Run Behavior\ParseTemplateBehavior [ RunTime:0.009934s ]
INFO: [ view_parse ] --END-- [ RunTime:0.010022s ]
INFO: [ view_filter ] --START--
INFO: Run Behavior\WriteHtmlCacheBehavior [ RunTime:0.000083s ]
INFO: [ view_filter ] --END-- [ RunTime:0.000134s ]
INFO: [ app_end ] --START--
INFO: Run Behavior\ShowPageTraceBehavior [ RunTime:0.000092s ]
INFO: [ app_end ] --END-- [ RunTime:0.000147s ]

[ 2016-04-26T10:12:41+08:00 ] 192.168.1.3 /wemedical/index.php/Patient-Appointment-getDoc?num=1&date=2016-04-27
INFO: [ app_init ] --START--
INFO: Run Behavior\BuildLiteBehavior [ RunTime:0.000015s ]
INFO: [ app_init ] --END-- [ RunTime:0.000109s ]
INFO: [ app_begin ] --START--
INFO: Run Behavior\ReadHtmlCacheBehavior [ RunTime:0.000044s ]
INFO: [ app_begin ] --END-- [ RunTime:0.000091s ]
SQL: SHOW COLUMNS FROM `wemedical_doctor` [ RunTime:0.0028s ]
SQL: SELECT `doctor_id`,`name`,`title`,`department`,`specialism`,`order_cost` AS `cost`,`orders_per_day`,`treatment_period` AS `period`,`work_days` FROM `wemedical_doctor` WHERE ( work_days like'%3%' ) ORDER BY doctor_id LIMIT 0,3   [ RunTime:0.0007s ]
SQL: SHOW COLUMNS FROM `wemedical_order` [ RunTime:0.0027s ]
SQL: SELECT * FROM `wemedical_order` WHERE ( DATEDIFF(date,CURDATE())>=1 AND doctor_id='1' ) ORDER BY order_id  [ RunTime:0.0015s ]
SQL: SELECT * FROM `wemedical_order` WHERE ( DATEDIFF(date,CURDATE())>=1 AND doctor_id='2' ) ORDER BY order_id  [ RunTime:0.0002s ]
SQL: SELECT * FROM `wemedical_order` WHERE ( DATEDIFF(date,CURDATE())>=1 AND doctor_id='3' ) ORDER BY order_id  [ RunTime:0.0001s ]
INFO: [ app_end ] --START--
INFO: Run Behavior\ShowPageTraceBehavior [ RunTime:0.000075s ]
INFO: [ app_end ] --END-- [ RunTime:0.000127s ]

[ 2016-04-26T10:12:54+08:00 ] 192.168.1.3 /wemedical/index.php/Patient-Appointment-getDoc?num=1&date=2016-04-28
INFO: [ app_init ] --START--
INFO: Run Behavior\BuildLiteBehavior [ RunTime:0.000028s ]
INFO: [ app_init ] --END-- [ RunTime:0.000207s ]
INFO: [ app_begin ] --START--
INFO: Run Behavior\ReadHtmlCacheBehavior [ RunTime:0.000075s ]
INFO: [ app_begin ] --END-- [ RunTime:0.000127s ]
SQL: SHOW COLUMNS FROM `wemedical_doctor` [ RunTime:0.0014s ]
SQL: SELECT `doctor_id`,`name`,`title`,`department`,`specialism`,`order_cost` AS `cost`,`orders_per_day`,`treatment_period` AS `period`,`work_days` FROM `wemedical_doctor` WHERE ( work_days like'%4%' ) ORDER BY doctor_id LIMIT 0,3   [ RunTime:0.0003s ]
SQL: SHOW COLUMNS FROM `wemedical_order` [ RunTime:0.0010s ]
SQL: SELECT * FROM `wemedical_order` WHERE ( DATEDIFF(date,CURDATE())>=1 AND doctor_id='2' ) ORDER BY order_id  [ RunTime:0.0003s ]
SQL: SELECT * FROM `wemedical_order` WHERE ( DATEDIFF(date,CURDATE())>=1 AND doctor_id='4' ) ORDER BY order_id  [ RunTime:0.0002s ]
SQL: SELECT * FROM `wemedical_order` WHERE ( DATEDIFF(date,CURDATE())>=1 AND doctor_id='5' ) ORDER BY order_id  [ RunTime:0.0001s ]
INFO: [ app_end ] --START--
INFO: Run Behavior\ShowPageTraceBehavior [ RunTime:0.000100s ]
INFO: [ app_end ] --END-- [ RunTime:0.000154s ]

[ 2016-04-26T10:13:18+08:00 ] 192.168.1.3 /wemedical/index.php/Patient-Appointment-getDoc?num=1&date=2016-04-29
INFO: [ app_init ] --START--
INFO: Run Behavior\BuildLiteBehavior [ RunTime:0.000028s ]
INFO: [ app_init ] --END-- [ RunTime:0.000203s ]
INFO: [ app_begin ] --START--
INFO: Run Behavior\ReadHtmlCacheBehavior [ RunTime:0.000073s ]
INFO: [ app_begin ] --END-- [ RunTime:0.000126s ]
SQL: SHOW COLUMNS FROM `wemedical_doctor` [ RunTime:0.0015s ]
SQL: SELECT `doctor_id`,`name`,`title`,`department`,`specialism`,`order_cost` AS `cost`,`orders_per_day`,`treatment_period` AS `period`,`work_days` FROM `wemedical_doctor` WHERE ( work_days like'%5%' ) ORDER BY doctor_id LIMIT 0,3   [ RunTime:0.0003s ]
SQL: SHOW COLUMNS FROM `wemedical_order` [ RunTime:0.0010s ]
SQL: SELECT * FROM `wemedical_order` WHERE ( DATEDIFF(date,CURDATE())>=1 AND doctor_id='1' ) ORDER BY order_id  [ RunTime:0.0003s ]
SQL: SELECT * FROM `wemedical_order` WHERE ( DATEDIFF(date,CURDATE())>=1 AND doctor_id='3' ) ORDER BY order_id  [ RunTime:0.0002s ]
SQL: SELECT * FROM `wemedical_order` WHERE ( DATEDIFF(date,CURDATE())>=1 AND doctor_id='4' ) ORDER BY order_id  [ RunTime:0.0001s ]
INFO: [ app_end ] --START--
INFO: Run Behavior\ShowPageTraceBehavior [ RunTime:0.000096s ]
INFO: [ app_end ] --END-- [ RunTime:0.000149s ]

[ 2016-04-26T10:13:24+08:00 ] 192.168.1.3 /wemedical/Patient-Appointment-getIntro?id=1
INFO: [ app_init ] --START--
INFO: Run Behavior\BuildLiteBehavior [ RunTime:0.000014s ]
INFO: [ app_init ] --END-- [ RunTime:0.000102s ]
INFO: [ app_begin ] --START--
INFO: Run Behavior\ReadHtmlCacheBehavior [ RunTime:0.000055s ]
INFO: [ app_begin ] --END-- [ RunTime:0.000101s ]
INFO: [ app_end ] --START--
INFO: Run Behavior\ShowPageTraceBehavior [ RunTime:0.000045s ]
INFO: [ app_end ] --END-- [ RunTime:0.000104s ]

[ 2016-04-26T10:14:06+08:00 ] 192.168.1.3 /wemedical/Patient-MyOrders-Index
INFO: [ app_init ] --START--
INFO: Run Behavior\BuildLiteBehavior [ RunTime:0.000028s ]
INFO: [ app_init ] --END-- [ RunTime:0.000221s ]
INFO: [ app_begin ] --START--
INFO: Run Behavior\ReadHtmlCacheBehavior [ RunTime:0.000085s ]
INFO: [ app_begin ] --END-- [ RunTime:0.000143s ]

[ 2016-04-26T10:16:13+08:00 ] 192.168.1.3 /wemedical/Patient-MyOrders-Index
INFO: [ app_init ] --START--
INFO: Run Behavior\BuildLiteBehavior [ RunTime:0.000030s ]
INFO: [ app_init ] --END-- [ RunTime:0.000228s ]
INFO: [ app_begin ] --START--
INFO: Run Behavior\ReadHtmlCacheBehavior [ RunTime:0.000083s ]
INFO: [ app_begin ] --END-- [ RunTime:0.000144s ]
INFO: [ view_parse ] --START--
INFO: [ template_filter ] --START--
INFO: Run Behavior\ContentReplaceBehavior [ RunTime:0.000103s ]
INFO: [ template_filter ] --END-- [ RunTime:0.000186s ]
INFO: Run Behavior\ParseTemplateBehavior [ RunTime:0.004960s ]
INFO: [ view_parse ] --END-- [ RunTime:0.005032s ]
INFO: [ view_filter ] --START--
INFO: Run Behavior\WriteHtmlCacheBehavior [ RunTime:0.000066s ]
INFO: [ view_filter ] --END-- [ RunTime:0.000114s ]
INFO: [ app_end ] --START--
INFO: Run Behavior\ShowPageTraceBehavior [ RunTime:0.000080s ]
INFO: [ app_end ] --END-- [ RunTime:0.000131s ]

[ 2016-04-26T10:16:13+08:00 ] 192.168.1.3 /wemedical/index.php/Patient-MyOrders-getOrders?time=1
INFO: [ app_init ] --START--
INFO: Run Behavior\BuildLiteBehavior [ RunTime:0.000014s ]
INFO: [ app_init ] --END-- [ RunTime:0.000102s ]
INFO: [ app_begin ] --START--
INFO: Run Behavior\ReadHtmlCacheBehavior [ RunTime:0.000049s ]
INFO: [ app_begin ] --END-- [ RunTime:0.000101s ]
SQL: SHOW COLUMNS FROM `wemedical_order` [ RunTime:0.0011s ]
SQL: SELECT * FROM `wemedical_order` WHERE ( patient_id='1'AND date>='2016-04-26' ) ORDER BY date desc  [ RunTime:0.0003s ]
INFO: [ app_end ] --START--
INFO: Run Behavior\ShowPageTraceBehavior [ RunTime:0.000065s ]
INFO: [ app_end ] --END-- [ RunTime:0.000115s ]

[ 2016-04-26T10:16:16+08:00 ] 192.168.1.3 /wemedical/index.php/Patient-MyOrders-getOrders?time=0
INFO: [ app_init ] --START--
INFO: Run Behavior\BuildLiteBehavior [ RunTime:0.000014s ]
INFO: [ app_init ] --END-- [ RunTime:0.000103s ]
INFO: [ app_begin ] --START--
INFO: Run Behavior\ReadHtmlCacheBehavior [ RunTime:0.000044s ]
INFO: [ app_begin ] --END-- [ RunTime:0.000090s ]
SQL: SHOW COLUMNS FROM `wemedical_order` [ RunTime:0.0010s ]
SQL: SELECT * FROM `wemedical_order` WHERE ( patient_id='1'AND date<'2016-04-26' ) ORDER BY date desc  [ RunTime:0.0003s ]
SQL: SHOW COLUMNS FROM `wemedical_doctor` [ RunTime:0.0013s ]
SQL: SELECT * FROM `wemedical_doctor` WHERE ( 1=1 AND doctor_id='7' ) LIMIT 1   [ RunTime:0.0003s ]
SQL: SELECT * FROM `wemedical_doctor` WHERE ( 1=1 AND doctor_id='4' ) LIMIT 1   [ RunTime:0.0002s ]
SQL: SELECT * FROM `wemedical_doctor` WHERE ( 1=1 AND doctor_id='6' ) LIMIT 1   [ RunTime:0.0001s ]
SQL: SELECT * FROM `wemedical_doctor` WHERE ( 1=1 AND doctor_id='4' ) LIMIT 1   [ RunTime:0.0001s ]
SQL: SELECT * FROM `wemedical_doctor` WHERE ( 1=1 AND doctor_id='3' ) LIMIT 1   [ RunTime:0.0001s ]
SQL: SELECT * FROM `wemedical_doctor` WHERE ( 1=1 AND doctor_id='5' ) LIMIT 1   [ RunTime:0.0001s ]
SQL: SELECT * FROM `wemedical_doctor` WHERE ( 1=1 AND doctor_id='5' ) LIMIT 1   [ RunTime:0.0001s ]
SQL: SELECT * FROM `wemedical_doctor` WHERE ( 1=1 AND doctor_id='2' ) LIMIT 1   [ RunTime:0.0001s ]
SQL: SELECT * FROM `wemedical_doctor` WHERE ( 1=1 AND doctor_id='2' ) LIMIT 1   [ RunTime:0.0001s ]
SQL: SELECT * FROM `wemedical_doctor` WHERE ( 1=1 AND doctor_id='2' ) LIMIT 1   [ RunTime:0.0001s ]
SQL: SELECT * FROM `wemedical_doctor` WHERE ( 1=1 AND doctor_id='1' ) LIMIT 1   [ RunTime:0.0001s ]
SQL: SELECT * FROM `wemedical_doctor` WHERE ( 1=1 AND doctor_id='2' ) LIMIT 1   [ RunTime:0.0001s ]
SQL: SELECT * FROM `wemedical_doctor` WHERE ( 1=1 AND doctor_id='2' ) LIMIT 1   [ RunTime:0.0001s ]
SQL: SELECT * FROM `wemedical_doctor` WHERE ( 1=1 AND doctor_id='2' ) LIMIT 1   [ RunTime:0.0001s ]
SQL: SELECT * FROM `wemedical_doctor` WHERE ( 1=1 AND doctor_id='2' ) LIMIT 1   [ RunTime:0.0001s ]
SQL: SELECT * FROM `wemedical_doctor` WHERE ( 1=1 AND doctor_id='2' ) LIMIT 1   [ RunTime:0.0001s ]
SQL: SELECT * FROM `wemedical_doctor` WHERE ( 1=1 AND doctor_id='1' ) LIMIT 1   [ RunTime:0.0001s ]
SQL: SELECT * FROM `wemedical_doctor` WHERE ( 1=1 AND doctor_id='1' ) LIMIT 1   [ RunTime:0.0001s ]
SQL: SELECT * FROM `wemedical_doctor` WHERE ( 1=1 AND doctor_id='1' ) LIMIT 1   [ RunTime:0.0002s ]
INFO: [ app_end ] --START--
INFO: Run Behavior\ShowPageTraceBehavior [ RunTime:0.000072s ]
INFO: [ app_end ] --END-- [ RunTime:0.000124s ]

[ 2016-04-26T10:16:17+08:00 ] 192.168.1.3 /wemedical/index.php/Patient-MyOrders-getOrders?time=0
INFO: [ app_init ] --START--
INFO: Run Behavior\BuildLiteBehavior [ RunTime:0.000014s ]
INFO: [ app_init ] --END-- [ RunTime:0.000101s ]
INFO: [ app_begin ] --START--
INFO: Run Behavior\ReadHtmlCacheBehavior [ RunTime:0.000042s ]
INFO: [ app_begin ] --END-- [ RunTime:0.000087s ]
SQL: SHOW COLUMNS FROM `wemedical_order` [ RunTime:0.0010s ]
SQL: SELECT * FROM `wemedical_order` WHERE ( patient_id='1'AND date<'2016-04-26' ) ORDER BY date desc  [ RunTime:0.0004s ]
SQL: SHOW COLUMNS FROM `wemedical_doctor` [ RunTime:0.0014s ]
SQL: SELECT * FROM `wemedical_doctor` WHERE ( 1=1 AND doctor_id='7' ) LIMIT 1   [ RunTime:0.0003s ]
SQL: SELECT * FROM `wemedical_doctor` WHERE ( 1=1 AND doctor_id='4' ) LIMIT 1   [ RunTime:0.0002s ]
SQL: SELECT * FROM `wemedical_doctor` WHERE ( 1=1 AND doctor_id='6' ) LIMIT 1   [ RunTime:0.0002s ]
SQL: SELECT * FROM `wemedical_doctor` WHERE ( 1=1 AND doctor_id='4' ) LIMIT 1   [ RunTime:0.0001s ]
SQL: SELECT * FROM `wemedical_doctor` WHERE ( 1=1 AND doctor_id='3' ) LIMIT 1   [ RunTime:0.0002s ]
SQL: SELECT * FROM `wemedical_doctor` WHERE ( 1=1 AND doctor_id='5' ) LIMIT 1   [ RunTime:0.0002s ]
SQL: SELECT * FROM `wemedical_doctor` WHERE ( 1=1 AND doctor_id='5' ) LIMIT 1   [ RunTime:0.0002s ]
SQL: SELECT * FROM `wemedical_doctor` WHERE ( 1=1 AND doctor_id='2' ) LIMIT 1   [ RunTime:0.0002s ]
SQL: SELECT * FROM `wemedical_doctor` WHERE ( 1=1 AND doctor_id='2' ) LIMIT 1   [ RunTime:0.0002s ]
SQL: SELECT * FROM `wemedical_doctor` WHERE ( 1=1 AND doctor_id='2' ) LIMIT 1   [ RunTime:0.0002s ]
SQL: SELECT * FROM `wemedical_doctor` WHERE ( 1=1 AND doctor_id='1' ) LIMIT 1   [ RunTime:0.0002s ]
SQL: SELECT * FROM `wemedical_doctor` WHERE ( 1=1 AND doctor_id='2' ) LIMIT 1   [ RunTime:0.0002s ]
SQL: SELECT * FROM `wemedical_doctor` WHERE ( 1=1 AND doctor_id='2' ) LIMIT 1   [ RunTime:0.0002s ]
SQL: SELECT * FROM `wemedical_doctor` WHERE ( 1=1 AND doctor_id='2' ) LIMIT 1   [ RunTime:0.0002s ]
SQL: SELECT * FROM `wemedical_doctor` WHERE ( 1=1 AND doctor_id='2' ) LIMIT 1   [ RunTime:0.0002s ]
SQL: SELECT * FROM `wemedical_doctor` WHERE ( 1=1 AND doctor_id='2' ) LIMIT 1   [ RunTime:0.0002s ]
SQL: SELECT * FROM `wemedical_doctor` WHERE ( 1=1 AND doctor_id='1' ) LIMIT 1   [ RunTime:0.0002s ]
SQL: SELECT * FROM `wemedical_doctor` WHERE ( 1=1 AND doctor_id='1' ) LIMIT 1   [ RunTime:0.0002s ]
SQL: SELECT * FROM `wemedical_doctor` WHERE ( 1=1 AND doctor_id='1' ) LIMIT 1   [ RunTime:0.0002s ]
INFO: [ app_end ] --START--
INFO: Run Behavior\ShowPageTraceBehavior [ RunTime:0.000088s ]
INFO: [ app_end ] --END-- [ RunTime:0.000184s ]

[ 2016-04-26T10:16:19+08:00 ] 192.168.1.3 /wemedical/index.php/Patient-MyOrders-getOrders?time=0
INFO: [ app_init ] --START--
INFO: Run Behavior\BuildLiteBehavior [ RunTime:0.000014s ]
INFO: [ app_init ] --END-- [ RunTime:0.000102s ]
INFO: [ app_begin ] --START--
INFO: Run Behavior\ReadHtmlCacheBehavior [ RunTime:0.000079s ]
INFO: [ app_begin ] --END-- [ RunTime:0.000135s ]
SQL: SHOW COLUMNS FROM `wemedical_order` [ RunTime:0.0011s ]
SQL: SELECT * FROM `wemedical_order` WHERE ( patient_id='1'AND date<'2016-04-26' ) ORDER BY date desc  [ RunTime:0.0003s ]
SQL: SHOW COLUMNS FROM `wemedical_doctor` [ RunTime:0.0014s ]
SQL: SELECT * FROM `wemedical_doctor` WHERE ( 1=1 AND doctor_id='7' ) LIMIT 1   [ RunTime:0.0003s ]
SQL: SELECT * FROM `wemedical_doctor` WHERE ( 1=1 AND doctor_id='4' ) LIMIT 1   [ RunTime:0.0001s ]
SQL: SELECT * FROM `wemedical_doctor` WHERE ( 1=1 AND doctor_id='6' ) LIMIT 1   [ RunTime:0.0002s ]
SQL: SELECT * FROM `wemedical_doctor` WHERE ( 1=1 AND doctor_id='4' ) LIMIT 1   [ RunTime:0.0001s ]
SQL: SELECT * FROM `wemedical_doctor` WHERE ( 1=1 AND doctor_id='3' ) LIMIT 1   [ RunTime:0.0001s ]
SQL: SELECT * FROM `wemedical_doctor` WHERE ( 1=1 AND doctor_id='5' ) LIMIT 1   [ RunTime:0.0001s ]
SQL: SELECT * FROM `wemedical_doctor` WHERE ( 1=1 AND doctor_id='5' ) LIMIT 1   [ RunTime:0.0002s ]
SQL: SELECT * FROM `wemedical_doctor` WHERE ( 1=1 AND doctor_id='2' ) LIMIT 1   [ RunTime:0.0002s ]
SQL: SELECT * FROM `wemedical_doctor` WHERE ( 1=1 AND doctor_id='2' ) LIMIT 1   [ RunTime:0.0002s ]
SQL: SELECT * FROM `wemedical_doctor` WHERE ( 1=1 AND doctor_id='2' ) LIMIT 1   [ RunTime:0.0001s ]
SQL: SELECT * FROM `wemedical_doctor` WHERE ( 1=1 AND doctor_id='1' ) LIMIT 1   [ RunTime:0.0002s ]
SQL: SELECT * FROM `wemedical_doctor` WHERE ( 1=1 AND doctor_id='2' ) LIMIT 1   [ RunTime:0.0001s ]
SQL: SELECT * FROM `wemedical_doctor` WHERE ( 1=1 AND doctor_id='2' ) LIMIT 1   [ RunTime:0.0001s ]
SQL: SELECT * FROM `wemedical_doctor` WHERE ( 1=1 AND doctor_id='2' ) LIMIT 1   [ RunTime:0.0001s ]
SQL: SELECT * FROM `wemedical_doctor` WHERE ( 1=1 AND doctor_id='2' ) LIMIT 1   [ RunTime:0.0001s ]
SQL: SELECT * FROM `wemedical_doctor` WHERE ( 1=1 AND doctor_id='2' ) LIMIT 1   [ RunTime:0.0001s ]
SQL: SELECT * FROM `wemedical_doctor` WHERE ( 1=1 AND doctor_id='1' ) LIMIT 1   [ RunTime:0.0001s ]
SQL: SELECT * FROM `wemedical_doctor` WHERE ( 1=1 AND doctor_id='1' ) LIMIT 1   [ RunTime:0.0001s ]
SQL: SELECT * FROM `wemedical_doctor` WHERE ( 1=1 AND doctor_id='1' ) LIMIT 1   [ RunTime:0.0001s ]
INFO: [ app_end ] --START--
INFO: Run Behavior\ShowPageTraceBehavior [ RunTime:0.000130s ]
INFO: [ app_end ] --END-- [ RunTime:0.000196s ]

[ 2016-04-26T10:16:20+08:00 ] 192.168.1.3 /wemedical/index.php/Patient-MyOrders-getOrders?time=1
INFO: [ app_init ] --START--
INFO: Run Behavior\BuildLiteBehavior [ RunTime:0.000015s ]
INFO: [ app_init ] --END-- [ RunTime:0.000105s ]
INFO: [ app_begin ] --START--
INFO: Run Behavior\ReadHtmlCacheBehavior [ RunTime:0.000045s ]
INFO: [ app_begin ] --END-- [ RunTime:0.000092s ]
SQL: SHOW COLUMNS FROM `wemedical_order` [ RunTime:0.0010s ]
SQL: SELECT * FROM `wemedical_order` WHERE ( patient_id='1'AND date>='2016-04-26' ) ORDER BY date desc  [ RunTime:0.0003s ]
INFO: [ app_end ] --START--
INFO: Run Behavior\ShowPageTraceBehavior [ RunTime:0.000059s ]
INFO: [ app_end ] --END-- [ RunTime:0.000110s ]

[ 2016-04-26T10:16:22+08:00 ] 192.168.1.3 /wemedical/index.php/Patient-MyOrders-getOrders?time=0
INFO: [ app_init ] --START--
INFO: Run Behavior\BuildLiteBehavior [ RunTime:0.000015s ]
INFO: [ app_init ] --END-- [ RunTime:0.000108s ]
INFO: [ app_begin ] --START--
INFO: Run Behavior\ReadHtmlCacheBehavior [ RunTime:0.000052s ]
INFO: [ app_begin ] --END-- [ RunTime:0.000102s ]
SQL: SHOW COLUMNS FROM `wemedical_order` [ RunTime:0.0010s ]
SQL: SELECT * FROM `wemedical_order` WHERE ( patient_id='1'AND date<'2016-04-26' ) ORDER BY date desc  [ RunTime:0.0003s ]
SQL: SHOW COLUMNS FROM `wemedical_doctor` [ RunTime:0.0013s ]
SQL: SELECT * FROM `wemedical_doctor` WHERE ( 1=1 AND doctor_id='7' ) LIMIT 1   [ RunTime:0.0003s ]
SQL: SELECT * FROM `wemedical_doctor` WHERE ( 1=1 AND doctor_id='4' ) LIMIT 1   [ RunTime:0.0002s ]
SQL: SELECT * FROM `wemedical_doctor` WHERE ( 1=1 AND doctor_id='6' ) LIMIT 1   [ RunTime:0.0002s ]
SQL: SELECT * FROM `wemedical_doctor` WHERE ( 1=1 AND doctor_id='4' ) LIMIT 1   [ RunTime:0.0002s ]
SQL: SELECT * FROM `wemedical_doctor` WHERE ( 1=1 AND doctor_id='3' ) LIMIT 1   [ RunTime:0.0002s ]
SQL: SELECT * FROM `wemedical_doctor` WHERE ( 1=1 AND doctor_id='5' ) LIMIT 1   [ RunTime:0.0001s ]
SQL: SELECT * FROM `wemedical_doctor` WHERE ( 1=1 AND doctor_id='5' ) LIMIT 1   [ RunTime:0.0001s ]
SQL: SELECT * FROM `wemedical_doctor` WHERE ( 1=1 AND doctor_id='2' ) LIMIT 1   [ RunTime:0.0001s ]
SQL: SELECT * FROM `wemedical_doctor` WHERE ( 1=1 AND doctor_id='2' ) LIMIT 1   [ RunTime:0.0001s ]
SQL: SELECT * FROM `wemedical_doctor` WHERE ( 1=1 AND doctor_id='2' ) LIMIT 1   [ RunTime:0.0001s ]
SQL: SELECT * FROM `wemedical_doctor` WHERE ( 1=1 AND doctor_id='1' ) LIMIT 1   [ RunTime:0.0001s ]
SQL: SELECT * FROM `wemedical_doctor` WHERE ( 1=1 AND doctor_id='2' ) LIMIT 1   [ RunTime:0.0001s ]
SQL: SELECT * FROM `wemedical_doctor` WHERE ( 1=1 AND doctor_id='2' ) LIMIT 1   [ RunTime:0.0001s ]
SQL: SELECT * FROM `wemedical_doctor` WHERE ( 1=1 AND doctor_id='2' ) LIMIT 1   [ RunTime:0.0001s ]
SQL: SELECT * FROM `wemedical_doctor` WHERE ( 1=1 AND doctor_id='2' ) LIMIT 1   [ RunTime:0.0001s ]
SQL: SELECT * FROM `wemedical_doctor` WHERE ( 1=1 AND doctor_id='2' ) LIMIT 1   [ RunTime:0.0001s ]
SQL: SELECT * FROM `wemedical_doctor` WHERE ( 1=1 AND doctor_id='1' ) LIMIT 1   [ RunTime:0.0002s ]
SQL: SELECT * FROM `wemedical_doctor` WHERE ( 1=1 AND doctor_id='1' ) LIMIT 1   [ RunTime:0.0001s ]
SQL: SELECT * FROM `wemedical_doctor` WHERE ( 1=1 AND doctor_id='1' ) LIMIT 1   [ RunTime:0.0001s ]
INFO: [ app_end ] --START--
INFO: Run Behavior\ShowPageTraceBehavior [ RunTime:0.000069s ]
INFO: [ app_end ] --END-- [ RunTime:0.000121s ]

[ 2016-04-26T10:21:41+08:00 ] 192.168.1.3 /wemedical/Patient-MyOrders-Index
INFO: [ app_init ] --START--
INFO: Run Behavior\BuildLiteBehavior [ RunTime:0.000015s ]
INFO: [ app_init ] --END-- [ RunTime:0.000117s ]
INFO: [ app_begin ] --START--
INFO: Run Behavior\ReadHtmlCacheBehavior [ RunTime:0.000052s ]
INFO: [ app_begin ] --END-- [ RunTime:0.000107s ]
INFO: [ view_parse ] --START--
INFO: [ template_filter ] --START--
INFO: Run Behavior\ContentReplaceBehavior [ RunTime:0.000099s ]
INFO: [ template_filter ] --END-- [ RunTime:0.000183s ]
INFO: Run Behavior\ParseTemplateBehavior [ RunTime:0.005376s ]
INFO: [ view_parse ] --END-- [ RunTime:0.005434s ]
INFO: [ view_filter ] --START--
INFO: Run Behavior\WriteHtmlCacheBehavior [ RunTime:0.000065s ]
INFO: [ view_filter ] --END-- [ RunTime:0.000115s ]
INFO: [ app_end ] --START--
INFO: Run Behavior\ShowPageTraceBehavior [ RunTime:0.000052s ]
INFO: [ app_end ] --END-- [ RunTime:0.000103s ]

[ 2016-04-26T10:21:42+08:00 ] 192.168.1.3 /wemedical/index.php/Patient-MyOrders-getOrders?time=1
INFO: [ app_init ] --START--
INFO: Run Behavior\BuildLiteBehavior [ RunTime:0.000014s ]
INFO: [ app_init ] --END-- [ RunTime:0.000104s ]
INFO: [ app_begin ] --START--
INFO: Run Behavior\ReadHtmlCacheBehavior [ RunTime:0.000042s ]
INFO: [ app_begin ] --END-- [ RunTime:0.000106s ]
SQL: SHOW COLUMNS FROM `wemedical_order` [ RunTime:0.0010s ]
SQL: SELECT * FROM `wemedical_order` WHERE ( patient_id='1'AND date>='2016-04-26' ) ORDER BY date desc  [ RunTime:0.0003s ]
INFO: [ app_end ] --START--
INFO: Run Behavior\ShowPageTraceBehavior [ RunTime:0.000065s ]
INFO: [ app_end ] --END-- [ RunTime:0.000114s ]

[ 2016-04-26T10:21:43+08:00 ] 192.168.1.3 /wemedical/index.php/Patient-MyOrders-getOrders?time=0
INFO: [ app_init ] --START--
INFO: Run Behavior\BuildLiteBehavior [ RunTime:0.000014s ]
INFO: [ app_init ] --END-- [ RunTime:0.000103s ]
INFO: [ app_begin ] --START--
INFO: Run Behavior\ReadHtmlCacheBehavior [ RunTime:0.000044s ]
INFO: [ app_begin ] --END-- [ RunTime:0.000090s ]
SQL: SHOW COLUMNS FROM `wemedical_order` [ RunTime:0.0010s ]
SQL: SELECT * FROM `wemedical_order` WHERE ( patient_id='1'AND date<'2016-04-26' ) ORDER BY date desc  [ RunTime:0.0003s ]
SQL: SHOW COLUMNS FROM `wemedical_doctor` [ RunTime:0.0013s ]
SQL: SELECT * FROM `wemedical_doctor` WHERE ( 1=1 AND doctor_id='7' ) LIMIT 1   [ RunTime:0.0003s ]
SQL: SELECT * FROM `wemedical_doctor` WHERE ( 1=1 AND doctor_id='4' ) LIMIT 1   [ RunTime:0.0002s ]
SQL: SELECT * FROM `wemedical_doctor` WHERE ( 1=1 AND doctor_id='6' ) LIMIT 1   [ RunTime:0.0001s ]
SQL: SELECT * FROM `wemedical_doctor` WHERE ( 1=1 AND doctor_id='4' ) LIMIT 1   [ RunTime:0.0001s ]
SQL: SELECT * FROM `wemedical_doctor` WHERE ( 1=1 AND doctor_id='3' ) LIMIT 1   [ RunTime:0.0001s ]
SQL: SELECT * FROM `wemedical_doctor` WHERE ( 1=1 AND doctor_id='5' ) LIMIT 1   [ RunTime:0.0001s ]
SQL: SELECT * FROM `wemedical_doctor` WHERE ( 1=1 AND doctor_id='5' ) LIMIT 1   [ RunTime:0.0001s ]
SQL: SELECT * FROM `wemedical_doctor` WHERE ( 1=1 AND doctor_id='2' ) LIMIT 1   [ RunTime:0.0001s ]
SQL: SELECT * FROM `wemedical_doctor` WHERE ( 1=1 AND doctor_id='2' ) LIMIT 1   [ RunTime:0.0001s ]
SQL: SELECT * FROM `wemedical_doctor` WHERE ( 1=1 AND doctor_id='2' ) LIMIT 1   [ RunTime:0.0001s ]
SQL: SELECT * FROM `wemedical_doctor` WHERE ( 1=1 AND doctor_id='1' ) LIMIT 1   [ RunTime:0.0001s ]
SQL: SELECT * FROM `wemedical_doctor` WHERE ( 1=1 AND doctor_id='2' ) LIMIT 1   [ RunTime:0.0001s ]
SQL: SELECT * FROM `wemedical_doctor` WHERE ( 1=1 AND doctor_id='2' ) LIMIT 1   [ RunTime:0.0001s ]
SQL: SELECT * FROM `wemedical_doctor` WHERE ( 1=1 AND doctor_id='2' ) LIMIT 1   [ RunTime:0.0002s ]
SQL: SELECT * FROM `wemedical_doctor` WHERE ( 1=1 AND doctor_id='2' ) LIMIT 1   [ RunTime:0.0001s ]
SQL: SELECT * FROM `wemedical_doctor` WHERE ( 1=1 AND doctor_id='2' ) LIMIT 1   [ RunTime:0.0001s ]
SQL: SELECT * FROM `wemedical_doctor` WHERE ( 1=1 AND doctor_id='1' ) LIMIT 1   [ RunTime:0.0001s ]
SQL: SELECT * FROM `wemedical_doctor` WHERE ( 1=1 AND doctor_id='1' ) LIMIT 1   [ RunTime:0.0001s ]
SQL: SELECT * FROM `wemedical_doctor` WHERE ( 1=1 AND doctor_id='1' ) LIMIT 1   [ RunTime:0.0001s ]
INFO: [ app_end ] --START--
INFO: Run Behavior\ShowPageTraceBehavior [ RunTime:0.000067s ]
INFO: [ app_end ] --END-- [ RunTime:0.000116s ]

[ 2016-04-26T10:21:43+08:00 ] 192.168.1.3 /wemedical/index.php/Patient-MyOrders-getOrders?time=0
INFO: [ app_init ] --START--
INFO: Run Behavior\BuildLiteBehavior [ RunTime:0.000015s ]
INFO: [ app_init ] --END-- [ RunTime:0.000102s ]
INFO: [ app_begin ] --START--
INFO: Run Behavior\ReadHtmlCacheBehavior [ RunTime:0.000044s ]
INFO: [ app_begin ] --END-- [ RunTime:0.000094s ]
SQL: SHOW COLUMNS FROM `wemedical_order` [ RunTime:0.0010s ]
SQL: SELECT * FROM `wemedical_order` WHERE ( patient_id='1'AND date<'2016-04-26' ) ORDER BY date desc  [ RunTime:0.0003s ]
SQL: SHOW COLUMNS FROM `wemedical_doctor` [ RunTime:0.0013s ]
SQL: SELECT * FROM `wemedical_doctor` WHERE ( 1=1 AND doctor_id='7' ) LIMIT 1   [ RunTime:0.0003s ]
SQL: SELECT * FROM `wemedical_doctor` WHERE ( 1=1 AND doctor_id='4' ) LIMIT 1   [ RunTime:0.0002s ]
SQL: SELECT * FROM `wemedical_doctor` WHERE ( 1=1 AND doctor_id='6' ) LIMIT 1   [ RunTime:0.0002s ]
SQL: SELECT * FROM `wemedical_doctor` WHERE ( 1=1 AND doctor_id='4' ) LIMIT 1   [ RunTime:0.0001s ]
SQL: SELECT * FROM `wemedical_doctor` WHERE ( 1=1 AND doctor_id='3' ) LIMIT 1   [ RunTime:0.0001s ]
SQL: SELECT * FROM `wemedical_doctor` WHERE ( 1=1 AND doctor_id='5' ) LIMIT 1   [ RunTime:0.0001s ]
SQL: SELECT * FROM `wemedical_doctor` WHERE ( 1=1 AND doctor_id='5' ) LIMIT 1   [ RunTime:0.0001s ]
SQL: SELECT * FROM `wemedical_doctor` WHERE ( 1=1 AND doctor_id='2' ) LIMIT 1   [ RunTime:0.0001s ]
SQL: SELECT * FROM `wemedical_doctor` WHERE ( 1=1 AND doctor_id='2' ) LIMIT 1   [ RunTime:0.0001s ]
SQL: SELECT * FROM `wemedical_doctor` WHERE ( 1=1 AND doctor_id='2' ) LIMIT 1   [ RunTime:0.0001s ]
SQL: SELECT * FROM `wemedical_doctor` WHERE ( 1=1 AND doctor_id='1' ) LIMIT 1   [ RunTime:0.0001s ]
SQL: SELECT * FROM `wemedical_doctor` WHERE ( 1=1 AND doctor_id='2' ) LIMIT 1   [ RunTime:0.0001s ]
SQL: SELECT * FROM `wemedical_doctor` WHERE ( 1=1 AND doctor_id='2' ) LIMIT 1   [ RunTime:0.0001s ]
SQL: SELECT * FROM `wemedical_doctor` WHERE ( 1=1 AND doctor_id='2' ) LIMIT 1   [ RunTime:0.0001s ]
SQL: SELECT * FROM `wemedical_doctor` WHERE ( 1=1 AND doctor_id='2' ) LIMIT 1   [ RunTime:0.0001s ]
SQL: SELECT * FROM `wemedical_doctor` WHERE ( 1=1 AND doctor_id='2' ) LIMIT 1   [ RunTime:0.0001s ]
SQL: SELECT * FROM `wemedical_doctor` WHERE ( 1=1 AND doctor_id='1' ) LIMIT 1   [ RunTime:0.0001s ]
SQL: SELECT * FROM `wemedical_doctor` WHERE ( 1=1 AND doctor_id='1' ) LIMIT 1   [ RunTime:0.0001s ]
SQL: SELECT * FROM `wemedical_doctor` WHERE ( 1=1 AND doctor_id='1' ) LIMIT 1   [ RunTime:0.0001s ]
INFO: [ app_end ] --START--
INFO: Run Behavior\ShowPageTraceBehavior [ RunTime:0.000069s ]
INFO: [ app_end ] --END-- [ RunTime:0.000121s ]

[ 2016-04-26T10:21:45+08:00 ] 192.168.1.3 /wemedical/index.php/Patient-MyOrders-getOrders?time=1
INFO: [ app_init ] --START--
INFO: Run Behavior\BuildLiteBehavior [ RunTime:0.000016s ]
INFO: [ app_init ] --END-- [ RunTime:0.000103s ]
INFO: [ app_begin ] --START--
INFO: Run Behavior\ReadHtmlCacheBehavior [ RunTime:0.000054s ]
INFO: [ app_begin ] --END-- [ RunTime:0.000101s ]
SQL: SHOW COLUMNS FROM `wemedical_order` [ RunTime:0.0010s ]
SQL: SELECT * FROM `wemedical_order` WHERE ( patient_id='1'AND date>='2016-04-26' ) ORDER BY date desc  [ RunTime:0.0003s ]
INFO: [ app_end ] --START--
INFO: Run Behavior\ShowPageTraceBehavior [ RunTime:0.000062s ]
INFO: [ app_end ] --END-- [ RunTime:0.000135s ]

[ 2016-04-26T10:21:46+08:00 ] 192.168.1.3 /wemedical/index.php/Patient-MyOrders-getOrders?time=0
INFO: [ app_init ] --START--
INFO: Run Behavior\BuildLiteBehavior [ RunTime:0.000015s ]
INFO: [ app_init ] --END-- [ RunTime:0.000102s ]
INFO: [ app_begin ] --START--
INFO: Run Behavior\ReadHtmlCacheBehavior [ RunTime:0.000044s ]
INFO: [ app_begin ] --END-- [ RunTime:0.000091s ]
SQL: SHOW COLUMNS FROM `wemedical_order` [ RunTime:0.0010s ]
SQL: SELECT * FROM `wemedical_order` WHERE ( patient_id='1'AND date<'2016-04-26' ) ORDER BY date desc  [ RunTime:0.0003s ]
SQL: SHOW COLUMNS FROM `wemedical_doctor` [ RunTime:0.0013s ]
SQL: SELECT * FROM `wemedical_doctor` WHERE ( 1=1 AND doctor_id='7' ) LIMIT 1   [ RunTime:0.0003s ]
SQL: SELECT * FROM `wemedical_doctor` WHERE ( 1=1 AND doctor_id='4' ) LIMIT 1   [ RunTime:0.0001s ]
SQL: SELECT * FROM `wemedical_doctor` WHERE ( 1=1 AND doctor_id='6' ) LIMIT 1   [ RunTime:0.0001s ]
SQL: SELECT * FROM `wemedical_doctor` WHERE ( 1=1 AND doctor_id='4' ) LIMIT 1   [ RunTime:0.0001s ]
SQL: SELECT * FROM `wemedical_doctor` WHERE ( 1=1 AND doctor_id='3' ) LIMIT 1   [ RunTime:0.0001s ]
SQL: SELECT * FROM `wemedical_doctor` WHERE ( 1=1 AND doctor_id='5' ) LIMIT 1   [ RunTime:0.0001s ]
SQL: SELECT * FROM `wemedical_doctor` WHERE ( 1=1 AND doctor_id='5' ) LIMIT 1   [ RunTime:0.0001s ]
SQL: SELECT * FROM `wemedical_doctor` WHERE ( 1=1 AND doctor_id='2' ) LIMIT 1   [ RunTime:0.0002s ]
SQL: SELECT * FROM `wemedical_doctor` WHERE ( 1=1 AND doctor_id='2' ) LIMIT 1   [ RunTime:0.0001s ]
SQL: SELECT * FROM `wemedical_doctor` WHERE ( 1=1 AND doctor_id='2' ) LIMIT 1   [ RunTime:0.0001s ]
SQL: SELECT * FROM `wemedical_doctor` WHERE ( 1=1 AND doctor_id='1' ) LIMIT 1   [ RunTime:0.0001s ]
SQL: SELECT * FROM `wemedical_doctor` WHERE ( 1=1 AND doctor_id='2' ) LIMIT 1   [ RunTime:0.0001s ]
SQL: SELECT * FROM `wemedical_doctor` WHERE ( 1=1 AND doctor_id='2' ) LIMIT 1   [ RunTime:0.0001s ]
SQL: SELECT * FROM `wemedical_doctor` WHERE ( 1=1 AND doctor_id='2' ) LIMIT 1   [ RunTime:0.0001s ]
SQL: SELECT * FROM `wemedical_doctor` WHERE ( 1=1 AND doctor_id='2' ) LIMIT 1   [ RunTime:0.0001s ]
SQL: SELECT * FROM `wemedical_doctor` WHERE ( 1=1 AND doctor_id='2' ) LIMIT 1   [ RunTime:0.0001s ]
SQL: SELECT * FROM `wemedical_doctor` WHERE ( 1=1 AND doctor_id='1' ) LIMIT 1   [ RunTime:0.0001s ]
SQL: SELECT * FROM `wemedical_doctor` WHERE ( 1=1 AND doctor_id='1' ) LIMIT 1   [ RunTime:0.0001s ]
SQL: SELECT * FROM `wemedical_doctor` WHERE ( 1=1 AND doctor_id='1' ) LIMIT 1   [ RunTime:0.0001s ]
INFO: [ app_end ] --START--
INFO: Run Behavior\ShowPageTraceBehavior [ RunTime:0.000075s ]
INFO: [ app_end ] --END-- [ RunTime:0.000126s ]

[ 2016-04-26T10:21:47+08:00 ] 192.168.1.3 /wemedical/index.php/Patient-MyOrders-getOrders?time=1
INFO: [ app_init ] --START--
INFO: Run Behavior\BuildLiteBehavior [ RunTime:0.000014s ]
INFO: [ app_init ] --END-- [ RunTime:0.000101s ]
INFO: [ app_begin ] --START--
INFO: Run Behavior\ReadHtmlCacheBehavior [ RunTime:0.000044s ]
INFO: [ app_begin ] --END-- [ RunTime:0.000089s ]
SQL: SHOW COLUMNS FROM `wemedical_order` [ RunTime:0.0053s ]
SQL: SELECT * FROM `wemedical_order` WHERE ( patient_id='1'AND date>='2016-04-26' ) ORDER BY date desc  [ RunTime:0.0004s ]
INFO: [ app_end ] --START--
INFO: Run Behavior\ShowPageTraceBehavior [ RunTime:0.000072s ]
INFO: [ app_end ] --END-- [ RunTime:0.000123s ]

[ 2016-04-26T10:22:10+08:00 ] 192.168.1.3 /wemedical/Patient-Appointment-Index
INFO: [ app_init ] --START--
INFO: Run Behavior\BuildLiteBehavior [ RunTime:0.000014s ]
INFO: [ app_init ] --END-- [ RunTime:0.000101s ]
INFO: [ app_begin ] --START--
INFO: Run Behavior\ReadHtmlCacheBehavior [ RunTime:0.000041s ]
INFO: [ app_begin ] --END-- [ RunTime:0.000094s ]
INFO: [ view_parse ] --START--
NOTIC: [2] file_get_contents(./Application/Patient/View/User/Index/header.html): failed to open stream: No such file or directory /Applications/MAMP/htdocs/wemedical/ThinkPHP/Library/Think/Template.class.php 第 696 行.
INFO: [ template_filter ] --START--
INFO: Run Behavior\ContentReplaceBehavior [ RunTime:0.000075s ]
INFO: [ template_filter ] --END-- [ RunTime:0.000146s ]
INFO: Run Behavior\ParseTemplateBehavior [ RunTime:0.005850s ]
INFO: [ view_parse ] --END-- [ RunTime:0.005909s ]
INFO: [ view_filter ] --START--
INFO: Run Behavior\WriteHtmlCacheBehavior [ RunTime:0.000049s ]
INFO: [ view_filter ] --END-- [ RunTime:0.000097s ]
INFO: [ app_end ] --START--
INFO: Run Behavior\ShowPageTraceBehavior [ RunTime:0.000044s ]
INFO: [ app_end ] --END-- [ RunTime:0.000105s ]

[ 2016-04-26T10:22:10+08:00 ] 192.168.1.3 /wemedical/index.php/Patient-Appointment-getDoc?num=1&date=2016-04-27
INFO: [ app_init ] --START--
INFO: Run Behavior\BuildLiteBehavior [ RunTime:0.000013s ]
INFO: [ app_init ] --END-- [ RunTime:0.000101s ]
INFO: [ app_begin ] --START--
INFO: Run Behavior\ReadHtmlCacheBehavior [ RunTime:0.000044s ]
INFO: [ app_begin ] --END-- [ RunTime:0.000092s ]
SQL: SHOW COLUMNS FROM `wemedical_doctor` [ RunTime:0.0016s ]
SQL: SELECT `doctor_id`,`name`,`title`,`department`,`specialism`,`order_cost` AS `cost`,`orders_per_day`,`treatment_period` AS `period`,`work_days` FROM `wemedical_doctor` WHERE ( work_days like'%3%' ) ORDER BY doctor_id LIMIT 0,3   [ RunTime:0.0003s ]
SQL: SHOW COLUMNS FROM `wemedical_order` [ RunTime:0.0009s ]
SQL: SELECT * FROM `wemedical_order` WHERE ( DATEDIFF(date,CURDATE())>=1 AND doctor_id='1' ) ORDER BY order_id  [ RunTime:0.0003s ]
SQL: SELECT * FROM `wemedical_order` WHERE ( DATEDIFF(date,CURDATE())>=1 AND doctor_id='2' ) ORDER BY order_id  [ RunTime:0.0002s ]
SQL: SELECT * FROM `wemedical_order` WHERE ( DATEDIFF(date,CURDATE())>=1 AND doctor_id='3' ) ORDER BY order_id  [ RunTime:0.0001s ]
INFO: [ app_end ] --START--
INFO: Run Behavior\ShowPageTraceBehavior [ RunTime:0.000064s ]
INFO: [ app_end ] --END-- [ RunTime:0.000118s ]

[ 2016-04-26T10:22:27+08:00 ] 192.168.1.3 /wemedical/index.php/Patient-Appointment-proccessOrder?doc_id=1&date=2016-04-27
INFO: [ app_init ] --START--
INFO: Run Behavior\BuildLiteBehavior [ RunTime:0.000027s ]
INFO: [ app_init ] --END-- [ RunTime:0.000198s ]
INFO: [ app_begin ] --START--
INFO: Run Behavior\ReadHtmlCacheBehavior [ RunTime:0.000068s ]
INFO: [ app_begin ] --END-- [ RunTime:0.000121s ]
SQL: SHOW COLUMNS FROM `wemedical_order` [ RunTime:0.0052s ]
SQL: INSERT INTO `wemedical_order` (`doctor_id`,`patient_id`,`date`) VALUES ('1','1','2016-04-27') [ RunTime:0.0004s ]

[ 2016-04-26T10:22:32+08:00 ] 192.168.1.3 /wemedical/index.php/Patient-Appointment-getDoc?num=1&date=2016-04-28
INFO: [ app_init ] --START--
INFO: Run Behavior\BuildLiteBehavior [ RunTime:0.000015s ]
INFO: [ app_init ] --END-- [ RunTime:0.000105s ]
INFO: [ app_begin ] --START--
INFO: Run Behavior\ReadHtmlCacheBehavior [ RunTime:0.000043s ]
INFO: [ app_begin ] --END-- [ RunTime:0.000089s ]
SQL: SHOW COLUMNS FROM `wemedical_doctor` [ RunTime:0.0055s ]
SQL: SELECT `doctor_id`,`name`,`title`,`department`,`specialism`,`order_cost` AS `cost`,`orders_per_day`,`treatment_period` AS `period`,`work_days` FROM `wemedical_doctor` WHERE ( work_days like'%4%' ) ORDER BY doctor_id LIMIT 0,3   [ RunTime:0.0003s ]
SQL: SHOW COLUMNS FROM `wemedical_order` [ RunTime:0.0011s ]
SQL: SELECT * FROM `wemedical_order` WHERE ( DATEDIFF(date,CURDATE())>=1 AND doctor_id='2' ) ORDER BY order_id  [ RunTime:0.0002s ]
SQL: SELECT * FROM `wemedical_order` WHERE ( DATEDIFF(date,CURDATE())>=1 AND doctor_id='4' ) ORDER BY order_id  [ RunTime:0.0001s ]
SQL: SELECT * FROM `wemedical_order` WHERE ( DATEDIFF(date,CURDATE())>=1 AND doctor_id='5' ) ORDER BY order_id  [ RunTime:0.0001s ]
INFO: [ app_end ] --START--
INFO: Run Behavior\ShowPageTraceBehavior [ RunTime:0.000095s ]
INFO: [ app_end ] --END-- [ RunTime:0.000147s ]

[ 2016-04-26T10:22:35+08:00 ] 192.168.1.3 /wemedical/index.php/Patient-Appointment-proccessOrder?doc_id=2&date=2016-04-28
INFO: [ app_init ] --START--
INFO: Run Behavior\BuildLiteBehavior [ RunTime:0.000014s ]
INFO: [ app_init ] --END-- [ RunTime:0.000101s ]
INFO: [ app_begin ] --START--
INFO: Run Behavior\ReadHtmlCacheBehavior [ RunTime:0.000040s ]
INFO: [ app_begin ] --END-- [ RunTime:0.000085s ]
SQL: SHOW COLUMNS FROM `wemedical_order` [ RunTime:0.0052s ]
SQL: INSERT INTO `wemedical_order` (`doctor_id`,`patient_id`,`date`) VALUES ('2','1','2016-04-28') [ RunTime:0.0003s ]

[ 2016-04-26T10:22:39+08:00 ] 192.168.1.3 /wemedical/index.php/Patient-Appointment-getDoc?num=1&date=2016-04-29
INFO: [ app_init ] --START--
INFO: Run Behavior\BuildLiteBehavior [ RunTime:0.000014s ]
INFO: [ app_init ] --END-- [ RunTime:0.000100s ]
INFO: [ app_begin ] --START--
INFO: Run Behavior\ReadHtmlCacheBehavior [ RunTime:0.000041s ]
INFO: [ app_begin ] --END-- [ RunTime:0.000085s ]
SQL: SHOW COLUMNS FROM `wemedical_doctor` [ RunTime:0.0054s ]
SQL: SELECT `doctor_id`,`name`,`title`,`department`,`specialism`,`order_cost` AS `cost`,`orders_per_day`,`treatment_period` AS `period`,`work_days` FROM `wemedical_doctor` WHERE ( work_days like'%5%' ) ORDER BY doctor_id LIMIT 0,3   [ RunTime:0.0003s ]
SQL: SHOW COLUMNS FROM `wemedical_order` [ RunTime:0.0009s ]
SQL: SELECT * FROM `wemedical_order` WHERE ( DATEDIFF(date,CURDATE())>=1 AND doctor_id='1' ) ORDER BY order_id  [ RunTime:0.0002s ]
SQL: SELECT * FROM `wemedical_order` WHERE ( DATEDIFF(date,CURDATE())>=1 AND doctor_id='3' ) ORDER BY order_id  [ RunTime:0.0002s ]
SQL: SELECT * FROM `wemedical_order` WHERE ( DATEDIFF(date,CURDATE())>=1 AND doctor_id='4' ) ORDER BY order_id  [ RunTime:0.0001s ]
INFO: [ app_end ] --START--
INFO: Run Behavior\ShowPageTraceBehavior [ RunTime:0.000058s ]
INFO: [ app_end ] --END-- [ RunTime:0.000107s ]

[ 2016-04-26T10:22:44+08:00 ] 192.168.1.3 /wemedical/index.php/Patient-Appointment-proccessOrder?doc_id=4&date=2016-04-29
INFO: [ app_init ] --START--
INFO: Run Behavior\BuildLiteBehavior [ RunTime:0.000014s ]
INFO: [ app_init ] --END-- [ RunTime:0.000112s ]
INFO: [ app_begin ] --START--
INFO: Run Behavior\ReadHtmlCacheBehavior [ RunTime:0.000049s ]
INFO: [ app_begin ] --END-- [ RunTime:0.000096s ]
SQL: SHOW COLUMNS FROM `wemedical_order` [ RunTime:0.0052s ]
SQL: INSERT INTO `wemedical_order` (`doctor_id`,`patient_id`,`date`) VALUES ('4','1','2016-04-29') [ RunTime:0.0004s ]

[ 2016-04-26T10:22:57+08:00 ] 192.168.1.3 /wemedical/Patient-MyOrders-Index
INFO: [ app_init ] --START--
INFO: Run Behavior\BuildLiteBehavior [ RunTime:0.000027s ]
INFO: [ app_init ] --END-- [ RunTime:0.000204s ]
INFO: [ app_begin ] --START--
INFO: Run Behavior\ReadHtmlCacheBehavior [ RunTime:0.000066s ]
INFO: [ app_begin ] --END-- [ RunTime:0.000123s ]
INFO: [ view_parse ] --START--
INFO: [ template_filter ] --START--
INFO: Run Behavior\ContentReplaceBehavior [ RunTime:0.000096s ]
INFO: [ template_filter ] --END-- [ RunTime:0.000171s ]
INFO: Run Behavior\ParseTemplateBehavior [ RunTime:0.005518s ]
INFO: [ view_parse ] --END-- [ RunTime:0.005623s ]
INFO: [ view_filter ] --START--
INFO: Run Behavior\WriteHtmlCacheBehavior [ RunTime:0.000076s ]
INFO: [ view_filter ] --END-- [ RunTime:0.000125s ]
INFO: [ app_end ] --START--
INFO: Run Behavior\ShowPageTraceBehavior [ RunTime:0.000083s ]
INFO: [ app_end ] --END-- [ RunTime:0.000134s ]

[ 2016-04-26T10:22:57+08:00 ] 192.168.1.3 /wemedical/index.php/Patient-MyOrders-getOrders?time=1
INFO: [ app_init ] --START--
INFO: Run Behavior\BuildLiteBehavior [ RunTime:0.000014s ]
INFO: [ app_init ] --END-- [ RunTime:0.000109s ]
INFO: [ app_begin ] --START--
INFO: Run Behavior\ReadHtmlCacheBehavior [ RunTime:0.000048s ]
INFO: [ app_begin ] --END-- [ RunTime:0.000094s ]
SQL: SHOW COLUMNS FROM `wemedical_order` [ RunTime:0.0011s ]
SQL: SELECT * FROM `wemedical_order` WHERE ( patient_id='1'AND date>='2016-04-26' ) ORDER BY date desc  [ RunTime:0.0003s ]
SQL: SHOW COLUMNS FROM `wemedical_doctor` [ RunTime:0.0013s ]
SQL: SELECT * FROM `wemedical_doctor` WHERE ( 1=1 AND doctor_id='4' ) LIMIT 1   [ RunTime:0.0003s ]
SQL: SELECT * FROM `wemedical_doctor` WHERE ( 1=1 AND doctor_id='2' ) LIMIT 1   [ RunTime:0.0001s ]
SQL: SELECT * FROM `wemedical_doctor` WHERE ( 1=1 AND doctor_id='1' ) LIMIT 1   [ RunTime:0.0002s ]
INFO: [ app_end ] --START--
INFO: Run Behavior\ShowPageTraceBehavior [ RunTime:0.000060s ]
INFO: [ app_end ] --END-- [ RunTime:0.000109s ]

[ 2016-04-26T10:23:13+08:00 ] 192.168.1.3 /wemedical/index.php/Patient-MyOrders-getOrders?time=0
INFO: [ app_init ] --START--
INFO: Run Behavior\BuildLiteBehavior [ RunTime:0.000015s ]
INFO: [ app_init ] --END-- [ RunTime:0.000104s ]
INFO: [ app_begin ] --START--
INFO: Run Behavior\ReadHtmlCacheBehavior [ RunTime:0.000043s ]
INFO: [ app_begin ] --END-- [ RunTime:0.000089s ]
SQL: SHOW COLUMNS FROM `wemedical_order` [ RunTime:0.0051s ]
SQL: SELECT * FROM `wemedical_order` WHERE ( patient_id='1'AND date<'2016-04-26' ) ORDER BY date desc  [ RunTime:0.0003s ]
SQL: SHOW COLUMNS FROM `wemedical_doctor` [ RunTime:0.0013s ]
SQL: SELECT * FROM `wemedical_doctor` WHERE ( 1=1 AND doctor_id='7' ) LIMIT 1   [ RunTime:0.0003s ]
SQL: SELECT * FROM `wemedical_doctor` WHERE ( 1=1 AND doctor_id='4' ) LIMIT 1   [ RunTime:0.0002s ]
SQL: SELECT * FROM `wemedical_doctor` WHERE ( 1=1 AND doctor_id='6' ) LIMIT 1   [ RunTime:0.0001s ]
SQL: SELECT * FROM `wemedical_doctor` WHERE ( 1=1 AND doctor_id='4' ) LIMIT 1   [ RunTime:0.0001s ]
SQL: SELECT * FROM `wemedical_doctor` WHERE ( 1=1 AND doctor_id='3' ) LIMIT 1   [ RunTime:0.0001s ]
SQL: SELECT * FROM `wemedical_doctor` WHERE ( 1=1 AND doctor_id='5' ) LIMIT 1   [ RunTime:0.0001s ]
SQL: SELECT * FROM `wemedical_doctor` WHERE ( 1=1 AND doctor_id='5' ) LIMIT 1   [ RunTime:0.0001s ]
SQL: SELECT * FROM `wemedical_doctor` WHERE ( 1=1 AND doctor_id='2' ) LIMIT 1   [ RunTime:0.0001s ]
SQL: SELECT * FROM `wemedical_doctor` WHERE ( 1=1 AND doctor_id='2' ) LIMIT 1   [ RunTime:0.0002s ]
SQL: SELECT * FROM `wemedical_doctor` WHERE ( 1=1 AND doctor_id='2' ) LIMIT 1   [ RunTime:0.0002s ]
SQL: SELECT * FROM `wemedical_doctor` WHERE ( 1=1 AND doctor_id='1' ) LIMIT 1   [ RunTime:0.0002s ]
SQL: SELECT * FROM `wemedical_doctor` WHERE ( 1=1 AND doctor_id='2' ) LIMIT 1   [ RunTime:0.0001s ]
SQL: SELECT * FROM `wemedical_doctor` WHERE ( 1=1 AND doctor_id='2' ) LIMIT 1   [ RunTime:0.0001s ]
SQL: SELECT * FROM `wemedical_doctor` WHERE ( 1=1 AND doctor_id='2' ) LIMIT 1   [ RunTime:0.0001s ]
SQL: SELECT * FROM `wemedical_doctor` WHERE ( 1=1 AND doctor_id='2' ) LIMIT 1   [ RunTime:0.0001s ]
SQL: SELECT * FROM `wemedical_doctor` WHERE ( 1=1 AND doctor_id='2' ) LIMIT 1   [ RunTime:0.0001s ]
SQL: SELECT * FROM `wemedical_doctor` WHERE ( 1=1 AND doctor_id='1' ) LIMIT 1   [ RunTime:0.0001s ]
SQL: SELECT * FROM `wemedical_doctor` WHERE ( 1=1 AND doctor_id='1' ) LIMIT 1   [ RunTime:0.0001s ]
SQL: SELECT * FROM `wemedical_doctor` WHERE ( 1=1 AND doctor_id='1' ) LIMIT 1   [ RunTime:0.0001s ]
INFO: [ app_end ] --START--
INFO: Run Behavior\ShowPageTraceBehavior [ RunTime:0.000065s ]
INFO: [ app_end ] --END-- [ RunTime:0.000125s ]

[ 2016-04-26T10:23:17+08:00 ] 192.168.1.3 /wemedical/index.php/Patient-MyOrders-getOrders?time=1
INFO: [ app_init ] --START--
INFO: Run Behavior\BuildLiteBehavior [ RunTime:0.000014s ]
INFO: [ app_init ] --END-- [ RunTime:0.000109s ]
INFO: [ app_begin ] --START--
INFO: Run Behavior\ReadHtmlCacheBehavior [ RunTime:0.000041s ]
INFO: [ app_begin ] --END-- [ RunTime:0.000087s ]
SQL: SHOW COLUMNS FROM `wemedical_order` [ RunTime:0.0009s ]
SQL: SELECT * FROM `wemedical_order` WHERE ( patient_id='1'AND date>='2016-04-26' ) ORDER BY date desc  [ RunTime:0.0002s ]
SQL: SHOW COLUMNS FROM `wemedical_doctor` [ RunTime:0.0013s ]
SQL: SELECT * FROM `wemedical_doctor` WHERE ( 1=1 AND doctor_id='4' ) LIMIT 1   [ RunTime:0.0003s ]
SQL: SELECT * FROM `wemedical_doctor` WHERE ( 1=1 AND doctor_id='2' ) LIMIT 1   [ RunTime:0.0002s ]
SQL: SELECT * FROM `wemedical_doctor` WHERE ( 1=1 AND doctor_id='1' ) LIMIT 1   [ RunTime:0.0002s ]
INFO: [ app_end ] --START--
INFO: Run Behavior\ShowPageTraceBehavior [ RunTime:0.000065s ]
INFO: [ app_end ] --END-- [ RunTime:0.000117s ]

[ 2016-04-26T10:23:25+08:00 ] 192.168.1.3 /wemedical/index.php/Patient-MyOrders-getOrders?time=0
INFO: [ app_init ] --START--
INFO: Run Behavior\BuildLiteBehavior [ RunTime:0.000027s ]
INFO: [ app_init ] --END-- [ RunTime:0.000208s ]
INFO: [ app_begin ] --START--
INFO: Run Behavior\ReadHtmlCacheBehavior [ RunTime:0.000070s ]
INFO: [ app_begin ] --END-- [ RunTime:0.000120s ]
SQL: SHOW COLUMNS FROM `wemedical_order` [ RunTime:0.0052s ]
SQL: SELECT * FROM `wemedical_order` WHERE ( patient_id='1'AND date<'2016-04-26' ) ORDER BY date desc  [ RunTime:0.0003s ]
SQL: SHOW COLUMNS FROM `wemedical_doctor` [ RunTime:0.0013s ]
SQL: SELECT * FROM `wemedical_doctor` WHERE ( 1=1 AND doctor_id='7' ) LIMIT 1   [ RunTime:0.0003s ]
SQL: SELECT * FROM `wemedical_doctor` WHERE ( 1=1 AND doctor_id='4' ) LIMIT 1   [ RunTime:0.0002s ]
SQL: SELECT * FROM `wemedical_doctor` WHERE ( 1=1 AND doctor_id='6' ) LIMIT 1   [ RunTime:0.0001s ]
SQL: SELECT * FROM `wemedical_doctor` WHERE ( 1=1 AND doctor_id='4' ) LIMIT 1   [ RunTime:0.0001s ]
SQL: SELECT * FROM `wemedical_doctor` WHERE ( 1=1 AND doctor_id='3' ) LIMIT 1   [ RunTime:0.0001s ]
SQL: SELECT * FROM `wemedical_doctor` WHERE ( 1=1 AND doctor_id='5' ) LIMIT 1   [ RunTime:0.0001s ]
SQL: SELECT * FROM `wemedical_doctor` WHERE ( 1=1 AND doctor_id='5' ) LIMIT 1   [ RunTime:0.0001s ]
SQL: SELECT * FROM `wemedical_doctor` WHERE ( 1=1 AND doctor_id='2' ) LIMIT 1   [ RunTime:0.0001s ]
SQL: SELECT * FROM `wemedical_doctor` WHERE ( 1=1 AND doctor_id='2' ) LIMIT 1   [ RunTime:0.0001s ]
SQL: SELECT * FROM `wemedical_doctor` WHERE ( 1=1 AND doctor_id='2' ) LIMIT 1   [ RunTime:0.0002s ]
SQL: SELECT * FROM `wemedical_doctor` WHERE ( 1=1 AND doctor_id='1' ) LIMIT 1   [ RunTime:0.0002s ]
SQL: SELECT * FROM `wemedical_doctor` WHERE ( 1=1 AND doctor_id='2' ) LIMIT 1   [ RunTime:0.0001s ]
SQL: SELECT * FROM `wemedical_doctor` WHERE ( 1=1 AND doctor_id='2' ) LIMIT 1   [ RunTime:0.0001s ]
SQL: SELECT * FROM `wemedical_doctor` WHERE ( 1=1 AND doctor_id='2' ) LIMIT 1   [ RunTime:0.0001s ]
SQL: SELECT * FROM `wemedical_doctor` WHERE ( 1=1 AND doctor_id='2' ) LIMIT 1   [ RunTime:0.0001s ]
SQL: SELECT * FROM `wemedical_doctor` WHERE ( 1=1 AND doctor_id='2' ) LIMIT 1   [ RunTime:0.0001s ]
SQL: SELECT * FROM `wemedical_doctor` WHERE ( 1=1 AND doctor_id='1' ) LIMIT 1   [ RunTime:0.0001s ]
SQL: SELECT * FROM `wemedical_doctor` WHERE ( 1=1 AND doctor_id='1' ) LIMIT 1   [ RunTime:0.0001s ]
SQL: SELECT * FROM `wemedical_doctor` WHERE ( 1=1 AND doctor_id='1' ) LIMIT 1   [ RunTime:0.0001s ]
INFO: [ app_end ] --START--
INFO: Run Behavior\ShowPageTraceBehavior [ RunTime:0.000097s ]
INFO: [ app_end ] --END-- [ RunTime:0.000147s ]

[ 2016-04-26T10:23:33+08:00 ] 192.168.1.3 /wemedical/index.php/Patient-MyOrders-getOrders?time=1
INFO: [ app_init ] --START--
INFO: Run Behavior\BuildLiteBehavior [ RunTime:0.000014s ]
INFO: [ app_init ] --END-- [ RunTime:0.000102s ]
INFO: [ app_begin ] --START--
INFO: Run Behavior\ReadHtmlCacheBehavior [ RunTime:0.000041s ]
INFO: [ app_begin ] --END-- [ RunTime:0.000087s ]
SQL: SHOW COLUMNS FROM `wemedical_order` [ RunTime:0.0052s ]
SQL: SELECT * FROM `wemedical_order` WHERE ( patient_id='1'AND date>='2016-04-26' ) ORDER BY date desc  [ RunTime:0.0003s ]
SQL: SHOW COLUMNS FROM `wemedical_doctor` [ RunTime:0.0012s ]
SQL: SELECT * FROM `wemedical_doctor` WHERE ( 1=1 AND doctor_id='4' ) LIMIT 1   [ RunTime:0.0002s ]
SQL: SELECT * FROM `wemedical_doctor` WHERE ( 1=1 AND doctor_id='2' ) LIMIT 1   [ RunTime:0.0002s ]
SQL: SELECT * FROM `wemedical_doctor` WHERE ( 1=1 AND doctor_id='1' ) LIMIT 1   [ RunTime:0.0002s ]
INFO: [ app_end ] --START--
INFO: Run Behavior\ShowPageTraceBehavior [ RunTime:0.000062s ]
INFO: [ app_end ] --END-- [ RunTime:0.000115s ]

[ 2016-04-26T10:23:53+08:00 ] 192.168.1.3 /wemedical/index.php/Patient-MyOrders-getOrders?time=0
INFO: [ app_init ] --START--
INFO: Run Behavior\BuildLiteBehavior [ RunTime:0.000015s ]
INFO: [ app_init ] --END-- [ RunTime:0.000119s ]
INFO: [ app_begin ] --START--
INFO: Run Behavior\ReadHtmlCacheBehavior [ RunTime:0.000055s ]
INFO: [ app_begin ] --END-- [ RunTime:0.000101s ]
SQL: SHOW COLUMNS FROM `wemedical_order` [ RunTime:0.0051s ]
SQL: SELECT * FROM `wemedical_order` WHERE ( patient_id='1'AND date<'2016-04-26' ) ORDER BY date desc  [ RunTime:0.0003s ]
SQL: SHOW COLUMNS FROM `wemedical_doctor` [ RunTime:0.0013s ]
SQL: SELECT * FROM `wemedical_doctor` WHERE ( 1=1 AND doctor_id='7' ) LIMIT 1   [ RunTime:0.0002s ]
SQL: SELECT * FROM `wemedical_doctor` WHERE ( 1=1 AND doctor_id='4' ) LIMIT 1   [ RunTime:0.0001s ]
SQL: SELECT * FROM `wemedical_doctor` WHERE ( 1=1 AND doctor_id='6' ) LIMIT 1   [ RunTime:0.0001s ]
SQL: SELECT * FROM `wemedical_doctor` WHERE ( 1=1 AND doctor_id='4' ) LIMIT 1   [ RunTime:0.0002s ]
SQL: SELECT * FROM `wemedical_doctor` WHERE ( 1=1 AND doctor_id='3' ) LIMIT 1   [ RunTime:0.0001s ]
SQL: SELECT * FROM `wemedical_doctor` WHERE ( 1=1 AND doctor_id='5' ) LIMIT 1   [ RunTime:0.0001s ]
SQL: SELECT * FROM `wemedical_doctor` WHERE ( 1=1 AND doctor_id='5' ) LIMIT 1   [ RunTime:0.0002s ]
SQL: SELECT * FROM `wemedical_doctor` WHERE ( 1=1 AND doctor_id='2' ) LIMIT 1   [ RunTime:0.0002s ]
SQL: SELECT * FROM `wemedical_doctor` WHERE ( 1=1 AND doctor_id='2' ) LIMIT 1   [ RunTime:0.0001s ]
SQL: SELECT * FROM `wemedical_doctor` WHERE ( 1=1 AND doctor_id='2' ) LIMIT 1   [ RunTime:0.0001s ]
SQL: SELECT * FROM `wemedical_doctor` WHERE ( 1=1 AND doctor_id='1' ) LIMIT 1   [ RunTime:0.0001s ]
SQL: SELECT * FROM `wemedical_doctor` WHERE ( 1=1 AND doctor_id='2' ) LIMIT 1   [ RunTime:0.0001s ]
SQL: SELECT * FROM `wemedical_doctor` WHERE ( 1=1 AND doctor_id='2' ) LIMIT 1   [ RunTime:0.0001s ]
SQL: SELECT * FROM `wemedical_doctor` WHERE ( 1=1 AND doctor_id='2' ) LIMIT 1   [ RunTime:0.0001s ]
SQL: SELECT * FROM `wemedical_doctor` WHERE ( 1=1 AND doctor_id='2' ) LIMIT 1   [ RunTime:0.0001s ]
SQL: SELECT * FROM `wemedical_doctor` WHERE ( 1=1 AND doctor_id='2' ) LIMIT 1   [ RunTime:0.0001s ]
SQL: SELECT * FROM `wemedical_doctor` WHERE ( 1=1 AND doctor_id='1' ) LIMIT 1   [ RunTime:0.0001s ]
SQL: SELECT * FROM `wemedical_doctor` WHERE ( 1=1 AND doctor_id='1' ) LIMIT 1   [ RunTime:0.0001s ]
SQL: SELECT * FROM `wemedical_doctor` WHERE ( 1=1 AND doctor_id='1' ) LIMIT 1   [ RunTime:0.0001s ]
INFO: [ app_end ] --START--
INFO: Run Behavior\ShowPageTraceBehavior [ RunTime:0.000098s ]
INFO: [ app_end ] --END-- [ RunTime:0.000155s ]

[ 2016-04-26T10:23:54+08:00 ] 192.168.1.3 /wemedical/index.php/Patient-MyOrders-getOrders?time=1
INFO: [ app_init ] --START--
INFO: Run Behavior\BuildLiteBehavior [ RunTime:0.000014s ]
INFO: [ app_init ] --END-- [ RunTime:0.000102s ]
INFO: [ app_begin ] --START--
INFO: Run Behavior\ReadHtmlCacheBehavior [ RunTime:0.000054s ]
INFO: [ app_begin ] --END-- [ RunTime:0.000104s ]
SQL: SHOW COLUMNS FROM `wemedical_order` [ RunTime:0.0056s ]
SQL: SELECT * FROM `wemedical_order` WHERE ( patient_id='1'AND date>='2016-04-26' ) ORDER BY date desc  [ RunTime:0.0003s ]
SQL: SHOW COLUMNS FROM `wemedical_doctor` [ RunTime:0.0013s ]
SQL: SELECT * FROM `wemedical_doctor` WHERE ( 1=1 AND doctor_id='4' ) LIMIT 1   [ RunTime:0.0003s ]
SQL: SELECT * FROM `wemedical_doctor` WHERE ( 1=1 AND doctor_id='2' ) LIMIT 1   [ RunTime:0.0002s ]
SQL: SELECT * FROM `wemedical_doctor` WHERE ( 1=1 AND doctor_id='1' ) LIMIT 1   [ RunTime:0.0002s ]
INFO: [ app_end ] --START--
INFO: Run Behavior\ShowPageTraceBehavior [ RunTime:0.000069s ]
INFO: [ app_end ] --END-- [ RunTime:0.000120s ]

[ 2016-04-26T10:24:07+08:00 ] 192.168.1.3 /wemedical/Patient-Me-Index
INFO: [ app_init ] --START--
INFO: Run Behavior\BuildLiteBehavior [ RunTime:0.000014s ]
INFO: [ app_init ] --END-- [ RunTime:0.000110s ]
INFO: [ app_begin ] --START--
INFO: Run Behavior\ReadHtmlCacheBehavior [ RunTime:0.000042s ]
INFO: [ app_begin ] --END-- [ RunTime:0.000095s ]
SQL: SHOW COLUMNS FROM `wemedical_patient` [ RunTime:0.0052s ]
SQL: SELECT * FROM `wemedical_patient` WHERE `patient_id` = 1 LIMIT 1   [ RunTime:0.0002s ]
INFO: [ view_parse ] --START--
INFO: [ template_filter ] --START--
INFO: Run Behavior\ContentReplaceBehavior [ RunTime:0.000063s ]
INFO: [ template_filter ] --END-- [ RunTime:0.000127s ]
NOTIC: [8] Undefined variable: isBindWexin /Applications/MAMP/htdocs/wemedical/Application/Runtime/Cache/Patient/2a0a4f5824490f79bd0b3c07007796ff.php 第 81 行.
INFO: Run Behavior\ParseTemplateBehavior [ RunTime:0.005162s ]
INFO: [ view_parse ] --END-- [ RunTime:0.005273s ]
INFO: [ view_filter ] --START--
INFO: Run Behavior\WriteHtmlCacheBehavior [ RunTime:0.000068s ]
INFO: [ view_filter ] --END-- [ RunTime:0.000119s ]
INFO: [ app_end ] --START--
INFO: Run Behavior\ShowPageTraceBehavior [ RunTime:0.000052s ]
INFO: [ app_end ] --END-- [ RunTime:0.000099s ]

[ 2016-04-26T10:39:07+08:00 ] 192.168.1.3 /wemedical/Patient-Me-Index
INFO: [ app_init ] --START--
INFO: Run Behavior\BuildLiteBehavior [ RunTime:0.000032s ]
INFO: [ app_init ] --END-- [ RunTime:0.000232s ]
INFO: [ app_begin ] --START--
INFO: Run Behavior\ReadHtmlCacheBehavior [ RunTime:0.000087s ]
INFO: [ app_begin ] --END-- [ RunTime:0.000151s ]
SQL: SHOW COLUMNS FROM `wemedical_patient` [ RunTime:0.0012s ]
SQL: SELECT * FROM `wemedical_patient` WHERE `patient_id` = 1 LIMIT 1   [ RunTime:0.0003s ]
INFO: [ view_parse ] --START--
INFO: [ template_filter ] --START--
INFO: Run Behavior\ContentReplaceBehavior [ RunTime:0.000100s ]
INFO: [ template_filter ] --END-- [ RunTime:0.000182s ]
NOTIC: [8] Undefined variable: isBindWexin /Applications/MAMP/htdocs/wemedical/Application/Runtime/Cache/Patient/2a0a4f5824490f79bd0b3c07007796ff.php 第 81 行.
INFO: Run Behavior\ParseTemplateBehavior [ RunTime:0.006032s ]
INFO: [ view_parse ] --END-- [ RunTime:0.006098s ]
INFO: [ view_filter ] --START--
INFO: Run Behavior\WriteHtmlCacheBehavior [ RunTime:0.000070s ]
INFO: [ view_filter ] --END-- [ RunTime:0.000121s ]
INFO: [ app_end ] --START--
INFO: Run Behavior\ShowPageTraceBehavior [ RunTime:0.000087s ]
INFO: [ app_end ] --END-- [ RunTime:0.000138s ]

[ 2016-04-26T10:40:07+08:00 ] 192.168.1.3 /wemedical/Patient-Me-Index
INFO: [ app_init ] --START--
INFO: Run Behavior\BuildLiteBehavior [ RunTime:0.000014s ]
INFO: [ app_init ] --END-- [ RunTime:0.000102s ]
INFO: [ app_begin ] --START--
INFO: Run Behavior\ReadHtmlCacheBehavior [ RunTime:0.000042s ]
INFO: [ app_begin ] --END-- [ RunTime:0.000094s ]
SQL: SHOW COLUMNS FROM `wemedical_patient` [ RunTime:0.0011s ]
SQL: SELECT * FROM `wemedical_patient` WHERE `patient_id` = 1 LIMIT 1   [ RunTime:0.0002s ]
INFO: [ view_parse ] --START--
INFO: [ template_filter ] --START--
INFO: Run Behavior\ContentReplaceBehavior [ RunTime:0.000069s ]
INFO: [ template_filter ] --END-- [ RunTime:0.000148s ]
NOTIC: [8] Undefined variable: isBindWexin /Applications/MAMP/htdocs/wemedical/Application/Runtime/Cache/Patient/2a0a4f5824490f79bd0b3c07007796ff.php 第 81 行.
INFO: Run Behavior\ParseTemplateBehavior [ RunTime:0.004967s ]
INFO: [ view_parse ] --END-- [ RunTime:0.005056s ]
INFO: [ view_filter ] --START--
INFO: Run Behavior\WriteHtmlCacheBehavior [ RunTime:0.000051s ]
INFO: [ view_filter ] --END-- [ RunTime:0.000100s ]
INFO: [ app_end ] --START--
INFO: Run Behavior\ShowPageTraceBehavior [ RunTime:0.000051s ]
INFO: [ app_end ] --END-- [ RunTime:0.000099s ]

[ 2016-04-26T10:48:06+08:00 ] 192.168.1.3 /wemedical/Patient-Me-Index
INFO: [ app_init ] --START--
INFO: Run Behavior\BuildLiteBehavior [ RunTime:0.000015s ]
INFO: [ app_init ] --END-- [ RunTime:0.000113s ]
INFO: [ app_begin ] --START--
INFO: Run Behavior\ReadHtmlCacheBehavior [ RunTime:0.000053s ]
INFO: [ app_begin ] --END-- [ RunTime:0.000107s ]
SQL: SHOW COLUMNS FROM `wemedical_patient` [ RunTime:0.0052s ]
SQL: SELECT * FROM `wemedical_patient` WHERE `patient_id` = 1 LIMIT 1   [ RunTime:0.0002s ]
INFO: [ view_parse ] --START--
INFO: [ template_filter ] --START--
INFO: Run Behavior\ContentReplaceBehavior [ RunTime:0.000084s ]
INFO: [ template_filter ] --END-- [ RunTime:0.000152s ]
NOTIC: [8] Undefined variable: isBindWexin /Applications/MAMP/htdocs/wemedical/Application/Runtime/Cache/Patient/2a0a4f5824490f79bd0b3c07007796ff.php 第 81 行.
INFO: Run Behavior\ParseTemplateBehavior [ RunTime:0.005745s ]
INFO: [ view_parse ] --END-- [ RunTime:0.005802s ]
INFO: [ view_filter ] --START--
INFO: Run Behavior\WriteHtmlCacheBehavior [ RunTime:0.000060s ]
INFO: [ view_filter ] --END-- [ RunTime:0.000108s ]
INFO: [ app_end ] --START--
INFO: Run Behavior\ShowPageTraceBehavior [ RunTime:0.000048s ]
INFO: [ app_end ] --END-- [ RunTime:0.000096s ]

[ 2016-04-26T10:49:22+08:00 ] ::1 /wemedical/index.php/Patient-Appointment-getDoc?num=1&date=2016-04-26
INFO: [ app_init ] --START--
INFO: Run Behavior\BuildLiteBehavior [ RunTime:0.000015s ]
INFO: [ app_init ] --END-- [ RunTime:0.000138s ]
INFO: [ app_begin ] --START--
INFO: Run Behavior\ReadHtmlCacheBehavior [ RunTime:0.000156s ]
INFO: [ app_begin ] --END-- [ RunTime:0.000283s ]
SQL: SHOW COLUMNS FROM `wemedical_doctor` [ RunTime:0.0017s ]
SQL: SELECT `doctor_id`,`name`,`title`,`department`,`specialism`,`order_cost` AS `cost`,`orders_per_day`,`treatment_period` AS `period`,`work_days` FROM `wemedical_doctor` WHERE ( work_days like'%2%' ) ORDER BY doctor_id LIMIT 0,3   [ RunTime:0.0004s ]
SQL: SHOW COLUMNS FROM `wemedical_order` [ RunTime:0.0016s ]
SQL: SELECT * FROM `wemedical_order` WHERE ( DATEDIFF(date,CURDATE())>=1 AND doctor_id='2' ) ORDER BY order_id  [ RunTime:0.0004s ]
SQL: SELECT * FROM `wemedical_order` WHERE ( DATEDIFF(date,CURDATE())>=1 AND doctor_id='3' ) ORDER BY order_id  [ RunTime:0.0003s ]
SQL: SELECT * FROM `wemedical_order` WHERE ( DATEDIFF(date,CURDATE())>=1 AND doctor_id='6' ) ORDER BY order_id  [ RunTime:0.0002s ]
INFO: [ app_end ] --START--
INFO: Run Behavior\ShowPageTraceBehavior [ RunTime:0.000177s ]
INFO: [ app_end ] --END-- [ RunTime:0.000238s ]

