[ 2016-04-29T09:27:47+08:00 ] ::1 /wemedical/Admin-index-getAllDocs?order=asc&limit=10&offset=0
INFO: [ app_init ] --START--
INFO: Run Behavior\BuildLiteBehavior [ RunTime:0.000025s ]
INFO: [ app_init ] --END-- [ RunTime:0.001050s ]
INFO: [ app_begin ] --START--
INFO: Run Behavior\ReadHtmlCacheBehavior [ RunTime:0.001321s ]
INFO: [ app_begin ] --END-- [ RunTime:0.001396s ]
SQL: SHOW COLUMNS FROM `wemedical_doctor` [ RunTime:0.0048s ]
SQL: SELECT * FROM `wemedical_doctor` ORDER BY doctor_id  [ RunTime:0.0007s ]
INFO: [ app_end ] --START--
INFO: Run Behavior\ShowPageTraceBehavior [ RunTime:0.001578s ]
INFO: [ app_end ] --END-- [ RunTime:0.001657s ]

[ 2016-04-29T09:34:21+08:00 ] ::1 /wemedical/Admin-index-getAllDocs?order=asc&limit=10&offset=0
INFO: [ app_init ] --START--
INFO: Run Behavior\BuildLiteBehavior [ RunTime:0.000027s ]
INFO: [ app_init ] --END-- [ RunTime:0.000209s ]
INFO: [ app_begin ] --START--
INFO: Run Behavior\ReadHtmlCacheBehavior [ RunTime:0.000078s ]
INFO: [ app_begin ] --END-- [ RunTime:0.000127s ]
SQL: SHOW COLUMNS FROM `wemedical_doctor` [ RunTime:0.0016s ]
SQL: SELECT * FROM `wemedical_doctor` ORDER BY doctor_id  [ RunTime:0.0003s ]
INFO: [ app_end ] --START--
INFO: Run Behavior\ShowPageTraceBehavior [ RunTime:0.000102s ]
INFO: [ app_end ] --END-- [ RunTime:0.000158s ]

[ 2016-04-29T09:43:07+08:00 ] ::1 /wemedical/Admin-index-getAllDocs?order=asc&limit=10&offset=0
INFO: [ app_init ] --START--
INFO: Run Behavior\BuildLiteBehavior [ RunTime:0.000031s ]
INFO: [ app_init ] --END-- [ RunTime:0.000273s ]
INFO: [ app_begin ] --START--
INFO: Run Behavior\ReadHtmlCacheBehavior [ RunTime:0.000088s ]
INFO: [ app_begin ] --END-- [ RunTime:0.000154s ]
SQL: SHOW COLUMNS FROM `wemedical_doctor` [ RunTime:0.0058s ]
SQL: SELECT * FROM `wemedical_doctor` ORDER BY doctor_id  [ RunTime:0.0003s ]
INFO: [ app_end ] --START--
INFO: Run Behavior\ShowPageTraceBehavior [ RunTime:0.000120s ]
INFO: [ app_end ] --END-- [ RunTime:0.000189s ]

[ 2016-04-29T09:45:17+08:00 ] ::1 /wemedical/Admin-index-getAllDocs?order=asc&limit=10&offset=0
INFO: [ app_init ] --START--
INFO: Run Behavior\BuildLiteBehavior [ RunTime:0.000029s ]
INFO: [ app_init ] --END-- [ RunTime:0.000226s ]
INFO: [ app_begin ] --START--
INFO: Run Behavior\ReadHtmlCacheBehavior [ RunTime:0.000072s ]
INFO: [ app_begin ] --END-- [ RunTime:0.000123s ]
SQL: SHOW COLUMNS FROM `wemedical_doctor` [ RunTime:0.0058s ]
SQL: SELECT * FROM `wemedical_doctor` ORDER BY doctor_id  [ RunTime:0.0006s ]
INFO: [ app_end ] --START--
INFO: Run Behavior\ShowPageTraceBehavior [ RunTime:0.000186s ]
INFO: [ app_end ] --END-- [ RunTime:0.000293s ]

[ 2016-04-29T09:45:25+08:00 ] ::1 /wemedical/Admin-index-getAllDocs?order=asc&limit=10&offset=0
INFO: [ app_init ] --START--
INFO: Run Behavior\BuildLiteBehavior [ RunTime:0.000015s ]
INFO: [ app_init ] --END-- [ RunTime:0.000106s ]
INFO: [ app_begin ] --START--
INFO: Run Behavior\ReadHtmlCacheBehavior [ RunTime:0.000044s ]
INFO: [ app_begin ] --END-- [ RunTime:0.000091s ]
SQL: SHOW COLUMNS FROM `wemedical_doctor` [ RunTime:0.0013s ]
SQL: SELECT * FROM `wemedical_doctor` ORDER BY doctor_id  [ RunTime:0.0003s ]
INFO: [ app_end ] --START--
INFO: Run Behavior\ShowPageTraceBehavior [ RunTime:0.000093s ]
INFO: [ app_end ] --END-- [ RunTime:0.000180s ]

[ 2016-04-29T09:45:42+08:00 ] ::1 /wemedical/Admin-index-getAllDocs?order=asc&limit=10&offset=0
INFO: [ app_init ] --START--
INFO: Run Behavior\BuildLiteBehavior [ RunTime:0.000027s ]
INFO: [ app_init ] --END-- [ RunTime:0.000203s ]
INFO: [ app_begin ] --START--
INFO: Run Behavior\ReadHtmlCacheBehavior [ RunTime:0.000062s ]
INFO: [ app_begin ] --END-- [ RunTime:0.000112s ]
SQL: SHOW COLUMNS FROM `wemedical_doctor` [ RunTime:0.0015s ]
SQL: SELECT * FROM `wemedical_doctor` ORDER BY doctor_id  [ RunTime:0.0003s ]
INFO: [ app_end ] --START--
INFO: Run Behavior\ShowPageTraceBehavior [ RunTime:0.000102s ]
INFO: [ app_end ] --END-- [ RunTime:0.000162s ]

[ 2016-04-29T09:46:34+08:00 ] ::1 /wemedical/Admin-index-getAllDocs?order=asc&limit=10&offset=0
INFO: [ app_init ] --START--
INFO: Run Behavior\BuildLiteBehavior [ RunTime:0.000027s ]
INFO: [ app_init ] --END-- [ RunTime:0.000214s ]
INFO: [ app_begin ] --START--
INFO: Run Behavior\ReadHtmlCacheBehavior [ RunTime:0.000067s ]
INFO: [ app_begin ] --END-- [ RunTime:0.000116s ]
SQL: SHOW COLUMNS FROM `wemedical_doctor` [ RunTime:0.0016s ]
SQL: SELECT * FROM `wemedical_doctor` ORDER BY doctor_id  [ RunTime:0.0004s ]
INFO: [ app_end ] --START--
INFO: Run Behavior\ShowPageTraceBehavior [ RunTime:0.000110s ]
INFO: [ app_end ] --END-- [ RunTime:0.000179s ]

[ 2016-04-29T09:51:27+08:00 ] ::1 /wemedical/Admin-index-getAllDocs?order=asc&limit=10&offset=0
INFO: [ app_init ] --START--
INFO: Run Behavior\BuildLiteBehavior [ RunTime:0.000015s ]
INFO: [ app_init ] --END-- [ RunTime:0.000118s ]
INFO: [ app_begin ] --START--
INFO: Run Behavior\ReadHtmlCacheBehavior [ RunTime:0.000052s ]
INFO: [ app_begin ] --END-- [ RunTime:0.000101s ]
SQL: SHOW COLUMNS FROM `wemedical_doctor` [ RunTime:0.0015s ]
SQL: SELECT * FROM `wemedical_doctor` ORDER BY doctor_id  [ RunTime:0.0005s ]
INFO: [ app_end ] --START--
INFO: Run Behavior\ShowPageTraceBehavior [ RunTime:0.000090s ]
INFO: [ app_end ] --END-- [ RunTime:0.000150s ]

[ 2016-04-29T09:52:23+08:00 ] ::1 /wemedical/Admin-index-getAllDocs?order=asc&limit=10&offset=0
INFO: [ app_init ] --START--
INFO: Run Behavior\BuildLiteBehavior [ RunTime:0.000015s ]
INFO: [ app_init ] --END-- [ RunTime:0.000112s ]
INFO: [ app_begin ] --START--
INFO: Run Behavior\ReadHtmlCacheBehavior [ RunTime:0.000040s ]
INFO: [ app_begin ] --END-- [ RunTime:0.000086s ]
SQL: SHOW COLUMNS FROM `wemedical_doctor` [ RunTime:0.0013s ]
SQL: SELECT * FROM `wemedical_doctor` ORDER BY doctor_id  [ RunTime:0.0003s ]
INFO: [ app_end ] --START--
INFO: Run Behavior\ShowPageTraceBehavior [ RunTime:0.000061s ]
INFO: [ app_end ] --END-- [ RunTime:0.000113s ]

[ 2016-04-29T09:57:12+08:00 ] ::1 /wemedical/Admin-index-getAllDocs?order=asc&limit=10&offset=0
INFO: [ app_init ] --START--
INFO: Run Behavior\BuildLiteBehavior [ RunTime:0.000028s ]
INFO: [ app_init ] --END-- [ RunTime:0.000212s ]
INFO: [ app_begin ] --START--
INFO: Run Behavior\ReadHtmlCacheBehavior [ RunTime:0.000066s ]
INFO: [ app_begin ] --END-- [ RunTime:0.000116s ]
SQL: SHOW COLUMNS FROM `wemedical_doctor` [ RunTime:0.0015s ]
SQL: SELECT * FROM `wemedical_doctor` ORDER BY doctor_id  [ RunTime:0.0004s ]
INFO: [ app_end ] --START--
INFO: Run Behavior\ShowPageTraceBehavior [ RunTime:0.000127s ]
INFO: [ app_end ] --END-- [ RunTime:0.000200s ]

[ 2016-04-29T10:02:37+08:00 ] ::1 /wemedical/Admin-index-getAllDocs?order=asc&limit=10&offset=0
INFO: [ app_init ] --START--
INFO: Run Behavior\BuildLiteBehavior [ RunTime:0.000025s ]
INFO: [ app_init ] --END-- [ RunTime:0.000242s ]
INFO: [ app_begin ] --START--
INFO: Run Behavior\ReadHtmlCacheBehavior [ RunTime:0.000070s ]
INFO: [ app_begin ] --END-- [ RunTime:0.000124s ]
SQL: SHOW COLUMNS FROM `wemedical_doctor` [ RunTime:0.0016s ]
SQL: SELECT * FROM `wemedical_doctor` ORDER BY doctor_id  [ RunTime:0.0003s ]
INFO: [ app_end ] --START--
INFO: Run Behavior\ShowPageTraceBehavior [ RunTime:0.000097s ]
INFO: [ app_end ] --END-- [ RunTime:0.000151s ]

[ 2016-04-29T10:03:44+08:00 ] ::1 /wemedical/Admin-index-getAllDocs?order=asc&limit=10&offset=0
INFO: [ app_init ] --START--
INFO: Run Behavior\BuildLiteBehavior [ RunTime:0.000015s ]
INFO: [ app_init ] --END-- [ RunTime:0.000113s ]
INFO: [ app_begin ] --START--
INFO: Run Behavior\ReadHtmlCacheBehavior [ RunTime:0.000050s ]
INFO: [ app_begin ] --END-- [ RunTime:0.000096s ]
SQL: SHOW COLUMNS FROM `wemedical_doctor` [ RunTime:0.0014s ]
SQL: SELECT * FROM `wemedical_doctor` ORDER BY doctor_id  [ RunTime:0.0004s ]
INFO: [ app_end ] --START--
INFO: Run Behavior\ShowPageTraceBehavior [ RunTime:0.000090s ]
INFO: [ app_end ] --END-- [ RunTime:0.000158s ]

[ 2016-04-29T10:03:54+08:00 ] ::1 /wemedical/Admin-index-getAllDocs?order=asc&limit=10&offset=0
INFO: [ app_init ] --START--
INFO: Run Behavior\BuildLiteBehavior [ RunTime:0.000017s ]
INFO: [ app_init ] --END-- [ RunTime:0.000123s ]
INFO: [ app_begin ] --START--
INFO: Run Behavior\ReadHtmlCacheBehavior [ RunTime:0.000056s ]
INFO: [ app_begin ] --END-- [ RunTime:0.000115s ]
SQL: SHOW COLUMNS FROM `wemedical_doctor` [ RunTime:0.0017s ]
SQL: SELECT * FROM `wemedical_doctor` ORDER BY doctor_id  [ RunTime:0.0003s ]
INFO: [ app_end ] --START--
INFO: Run Behavior\ShowPageTraceBehavior [ RunTime:0.000065s ]
INFO: [ app_end ] --END-- [ RunTime:0.000122s ]

[ 2016-04-29T10:05:08+08:00 ] ::1 /wemedical/Admin-index-getAllDocs?order=asc&limit=10&offset=0
INFO: [ app_init ] --START--
INFO: Run Behavior\BuildLiteBehavior [ RunTime:0.000021s ]
INFO: [ app_init ] --END-- [ RunTime:0.000180s ]
INFO: [ app_begin ] --START--
INFO: Run Behavior\ReadHtmlCacheBehavior [ RunTime:0.000070s ]
INFO: [ app_begin ] --END-- [ RunTime:0.000117s ]
SQL: SHOW COLUMNS FROM `wemedical_doctor` [ RunTime:0.0015s ]
SQL: SELECT * FROM `wemedical_doctor` ORDER BY doctor_id  [ RunTime:0.0003s ]
INFO: [ app_end ] --START--
INFO: Run Behavior\ShowPageTraceBehavior [ RunTime:0.000097s ]
INFO: [ app_end ] --END-- [ RunTime:0.000149s ]

[ 2016-04-29T10:05:33+08:00 ] ::1 /wemedical/Admin-index-getAllDocs?order=asc&limit=10&offset=0
INFO: [ app_init ] --START--
INFO: Run Behavior\BuildLiteBehavior [ RunTime:0.000027s ]
INFO: [ app_init ] --END-- [ RunTime:0.000207s ]
INFO: [ app_begin ] --START--
INFO: Run Behavior\ReadHtmlCacheBehavior [ RunTime:0.000059s ]
INFO: [ app_begin ] --END-- [ RunTime:0.000109s ]
SQL: SHOW COLUMNS FROM `wemedical_doctor` [ RunTime:0.0015s ]
SQL: SELECT * FROM `wemedical_doctor` ORDER BY doctor_id  [ RunTime:0.0003s ]
INFO: [ app_end ] --START--
INFO: Run Behavior\ShowPageTraceBehavior [ RunTime:0.000083s ]
INFO: [ app_end ] --END-- [ RunTime:0.000137s ]

[ 2016-04-29T10:05:56+08:00 ] ::1 /wemedical/Admin-index-getAllDocs?order=asc&limit=10&offset=0
INFO: [ app_init ] --START--
INFO: Run Behavior\BuildLiteBehavior [ RunTime:0.000014s ]
INFO: [ app_init ] --END-- [ RunTime:0.000101s ]
INFO: [ app_begin ] --START--
INFO: Run Behavior\ReadHtmlCacheBehavior [ RunTime:0.000042s ]
INFO: [ app_begin ] --END-- [ RunTime:0.000087s ]
SQL: SHOW COLUMNS FROM `wemedical_doctor` [ RunTime:0.0016s ]
SQL: SELECT * FROM `wemedical_doctor` ORDER BY doctor_id  [ RunTime:0.0003s ]
INFO: [ app_end ] --START--
INFO: Run Behavior\ShowPageTraceBehavior [ RunTime:0.000055s ]
INFO: [ app_end ] --END-- [ RunTime:0.000108s ]

[ 2016-04-29T10:13:05+08:00 ] ::1 /wemedical/Admin-index-getAllDocs?order=asc&limit=10&offset=0
INFO: [ app_init ] --START--
INFO: Run Behavior\BuildLiteBehavior [ RunTime:0.000015s ]
INFO: [ app_init ] --END-- [ RunTime:0.000121s ]
INFO: [ app_begin ] --START--
INFO: Run Behavior\ReadHtmlCacheBehavior [ RunTime:0.000054s ]
INFO: [ app_begin ] --END-- [ RunTime:0.000105s ]
SQL: SHOW COLUMNS FROM `wemedical_doctor` [ RunTime:0.0014s ]
SQL: SELECT * FROM `wemedical_doctor` ORDER BY doctor_id  [ RunTime:0.0003s ]
INFO: [ app_end ] --START--
INFO: Run Behavior\ShowPageTraceBehavior [ RunTime:0.000074s ]
INFO: [ app_end ] --END-- [ RunTime:0.000125s ]

[ 2016-04-29T10:13:16+08:00 ] ::1 /wemedical/Admin-index-updateDoc
INFO: [ app_init ] --START--
INFO: Run Behavior\BuildLiteBehavior [ RunTime:0.000015s ]
INFO: [ app_init ] --END-- [ RunTime:0.000106s ]
INFO: [ app_begin ] --START--
INFO: Run Behavior\ReadHtmlCacheBehavior [ RunTime:0.000043s ]
INFO: [ app_begin ] --END-- [ RunTime:0.000091s ]
SQL: SHOW COLUMNS FROM `wemedical_doctor` [ RunTime:0.0061s ]
SQL: UPDATE `wemedical_doctor` SET `name`='王xx',`title`='副主任医师',`gender`='1',`phone`='18611194036',`department`='心脏外科' WHERE ( doctor_id=1 ) [ RunTime:0.0030s ]
INFO: [ app_end ] --START--
INFO: Run Behavior\ShowPageTraceBehavior [ RunTime:0.000075s ]
INFO: [ app_end ] --END-- [ RunTime:0.000135s ]

[ 2016-04-29T10:14:32+08:00 ] ::1 /wemedical/Admin-index-getAllDocs?order=asc&limit=10&offset=0
INFO: [ app_init ] --START--
INFO: Run Behavior\BuildLiteBehavior [ RunTime:0.000015s ]
INFO: [ app_init ] --END-- [ RunTime:0.000116s ]
INFO: [ app_begin ] --START--
INFO: Run Behavior\ReadHtmlCacheBehavior [ RunTime:0.000051s ]
INFO: [ app_begin ] --END-- [ RunTime:0.000097s ]
SQL: SHOW COLUMNS FROM `wemedical_doctor` [ RunTime:0.0014s ]
SQL: SELECT * FROM `wemedical_doctor` ORDER BY doctor_id  [ RunTime:0.0004s ]
INFO: [ app_end ] --START--
INFO: Run Behavior\ShowPageTraceBehavior [ RunTime:0.000073s ]
INFO: [ app_end ] --END-- [ RunTime:0.000124s ]

[ 2016-04-29T10:14:36+08:00 ] ::1 /wemedical/Admin-index-updateDoc
INFO: [ app_init ] --START--
INFO: Run Behavior\BuildLiteBehavior [ RunTime:0.000016s ]
INFO: [ app_init ] --END-- [ RunTime:0.000109s ]
INFO: [ app_begin ] --START--
INFO: Run Behavior\ReadHtmlCacheBehavior [ RunTime:0.000043s ]
INFO: [ app_begin ] --END-- [ RunTime:0.000097s ]
SQL: SHOW COLUMNS FROM `wemedical_doctor` [ RunTime:0.0061s ]
SQL: UPDATE `wemedical_doctor` SET `name`='王xx',`title`='副主任医师',`gender`='1',`phone`='18611194036',`department`='心脏外科' WHERE ( doctor_id=1 ) [ RunTime:0.0012s ]
INFO: [ app_end ] --START--
INFO: Run Behavior\ShowPageTraceBehavior [ RunTime:0.000087s ]
INFO: [ app_end ] --END-- [ RunTime:0.000155s ]

[ 2016-04-29T10:17:02+08:00 ] ::1 /wemedical/Admin-index-getAllDocs?order=asc&limit=10&offset=0
INFO: [ app_init ] --START--
INFO: Run Behavior\BuildLiteBehavior [ RunTime:0.000014s ]
INFO: [ app_init ] --END-- [ RunTime:0.000114s ]
INFO: [ app_begin ] --START--
INFO: Run Behavior\ReadHtmlCacheBehavior [ RunTime:0.000053s ]
INFO: [ app_begin ] --END-- [ RunTime:0.000101s ]
SQL: SHOW COLUMNS FROM `wemedical_doctor` [ RunTime:0.0015s ]
SQL: SELECT * FROM `wemedical_doctor` ORDER BY doctor_id  [ RunTime:0.0003s ]
INFO: [ app_end ] --START--
INFO: Run Behavior\ShowPageTraceBehavior [ RunTime:0.000067s ]
INFO: [ app_end ] --END-- [ RunTime:0.000119s ]

[ 2016-04-29T10:17:06+08:00 ] ::1 /wemedical/Admin-index-updateDoc
INFO: [ app_init ] --START--
INFO: Run Behavior\BuildLiteBehavior [ RunTime:0.000015s ]
INFO: [ app_init ] --END-- [ RunTime:0.000117s ]
INFO: [ app_begin ] --START--
INFO: Run Behavior\ReadHtmlCacheBehavior [ RunTime:0.000052s ]
INFO: [ app_begin ] --END-- [ RunTime:0.000104s ]
SQL: SHOW COLUMNS FROM `wemedical_doctor` [ RunTime:0.0059s ]
SQL: UPDATE `wemedical_doctor` SET `name`='王xx',`title`='副主任医师',`gender`='1',`phone`='18611194036',`department`='心脏外科' WHERE ( doctor_id=1 ) [ RunTime:0.0005s ]
INFO: [ app_end ] --START--
INFO: Run Behavior\ShowPageTraceBehavior [ RunTime:0.000071s ]
INFO: [ app_end ] --END-- [ RunTime:0.000129s ]

[ 2016-04-29T10:17:06+08:00 ] ::1 /wemedical/Admin-index-updateDoc
INFO: [ app_init ] --START--
INFO: Run Behavior\BuildLiteBehavior [ RunTime:0.000014s ]
INFO: [ app_init ] --END-- [ RunTime:0.000099s ]
INFO: [ app_begin ] --START--
INFO: Run Behavior\ReadHtmlCacheBehavior [ RunTime:0.000036s ]
INFO: [ app_begin ] --END-- [ RunTime:0.000081s ]
SQL: SHOW COLUMNS FROM `wemedical_doctor` [ RunTime:0.0016s ]
SQL: UPDATE `wemedical_doctor` SET `name`='王xx',`title`='副主任医师',`gender`='1',`phone`='18611194036',`department`='心脏外科' WHERE ( doctor_id=1 ) [ RunTime:0.0004s ]
INFO: [ app_end ] --START--
INFO: Run Behavior\ShowPageTraceBehavior [ RunTime:0.000060s ]
INFO: [ app_end ] --END-- [ RunTime:0.000109s ]

[ 2016-04-29T10:17:10+08:00 ] ::1 /wemedical/Admin-index-updateDoc
INFO: [ app_init ] --START--
INFO: Run Behavior\BuildLiteBehavior [ RunTime:0.000016s ]
INFO: [ app_init ] --END-- [ RunTime:0.000123s ]
INFO: [ app_begin ] --START--
INFO: Run Behavior\ReadHtmlCacheBehavior [ RunTime:0.000050s ]
INFO: [ app_begin ] --END-- [ RunTime:0.000109s ]
SQL: SHOW COLUMNS FROM `wemedical_doctor` [ RunTime:0.0016s ]
SQL: UPDATE `wemedical_doctor` SET `name`='王xx',`title`='副主任医师',`gender`='1',`phone`='18611194036',`department`='心脏外科' WHERE ( doctor_id=1 ) [ RunTime:0.0005s ]
INFO: [ app_end ] --START--
INFO: Run Behavior\ShowPageTraceBehavior [ RunTime:0.000062s ]
INFO: [ app_end ] --END-- [ RunTime:0.000124s ]

[ 2016-04-29T10:18:28+08:00 ] ::1 /wemedical/Admin-index-updateDoc
INFO: [ app_init ] --START--
INFO: Run Behavior\BuildLiteBehavior [ RunTime:0.000030s ]
INFO: [ app_init ] --END-- [ RunTime:0.000231s ]
INFO: [ app_begin ] --START--
INFO: Run Behavior\ReadHtmlCacheBehavior [ RunTime:0.000072s ]
INFO: [ app_begin ] --END-- [ RunTime:0.000129s ]
SQL: SHOW COLUMNS FROM `wemedical_doctor` [ RunTime:0.0056s ]
SQL: UPDATE `wemedical_doctor` SET `name`='王xx',`title`='副主任医师',`gender`='1',`phone`='18611194036',`department`='心脏外科' WHERE ( doctor_id=1 ) [ RunTime:0.0005s ]
INFO: [ app_end ] --START--
INFO: Run Behavior\ShowPageTraceBehavior [ RunTime:0.000120s ]
INFO: [ app_end ] --END-- [ RunTime:0.000173s ]

[ 2016-04-29T10:19:59+08:00 ] ::1 /wemedical/Admin-index-getAllDocs?order=asc&limit=10&offset=0
INFO: [ app_init ] --START--
INFO: Run Behavior\BuildLiteBehavior [ RunTime:0.000038s ]
INFO: [ app_init ] --END-- [ RunTime:0.000277s ]
INFO: [ app_begin ] --START--
INFO: Run Behavior\ReadHtmlCacheBehavior [ RunTime:0.000078s ]
INFO: [ app_begin ] --END-- [ RunTime:0.000131s ]
SQL: SHOW COLUMNS FROM `wemedical_doctor` [ RunTime:0.0056s ]
SQL: SELECT * FROM `wemedical_doctor` ORDER BY doctor_id  [ RunTime:0.0003s ]
INFO: [ app_end ] --START--
INFO: Run Behavior\ShowPageTraceBehavior [ RunTime:0.000111s ]
INFO: [ app_end ] --END-- [ RunTime:0.000182s ]

[ 2016-04-29T10:20:06+08:00 ] ::1 /wemedical/Admin-index-updateDoc
INFO: [ app_init ] --START--
INFO: Run Behavior\BuildLiteBehavior [ RunTime:0.000022s ]
INFO: [ app_init ] --END-- [ RunTime:0.000157s ]
INFO: [ app_begin ] --START--
INFO: Run Behavior\ReadHtmlCacheBehavior [ RunTime:0.000048s ]
INFO: [ app_begin ] --END-- [ RunTime:0.000099s ]
SQL: SHOW COLUMNS FROM `wemedical_doctor` [ RunTime:0.0060s ]
SQL: UPDATE `wemedical_doctor` SET `name`='王xx',`title`='副主任医师',`gender`='1',`phone`='18611194036',`department`='心脏外科' WHERE ( doctor_id=1 ) [ RunTime:0.0004s ]
INFO: [ app_end ] --START--
INFO: Run Behavior\ShowPageTraceBehavior [ RunTime:0.000065s ]
INFO: [ app_end ] --END-- [ RunTime:0.000118s ]

[ 2016-04-29T10:21:13+08:00 ] ::1 /wemedical/Admin-index-getAllDocs?order=asc&limit=10&offset=0
INFO: [ app_init ] --START--
INFO: Run Behavior\BuildLiteBehavior [ RunTime:0.000028s ]
INFO: [ app_init ] --END-- [ RunTime:0.000222s ]
INFO: [ app_begin ] --START--
INFO: Run Behavior\ReadHtmlCacheBehavior [ RunTime:0.000076s ]
INFO: [ app_begin ] --END-- [ RunTime:0.000126s ]
SQL: SHOW COLUMNS FROM `wemedical_doctor` [ RunTime:0.0018s ]
SQL: SELECT * FROM `wemedical_doctor` ORDER BY doctor_id  [ RunTime:0.0004s ]
INFO: [ app_end ] --START--
INFO: Run Behavior\ShowPageTraceBehavior [ RunTime:0.000113s ]
INFO: [ app_end ] --END-- [ RunTime:0.000177s ]

[ 2016-04-29T10:21:44+08:00 ] ::1 /wemedical/Admin-index-getAllDocs?order=asc&limit=10&offset=0
INFO: [ app_init ] --START--
INFO: Run Behavior\BuildLiteBehavior [ RunTime:0.000018s ]
INFO: [ app_init ] --END-- [ RunTime:0.000190s ]
INFO: [ app_begin ] --START--
INFO: Run Behavior\ReadHtmlCacheBehavior [ RunTime:0.000060s ]
INFO: [ app_begin ] --END-- [ RunTime:0.000112s ]
SQL: SHOW COLUMNS FROM `wemedical_doctor` [ RunTime:0.0058s ]
SQL: SELECT * FROM `wemedical_doctor` ORDER BY doctor_id  [ RunTime:0.0004s ]
INFO: [ app_end ] --START--
INFO: Run Behavior\ShowPageTraceBehavior [ RunTime:0.000069s ]
INFO: [ app_end ] --END-- [ RunTime:0.000126s ]

[ 2016-04-29T10:21:49+08:00 ] ::1 /wemedical/Admin-index-updateDoc
INFO: [ app_init ] --START--
INFO: Run Behavior\BuildLiteBehavior [ RunTime:0.000015s ]
INFO: [ app_init ] --END-- [ RunTime:0.000117s ]
INFO: [ app_begin ] --START--
INFO: Run Behavior\ReadHtmlCacheBehavior [ RunTime:0.000050s ]
INFO: [ app_begin ] --END-- [ RunTime:0.000107s ]
SQL: SHOW COLUMNS FROM `wemedical_doctor` [ RunTime:0.0056s ]
SQL: UPDATE `wemedical_doctor` SET `name`='王xx',`title`='副主任医师',`gender`='1',`phone`='18611194036',`department`='心脏外科' WHERE ( doctor_id=1 ) [ RunTime:0.0004s ]
INFO: [ app_end ] --START--
INFO: Run Behavior\ShowPageTraceBehavior [ RunTime:0.000063s ]
INFO: [ app_end ] --END-- [ RunTime:0.000112s ]

[ 2016-04-29T10:23:01+08:00 ] ::1 /wemedical/Admin-index-getAllDocs?order=asc&limit=10&offset=0
INFO: [ app_init ] --START--
INFO: Run Behavior\BuildLiteBehavior [ RunTime:0.000016s ]
INFO: [ app_init ] --END-- [ RunTime:0.000115s ]
INFO: [ app_begin ] --START--
INFO: Run Behavior\ReadHtmlCacheBehavior [ RunTime:0.000054s ]
INFO: [ app_begin ] --END-- [ RunTime:0.000101s ]
SQL: SHOW COLUMNS FROM `wemedical_doctor` [ RunTime:0.0057s ]
SQL: SELECT * FROM `wemedical_doctor` ORDER BY doctor_id  [ RunTime:0.0003s ]
INFO: [ app_end ] --START--
INFO: Run Behavior\ShowPageTraceBehavior [ RunTime:0.000112s ]
INFO: [ app_end ] --END-- [ RunTime:0.000207s ]

[ 2016-04-29T10:23:07+08:00 ] ::1 /wemedical/Admin-index-updateDoc
INFO: [ app_init ] --START--
INFO: Run Behavior\BuildLiteBehavior [ RunTime:0.000018s ]
INFO: [ app_init ] --END-- [ RunTime:0.000129s ]
INFO: [ app_begin ] --START--
INFO: Run Behavior\ReadHtmlCacheBehavior [ RunTime:0.000051s ]
INFO: [ app_begin ] --END-- [ RunTime:0.000109s ]
SQL: SHOW COLUMNS FROM `wemedical_doctor` [ RunTime:0.0015s ]
SQL: UPDATE `wemedical_doctor` SET `name`='王xx',`title`='副主任医师',`gender`='1',`phone`='18611194036',`department`='心脏外科' WHERE ( doctor_id=1 ) [ RunTime:0.0004s ]
INFO: [ app_end ] --START--
INFO: Run Behavior\ShowPageTraceBehavior [ RunTime:0.000058s ]
INFO: [ app_end ] --END-- [ RunTime:0.000115s ]

[ 2016-04-29T10:27:14+08:00 ] ::1 /wemedical/Admin-index-getAllDocs?order=asc&limit=10&offset=0
INFO: [ app_init ] --START--
INFO: Run Behavior\BuildLiteBehavior [ RunTime:0.000027s ]
INFO: [ app_init ] --END-- [ RunTime:0.000211s ]
INFO: [ app_begin ] --START--
INFO: Run Behavior\ReadHtmlCacheBehavior [ RunTime:0.000069s ]
INFO: [ app_begin ] --END-- [ RunTime:0.000118s ]
SQL: SHOW COLUMNS FROM `wemedical_doctor` [ RunTime:0.0015s ]
SQL: SELECT * FROM `wemedical_doctor` ORDER BY doctor_id  [ RunTime:0.0003s ]
INFO: [ app_end ] --START--
INFO: Run Behavior\ShowPageTraceBehavior [ RunTime:0.000097s ]
INFO: [ app_end ] --END-- [ RunTime:0.000151s ]

[ 2016-04-29T10:27:17+08:00 ] ::1 /wemedical/Admin-index-updateDoc
INFO: [ app_init ] --START--
INFO: Run Behavior\BuildLiteBehavior [ RunTime:0.000017s ]
INFO: [ app_init ] --END-- [ RunTime:0.000113s ]
INFO: [ app_begin ] --START--
INFO: Run Behavior\ReadHtmlCacheBehavior [ RunTime:0.000051s ]
INFO: [ app_begin ] --END-- [ RunTime:0.000116s ]
SQL: SHOW COLUMNS FROM `wemedical_doctor` [ RunTime:0.0062s ]
SQL: UPDATE `wemedical_doctor` SET `name`='王xx',`title`='副主任医师',`gender`='1',`phone`='18611194036',`department`='心脏外科' WHERE ( doctor_id=1 ) [ RunTime:0.0005s ]
INFO: [ app_end ] --START--
INFO: Run Behavior\ShowPageTraceBehavior [ RunTime:0.000066s ]
INFO: [ app_end ] --END-- [ RunTime:0.000115s ]

[ 2016-04-29T10:28:44+08:00 ] ::1 /wemedical/Admin-index-getAllDocs?order=asc&limit=10&offset=0
INFO: [ app_init ] --START--
INFO: Run Behavior\BuildLiteBehavior [ RunTime:0.000026s ]
INFO: [ app_init ] --END-- [ RunTime:0.000213s ]
INFO: [ app_begin ] --START--
INFO: Run Behavior\ReadHtmlCacheBehavior [ RunTime:0.000067s ]
INFO: [ app_begin ] --END-- [ RunTime:0.000118s ]
SQL: SHOW COLUMNS FROM `wemedical_doctor` [ RunTime:0.0015s ]
SQL: SELECT * FROM `wemedical_doctor` ORDER BY doctor_id  [ RunTime:0.0003s ]
INFO: [ app_end ] --START--
INFO: Run Behavior\ShowPageTraceBehavior [ RunTime:0.000098s ]
INFO: [ app_end ] --END-- [ RunTime:0.000152s ]

[ 2016-04-29T10:28:54+08:00 ] ::1 /wemedical/Admin-index-updateDoc
INFO: [ app_init ] --START--
INFO: Run Behavior\BuildLiteBehavior [ RunTime:0.000026s ]
INFO: [ app_init ] --END-- [ RunTime:0.000199s ]
INFO: [ app_begin ] --START--
INFO: Run Behavior\ReadHtmlCacheBehavior [ RunTime:0.000054s ]
INFO: [ app_begin ] --END-- [ RunTime:0.000106s ]
SQL: SHOW COLUMNS FROM `wemedical_doctor` [ RunTime:0.0061s ]
SQL: UPDATE `wemedical_doctor` SET `name`='王xx',`title`='副主任医师',`gender`='1',`phone`='18611194036',`department`='心脏外科' WHERE ( doctor_id=1 ) [ RunTime:0.0004s ]
INFO: [ app_end ] --START--
INFO: Run Behavior\ShowPageTraceBehavior [ RunTime:0.000098s ]
INFO: [ app_end ] --END-- [ RunTime:0.000154s ]

[ 2016-04-29T10:46:31+08:00 ] ::1 /wemedical/Admin-index-getAllDocs?order=asc&limit=10&offset=0
INFO: [ app_init ] --START--
INFO: Run Behavior\BuildLiteBehavior [ RunTime:0.000027s ]
INFO: [ app_init ] --END-- [ RunTime:0.000212s ]
INFO: [ app_begin ] --START--
INFO: Run Behavior\ReadHtmlCacheBehavior [ RunTime:0.000070s ]
INFO: [ app_begin ] --END-- [ RunTime:0.000121s ]
SQL: SHOW COLUMNS FROM `wemedical_doctor` [ RunTime:0.0014s ]
SQL: SELECT * FROM `wemedical_doctor` ORDER BY doctor_id  [ RunTime:0.0003s ]
INFO: [ app_end ] --START--
INFO: Run Behavior\ShowPageTraceBehavior [ RunTime:0.000094s ]
INFO: [ app_end ] --END-- [ RunTime:0.000146s ]

[ 2016-04-29T10:52:00+08:00 ] ::1 /wemedical/Admin-index-getAllDocs?order=asc&limit=10&offset=0
INFO: [ app_init ] --START--
INFO: Run Behavior\BuildLiteBehavior [ RunTime:0.000015s ]
INFO: [ app_init ] --END-- [ RunTime:0.000115s ]
INFO: [ app_begin ] --START--
INFO: Run Behavior\ReadHtmlCacheBehavior [ RunTime:0.000054s ]
INFO: [ app_begin ] --END-- [ RunTime:0.000100s ]
SQL: SHOW COLUMNS FROM `wemedical_doctor` [ RunTime:0.0015s ]
SQL: SELECT * FROM `wemedical_doctor` ORDER BY doctor_id  [ RunTime:0.0003s ]
INFO: [ app_end ] --START--
INFO: Run Behavior\ShowPageTraceBehavior [ RunTime:0.000120s ]
INFO: [ app_end ] --END-- [ RunTime:0.000216s ]

[ 2016-04-29T10:52:06+08:00 ] ::1 /wemedical/Admin-index-delDoc?id%5B%5D=1&id%5B%5D=2&id%5B%5D=3&id%5B%5D=5
INFO: [ app_init ] --START--
INFO: Run Behavior\BuildLiteBehavior [ RunTime:0.000030s ]
INFO: [ app_init ] --END-- [ RunTime:0.000221s ]
INFO: [ app_begin ] --START--
INFO: Run Behavior\ReadHtmlCacheBehavior [ RunTime:0.000067s ]
INFO: [ app_begin ] --END-- [ RunTime:0.000118s ]
SQL: SHOW COLUMNS FROM `wemedical_doctor` [ RunTime:0.0057s ]
SQL: SHOW COLUMNS FROM `wemedical_order` [ RunTime:0.0026s ]
INFO: [ app_end ] --START--
INFO: Run Behavior\ShowPageTraceBehavior [ RunTime:0.000099s ]
INFO: [ app_end ] --END-- [ RunTime:0.000153s ]

[ 2016-04-29T10:55:05+08:00 ] ::1 /wemedical/Admin-index-getAllDocs?order=asc&limit=10&offset=0
INFO: [ app_init ] --START--
INFO: Run Behavior\BuildLiteBehavior [ RunTime:0.000023s ]
INFO: [ app_init ] --END-- [ RunTime:0.000155s ]
INFO: [ app_begin ] --START--
INFO: Run Behavior\ReadHtmlCacheBehavior [ RunTime:0.000074s ]
INFO: [ app_begin ] --END-- [ RunTime:0.000132s ]
SQL: SHOW COLUMNS FROM `wemedical_doctor` [ RunTime:0.0056s ]
SQL: SELECT * FROM `wemedical_doctor` ORDER BY doctor_id  [ RunTime:0.0003s ]
INFO: [ app_end ] --START--
INFO: Run Behavior\ShowPageTraceBehavior [ RunTime:0.000084s ]
INFO: [ app_end ] --END-- [ RunTime:0.000145s ]

[ 2016-04-29T10:56:35+08:00 ] ::1 /wemedical/Admin-index-delDoc?id%5B%5D=2&id%5B%5D=3
INFO: [ app_init ] --START--
INFO: Run Behavior\BuildLiteBehavior [ RunTime:0.000019s ]
INFO: [ app_init ] --END-- [ RunTime:0.000136s ]
INFO: [ app_begin ] --START--
INFO: Run Behavior\ReadHtmlCacheBehavior [ RunTime:0.000060s ]
INFO: [ app_begin ] --END-- [ RunTime:0.000117s ]
SQL: SHOW COLUMNS FROM `wemedical_doctor` [ RunTime:0.0014s ]
SQL: SHOW COLUMNS FROM `wemedical_order` [ RunTime:0.0009s ]
ERR: 1451:Cannot delete or update a parent row: a foreign key constraint fails (`wemedical`.`wemedical_order`, CONSTRAINT `doctor_id` FOREIGN KEY (`doctor_id`) REFERENCES `wemedical_doctor` (`doctor_id`) ON DELETE NO ACTION ON UPDATE NO ACTION)
 [ SQL语句 ] : DELETE FROM `wemedical_doctor` WHERE `doctor_id` = 2
ERR: 1451:Cannot delete or update a parent row: a foreign key constraint fails (`wemedical`.`wemedical_order`, CONSTRAINT `doctor_id` FOREIGN KEY (`doctor_id`) REFERENCES `wemedical_doctor` (`doctor_id`) ON DELETE NO ACTION ON UPDATE NO ACTION)
 [ SQL语句 ] : DELETE FROM `wemedical_doctor` WHERE `doctor_id` = 2
NOTIC: [2] Cannot modify header information - headers already sent by (output started at /Applications/MAMP/htdocs/wemedical/Application/Admin/Controller/IndexController.class.php:58) /Applications/MAMP/htdocs/wemedical/ThinkPHP/Library/Think/Think.class.php 第 229 行.
NOTIC: [2] Cannot modify header information - headers already sent by (output started at /Applications/MAMP/htdocs/wemedical/Application/Admin/Controller/IndexController.class.php:58) /Applications/MAMP/htdocs/wemedical/ThinkPHP/Library/Think/Think.class.php 第 230 行.

[ 2016-04-29T10:57:21+08:00 ] ::1 /wemedical/Admin-index-delDoc?id%5B%5D=2&id%5B%5D=3
INFO: [ app_init ] --START--
INFO: Run Behavior\BuildLiteBehavior [ RunTime:0.000017s ]
INFO: [ app_init ] --END-- [ RunTime:0.000120s ]
INFO: [ app_begin ] --START--
INFO: Run Behavior\ReadHtmlCacheBehavior [ RunTime:0.000087s ]
INFO: [ app_begin ] --END-- [ RunTime:0.000187s ]
SQL: SHOW COLUMNS FROM `wemedical_doctor` [ RunTime:0.0016s ]
SQL: SHOW COLUMNS FROM `wemedical_order` [ RunTime:0.0010s ]
ERR: 1451:Cannot delete or update a parent row: a foreign key constraint fails (`wemedical`.`wemedical_order`, CONSTRAINT `doctor_id` FOREIGN KEY (`doctor_id`) REFERENCES `wemedical_doctor` (`doctor_id`) ON DELETE NO ACTION ON UPDATE NO ACTION)
 [ SQL语句 ] : DELETE FROM `wemedical_doctor` WHERE `doctor_id` = 2
ERR: 1451:Cannot delete or update a parent row: a foreign key constraint fails (`wemedical`.`wemedical_order`, CONSTRAINT `doctor_id` FOREIGN KEY (`doctor_id`) REFERENCES `wemedical_doctor` (`doctor_id`) ON DELETE NO ACTION ON UPDATE NO ACTION)
 [ SQL语句 ] : DELETE FROM `wemedical_doctor` WHERE `doctor_id` = 2
NOTIC: [2] Cannot modify header information - headers already sent by (output started at /Applications/MAMP/htdocs/wemedical/Application/Admin/Controller/IndexController.class.php:58) /Applications/MAMP/htdocs/wemedical/ThinkPHP/Library/Think/Think.class.php 第 229 行.
NOTIC: [2] Cannot modify header information - headers already sent by (output started at /Applications/MAMP/htdocs/wemedical/Application/Admin/Controller/IndexController.class.php:58) /Applications/MAMP/htdocs/wemedical/ThinkPHP/Library/Think/Think.class.php 第 230 行.

[ 2016-04-29T10:57:46+08:00 ] ::1 /wemedical/Admin-index-getAllDocs?order=asc&limit=10&offset=0
INFO: [ app_init ] --START--
INFO: Run Behavior\BuildLiteBehavior [ RunTime:0.000015s ]
INFO: [ app_init ] --END-- [ RunTime:0.000110s ]
INFO: [ app_begin ] --START--
INFO: Run Behavior\ReadHtmlCacheBehavior [ RunTime:0.000052s ]
INFO: [ app_begin ] --END-- [ RunTime:0.000098s ]
SQL: SHOW COLUMNS FROM `wemedical_doctor` [ RunTime:0.0056s ]
SQL: SELECT * FROM `wemedical_doctor` ORDER BY doctor_id  [ RunTime:0.0003s ]
INFO: [ app_end ] --START--
INFO: Run Behavior\ShowPageTraceBehavior [ RunTime:0.000075s ]
INFO: [ app_end ] --END-- [ RunTime:0.000127s ]

[ 2016-04-29T10:57:54+08:00 ] ::1 /wemedical/Admin-index-delDoc?id%5B%5D=2&id%5B%5D=3
INFO: [ app_init ] --START--
INFO: Run Behavior\BuildLiteBehavior [ RunTime:0.000028s ]
INFO: [ app_init ] --END-- [ RunTime:0.000210s ]
INFO: [ app_begin ] --START--
INFO: Run Behavior\ReadHtmlCacheBehavior [ RunTime:0.000099s ]
INFO: [ app_begin ] --END-- [ RunTime:0.000170s ]
SQL: SHOW COLUMNS FROM `wemedical_doctor` [ RunTime:0.0059s ]
SQL: SHOW COLUMNS FROM `wemedical_order` [ RunTime:0.0009s ]
SQL: DELETE FROM `wemedical_order` WHERE ( doctor_id=2 ) [ RunTime:0.0004s ]
SQL: DELETE FROM `wemedical_doctor` WHERE `doctor_id` = 2 [ RunTime:0.0003s ]
SQL: DELETE FROM `wemedical_order` WHERE ( doctor_id=3 ) [ RunTime:0.0003s ]
SQL: DELETE FROM `wemedical_doctor` WHERE `doctor_id` = 3 [ RunTime:0.0003s ]
INFO: [ app_end ] --START--
INFO: Run Behavior\ShowPageTraceBehavior [ RunTime:0.000107s ]
INFO: [ app_end ] --END-- [ RunTime:0.000158s ]

[ 2016-04-29T10:58:08+08:00 ] ::1 /wemedical/Admin-index-getAllDocs?order=asc&limit=10&offset=0
INFO: [ app_init ] --START--
INFO: Run Behavior\BuildLiteBehavior [ RunTime:0.000015s ]
INFO: [ app_init ] --END-- [ RunTime:0.000103s ]
INFO: [ app_begin ] --START--
INFO: Run Behavior\ReadHtmlCacheBehavior [ RunTime:0.000040s ]
INFO: [ app_begin ] --END-- [ RunTime:0.000087s ]
SQL: SHOW COLUMNS FROM `wemedical_doctor` [ RunTime:0.0055s ]
SQL: SELECT * FROM `wemedical_doctor` ORDER BY doctor_id  [ RunTime:0.0003s ]
INFO: [ app_end ] --START--
INFO: Run Behavior\ShowPageTraceBehavior [ RunTime:0.000067s ]
INFO: [ app_end ] --END-- [ RunTime:0.000130s ]

[ 2016-04-29T11:01:40+08:00 ] ::1 /wemedical/Admin-index-getAllDocs?order=asc&limit=10&offset=0
INFO: [ app_init ] --START--
INFO: Run Behavior\BuildLiteBehavior [ RunTime:0.000015s ]
INFO: [ app_init ] --END-- [ RunTime:0.000116s ]
INFO: [ app_begin ] --START--
INFO: Run Behavior\ReadHtmlCacheBehavior [ RunTime:0.000051s ]
INFO: [ app_begin ] --END-- [ RunTime:0.000098s ]
SQL: SHOW COLUMNS FROM `wemedical_doctor` [ RunTime:0.0015s ]
SQL: SELECT * FROM `wemedical_doctor` ORDER BY doctor_id  [ RunTime:0.0003s ]
INFO: [ app_end ] --START--
INFO: Run Behavior\ShowPageTraceBehavior [ RunTime:0.000069s ]
INFO: [ app_end ] --END-- [ RunTime:0.000121s ]

[ 2016-04-29T11:04:32+08:00 ] ::1 /wemedical/Admin-index-getAllDocs?order=asc&limit=10&offset=0
INFO: [ app_init ] --START--
INFO: Run Behavior\BuildLiteBehavior [ RunTime:0.000032s ]
INFO: [ app_init ] --END-- [ RunTime:0.000307s ]
INFO: [ app_begin ] --START--
INFO: Run Behavior\ReadHtmlCacheBehavior [ RunTime:0.000085s ]
INFO: [ app_begin ] --END-- [ RunTime:0.000145s ]
SQL: SHOW COLUMNS FROM `wemedical_doctor` [ RunTime:0.0016s ]
SQL: SELECT * FROM `wemedical_doctor` ORDER BY doctor_id  [ RunTime:0.0003s ]
INFO: [ app_end ] --START--
INFO: Run Behavior\ShowPageTraceBehavior [ RunTime:0.000102s ]
INFO: [ app_end ] --END-- [ RunTime:0.000157s ]

[ 2016-04-29T11:07:34+08:00 ] ::1 /wemedical/Admin-index-getAllDocs?order=asc&limit=10&offset=0
INFO: [ app_init ] --START--
INFO: Run Behavior\BuildLiteBehavior [ RunTime:0.000014s ]
INFO: [ app_init ] --END-- [ RunTime:0.000112s ]
INFO: [ app_begin ] --START--
INFO: Run Behavior\ReadHtmlCacheBehavior [ RunTime:0.000055s ]
INFO: [ app_begin ] --END-- [ RunTime:0.000103s ]
SQL: SHOW COLUMNS FROM `wemedical_doctor` [ RunTime:0.0058s ]
SQL: SELECT * FROM `wemedical_doctor` ORDER BY doctor_id  [ RunTime:0.0003s ]
INFO: [ app_end ] --START--
INFO: Run Behavior\ShowPageTraceBehavior [ RunTime:0.000073s ]
INFO: [ app_end ] --END-- [ RunTime:0.000124s ]

[ 2016-04-29T11:10:34+08:00 ] ::1 /wemedical/Admin-index-getAllDocs?order=asc&limit=10&offset=0
INFO: [ app_init ] --START--
INFO: Run Behavior\BuildLiteBehavior [ RunTime:0.000015s ]
INFO: [ app_init ] --END-- [ RunTime:0.000120s ]
INFO: [ app_begin ] --START--
INFO: Run Behavior\ReadHtmlCacheBehavior [ RunTime:0.000057s ]
INFO: [ app_begin ] --END-- [ RunTime:0.000108s ]
SQL: SHOW COLUMNS FROM `wemedical_doctor` [ RunTime:0.0013s ]
SQL: SELECT * FROM `wemedical_doctor` ORDER BY doctor_id  [ RunTime:0.0003s ]
INFO: [ app_end ] --START--
INFO: Run Behavior\ShowPageTraceBehavior [ RunTime:0.000070s ]
INFO: [ app_end ] --END-- [ RunTime:0.000122s ]

[ 2016-04-29T11:19:15+08:00 ] ::1 /wemedical/Admin-index-getAllDocs?order=asc&limit=10&offset=0
INFO: [ app_init ] --START--
INFO: Run Behavior\BuildLiteBehavior [ RunTime:0.000030s ]
INFO: [ app_init ] --END-- [ RunTime:0.000230s ]
INFO: [ app_begin ] --START--
INFO: Run Behavior\ReadHtmlCacheBehavior [ RunTime:0.000075s ]
INFO: [ app_begin ] --END-- [ RunTime:0.000128s ]
SQL: SHOW COLUMNS FROM `wemedical_doctor` [ RunTime:0.0015s ]
SQL: SELECT * FROM `wemedical_doctor` ORDER BY doctor_id  [ RunTime:0.0004s ]
INFO: [ app_end ] --START--
INFO: Run Behavior\ShowPageTraceBehavior [ RunTime:0.000148s ]
INFO: [ app_end ] --END-- [ RunTime:0.000241s ]

[ 2016-04-29T11:21:54+08:00 ] ::1 /wemedical/Admin-index-getAllDocs?order=asc&limit=10&offset=0
INFO: [ app_init ] --START--
INFO: Run Behavior\BuildLiteBehavior [ RunTime:0.000026s ]
INFO: [ app_init ] --END-- [ RunTime:0.000211s ]
INFO: [ app_begin ] --START--
INFO: Run Behavior\ReadHtmlCacheBehavior [ RunTime:0.000065s ]
INFO: [ app_begin ] --END-- [ RunTime:0.000113s ]
SQL: SHOW COLUMNS FROM `wemedical_doctor` [ RunTime:0.0015s ]
SQL: SELECT * FROM `wemedical_doctor` ORDER BY doctor_id  [ RunTime:0.0003s ]
INFO: [ app_end ] --START--
INFO: Run Behavior\ShowPageTraceBehavior [ RunTime:0.000105s ]
INFO: [ app_end ] --END-- [ RunTime:0.000174s ]

[ 2016-04-29T11:30:14+08:00 ] ::1 /wemedical/Admin-index-getAllDocs?order=asc&limit=10&offset=0
INFO: [ app_init ] --START--
INFO: Run Behavior\BuildLiteBehavior [ RunTime:0.000028s ]
INFO: [ app_init ] --END-- [ RunTime:0.000225s ]
INFO: [ app_begin ] --START--
INFO: Run Behavior\ReadHtmlCacheBehavior [ RunTime:0.000079s ]
INFO: [ app_begin ] --END-- [ RunTime:0.000134s ]
SQL: SHOW COLUMNS FROM `wemedical_doctor` [ RunTime:0.0016s ]
SQL: SELECT * FROM `wemedical_doctor` ORDER BY doctor_id  [ RunTime:0.0003s ]
INFO: [ app_end ] --START--
INFO: Run Behavior\ShowPageTraceBehavior [ RunTime:0.000115s ]
INFO: [ app_end ] --END-- [ RunTime:0.000184s ]

[ 2016-04-29T11:57:59+08:00 ] ::1 /wemedical/Admin-index-getAllDocs?order=asc&limit=10&offset=0
INFO: [ app_init ] --START--
INFO: Run Behavior\BuildLiteBehavior [ RunTime:0.000023s ]
INFO: [ app_init ] --END-- [ RunTime:0.000166s ]
INFO: [ app_begin ] --START--
INFO: Run Behavior\ReadHtmlCacheBehavior [ RunTime:0.000065s ]
INFO: [ app_begin ] --END-- [ RunTime:0.000123s ]
SQL: SHOW COLUMNS FROM `wemedical_doctor` [ RunTime:0.0015s ]
SQL: SELECT * FROM `wemedical_doctor` ORDER BY doctor_id  [ RunTime:0.0003s ]
INFO: [ app_end ] --START--
INFO: Run Behavior\ShowPageTraceBehavior [ RunTime:0.000076s ]
INFO: [ app_end ] --END-- [ RunTime:0.000138s ]

[ 2016-04-29T11:59:20+08:00 ] ::1 /wemedical/Admin-index-getAllDocs?order=asc&limit=10&offset=0
INFO: [ app_init ] --START--
INFO: Run Behavior\BuildLiteBehavior [ RunTime:0.000033s ]
INFO: [ app_init ] --END-- [ RunTime:0.000289s ]
INFO: [ app_begin ] --START--
INFO: Run Behavior\ReadHtmlCacheBehavior [ RunTime:0.000082s ]
INFO: [ app_begin ] --END-- [ RunTime:0.000139s ]
SQL: SHOW COLUMNS FROM `wemedical_doctor` [ RunTime:0.0018s ]
SQL: SELECT * FROM `wemedical_doctor` ORDER BY doctor_id  [ RunTime:0.0003s ]
INFO: [ app_end ] --START--
INFO: Run Behavior\ShowPageTraceBehavior [ RunTime:0.000105s ]
INFO: [ app_end ] --END-- [ RunTime:0.000161s ]

[ 2016-04-29T11:59:28+08:00 ] ::1 /wemedical/Admin-index-getAllDocs?order=asc&limit=10&offset=0
INFO: [ app_init ] --START--
INFO: Run Behavior\BuildLiteBehavior [ RunTime:0.000015s ]
INFO: [ app_init ] --END-- [ RunTime:0.000104s ]
INFO: [ app_begin ] --START--
INFO: Run Behavior\ReadHtmlCacheBehavior [ RunTime:0.000043s ]
INFO: [ app_begin ] --END-- [ RunTime:0.000088s ]
SQL: SHOW COLUMNS FROM `wemedical_doctor` [ RunTime:0.0055s ]
SQL: SELECT * FROM `wemedical_doctor` ORDER BY doctor_id  [ RunTime:0.0003s ]
INFO: [ app_end ] --START--
INFO: Run Behavior\ShowPageTraceBehavior [ RunTime:0.000067s ]
INFO: [ app_end ] --END-- [ RunTime:0.000125s ]

[ 2016-04-29T11:59:55+08:00 ] ::1 /wemedical/Admin-index-getAllDocs?order=asc&limit=10&offset=0
INFO: [ app_init ] --START--
INFO: Run Behavior\BuildLiteBehavior [ RunTime:0.000014s ]
INFO: [ app_init ] --END-- [ RunTime:0.000102s ]
INFO: [ app_begin ] --START--
INFO: Run Behavior\ReadHtmlCacheBehavior [ RunTime:0.000043s ]
INFO: [ app_begin ] --END-- [ RunTime:0.000089s ]
SQL: SHOW COLUMNS FROM `wemedical_doctor` [ RunTime:0.0016s ]
SQL: SELECT * FROM `wemedical_doctor` ORDER BY doctor_id  [ RunTime:0.0003s ]
INFO: [ app_end ] --START--
INFO: Run Behavior\ShowPageTraceBehavior [ RunTime:0.000063s ]
INFO: [ app_end ] --END-- [ RunTime:0.000117s ]

[ 2016-04-29T12:01:32+08:00 ] ::1 /wemedical/Admin-index-getAllDocs?order=asc&limit=10&offset=0
INFO: [ app_init ] --START--
INFO: Run Behavior\BuildLiteBehavior [ RunTime:0.000029s ]
INFO: [ app_init ] --END-- [ RunTime:0.000235s ]
INFO: [ app_begin ] --START--
INFO: Run Behavior\ReadHtmlCacheBehavior [ RunTime:0.000082s ]
INFO: [ app_begin ] --END-- [ RunTime:0.000141s ]
SQL: SHOW COLUMNS FROM `wemedical_doctor` [ RunTime:0.0017s ]
SQL: SELECT * FROM `wemedical_doctor` ORDER BY doctor_id  [ RunTime:0.0003s ]
INFO: [ app_end ] --START--
INFO: Run Behavior\ShowPageTraceBehavior [ RunTime:0.000177s ]
INFO: [ app_end ] --END-- [ RunTime:0.000279s ]

[ 2016-04-29T12:02:06+08:00 ] ::1 /wemedical/Admin-index-getAllDocs?order=asc&limit=10&offset=0
INFO: [ app_init ] --START--
INFO: Run Behavior\BuildLiteBehavior [ RunTime:0.000028s ]
INFO: [ app_init ] --END-- [ RunTime:0.000209s ]
INFO: [ app_begin ] --START--
INFO: Run Behavior\ReadHtmlCacheBehavior [ RunTime:0.000063s ]
INFO: [ app_begin ] --END-- [ RunTime:0.000113s ]
SQL: SHOW COLUMNS FROM `wemedical_doctor` [ RunTime:0.0017s ]
SQL: SELECT * FROM `wemedical_doctor` ORDER BY doctor_id  [ RunTime:0.0003s ]
INFO: [ app_end ] --START--
INFO: Run Behavior\ShowPageTraceBehavior [ RunTime:0.000092s ]
INFO: [ app_end ] --END-- [ RunTime:0.000147s ]

[ 2016-04-29T12:02:11+08:00 ] ::1 /wemedical/Admin-index-getAllDocs?order=asc&limit=10&offset=0
INFO: [ app_init ] --START--
INFO: Run Behavior\BuildLiteBehavior [ RunTime:0.000015s ]
INFO: [ app_init ] --END-- [ RunTime:0.000110s ]
INFO: [ app_begin ] --START--
INFO: Run Behavior\ReadHtmlCacheBehavior [ RunTime:0.000043s ]
INFO: [ app_begin ] --END-- [ RunTime:0.000089s ]
SQL: SHOW COLUMNS FROM `wemedical_doctor` [ RunTime:0.0056s ]
SQL: SELECT * FROM `wemedical_doctor` ORDER BY doctor_id  [ RunTime:0.0003s ]
INFO: [ app_end ] --START--
INFO: Run Behavior\ShowPageTraceBehavior [ RunTime:0.000063s ]
INFO: [ app_end ] --END-- [ RunTime:0.000117s ]

[ 2016-04-29T12:02:22+08:00 ] ::1 /wemedical/Admin-index-getAllDocs?order=asc&limit=10&offset=0
INFO: [ app_init ] --START--
INFO: Run Behavior\BuildLiteBehavior [ RunTime:0.000015s ]
INFO: [ app_init ] --END-- [ RunTime:0.000101s ]
INFO: [ app_begin ] --START--
INFO: Run Behavior\ReadHtmlCacheBehavior [ RunTime:0.000048s ]
INFO: [ app_begin ] --END-- [ RunTime:0.000098s ]
SQL: SHOW COLUMNS FROM `wemedical_doctor` [ RunTime:0.0017s ]
SQL: SELECT * FROM `wemedical_doctor` ORDER BY doctor_id  [ RunTime:0.0003s ]
INFO: [ app_end ] --START--
INFO: Run Behavior\ShowPageTraceBehavior [ RunTime:0.000064s ]
INFO: [ app_end ] --END-- [ RunTime:0.000123s ]

[ 2016-04-29T12:02:29+08:00 ] ::1 /wemedical/Admin-index-getAllDocs?order=asc&limit=10&offset=0
INFO: [ app_init ] --START--
INFO: Run Behavior\BuildLiteBehavior [ RunTime:0.000014s ]
INFO: [ app_init ] --END-- [ RunTime:0.000103s ]
INFO: [ app_begin ] --START--
INFO: Run Behavior\ReadHtmlCacheBehavior [ RunTime:0.000041s ]
INFO: [ app_begin ] --END-- [ RunTime:0.000086s ]
SQL: SHOW COLUMNS FROM `wemedical_doctor` [ RunTime:0.0056s ]
SQL: SELECT * FROM `wemedical_doctor` ORDER BY doctor_id  [ RunTime:0.0004s ]
INFO: [ app_end ] --START--
INFO: Run Behavior\ShowPageTraceBehavior [ RunTime:0.000062s ]
INFO: [ app_end ] --END-- [ RunTime:0.000118s ]

[ 2016-04-29T12:03:01+08:00 ] ::1 /wemedical/Admin-index-getAllDocs?order=asc&limit=10&offset=0
INFO: [ app_init ] --START--
INFO: Run Behavior\BuildLiteBehavior [ RunTime:0.000015s ]
INFO: [ app_init ] --END-- [ RunTime:0.000114s ]
INFO: [ app_begin ] --START--
INFO: Run Behavior\ReadHtmlCacheBehavior [ RunTime:0.000050s ]
INFO: [ app_begin ] --END-- [ RunTime:0.000096s ]
SQL: SHOW COLUMNS FROM `wemedical_doctor` [ RunTime:0.0059s ]
SQL: SELECT * FROM `wemedical_doctor` ORDER BY doctor_id  [ RunTime:0.0004s ]
INFO: [ app_end ] --START--
INFO: Run Behavior\ShowPageTraceBehavior [ RunTime:0.000119s ]
INFO: [ app_end ] --END-- [ RunTime:0.000205s ]

[ 2016-04-29T12:03:38+08:00 ] ::1 /wemedical/Admin-index-getAllDocs?order=asc&limit=10&offset=0
INFO: [ app_init ] --START--
INFO: Run Behavior\BuildLiteBehavior [ RunTime:0.000015s ]
INFO: [ app_init ] --END-- [ RunTime:0.000102s ]
INFO: [ app_begin ] --START--
INFO: Run Behavior\ReadHtmlCacheBehavior [ RunTime:0.000061s ]
INFO: [ app_begin ] --END-- [ RunTime:0.000122s ]
SQL: SHOW COLUMNS FROM `wemedical_doctor` [ RunTime:0.0056s ]
SQL: SELECT * FROM `wemedical_doctor` ORDER BY doctor_id  [ RunTime:0.0003s ]
INFO: [ app_end ] --START--
INFO: Run Behavior\ShowPageTraceBehavior [ RunTime:0.000062s ]
INFO: [ app_end ] --END-- [ RunTime:0.000114s ]

[ 2016-04-29T12:04:21+08:00 ] ::1 /wemedical/Admin-index-getAllDocs?order=asc&limit=10&offset=0
INFO: [ app_init ] --START--
INFO: Run Behavior\BuildLiteBehavior [ RunTime:0.000030s ]
INFO: [ app_init ] --END-- [ RunTime:0.000236s ]
INFO: [ app_begin ] --START--
INFO: Run Behavior\ReadHtmlCacheBehavior [ RunTime:0.000073s ]
INFO: [ app_begin ] --END-- [ RunTime:0.000125s ]
SQL: SHOW COLUMNS FROM `wemedical_doctor` [ RunTime:0.0057s ]
SQL: SELECT * FROM `wemedical_doctor` ORDER BY doctor_id  [ RunTime:0.0003s ]
INFO: [ app_end ] --START--
INFO: Run Behavior\ShowPageTraceBehavior [ RunTime:0.000103s ]
INFO: [ app_end ] --END-- [ RunTime:0.000157s ]

[ 2016-04-29T12:04:34+08:00 ] ::1 /wemedical/Admin-index-getAllDocs?order=asc&limit=10&offset=0
INFO: [ app_init ] --START--
INFO: Run Behavior\BuildLiteBehavior [ RunTime:0.000031s ]
INFO: [ app_init ] --END-- [ RunTime:0.000289s ]
INFO: [ app_begin ] --START--
INFO: Run Behavior\ReadHtmlCacheBehavior [ RunTime:0.000066s ]
INFO: [ app_begin ] --END-- [ RunTime:0.000119s ]
SQL: SHOW COLUMNS FROM `wemedical_doctor` [ RunTime:0.0058s ]
SQL: SELECT * FROM `wemedical_doctor` ORDER BY doctor_id  [ RunTime:0.0003s ]
INFO: [ app_end ] --START--
INFO: Run Behavior\ShowPageTraceBehavior [ RunTime:0.000093s ]
INFO: [ app_end ] --END-- [ RunTime:0.000157s ]

[ 2016-04-29T12:06:19+08:00 ] ::1 /wemedical/Admin-index-getAllDocs?order=asc&limit=10&offset=0
INFO: [ app_init ] --START--
INFO: Run Behavior\BuildLiteBehavior [ RunTime:0.000016s ]
INFO: [ app_init ] --END-- [ RunTime:0.000118s ]
INFO: [ app_begin ] --START--
INFO: Run Behavior\ReadHtmlCacheBehavior [ RunTime:0.000059s ]
INFO: [ app_begin ] --END-- [ RunTime:0.000109s ]
SQL: SHOW COLUMNS FROM `wemedical_doctor` [ RunTime:0.0015s ]
SQL: SELECT * FROM `wemedical_doctor` ORDER BY doctor_id  [ RunTime:0.0003s ]
INFO: [ app_end ] --START--
INFO: Run Behavior\ShowPageTraceBehavior [ RunTime:0.000079s ]
INFO: [ app_end ] --END-- [ RunTime:0.000131s ]

[ 2016-04-29T12:06:46+08:00 ] ::1 /wemedical/Admin-index-getAllDocs?order=asc&limit=10&offset=0
INFO: [ app_init ] --START--
INFO: Run Behavior\BuildLiteBehavior [ RunTime:0.000028s ]
INFO: [ app_init ] --END-- [ RunTime:0.000225s ]
INFO: [ app_begin ] --START--
INFO: Run Behavior\ReadHtmlCacheBehavior [ RunTime:0.000072s ]
INFO: [ app_begin ] --END-- [ RunTime:0.000137s ]
SQL: SHOW COLUMNS FROM `wemedical_doctor` [ RunTime:0.0057s ]
SQL: SELECT * FROM `wemedical_doctor` ORDER BY doctor_id  [ RunTime:0.0003s ]
INFO: [ app_end ] --START--
INFO: Run Behavior\ShowPageTraceBehavior [ RunTime:0.000098s ]
INFO: [ app_end ] --END-- [ RunTime:0.000159s ]

[ 2016-04-29T12:07:33+08:00 ] ::1 /wemedical/Admin-index-getAllDocs?order=asc&limit=10&offset=0
INFO: [ app_init ] --START--
INFO: Run Behavior\BuildLiteBehavior [ RunTime:0.000016s ]
INFO: [ app_init ] --END-- [ RunTime:0.000125s ]
INFO: [ app_begin ] --START--
INFO: Run Behavior\ReadHtmlCacheBehavior [ RunTime:0.000057s ]
INFO: [ app_begin ] --END-- [ RunTime:0.000107s ]
SQL: SHOW COLUMNS FROM `wemedical_doctor` [ RunTime:0.0057s ]
SQL: SELECT * FROM `wemedical_doctor` ORDER BY doctor_id  [ RunTime:0.0003s ]
INFO: [ app_end ] --START--
INFO: Run Behavior\ShowPageTraceBehavior [ RunTime:0.000075s ]
INFO: [ app_end ] --END-- [ RunTime:0.000133s ]

[ 2016-04-29T12:08:21+08:00 ] ::1 /wemedical/Admin-index-getAllDocs?order=asc&limit=10&offset=0
INFO: [ app_init ] --START--
INFO: Run Behavior\BuildLiteBehavior [ RunTime:0.000014s ]
INFO: [ app_init ] --END-- [ RunTime:0.000101s ]
INFO: [ app_begin ] --START--
INFO: Run Behavior\ReadHtmlCacheBehavior [ RunTime:0.000040s ]
INFO: [ app_begin ] --END-- [ RunTime:0.000086s ]
SQL: SHOW COLUMNS FROM `wemedical_doctor` [ RunTime:0.0017s ]
SQL: SELECT * FROM `wemedical_doctor` ORDER BY doctor_id  [ RunTime:0.0003s ]
INFO: [ app_end ] --START--
INFO: Run Behavior\ShowPageTraceBehavior [ RunTime:0.000061s ]
INFO: [ app_end ] --END-- [ RunTime:0.000112s ]

[ 2016-04-29T12:11:33+08:00 ] ::1 /wemedical/Admin-index-getAllDocs?order=asc&limit=10&offset=0
INFO: [ app_init ] --START--
INFO: Run Behavior\BuildLiteBehavior [ RunTime:0.000029s ]
INFO: [ app_init ] --END-- [ RunTime:0.000231s ]
INFO: [ app_begin ] --START--
INFO: Run Behavior\ReadHtmlCacheBehavior [ RunTime:0.000083s ]
INFO: [ app_begin ] --END-- [ RunTime:0.000151s ]
SQL: SHOW COLUMNS FROM `wemedical_doctor` [ RunTime:0.0016s ]
SQL: SELECT * FROM `wemedical_doctor` ORDER BY doctor_id  [ RunTime:0.0003s ]
INFO: [ app_end ] --START--
INFO: Run Behavior\ShowPageTraceBehavior [ RunTime:0.000101s ]
INFO: [ app_end ] --END-- [ RunTime:0.000154s ]

[ 2016-04-29T12:12:09+08:00 ] ::1 /wemedical/Admin-index-getAllDocs?order=asc&limit=10&offset=0
INFO: [ app_init ] --START--
INFO: Run Behavior\BuildLiteBehavior [ RunTime:0.000018s ]
INFO: [ app_init ] --END-- [ RunTime:0.000114s ]
INFO: [ app_begin ] --START--
INFO: Run Behavior\ReadHtmlCacheBehavior [ RunTime:0.000090s ]
INFO: [ app_begin ] --END-- [ RunTime:0.000159s ]
SQL: SHOW COLUMNS FROM `wemedical_doctor` [ RunTime:0.0016s ]
SQL: SELECT * FROM `wemedical_doctor` ORDER BY doctor_id  [ RunTime:0.0004s ]
INFO: [ app_end ] --START--
INFO: Run Behavior\ShowPageTraceBehavior [ RunTime:0.000073s ]
INFO: [ app_end ] --END-- [ RunTime:0.000128s ]

[ 2016-04-29T12:12:26+08:00 ] ::1 /wemedical/Admin-index-getAllDocs?order=asc&limit=10&offset=0
INFO: [ app_init ] --START--
INFO: Run Behavior\BuildLiteBehavior [ RunTime:0.000029s ]
INFO: [ app_init ] --END-- [ RunTime:0.000216s ]
INFO: [ app_begin ] --START--
INFO: Run Behavior\ReadHtmlCacheBehavior [ RunTime:0.000070s ]
INFO: [ app_begin ] --END-- [ RunTime:0.000127s ]
SQL: SHOW COLUMNS FROM `wemedical_doctor` [ RunTime:0.0015s ]
SQL: SELECT * FROM `wemedical_doctor` ORDER BY doctor_id  [ RunTime:0.0003s ]
INFO: [ app_end ] --START--
INFO: Run Behavior\ShowPageTraceBehavior [ RunTime:0.000124s ]
INFO: [ app_end ] --END-- [ RunTime:0.000205s ]

[ 2016-04-29T12:14:14+08:00 ] ::1 /wemedical/Admin-index-getAllDocs?order=asc&limit=10&offset=0
INFO: [ app_init ] --START--
INFO: Run Behavior\BuildLiteBehavior [ RunTime:0.000028s ]
INFO: [ app_init ] --END-- [ RunTime:0.000226s ]
INFO: [ app_begin ] --START--
INFO: Run Behavior\ReadHtmlCacheBehavior [ RunTime:0.000074s ]
INFO: [ app_begin ] --END-- [ RunTime:0.000125s ]
SQL: SHOW COLUMNS FROM `wemedical_doctor` [ RunTime:0.0016s ]
SQL: SELECT * FROM `wemedical_doctor` ORDER BY doctor_id  [ RunTime:0.0003s ]
INFO: [ app_end ] --START--
INFO: Run Behavior\ShowPageTraceBehavior [ RunTime:0.000101s ]
INFO: [ app_end ] --END-- [ RunTime:0.000155s ]

[ 2016-04-29T12:15:20+08:00 ] ::1 /wemedical/Admin-index-getAllDocs?order=asc&limit=10&offset=0
INFO: [ app_init ] --START--
INFO: Run Behavior\BuildLiteBehavior [ RunTime:0.000014s ]
INFO: [ app_init ] --END-- [ RunTime:0.000111s ]
INFO: [ app_begin ] --START--
INFO: Run Behavior\ReadHtmlCacheBehavior [ RunTime:0.000053s ]
INFO: [ app_begin ] --END-- [ RunTime:0.000098s ]
SQL: SHOW COLUMNS FROM `wemedical_doctor` [ RunTime:0.0015s ]
SQL: SELECT * FROM `wemedical_doctor` ORDER BY doctor_id  [ RunTime:0.0003s ]
INFO: [ app_end ] --START--
INFO: Run Behavior\ShowPageTraceBehavior [ RunTime:0.000086s ]
INFO: [ app_end ] --END-- [ RunTime:0.000157s ]

[ 2016-04-29T12:15:37+08:00 ] ::1 /wemedical/Admin-index-getAllDocs?order=asc&limit=10&offset=0
INFO: [ app_init ] --START--
INFO: Run Behavior\BuildLiteBehavior [ RunTime:0.000027s ]
INFO: [ app_init ] --END-- [ RunTime:0.000205s ]
INFO: [ app_begin ] --START--
INFO: Run Behavior\ReadHtmlCacheBehavior [ RunTime:0.000075s ]
INFO: [ app_begin ] --END-- [ RunTime:0.000168s ]
SQL: SHOW COLUMNS FROM `wemedical_doctor` [ RunTime:0.0057s ]
SQL: SELECT * FROM `wemedical_doctor` ORDER BY doctor_id  [ RunTime:0.0003s ]
INFO: [ app_end ] --START--
INFO: Run Behavior\ShowPageTraceBehavior [ RunTime:0.000102s ]
INFO: [ app_end ] --END-- [ RunTime:0.000156s ]

[ 2016-04-29T12:15:52+08:00 ] ::1 /wemedical/Admin-index-getAllDocs?order=asc&limit=10&offset=0
INFO: [ app_init ] --START--
INFO: Run Behavior\BuildLiteBehavior [ RunTime:0.000014s ]
INFO: [ app_init ] --END-- [ RunTime:0.000099s ]
INFO: [ app_begin ] --START--
INFO: Run Behavior\ReadHtmlCacheBehavior [ RunTime:0.000041s ]
INFO: [ app_begin ] --END-- [ RunTime:0.000088s ]
SQL: SHOW COLUMNS FROM `wemedical_doctor` [ RunTime:0.0015s ]
SQL: SELECT * FROM `wemedical_doctor` ORDER BY doctor_id  [ RunTime:0.0004s ]
INFO: [ app_end ] --START--
INFO: Run Behavior\ShowPageTraceBehavior [ RunTime:0.000064s ]
INFO: [ app_end ] --END-- [ RunTime:0.000127s ]

[ 2016-04-29T12:17:13+08:00 ] ::1 /wemedical/Admin-index-getAllDocs?order=asc&limit=10&offset=0
INFO: [ app_init ] --START--
INFO: Run Behavior\BuildLiteBehavior [ RunTime:0.000014s ]
INFO: [ app_init ] --END-- [ RunTime:0.000112s ]
INFO: [ app_begin ] --START--
INFO: Run Behavior\ReadHtmlCacheBehavior [ RunTime:0.000053s ]
INFO: [ app_begin ] --END-- [ RunTime:0.000099s ]
SQL: SHOW COLUMNS FROM `wemedical_doctor` [ RunTime:0.0015s ]
SQL: SELECT * FROM `wemedical_doctor` ORDER BY doctor_id  [ RunTime:0.0003s ]
INFO: [ app_end ] --START--
INFO: Run Behavior\ShowPageTraceBehavior [ RunTime:0.000076s ]
INFO: [ app_end ] --END-- [ RunTime:0.000130s ]

[ 2016-04-29T12:22:28+08:00 ] ::1 /wemedical/Admin-index-getAllDocs?order=asc&limit=10&offset=0
INFO: [ app_init ] --START--
INFO: Run Behavior\BuildLiteBehavior [ RunTime:0.000029s ]
INFO: [ app_init ] --END-- [ RunTime:0.000224s ]
INFO: [ app_begin ] --START--
INFO: Run Behavior\ReadHtmlCacheBehavior [ RunTime:0.000077s ]
INFO: [ app_begin ] --END-- [ RunTime:0.000135s ]
SQL: SHOW COLUMNS FROM `wemedical_doctor` [ RunTime:0.0018s ]
SQL: SELECT * FROM `wemedical_doctor` ORDER BY doctor_id  [ RunTime:0.0003s ]
INFO: [ app_end ] --START--
INFO: Run Behavior\ShowPageTraceBehavior [ RunTime:0.000102s ]
INFO: [ app_end ] --END-- [ RunTime:0.000156s ]

[ 2016-04-29T12:23:58+08:00 ] ::1 /wemedical/Admin-index-getAllDocs?order=asc&limit=10&offset=0
INFO: [ app_init ] --START--
INFO: Run Behavior\BuildLiteBehavior [ RunTime:0.000040s ]
INFO: [ app_init ] --END-- [ RunTime:0.000278s ]
INFO: [ app_begin ] --START--
INFO: Run Behavior\ReadHtmlCacheBehavior [ RunTime:0.000074s ]
INFO: [ app_begin ] --END-- [ RunTime:0.000126s ]
SQL: SHOW COLUMNS FROM `wemedical_doctor` [ RunTime:0.0016s ]
SQL: SELECT * FROM `wemedical_doctor` ORDER BY doctor_id  [ RunTime:0.0003s ]
INFO: [ app_end ] --START--
INFO: Run Behavior\ShowPageTraceBehavior [ RunTime:0.000104s ]
INFO: [ app_end ] --END-- [ RunTime:0.000171s ]

[ 2016-04-29T12:26:38+08:00 ] ::1 /wemedical/Admin-index-getAllDocs?order=asc&limit=10&offset=0
INFO: [ app_init ] --START--
INFO: Run Behavior\BuildLiteBehavior [ RunTime:0.000021s ]
INFO: [ app_init ] --END-- [ RunTime:0.000141s ]
INFO: [ app_begin ] --START--
INFO: Run Behavior\ReadHtmlCacheBehavior [ RunTime:0.000057s ]
INFO: [ app_begin ] --END-- [ RunTime:0.000113s ]
SQL: SHOW COLUMNS FROM `wemedical_doctor` [ RunTime:0.0014s ]
SQL: SELECT * FROM `wemedical_doctor` ORDER BY doctor_id  [ RunTime:0.0004s ]
INFO: [ app_end ] --START--
INFO: Run Behavior\ShowPageTraceBehavior [ RunTime:0.000080s ]
INFO: [ app_end ] --END-- [ RunTime:0.000138s ]

[ 2016-04-29T15:42:04+08:00 ] ::1 /wemedical/Admin-index-getAllDocs?order=asc&limit=10&offset=0
INFO: [ app_init ] --START--
INFO: Run Behavior\BuildLiteBehavior [ RunTime:0.000030s ]
INFO: [ app_init ] --END-- [ RunTime:0.000235s ]
INFO: [ app_begin ] --START--
INFO: Run Behavior\ReadHtmlCacheBehavior [ RunTime:0.000072s ]
INFO: [ app_begin ] --END-- [ RunTime:0.000124s ]
SQL: SHOW COLUMNS FROM `wemedical_doctor` [ RunTime:0.0018s ]
SQL: SELECT * FROM `wemedical_doctor` ORDER BY doctor_id  [ RunTime:0.0003s ]
INFO: [ app_end ] --START--
INFO: Run Behavior\ShowPageTraceBehavior [ RunTime:0.000107s ]
INFO: [ app_end ] --END-- [ RunTime:0.000164s ]

[ 2016-04-29T15:48:22+08:00 ] ::1 /wemedical/Admin-index-getAllDocs?order=asc&limit=10&offset=0
INFO: [ app_init ] --START--
INFO: Run Behavior\BuildLiteBehavior [ RunTime:0.000027s ]
INFO: [ app_init ] --END-- [ RunTime:0.000217s ]
INFO: [ app_begin ] --START--
INFO: Run Behavior\ReadHtmlCacheBehavior [ RunTime:0.000085s ]
INFO: [ app_begin ] --END-- [ RunTime:0.000146s ]
SQL: SHOW COLUMNS FROM `wemedical_doctor` [ RunTime:0.0015s ]
SQL: SELECT * FROM `wemedical_doctor` ORDER BY doctor_id  [ RunTime:0.0004s ]
INFO: [ app_end ] --START--
INFO: Run Behavior\ShowPageTraceBehavior [ RunTime:0.000104s ]
INFO: [ app_end ] --END-- [ RunTime:0.000159s ]

[ 2016-04-29T15:49:35+08:00 ] ::1 /wemedical/Admin-index-getAllDocs?order=asc&limit=10&offset=0
INFO: [ app_init ] --START--
INFO: Run Behavior\BuildLiteBehavior [ RunTime:0.000015s ]
INFO: [ app_init ] --END-- [ RunTime:0.000115s ]
INFO: [ app_begin ] --START--
INFO: Run Behavior\ReadHtmlCacheBehavior [ RunTime:0.000052s ]
INFO: [ app_begin ] --END-- [ RunTime:0.000099s ]
SQL: SHOW COLUMNS FROM `wemedical_doctor` [ RunTime:0.0058s ]
SQL: SELECT * FROM `wemedical_doctor` ORDER BY doctor_id  [ RunTime:0.0003s ]
INFO: [ app_end ] --START--
INFO: Run Behavior\ShowPageTraceBehavior [ RunTime:0.000080s ]
INFO: [ app_end ] --END-- [ RunTime:0.000133s ]

[ 2016-04-29T15:51:27+08:00 ] ::1 /wemedical/Admin-index-getAllDocs?order=asc&limit=10&offset=0
INFO: [ app_init ] --START--
INFO: Run Behavior\BuildLiteBehavior [ RunTime:0.000023s ]
INFO: [ app_init ] --END-- [ RunTime:0.000179s ]
INFO: [ app_begin ] --START--
INFO: Run Behavior\ReadHtmlCacheBehavior [ RunTime:0.000067s ]
INFO: [ app_begin ] --END-- [ RunTime:0.000129s ]
SQL: SHOW COLUMNS FROM `wemedical_doctor` [ RunTime:0.0058s ]
SQL: SELECT * FROM `wemedical_doctor` ORDER BY doctor_id  [ RunTime:0.0004s ]
INFO: [ app_end ] --START--
INFO: Run Behavior\ShowPageTraceBehavior [ RunTime:0.000080s ]
INFO: [ app_end ] --END-- [ RunTime:0.000133s ]

[ 2016-04-29T15:53:01+08:00 ] ::1 /wemedical/Admin-index-getAllDocs?order=asc&limit=10&offset=0
INFO: [ app_init ] --START--
INFO: Run Behavior\BuildLiteBehavior [ RunTime:0.000029s ]
INFO: [ app_init ] --END-- [ RunTime:0.000231s ]
INFO: [ app_begin ] --START--
INFO: Run Behavior\ReadHtmlCacheBehavior [ RunTime:0.000077s ]
INFO: [ app_begin ] --END-- [ RunTime:0.000131s ]
SQL: SHOW COLUMNS FROM `wemedical_doctor` [ RunTime:0.0059s ]
SQL: SELECT * FROM `wemedical_doctor` ORDER BY doctor_id  [ RunTime:0.0004s ]
INFO: [ app_end ] --START--
INFO: Run Behavior\ShowPageTraceBehavior [ RunTime:0.000111s ]
INFO: [ app_end ] --END-- [ RunTime:0.000170s ]

[ 2016-04-29T16:00:06+08:00 ] ::1 /wemedical/Admin-index-getAllDocs?order=asc&limit=10&offset=0
INFO: [ app_init ] --START--
INFO: Run Behavior\BuildLiteBehavior [ RunTime:0.000028s ]
INFO: [ app_init ] --END-- [ RunTime:0.000224s ]
INFO: [ app_begin ] --START--
INFO: Run Behavior\ReadHtmlCacheBehavior [ RunTime:0.000076s ]
INFO: [ app_begin ] --END-- [ RunTime:0.000130s ]
SQL: SHOW COLUMNS FROM `wemedical_doctor` [ RunTime:0.0058s ]
SQL: SELECT * FROM `wemedical_doctor` ORDER BY doctor_id  [ RunTime:0.0005s ]
INFO: [ app_end ] --START--
INFO: Run Behavior\ShowPageTraceBehavior [ RunTime:0.000116s ]
INFO: [ app_end ] --END-- [ RunTime:0.000178s ]

[ 2016-04-29T16:02:28+08:00 ] ::1 /wemedical/Admin-index-getAllDocs?order=asc&limit=10&offset=0
INFO: [ app_init ] --START--
INFO: Run Behavior\BuildLiteBehavior [ RunTime:0.000030s ]
INFO: [ app_init ] --END-- [ RunTime:0.000232s ]
INFO: [ app_begin ] --START--
INFO: Run Behavior\ReadHtmlCacheBehavior [ RunTime:0.000093s ]
INFO: [ app_begin ] --END-- [ RunTime:0.000146s ]
SQL: SHOW COLUMNS FROM `wemedical_doctor` [ RunTime:0.0057s ]
SQL: SELECT * FROM `wemedical_doctor` ORDER BY doctor_id  [ RunTime:0.0004s ]
INFO: [ app_end ] --START--
INFO: Run Behavior\ShowPageTraceBehavior [ RunTime:0.000117s ]
INFO: [ app_end ] --END-- [ RunTime:0.000182s ]

[ 2016-04-29T16:05:12+08:00 ] ::1 /wemedical/Admin-index-getAllDocs?order=asc&limit=10&offset=0
INFO: [ app_init ] --START--
INFO: Run Behavior\BuildLiteBehavior [ RunTime:0.000017s ]
INFO: [ app_init ] --END-- [ RunTime:0.000119s ]
INFO: [ app_begin ] --START--
INFO: Run Behavior\ReadHtmlCacheBehavior [ RunTime:0.000052s ]
INFO: [ app_begin ] --END-- [ RunTime:0.000100s ]
SQL: SHOW COLUMNS FROM `wemedical_doctor` [ RunTime:0.0058s ]
SQL: SELECT * FROM `wemedical_doctor` ORDER BY doctor_id  [ RunTime:0.0003s ]
INFO: [ app_end ] --START--
INFO: Run Behavior\ShowPageTraceBehavior [ RunTime:0.000081s ]
INFO: [ app_end ] --END-- [ RunTime:0.000137s ]

[ 2016-04-29T16:06:16+08:00 ] ::1 /wemedical/Admin-index-getAllDocs?order=asc&limit=10&offset=0
INFO: [ app_init ] --START--
INFO: Run Behavior\BuildLiteBehavior [ RunTime:0.000030s ]
INFO: [ app_init ] --END-- [ RunTime:0.000230s ]
INFO: [ app_begin ] --START--
INFO: Run Behavior\ReadHtmlCacheBehavior [ RunTime:0.000082s ]
INFO: [ app_begin ] --END-- [ RunTime:0.000145s ]
SQL: SHOW COLUMNS FROM `wemedical_doctor` [ RunTime:0.0058s ]
SQL: SELECT * FROM `wemedical_doctor` ORDER BY doctor_id  [ RunTime:0.0004s ]
INFO: [ app_end ] --START--
INFO: Run Behavior\ShowPageTraceBehavior [ RunTime:0.000148s ]
INFO: [ app_end ] --END-- [ RunTime:0.000232s ]

[ 2016-04-29T16:09:55+08:00 ] ::1 /wemedical/Admin-index-getAllDocs?order=asc&limit=10&offset=0
INFO: [ app_init ] --START--
INFO: Run Behavior\BuildLiteBehavior [ RunTime:0.000030s ]
INFO: [ app_init ] --END-- [ RunTime:0.000233s ]
INFO: [ app_begin ] --START--
INFO: Run Behavior\ReadHtmlCacheBehavior [ RunTime:0.000074s ]
INFO: [ app_begin ] --END-- [ RunTime:0.000129s ]
SQL: SHOW COLUMNS FROM `wemedical_doctor` [ RunTime:0.0059s ]
SQL: SELECT * FROM `wemedical_doctor` ORDER BY doctor_id  [ RunTime:0.0004s ]
INFO: [ app_end ] --START--
INFO: Run Behavior\ShowPageTraceBehavior [ RunTime:0.000152s ]
INFO: [ app_end ] --END-- [ RunTime:0.000240s ]

